<?xml version="1.0" encoding="utf-8" ?>
<!DOCTYPE html PUBLIC "-//W3C//DTD XHTML 1.0 Strict//EN"
        "http://www.w3.org/TR/xhtml1/DTD/xhtml1-strict.dtd">
<html xmlns="http://www.w3.org/1999/xhtml" xml:lang="" lang="">
<head>
  <title>Test Results Report - Product</title>
  <meta http-equiv="Content-Type" content="text/html;charset=utf-8" />
  <meta name="description" content="TestNG unit test results." />
  <link href="reportng.css" rel="stylesheet" type="text/css" />
    <script type="text/javascript" src="reportng.js"></script>
</head>
<body>
<h1>Product</h1>
<p>
  Test duration: 1147.759s
</p>



  <table class="resultsTable">
    <tr><th colspan="3" class="header failed">Failed Tests</th></tr>
          <tr>
        <td colspan="3" class="group">com.OSMOSE.testcases.Product</td>
      </tr>
            
<tr>
  <td class="method">
                  <span class="description" title="Verification of Add to Cart on the quote screen">verifyAddToCartWhileReQuoting</span>
      </td>
  <td class="duration">
    3.121s
  </td>
  <td class="result">
        
    
            <div class="testOutput">
                        Click to see Screenshot
                                <a target="_blank" href=Thu_Jul_23_17_58_05_IST_2020.jpg>Screenshot</a>
                                <br>
                                <br>
                                <a target="_blank" href=Thu_Jul_23_17_58_05_IST_2020.jpg><img src=Thu_Jul_23_17_58_05_IST_2020.jpg height=200 width=200></img></a>
                  </div>
    

        <a href="javascript:toggleElement('exception-0', 'block')" title="Click to expand/collapse"><b>org.openqa.selenium.ElementClickInterceptedException: element click intercepted: Element &lt;div data-v-555e52b0=&quot;&quot; id=&quot;AdminDropdown&quot; class=&quot;dropdown b-dropdown btnRounded btn-group&quot;&gt;...&lt;/div&gt; is not clickable at point (983, 426). Other element would receive the click: &lt;div data-v-3d3f0f8b=&quot;&quot; class=&quot;col-sm-6 col-md-4&quot;&gt;...&lt;/div&gt;<br/>
&nbsp; (Session info: chrome=83.0.4103.116)<br/>
Build info: version: &apos;3.14.0&apos;, revision: &apos;aacccce0&apos;, time: &apos;2018-08-02T20:19:58.91Z&apos;<br/>
System info: host: &apos;5CG6323N27&apos;, ip: &apos;192.168.0.7&apos;, os.name: &apos;Windows 10&apos;, os.arch: &apos;amd64&apos;, os.version: &apos;10.0&apos;, java.version: &apos;1.8.0_191&apos;<br/>
Driver info: org.openqa.selenium.chrome.ChromeDriver<br/>
Capabilities {acceptInsecureCerts: false, browserName: chrome, browserVersion: 83.0.4103.116, chrome: {chromedriverVersion: 83.0.4103.39 (ccbf011cb2d2b..., userDataDir: C:\Windows\Temp\scoped_dir2...}, goog:chromeOptions: {debuggerAddress: localhost:53505}, javascriptEnabled: true, networkConnectionEnabled: false, pageLoadStrategy: none, platform: WINDOWS, platformName: WINDOWS, proxy: Proxy(), setWindowRect: true, strictFileInteractability: false, timeouts: {implicit: 0, pageLoad: 300000, script: 30000}, unhandledPromptBehavior: dismiss and notify, webauthn:virtualAuthenticators: true}<br/>
Session ID: 5576238e9e8395b61b887ac8a1a6373b</b></a><br />
    <div class="stackTrace" id="exception-0">
              sun.reflect.NativeConstructorAccessorImpl.newInstance0(Native Method)<br />
              sun.reflect.NativeConstructorAccessorImpl.newInstance(Unknown Source)<br />
              sun.reflect.DelegatingConstructorAccessorImpl.newInstance(Unknown Source)<br />
              java.lang.reflect.Constructor.newInstance(Unknown Source)<br />
              org.openqa.selenium.remote.http.W3CHttpResponseCodec.createException(W3CHttpResponseCodec.java:187)<br />
              org.openqa.selenium.remote.http.W3CHttpResponseCodec.decode(W3CHttpResponseCodec.java:122)<br />
              org.openqa.selenium.remote.http.W3CHttpResponseCodec.decode(W3CHttpResponseCodec.java:49)<br />
              org.openqa.selenium.remote.HttpCommandExecutor.execute(HttpCommandExecutor.java:158)<br />
              org.openqa.selenium.remote.service.DriverCommandExecutor.execute(DriverCommandExecutor.java:83)<br />
              org.openqa.selenium.remote.RemoteWebDriver.execute(RemoteWebDriver.java:548)<br />
              org.openqa.selenium.remote.RemoteWebElement.execute(RemoteWebElement.java:276)<br />
              org.openqa.selenium.remote.RemoteWebElement.click(RemoteWebElement.java:83)<br />
              com.OSMOSE.base.Page.click(Page.java:180)<br />
              com.OSMOSE.pages.OU.ProductPage.ClickSubmitQuotewithQuotedPendingstatus(ProductPage.java:429)<br />
              com.OSMOSE.testcases.Product.verifyAddToCartWhileReQuoting(Product.java:911)<br />
              sun.reflect.NativeMethodAccessorImpl.invoke0(Native Method)<br />
              sun.reflect.NativeMethodAccessorImpl.invoke(Unknown Source)<br />
              sun.reflect.DelegatingMethodAccessorImpl.invoke(Unknown Source)<br />
              java.lang.reflect.Method.invoke(Unknown Source)<br />
              org.testng.internal.MethodInvocationHelper.invokeMethod(MethodInvocationHelper.java:134)<br />
              org.testng.internal.TestInvoker.invokeMethod(TestInvoker.java:597)<br />
              org.testng.internal.TestInvoker.invokeTestMethod(TestInvoker.java:173)<br />
              org.testng.internal.MethodRunner.runInSequence(MethodRunner.java:46)<br />
              org.testng.internal.TestInvoker$MethodInvocationAgent.invoke(TestInvoker.java:816)<br />
              org.testng.internal.TestInvoker.invokeTestMethods(TestInvoker.java:146)<br />
              org.testng.internal.TestMethodWorker.invokeTestMethods(TestMethodWorker.java:146)<br />
              org.testng.internal.TestMethodWorker.run(TestMethodWorker.java:128)<br />
              java.util.ArrayList.forEach(Unknown Source)<br />
              org.testng.TestRunner.privateRun(TestRunner.java:766)<br />
              org.testng.TestRunner.run(TestRunner.java:587)<br />
              org.testng.SuiteRunner.runTest(SuiteRunner.java:384)<br />
              org.testng.SuiteRunner.runSequentially(SuiteRunner.java:378)<br />
              org.testng.SuiteRunner.privateRun(SuiteRunner.java:337)<br />
              org.testng.SuiteRunner.run(SuiteRunner.java:286)<br />
              org.testng.SuiteRunnerWorker.runSuite(SuiteRunnerWorker.java:53)<br />
              org.testng.SuiteRunnerWorker.run(SuiteRunnerWorker.java:96)<br />
              org.testng.TestNG.runSuitesSequentially(TestNG.java:1187)<br />
              org.testng.TestNG.runSuitesLocally(TestNG.java:1109)<br />
              org.testng.TestNG.runSuites(TestNG.java:1039)<br />
              org.testng.TestNG.run(TestNG.java:1007)<br />
              org.testng.remote.AbstractRemoteTestNG.run(AbstractRemoteTestNG.java:115)<br />
              org.testng.remote.RemoteTestNG.initAndRun(RemoteTestNG.java:251)<br />
              org.testng.remote.RemoteTestNG.main(RemoteTestNG.java:77)<br />
                </div>
      </td>
</tr>
<tr>
  <td class="method">
                  <span class="description" title="Verification of Cancel action on the quote screen">verifyCancelwhileREQuoting</span>
      </td>
  <td class="duration">
    127.159s
  </td>
  <td class="result">
        
    
            <div class="testOutput">
                        Click to see Screenshot
                                <a target="_blank" href=Thu_Jul_23_17_57_58_IST_2020.jpg>Screenshot</a>
                                <br>
                                <br>
                                <a target="_blank" href=Thu_Jul_23_17_57_58_IST_2020.jpg><img src=Thu_Jul_23_17_57_58_IST_2020.jpg height=200 width=200></img></a>
                  </div>
    

        <a href="javascript:toggleElement('exception-1', 'block')" title="Click to expand/collapse"><b>org.openqa.selenium.NoSuchElementException: no such element: Unable to locate element: {&quot;method&quot;:&quot;xpath&quot;,&quot;selector&quot;:&quot;//header[@id=&apos;openMyquotes___BV_modal_header_&apos;]/h5/select&quot;}<br/>
&nbsp; (Session info: chrome=83.0.4103.116)<br/>
For documentation on this error, please visit: http://seleniumhq.org/exceptions/no_such_element.html<br/>
Build info: version: &apos;3.14.0&apos;, revision: &apos;aacccce0&apos;, time: &apos;2018-08-02T20:19:58.91Z&apos;<br/>
System info: host: &apos;5CG6323N27&apos;, ip: &apos;192.168.0.7&apos;, os.name: &apos;Windows 10&apos;, os.arch: &apos;amd64&apos;, os.version: &apos;10.0&apos;, java.version: &apos;1.8.0_191&apos;<br/>
Driver info: org.openqa.selenium.chrome.ChromeDriver<br/>
Capabilities {acceptInsecureCerts: false, browserName: chrome, browserVersion: 83.0.4103.116, chrome: {chromedriverVersion: 83.0.4103.39 (ccbf011cb2d2b..., userDataDir: C:\Windows\Temp\scoped_dir2...}, goog:chromeOptions: {debuggerAddress: localhost:53505}, javascriptEnabled: true, networkConnectionEnabled: false, pageLoadStrategy: none, platform: WINDOWS, platformName: WINDOWS, proxy: Proxy(), setWindowRect: true, strictFileInteractability: false, timeouts: {implicit: 0, pageLoad: 300000, script: 30000}, unhandledPromptBehavior: dismiss and notify, webauthn:virtualAuthenticators: true}<br/>
Session ID: 5576238e9e8395b61b887ac8a1a6373b<br/>
*** Element info: {Using=xpath, value=//header[@id=&apos;openMyquotes___BV_modal_header_&apos;]/h5/select}</b></a><br />
    <div class="stackTrace" id="exception-1">
              sun.reflect.NativeConstructorAccessorImpl.newInstance0(Native Method)<br />
              sun.reflect.NativeConstructorAccessorImpl.newInstance(Unknown Source)<br />
              sun.reflect.DelegatingConstructorAccessorImpl.newInstance(Unknown Source)<br />
              java.lang.reflect.Constructor.newInstance(Unknown Source)<br />
              org.openqa.selenium.remote.http.W3CHttpResponseCodec.createException(W3CHttpResponseCodec.java:187)<br />
              org.openqa.selenium.remote.http.W3CHttpResponseCodec.decode(W3CHttpResponseCodec.java:122)<br />
              org.openqa.selenium.remote.http.W3CHttpResponseCodec.decode(W3CHttpResponseCodec.java:49)<br />
              org.openqa.selenium.remote.HttpCommandExecutor.execute(HttpCommandExecutor.java:158)<br />
              org.openqa.selenium.remote.service.DriverCommandExecutor.execute(DriverCommandExecutor.java:83)<br />
              org.openqa.selenium.remote.RemoteWebDriver.execute(RemoteWebDriver.java:548)<br />
              org.openqa.selenium.remote.RemoteWebDriver.findElement(RemoteWebDriver.java:322)<br />
              org.openqa.selenium.remote.RemoteWebDriver.findElementByXPath(RemoteWebDriver.java:424)<br />
              org.openqa.selenium.By$ByXPath.findElement(By.java:353)<br />
              org.openqa.selenium.remote.RemoteWebDriver.findElement(RemoteWebDriver.java:314)<br />
              com.OSMOSE.testcases.Product.verifyCancelwhileREQuoting(Product.java:872)<br />
              sun.reflect.NativeMethodAccessorImpl.invoke0(Native Method)<br />
              sun.reflect.NativeMethodAccessorImpl.invoke(Unknown Source)<br />
              sun.reflect.DelegatingMethodAccessorImpl.invoke(Unknown Source)<br />
              java.lang.reflect.Method.invoke(Unknown Source)<br />
              org.testng.internal.MethodInvocationHelper.invokeMethod(MethodInvocationHelper.java:134)<br />
              org.testng.internal.TestInvoker.invokeMethod(TestInvoker.java:597)<br />
              org.testng.internal.TestInvoker.invokeTestMethod(TestInvoker.java:173)<br />
              org.testng.internal.MethodRunner.runInSequence(MethodRunner.java:46)<br />
              org.testng.internal.TestInvoker$MethodInvocationAgent.invoke(TestInvoker.java:816)<br />
              org.testng.internal.TestInvoker.invokeTestMethods(TestInvoker.java:146)<br />
              org.testng.internal.TestMethodWorker.invokeTestMethods(TestMethodWorker.java:146)<br />
              org.testng.internal.TestMethodWorker.run(TestMethodWorker.java:128)<br />
              java.util.ArrayList.forEach(Unknown Source)<br />
              org.testng.TestRunner.privateRun(TestRunner.java:766)<br />
              org.testng.TestRunner.run(TestRunner.java:587)<br />
              org.testng.SuiteRunner.runTest(SuiteRunner.java:384)<br />
              org.testng.SuiteRunner.runSequentially(SuiteRunner.java:378)<br />
              org.testng.SuiteRunner.privateRun(SuiteRunner.java:337)<br />
              org.testng.SuiteRunner.run(SuiteRunner.java:286)<br />
              org.testng.SuiteRunnerWorker.runSuite(SuiteRunnerWorker.java:53)<br />
              org.testng.SuiteRunnerWorker.run(SuiteRunnerWorker.java:96)<br />
              org.testng.TestNG.runSuitesSequentially(TestNG.java:1187)<br />
              org.testng.TestNG.runSuitesLocally(TestNG.java:1109)<br />
              org.testng.TestNG.runSuites(TestNG.java:1039)<br />
              org.testng.TestNG.run(TestNG.java:1007)<br />
              org.testng.remote.AbstractRemoteTestNG.run(AbstractRemoteTestNG.java:115)<br />
              org.testng.remote.RemoteTestNG.initAndRun(RemoteTestNG.java:251)<br />
              org.testng.remote.RemoteTestNG.main(RemoteTestNG.java:77)<br />
                </div>
      </td>
</tr>
<tr>
  <td class="method">
                  <span class="description" title="Verification of submission action on the quote screen">verifySubmitwhileREQuoting</span>
      </td>
  <td class="duration">
    3.158s
  </td>
  <td class="result">
        
    
            <div class="testOutput">
                        Click to see Screenshot
                                <a target="_blank" href=Thu_Jul_23_17_58_02_IST_2020.jpg>Screenshot</a>
                                <br>
                                <br>
                                <a target="_blank" href=Thu_Jul_23_17_58_02_IST_2020.jpg><img src=Thu_Jul_23_17_58_02_IST_2020.jpg height=200 width=200></img></a>
                  </div>
    

        <a href="javascript:toggleElement('exception-2', 'block')" title="Click to expand/collapse"><b>org.openqa.selenium.ElementClickInterceptedException: element click intercepted: Element &lt;div data-v-555e52b0=&quot;&quot; id=&quot;AdminDropdown&quot; class=&quot;dropdown b-dropdown btnRounded btn-group&quot;&gt;...&lt;/div&gt; is not clickable at point (983, 426). Other element would receive the click: &lt;div data-v-3d3f0f8b=&quot;&quot; class=&quot;col-sm-6 col-md-4&quot;&gt;...&lt;/div&gt;<br/>
&nbsp; (Session info: chrome=83.0.4103.116)<br/>
Build info: version: &apos;3.14.0&apos;, revision: &apos;aacccce0&apos;, time: &apos;2018-08-02T20:19:58.91Z&apos;<br/>
System info: host: &apos;5CG6323N27&apos;, ip: &apos;192.168.0.7&apos;, os.name: &apos;Windows 10&apos;, os.arch: &apos;amd64&apos;, os.version: &apos;10.0&apos;, java.version: &apos;1.8.0_191&apos;<br/>
Driver info: org.openqa.selenium.chrome.ChromeDriver<br/>
Capabilities {acceptInsecureCerts: false, browserName: chrome, browserVersion: 83.0.4103.116, chrome: {chromedriverVersion: 83.0.4103.39 (ccbf011cb2d2b..., userDataDir: C:\Windows\Temp\scoped_dir2...}, goog:chromeOptions: {debuggerAddress: localhost:53505}, javascriptEnabled: true, networkConnectionEnabled: false, pageLoadStrategy: none, platform: WINDOWS, platformName: WINDOWS, proxy: Proxy(), setWindowRect: true, strictFileInteractability: false, timeouts: {implicit: 0, pageLoad: 300000, script: 30000}, unhandledPromptBehavior: dismiss and notify, webauthn:virtualAuthenticators: true}<br/>
Session ID: 5576238e9e8395b61b887ac8a1a6373b</b></a><br />
    <div class="stackTrace" id="exception-2">
              sun.reflect.NativeConstructorAccessorImpl.newInstance0(Native Method)<br />
              sun.reflect.NativeConstructorAccessorImpl.newInstance(Unknown Source)<br />
              sun.reflect.DelegatingConstructorAccessorImpl.newInstance(Unknown Source)<br />
              java.lang.reflect.Constructor.newInstance(Unknown Source)<br />
              org.openqa.selenium.remote.http.W3CHttpResponseCodec.createException(W3CHttpResponseCodec.java:187)<br />
              org.openqa.selenium.remote.http.W3CHttpResponseCodec.decode(W3CHttpResponseCodec.java:122)<br />
              org.openqa.selenium.remote.http.W3CHttpResponseCodec.decode(W3CHttpResponseCodec.java:49)<br />
              org.openqa.selenium.remote.HttpCommandExecutor.execute(HttpCommandExecutor.java:158)<br />
              org.openqa.selenium.remote.service.DriverCommandExecutor.execute(DriverCommandExecutor.java:83)<br />
              org.openqa.selenium.remote.RemoteWebDriver.execute(RemoteWebDriver.java:548)<br />
              org.openqa.selenium.remote.RemoteWebElement.execute(RemoteWebElement.java:276)<br />
              org.openqa.selenium.remote.RemoteWebElement.click(RemoteWebElement.java:83)<br />
              com.OSMOSE.base.Page.click(Page.java:180)<br />
              com.OSMOSE.pages.OU.ProductPage.ClickSubmitQuotewithQuotedPendingstatus(ProductPage.java:429)<br />
              com.OSMOSE.testcases.Product.verifySubmitwhileREQuoting(Product.java:883)<br />
              sun.reflect.NativeMethodAccessorImpl.invoke0(Native Method)<br />
              sun.reflect.NativeMethodAccessorImpl.invoke(Unknown Source)<br />
              sun.reflect.DelegatingMethodAccessorImpl.invoke(Unknown Source)<br />
              java.lang.reflect.Method.invoke(Unknown Source)<br />
              org.testng.internal.MethodInvocationHelper.invokeMethod(MethodInvocationHelper.java:134)<br />
              org.testng.internal.TestInvoker.invokeMethod(TestInvoker.java:597)<br />
              org.testng.internal.TestInvoker.invokeTestMethod(TestInvoker.java:173)<br />
              org.testng.internal.MethodRunner.runInSequence(MethodRunner.java:46)<br />
              org.testng.internal.TestInvoker$MethodInvocationAgent.invoke(TestInvoker.java:816)<br />
              org.testng.internal.TestInvoker.invokeTestMethods(TestInvoker.java:146)<br />
              org.testng.internal.TestMethodWorker.invokeTestMethods(TestMethodWorker.java:146)<br />
              org.testng.internal.TestMethodWorker.run(TestMethodWorker.java:128)<br />
              java.util.ArrayList.forEach(Unknown Source)<br />
              org.testng.TestRunner.privateRun(TestRunner.java:766)<br />
              org.testng.TestRunner.run(TestRunner.java:587)<br />
              org.testng.SuiteRunner.runTest(SuiteRunner.java:384)<br />
              org.testng.SuiteRunner.runSequentially(SuiteRunner.java:378)<br />
              org.testng.SuiteRunner.privateRun(SuiteRunner.java:337)<br />
              org.testng.SuiteRunner.run(SuiteRunner.java:286)<br />
              org.testng.SuiteRunnerWorker.runSuite(SuiteRunnerWorker.java:53)<br />
              org.testng.SuiteRunnerWorker.run(SuiteRunnerWorker.java:96)<br />
              org.testng.TestNG.runSuitesSequentially(TestNG.java:1187)<br />
              org.testng.TestNG.runSuitesLocally(TestNG.java:1109)<br />
              org.testng.TestNG.runSuites(TestNG.java:1039)<br />
              org.testng.TestNG.run(TestNG.java:1007)<br />
              org.testng.remote.AbstractRemoteTestNG.run(AbstractRemoteTestNG.java:115)<br />
              org.testng.remote.RemoteTestNG.initAndRun(RemoteTestNG.java:251)<br />
              org.testng.remote.RemoteTestNG.main(RemoteTestNG.java:77)<br />
                </div>
      </td>
</tr>
      </table>


  <table class="resultsTable">
    <tr><th colspan="3" class="header passed">Passed Tests</th></tr>
          <tr>
        <td colspan="3" class="group">com.OSMOSE.testcases.Product</td>
      </tr>
            
<tr>
  <td class="method">
                  <span class="description" title="Verifying the quantity entered in the Quantity field">AddQuantityandverifyCellNumber</span>
      </td>
  <td class="duration">
    18.071s
  </td>
  <td class="result">
        
    
            <div class="testOutput">
                        Click to see Screenshot
                                <a target="_blank" href=Thu_Jul_23_17_41_54_IST_2020.jpg>Screenshot</a>
                                <br>
                                <br>
                                <a target="_blank" href=Thu_Jul_23_17_41_54_IST_2020.jpg><img src=Thu_Jul_23_17_41_54_IST_2020.jpg height=200 width=200></img></a>
                  </div>
    

      </td>
</tr>
<tr>
  <td class="method">
                  <span class="description" title="On the Product Group Details Page, the user will be provided with the “ADD”  button  with a quantity selector.">AddShoppingCart</span>
      </td>
  <td class="duration">
    5.178s
  </td>
  <td class="result">
        
    
            <div class="testOutput">
                        Click to see Screenshot
                                <a target="_blank" href=Thu_Jul_23_17_44_01_IST_2020.jpg>Screenshot</a>
                                <br>
                                <br>
                                <a target="_blank" href=Thu_Jul_23_17_44_01_IST_2020.jpg><img src=Thu_Jul_23_17_44_01_IST_2020.jpg height=200 width=200></img></a>
                  </div>
    

      </td>
</tr>
<tr>
  <td class="method">
                  <span class="description" title="Clicking Download Spreadsheet drop down and download">ClickDownloadProducts</span>
      </td>
  <td class="duration">
    7.431s
  </td>
  <td class="result">
        
    
            <div class="testOutput">
                        Click to see Screenshot
                                <a target="_blank" href=Thu_Jul_23_17_52_57_IST_2020.jpg>Screenshot</a>
                                <br>
                                <br>
                                <a target="_blank" href=Thu_Jul_23_17_52_57_IST_2020.jpg><img src=Thu_Jul_23_17_52_57_IST_2020.jpg height=200 width=200></img></a>
                  </div>
    

      </td>
</tr>
<tr>
  <td class="method">
                  <span class="description" title="Verification of Manage Products dropdown menu">ClickManageProducts</span>
      </td>
  <td class="duration">
    2.320s
  </td>
  <td class="result">
        
    
            <div class="testOutput">
                        Click to see Screenshot
                                <a target="_blank" href=Thu_Jul_23_17_52_49_IST_2020.jpg>Screenshot</a>
                                <br>
                                <br>
                                <a target="_blank" href=Thu_Jul_23_17_52_49_IST_2020.jpg><img src=Thu_Jul_23_17_52_49_IST_2020.jpg height=200 width=200></img></a>
                  </div>
    

      </td>
</tr>
<tr>
  <td class="method">
                  <span class="description" title="Verification of contents on Manage Quotes page">ClickManageQuotesLink</span>
      </td>
  <td class="duration">
    3.956s
  </td>
  <td class="result">
        
    
            <div class="testOutput">
                        Click to see Screenshot
                                <a target="_blank" href=Thu_Jul_23_17_51_40_IST_2020.jpg>Screenshot</a>
                                <br>
                                <br>
                                <a target="_blank" href=Thu_Jul_23_17_51_40_IST_2020.jpg><img src=Thu_Jul_23_17_51_40_IST_2020.jpg height=200 width=200></img></a>
                  </div>
    

      </td>
</tr>
<tr>
  <td class="method">
                  <span class="description" title="Clicking ProductsInreview button and going back to Manage Products pop up">ClickProductsinReview</span>
      </td>
  <td class="duration">
    2.171s
  </td>
  <td class="result">
        
    
            <div class="testOutput">
                        Click to see Screenshot
                                <a target="_blank" href=Thu_Jul_23_17_52_59_IST_2020.jpg>Screenshot</a>
                                <br>
                                <br>
                                <a target="_blank" href=Thu_Jul_23_17_52_59_IST_2020.jpg><img src=Thu_Jul_23_17_52_59_IST_2020.jpg height=200 width=200></img></a>
                  </div>
    

      </td>
</tr>
<tr>
  <td class="method">
                  <span class="description" title="ShoppingCartOverlaycarticonverification">ClickShoppingCartIcon</span>
      </td>
  <td class="duration">
    5.486s
  </td>
  <td class="result">
        
    
            <div class="testOutput">
                        Click to see Screenshot
                                <a target="_blank" href=Thu_Jul_23_17_45_41_IST_2020.jpg>Screenshot</a>
                                <br>
                                <br>
                                <a target="_blank" href=Thu_Jul_23_17_45_41_IST_2020.jpg><img src=Thu_Jul_23_17_45_41_IST_2020.jpg height=200 width=200></img></a>
                  </div>
    

      </td>
</tr>
<tr>
  <td class="method">
                  <span class="description" title="ShoppingCart Overlay cart ViewCart Button">ClickShoppingSubmitCartbutton</span>
      </td>
  <td class="duration">
    46.476s
  </td>
  <td class="result">
        
    
            <div class="testOutput">
                        Click to see Screenshot
                                <a target="_blank" href=Thu_Jul_23_17_46_34_IST_2020.jpg>Screenshot</a>
                                <br>
                                <br>
                                <a target="_blank" href=Thu_Jul_23_17_46_34_IST_2020.jpg><img src=Thu_Jul_23_17_46_34_IST_2020.jpg height=200 width=200></img></a>
                  </div>
    

      </td>
</tr>
<tr>
  <td class="method">
                  <span class="description" title="ShoppingCart Overlay cart ViewCart Button">ClickShoppingViewCartbutton</span>
      </td>
  <td class="duration">
    5.561s
  </td>
  <td class="result">
        
    
            <div class="testOutput">
                        Click to see Screenshot
                                <a target="_blank" href=Thu_Jul_23_17_45_47_IST_2020.jpg>Screenshot</a>
                                <br>
                                <br>
                                <a target="_blank" href=Thu_Jul_23_17_45_47_IST_2020.jpg><img src=Thu_Jul_23_17_45_47_IST_2020.jpg height=200 width=200></img></a>
                  </div>
    

      </td>
</tr>
<tr>
  <td class="method">
                  <span class="description" title="Verification of upload Spreadsheet on Manage Products">ClickUploadProducts</span>
      </td>
  <td class="duration">
    10.614s
  </td>
  <td class="result">
        
    
            <div class="testOutput">
                        Click to see Screenshot
                                <a target="_blank" href=Thu_Jul_23_17_53_11_IST_2020.jpg>Screenshot</a>
                                <br>
                                <br>
                                <a target="_blank" href=Thu_Jul_23_17_53_11_IST_2020.jpg><img src=Thu_Jul_23_17_53_11_IST_2020.jpg height=200 width=200></img></a>
                  </div>
    

      </td>
</tr>
<tr>
  <td class="method">
                  <span class="description" title="Create Quote by adding product in the cart">CreateQuote</span>
      </td>
  <td class="duration">
    5.646s
  </td>
  <td class="result">
        
    
            <div class="testOutput">
                        Click to see Screenshot
                                <a target="_blank" href=Thu_Jul_23_17_45_15_IST_2020.jpg>Screenshot</a>
                                <br>
                                <br>
                                <a target="_blank" href=Thu_Jul_23_17_45_15_IST_2020.jpg><img src=Thu_Jul_23_17_45_15_IST_2020.jpg height=200 width=200></img></a>
                  </div>
    

      </td>
</tr>
<tr>
  <td class="method">
                  <span class="description" title="Create Quote by adding product in the cart by adding attachment">CreateQuote_Attachment</span>
      </td>
  <td class="duration">
    6.953s
  </td>
  <td class="result">
        
    
            <div class="testOutput">
                        Click to see Screenshot
                                <a target="_blank" href=Thu_Jul_23_17_45_35_IST_2020.jpg>Screenshot</a>
                                <br>
                                <br>
                                <a target="_blank" href=Thu_Jul_23_17_45_35_IST_2020.jpg><img src=Thu_Jul_23_17_45_35_IST_2020.jpg height=200 width=200></img></a>
                  </div>
    

      </td>
</tr>
<tr>
  <td class="method">
                  <span class="description" title="Create Quote by adding product in the cart by adding comments">CreateQuote_Comments</span>
      </td>
  <td class="duration">
    6.431s
  </td>
  <td class="result">
        
    
            <div class="testOutput">
                        Click to see Screenshot
                                <a target="_blank" href=Thu_Jul_23_17_45_22_IST_2020.jpg>Screenshot</a>
                                <br>
                                <br>
                                <a target="_blank" href=Thu_Jul_23_17_45_22_IST_2020.jpg><img src=Thu_Jul_23_17_45_22_IST_2020.jpg height=200 width=200></img></a>
                  </div>
    

      </td>
</tr>
<tr>
  <td class="method">
                  <span class="description" title="Create Quote by adding product in the cart by adding zip code">CreateQuote_ZipCode</span>
      </td>
  <td class="duration">
    5.216s
  </td>
  <td class="result">
        
    
            <div class="testOutput">
                        Click to see Screenshot
                                <a target="_blank" href=Thu_Jul_23_17_45_28_IST_2020.jpg>Screenshot</a>
                                <br>
                                <br>
                                <a target="_blank" href=Thu_Jul_23_17_45_28_IST_2020.jpg><img src=Thu_Jul_23_17_45_28_IST_2020.jpg height=200 width=200></img></a>
                  </div>
    

      </td>
</tr>
<tr>
  <td class="method">
                  <span class="description" title="Delete product from the cart">DeleteQuanityinShoppingCart</span>
      </td>
  <td class="duration">
    5.561s
  </td>
  <td class="result">
        
    
            <div class="testOutput">
                        Click to see Screenshot
                                <a target="_blank" href=Thu_Jul_23_17_44_28_IST_2020.jpg>Screenshot</a>
                                <br>
                                <br>
                                <a target="_blank" href=Thu_Jul_23_17_44_28_IST_2020.jpg><img src=Thu_Jul_23_17_44_28_IST_2020.jpg height=200 width=200></img></a>
                  </div>
    

      </td>
</tr>
<tr>
  <td class="method">
                  <span class="description" title="Verify the tel number text on Add to Shopping cart pop-up">FeaturedProductPoleRestoration</span>
      </td>
  <td class="duration">
    12.965s
  </td>
  <td class="result">
        
    
            <div class="testOutput">
                        Click to see Screenshot
                                <a target="_blank" href=Thu_Jul_23_17_42_07_IST_2020.jpg>Screenshot</a>
                                <br>
                                <br>
                                <a target="_blank" href=Thu_Jul_23_17_42_07_IST_2020.jpg><img src=Thu_Jul_23_17_42_07_IST_2020.jpg height=200 width=200></img></a>
                  </div>
    

      </td>
</tr>
<tr>
  <td class="method">
                  <span class="description" title="Verification of the presence of cart icon on Home page">HomepageCarticon</span>
      </td>
  <td class="duration">
    15.191s
  </td>
  <td class="result">
        
    
            <div class="testOutput">
                        Click to see Screenshot
                                <a target="_blank" href=Thu_Jul_23_17_51_36_IST_2020.jpg>Screenshot</a>
                                <br>
                                <br>
                                <a target="_blank" href=Thu_Jul_23_17_51_36_IST_2020.jpg><img src=Thu_Jul_23_17_51_36_IST_2020.jpg height=200 width=200></img></a>
                  </div>
    

      </td>
</tr>
<tr>
  <td class="method">
                  <span class="description" title="Verification of contents on MyQuotes popup">MyQuotes_96421</span>
      </td>
  <td class="duration">
    6.932s
  </td>
  <td class="result">
        
    
            <div class="testOutput">
                        Click to see Screenshot
                                <a target="_blank" href=Thu_Jul_23_17_46_50_IST_2020.jpg>Screenshot</a>
                                <br>
                                <br>
                                <a target="_blank" href=Thu_Jul_23_17_46_50_IST_2020.jpg><img src=Thu_Jul_23_17_46_50_IST_2020.jpg height=200 width=200></img></a>
                  </div>
    

      </td>
</tr>
<tr>
  <td class="method">
                  <span class="description" title="Product Return Policies will be provided on the 'Quote Request Approval' page and will be presented to the customer as a pop-up for reading.">ReturnPolicy</span>
      </td>
  <td class="duration">
    10.614s
  </td>
  <td class="result">
        
    
            <div class="testOutput">
                        Click to see Screenshot
                                <a target="_blank" href=Thu_Jul_23_17_43_37_IST_2020.jpg>Screenshot</a>
                                <br>
                                <br>
                                <a target="_blank" href=Thu_Jul_23_17_43_37_IST_2020.jpg><img src=Thu_Jul_23_17_43_37_IST_2020.jpg height=200 width=200></img></a>
                  </div>
    

      </td>
</tr>
<tr>
  <td class="method">
                  <span class="description" title="Submitting a Quote with Order Requested Status">SubmitQuotewithOrderRequestedstatus</span>
      </td>
  <td class="duration">
    9.452s
  </td>
  <td class="result">
        
    
            <div class="testOutput">
                        Click to see Screenshot
                                <a target="_blank" href=Thu_Jul_23_17_52_46_IST_2020.jpg>Screenshot</a>
                                <br>
                                <br>
                                <a target="_blank" href=Thu_Jul_23_17_52_46_IST_2020.jpg><img src=Thu_Jul_23_17_52_46_IST_2020.jpg height=200 width=200></img></a>
                  </div>
    

      </td>
</tr>
<tr>
  <td class="method">
                  <span class="description" title="Submitting a Quote with Ordered Status">SubmitQuotewithOrderedstatus</span>
      </td>
  <td class="duration">
    9.592s
  </td>
  <td class="result">
        
    
            <div class="testOutput">
                        Click to see Screenshot
                                <a target="_blank" href=Thu_Jul_23_17_51_55_IST_2020.jpg>Screenshot</a>
                                <br>
                                <br>
                                <a target="_blank" href=Thu_Jul_23_17_51_55_IST_2020.jpg><img src=Thu_Jul_23_17_51_55_IST_2020.jpg height=200 width=200></img></a>
                  </div>
    

      </td>
</tr>
<tr>
  <td class="method">
                  <span class="description" title="Submitting a Quote with Quote Canceled Status">SubmitQuotewithQuoteCancelledstatus</span>
      </td>
  <td class="duration">
    12.955s
  </td>
  <td class="result">
        
    
            <div class="testOutput">
                        Click to see Screenshot
                                <a target="_blank" href=Thu_Jul_23_17_52_19_IST_2020.jpg>Screenshot</a>
                                <br>
                                <br>
                                <a target="_blank" href=Thu_Jul_23_17_52_19_IST_2020.jpg><img src=Thu_Jul_23_17_52_19_IST_2020.jpg height=200 width=200></img></a>
                  </div>
    

      </td>
</tr>
<tr>
  <td class="method">
                  <span class="description" title="Submitting a Quote with Quote Pending Status">SubmitQuotewithQuotePendingstatus</span>
      </td>
  <td class="duration">
    9.388s
  </td>
  <td class="result">
        
    
            <div class="testOutput">
                        Click to see Screenshot
                                <a target="_blank" href=Thu_Jul_23_17_52_05_IST_2020.jpg>Screenshot</a>
                                <br>
                                <br>
                                <a target="_blank" href=Thu_Jul_23_17_52_05_IST_2020.jpg><img src=Thu_Jul_23_17_52_05_IST_2020.jpg height=200 width=200></img></a>
                  </div>
    

      </td>
</tr>
<tr>
  <td class="method">
                  <span class="description" title="Submitting a Quote with Quoted Status">SubmitQuotewithQuotedstatus</span>
      </td>
  <td class="duration">
    17.477s
  </td>
  <td class="result">
        
    
            <div class="testOutput">
                        Click to see Screenshot
                                <a target="_blank" href=Thu_Jul_23_17_52_36_IST_2020.jpg>Screenshot</a>
                                <br>
                                <br>
                                <a target="_blank" href=Thu_Jul_23_17_52_36_IST_2020.jpg><img src=Thu_Jul_23_17_52_36_IST_2020.jpg height=200 width=200></img></a>
                  </div>
    

      </td>
</tr>
<tr>
  <td class="method">
                  <span class="description" title="Decrease product quantity from the cart">UpdateDecreaseQuanityinShoppingCart</span>
      </td>
  <td class="duration">
    28.555s
  </td>
  <td class="result">
        
    
            <div class="testOutput">
                        Click to see Screenshot
                                <a target="_blank" href=Thu_Jul_23_17_45_09_IST_2020.jpg>Screenshot</a>
                                <br>
                                <br>
                                <a target="_blank" href=Thu_Jul_23_17_45_09_IST_2020.jpg><img src=Thu_Jul_23_17_45_09_IST_2020.jpg height=200 width=200></img></a>
                  </div>
    

      </td>
</tr>
<tr>
  <td class="method">
                  <span class="description" title="Increase product quantity from the cart">UpdateIncreaseQuanityinShoppingCart</span>
      </td>
  <td class="duration">
    12.319s
  </td>
  <td class="result">
        
    
            <div class="testOutput">
                        Click to see Screenshot
                                <a target="_blank" href=Thu_Jul_23_17_44_40_IST_2020.jpg>Screenshot</a>
                                <br>
                                <br>
                                <a target="_blank" href=Thu_Jul_23_17_44_40_IST_2020.jpg><img src=Thu_Jul_23_17_44_40_IST_2020.jpg height=200 width=200></img></a>
                  </div>
    

      </td>
</tr>
<tr>
  <td class="method">
                  <span class="description" title="User is able to add same product multiple times in cart by clicking on contiune button">VerifyAddShopping_Sameitem</span>
      </td>
  <td class="duration">
    8.557s
  </td>
  <td class="result">
        
    
            <div class="testOutput">
                        Click to see Screenshot
                                <a target="_blank" href=Thu_Jul_23_17_44_22_IST_2020.jpg>Screenshot</a>
                                <br>
                                <br>
                                <a target="_blank" href=Thu_Jul_23_17_44_22_IST_2020.jpg><img src=Thu_Jul_23_17_44_22_IST_2020.jpg height=200 width=200></img></a>
                  </div>
    

      </td>
</tr>
<tr>
  <td class="method">
                  <span class="description" title="Verification of disabled Approve button">VerifyApprovebtndisabled</span>
      </td>
  <td class="duration">
    53.574s
  </td>
  <td class="result">
        
    
            <div class="testOutput">
                        Click to see Screenshot
                                <a target="_blank" href=Thu_Jul_23_17_55_51_IST_2020.jpg>Screenshot</a>
                                <br>
                                <br>
                                <a target="_blank" href=Thu_Jul_23_17_55_51_IST_2020.jpg><img src=Thu_Jul_23_17_55_51_IST_2020.jpg height=200 width=200></img></a>
                  </div>
    

      </td>
</tr>
<tr>
  <td class="method">
                  <span class="description" title="On the Product Group Details Page, the user will be provided with the “ADD”  button  with a quantity selector.">VerifyCrossicononhoppingCart</span>
      </td>
  <td class="duration">
    1.048s
  </td>
  <td class="result">
        
    
            <div class="testOutput">
                        Click to see Screenshot
                                <a target="_blank" href=Thu_Jul_23_17_44_02_IST_2020.jpg>Screenshot</a>
                                <br>
                                <br>
                                <a target="_blank" href=Thu_Jul_23_17_44_02_IST_2020.jpg><img src=Thu_Jul_23_17_44_02_IST_2020.jpg height=200 width=200></img></a>
                  </div>
    

      </td>
</tr>
<tr>
  <td class="method">
                  <span class="description" title="User is able to add different product multiple times in cart by clicking on contiune button">VerifyCrossicononhoppingCart_Differentitem</span>
      </td>
  <td class="duration">
    9.969s
  </td>
  <td class="result">
        
    
            <div class="testOutput">
                        Click to see Screenshot
                                <a target="_blank" href=Thu_Jul_23_17_44_13_IST_2020.jpg>Screenshot</a>
                                <br>
                                <br>
                                <a target="_blank" href=Thu_Jul_23_17_44_13_IST_2020.jpg><img src=Thu_Jul_23_17_44_13_IST_2020.jpg height=200 width=200></img></a>
                  </div>
    

      </td>
</tr>
<tr>
  <td class="method">
                  <span class="description" title="Verify that a Featured product can be clicked">VerifyFPImageClick</span>
      </td>
  <td class="duration">
    51.647s
  </td>
  <td class="result">
        
    
            <div class="testOutput">
                        Click to see Screenshot
                                <a target="_blank" href=Thu_Jul_23_17_41_11_IST_2020.jpg>Screenshot</a>
                                <br>
                                <br>
                                <a target="_blank" href=Thu_Jul_23_17_41_11_IST_2020.jpg><img src=Thu_Jul_23_17_41_11_IST_2020.jpg height=200 width=200></img></a>
                  </div>
    

      </td>
</tr>
<tr>
  <td class="method">
                  <span class="description" title="Verification of the contents on Products Page">VerifyProductclick</span>
      </td>
  <td class="duration">
    14.556s
  </td>
  <td class="result">
        
    
            <div class="testOutput">
                        Click to see Screenshot
                                <a target="_blank" href=Thu_Jul_23_17_41_35_IST_2020.jpg>Screenshot</a>
                                <br>
                                <br>
                                <a target="_blank" href=Thu_Jul_23_17_41_35_IST_2020.jpg><img src=Thu_Jul_23_17_41_35_IST_2020.jpg height=200 width=200></img></a>
                  </div>
    

      </td>
</tr>
<tr>
  <td class="method">
                  <span class="description" title="Verification of contents on Approve<<QuoteId>> screen">VerifyUIonApprove</span>
      </td>
  <td class="duration">
    50.340s
  </td>
  <td class="result">
        
    
            <div class="testOutput">
                        Click to see Screenshot
                                <a target="_blank" href=Thu_Jul_23_17_54_01_IST_2020.jpg>Screenshot</a>
                                <br>
                                <br>
                                <a target="_blank" href=Thu_Jul_23_17_54_01_IST_2020.jpg><img src=Thu_Jul_23_17_54_01_IST_2020.jpg height=200 width=200></img></a>
                  </div>
    

      </td>
</tr>
<tr>
  <td class="method">
                  <span class="description" title="Verification of contents on a particular Quote">VerifyUIonClickQuoteID</span>
      </td>
  <td class="duration">
    4.577s
  </td>
  <td class="result">
        
    
            <div class="testOutput">
                        Click to see Screenshot
                                <a target="_blank" href=Thu_Jul_23_17_51_45_IST_2020.jpg>Screenshot</a>
                                <br>
                                <br>
                                <a target="_blank" href=Thu_Jul_23_17_51_45_IST_2020.jpg><img src=Thu_Jul_23_17_51_45_IST_2020.jpg height=200 width=200></img></a>
                  </div>
    

      </td>
</tr>
<tr>
  <td class="method">
                  <span class="description" title="Verification of the presence of Admin button">adminElementPresent</span>
      </td>
  <td class="duration">
    0.039s
  </td>
  <td class="result">
        
    
            <div class="testOutput">
                        Click to see Screenshot
                                <a target="_blank" href=Thu_Jul_23_17_39_27_IST_2020.jpg>Screenshot</a>
                                <br>
                                <br>
                                <a target="_blank" href=Thu_Jul_23_17_39_27_IST_2020.jpg><img src=Thu_Jul_23_17_39_27_IST_2020.jpg height=200 width=200></img></a>
                  </div>
    

      </td>
</tr>
<tr>
  <td class="method">
                  <span class="description" title="Verification of the presence of all six products">allSixProductPresent</span>
      </td>
  <td class="duration">
    0.029s
  </td>
  <td class="result">
        
    
            <div class="testOutput">
                        Click to see Screenshot
                                <a target="_blank" href=Thu_Jul_23_17_39_28_IST_2020.jpg>Screenshot</a>
                                <br>
                                <br>
                                <a target="_blank" href=Thu_Jul_23_17_39_28_IST_2020.jpg><img src=Thu_Jul_23_17_39_28_IST_2020.jpg height=200 width=200></img></a>
                  </div>
    

      </td>
</tr>
<tr>
  <td class="method">
                  <span class="description" title="Verification of the presence of Catalog Element">catalogElementPresent</span>
      </td>
  <td class="duration">
    0.027s
  </td>
  <td class="result">
        
    
            <div class="testOutput">
                        Click to see Screenshot
                                <a target="_blank" href=Thu_Jul_23_17_39_25_IST_2020.jpg>Screenshot</a>
                                <br>
                                <br>
                                <a target="_blank" href=Thu_Jul_23_17_39_25_IST_2020.jpg><img src=Thu_Jul_23_17_39_25_IST_2020.jpg height=200 width=200></img></a>
                  </div>
    

      </td>
</tr>
<tr>
  <td class="method">
                  <span class="description" title="Verification of the presence of My Quotes button">openMyQuotesElementPresent</span>
      </td>
  <td class="duration">
    0.026s
  </td>
  <td class="result">
        
    
            <div class="testOutput">
                        Click to see Screenshot
                                <a target="_blank" href=Thu_Jul_23_17_39_26_IST_2020.jpg>Screenshot</a>
                                <br>
                                <br>
                                <a target="_blank" href=Thu_Jul_23_17_39_26_IST_2020.jpg><img src=Thu_Jul_23_17_39_26_IST_2020.jpg height=200 width=200></img></a>
                  </div>
    

      </td>
</tr>
<tr>
  <td class="method">
                  <span class="description" title="Verification of the presence of Search field">searchElementPresent</span>
      </td>
  <td class="duration">
    50.059s
  </td>
  <td class="result">
        
    
            <div class="testOutput">
                        Click to see Screenshot
                                <a target="_blank" href=Thu_Jul_23_17_39_25_IST_2020.jpg>Screenshot</a>
                                <br>
                                <br>
                                <a target="_blank" href=Thu_Jul_23_17_39_25_IST_2020.jpg><img src=Thu_Jul_23_17_39_25_IST_2020.jpg height=200 width=200></img></a>
                  </div>
    

      </td>
</tr>
<tr>
  <td class="method">
                  <span class="description" title="Verification of the presence of Shopping Cart Icon">shoppingCartElementPresent</span>
      </td>
  <td class="duration">
    0.041s
  </td>
  <td class="result">
        
    
            <div class="testOutput">
                        Click to see Screenshot
                                <a target="_blank" href=Thu_Jul_23_17_39_26_IST_2020.jpg>Screenshot</a>
                                <br>
                                <br>
                                <a target="_blank" href=Thu_Jul_23_17_39_26_IST_2020.jpg><img src=Thu_Jul_23_17_39_26_IST_2020.jpg height=200 width=200></img></a>
                  </div>
    

      </td>
</tr>
<tr>
  <td class="method">
                  <span class="description" title="Verification of the presence of Slider items">sliderItemPresent</span>
      </td>
  <td class="duration">
    0.082s
  </td>
  <td class="result">
        
    
            <div class="testOutput">
                        Click to see Screenshot
                                <a target="_blank" href=Thu_Jul_23_17_39_28_IST_2020.jpg>Screenshot</a>
                                <br>
                                <br>
                                <a target="_blank" href=Thu_Jul_23_17_39_28_IST_2020.jpg><img src=Thu_Jul_23_17_39_28_IST_2020.jpg height=200 width=200></img></a>
                  </div>
    

      </td>
</tr>
<tr>
  <td class="method">
                  <span class="description" title="On the Product Group Details Page, verify the text present">verifyAddShoppingCarttext</span>
      </td>
  <td class="duration">
    18.272s
  </td>
  <td class="result">
        
    
            <div class="testOutput">
                        Click to see Screenshot
                                <a target="_blank" href=Thu_Jul_23_17_43_55_IST_2020.jpg>Screenshot</a>
                                <br>
                                <br>
                                <a target="_blank" href=Thu_Jul_23_17_43_55_IST_2020.jpg><img src=Thu_Jul_23_17_43_55_IST_2020.jpg height=200 width=200></img></a>
                  </div>
    

      </td>
</tr>
<tr>
  <td class="method">
                  <span class="description" title="Verification of the presence of Category Filter button">verifyCategoryFilter</span>
      </td>
  <td class="duration">
    50.038s
  </td>
  <td class="result">
        
    
            <div class="testOutput">
                        Click to see Screenshot
                                <a target="_blank" href=Thu_Jul_23_17_40_18_IST_2020.jpg>Screenshot</a>
                                <br>
                                <br>
                                <a target="_blank" href=Thu_Jul_23_17_40_18_IST_2020.jpg><img src=Thu_Jul_23_17_40_18_IST_2020.jpg height=200 width=200></img></a>
                  </div>
    

      </td>
</tr>
<tr>
  <td class="method">
                  <span class="description" title="Verification of Status filter 'All'">verifyStatusFilterAll</span>
      </td>
  <td class="duration">
    27.026s
  </td>
  <td class="result">
        
    
            <div class="testOutput">
                        Click to see Screenshot
                                <a target="_blank" href=Thu_Jul_23_17_47_17_IST_2020.jpg>Screenshot</a>
                                <br>
                                <br>
                                <a target="_blank" href=Thu_Jul_23_17_47_17_IST_2020.jpg><img src=Thu_Jul_23_17_47_17_IST_2020.jpg height=200 width=200></img></a>
                  </div>
    

      </td>
</tr>
<tr>
  <td class="method">
                  <span class="description" title="Verification of Status filter 'Cancelled'">verifyStatusFilterCancelled</span>
      </td>
  <td class="duration">
    41.715s
  </td>
  <td class="result">
        
    
            <div class="testOutput">
                        Click to see Screenshot
                                <a target="_blank" href=Thu_Jul_23_17_50_44_IST_2020.jpg>Screenshot</a>
                                <br>
                                <br>
                                <a target="_blank" href=Thu_Jul_23_17_50_44_IST_2020.jpg><img src=Thu_Jul_23_17_50_44_IST_2020.jpg height=200 width=200></img></a>
                  </div>
    

      </td>
</tr>
<tr>
  <td class="method">
                  <span class="description" title="Verification of Status filter 'Expired'">verifyStatusFilterExpired</span>
      </td>
  <td class="duration">
    36.588s
  </td>
  <td class="result">
        
    
            <div class="testOutput">
                        Click to see Screenshot
                                <a target="_blank" href=Thu_Jul_23_17_47_55_IST_2020.jpg>Screenshot</a>
                                <br>
                                <br>
                                <a target="_blank" href=Thu_Jul_23_17_47_55_IST_2020.jpg><img src=Thu_Jul_23_17_47_55_IST_2020.jpg height=200 width=200></img></a>
                  </div>
    

      </td>
</tr>
<tr>
  <td class="method">
                  <span class="description" title="Verification of Status filter 'Order Requested'">verifyStatusFilterOrderRequested</span>
      </td>
  <td class="duration">
    36.202s
  </td>
  <td class="result">
        
    
            <div class="testOutput">
                        Click to see Screenshot
                                <a target="_blank" href=Thu_Jul_23_17_51_20_IST_2020.jpg>Screenshot</a>
                                <br>
                                <br>
                                <a target="_blank" href=Thu_Jul_23_17_51_20_IST_2020.jpg><img src=Thu_Jul_23_17_51_20_IST_2020.jpg height=200 width=200></img></a>
                  </div>
    

      </td>
</tr>
<tr>
  <td class="method">
                  <span class="description" title="Verification of Status filter 'Ordered'">verifyStatusFilterOrdered</span>
      </td>
  <td class="duration">
    41.629s
  </td>
  <td class="result">
        
    
            <div class="testOutput">
                        Click to see Screenshot
                                <a target="_blank" href=Thu_Jul_23_17_48_37_IST_2020.jpg>Screenshot</a>
                                <br>
                                <br>
                                <a target="_blank" href=Thu_Jul_23_17_48_37_IST_2020.jpg><img src=Thu_Jul_23_17_48_37_IST_2020.jpg height=200 width=200></img></a>
                  </div>
    

      </td>
</tr>
<tr>
  <td class="method">
                  <span class="description" title="Verification of Status filter 'Quote Pending'">verifyStatusFilterQuotePending</span>
      </td>
  <td class="duration">
    41.823s
  </td>
  <td class="result">
        
    
            <div class="testOutput">
                        Click to see Screenshot
                                <a target="_blank" href=Thu_Jul_23_17_50_01_IST_2020.jpg>Screenshot</a>
                                <br>
                                <br>
                                <a target="_blank" href=Thu_Jul_23_17_50_01_IST_2020.jpg><img src=Thu_Jul_23_17_50_01_IST_2020.jpg height=200 width=200></img></a>
                  </div>
    

      </td>
</tr>
<tr>
  <td class="method">
                  <span class="description" title="Verification of Status filter 'Quoted'">verifyStatusFilterQuoted</span>
      </td>
  <td class="duration">
    41.698s
  </td>
  <td class="result">
        
    
            <div class="testOutput">
                        Click to see Screenshot
                                <a target="_blank" href=Thu_Jul_23_17_49_19_IST_2020.jpg>Screenshot</a>
                                <br>
                                <br>
                                <a target="_blank" href=Thu_Jul_23_17_49_19_IST_2020.jpg><img src=Thu_Jul_23_17_49_19_IST_2020.jpg height=200 width=200></img></a>
                  </div>
    

      </td>
</tr>
<tr>
  <td class="method">
                  <span class="description" title="Verification of Thank you pop after approving the Quoted Request">verifyThankyouPopup</span>
      </td>
  <td class="duration">
    54.976s
  </td>
  <td class="result">
        
    
            <div class="testOutput">
                        Click to see Screenshot
                                <a target="_blank" href=Thu_Jul_23_17_54_57_IST_2020.jpg>Screenshot</a>
                                <br>
                                <br>
                                <a target="_blank" href=Thu_Jul_23_17_54_57_IST_2020.jpg><img src=Thu_Jul_23_17_54_57_IST_2020.jpg height=200 width=200></img></a>
                  </div>
    

      </td>
</tr>
<tr>
  <td class="method">
                  <span class="description" title="Verification of the Products Link on the Home Page">verifyTheProductLink</span>
      </td>
  <td class="duration">
    3.495s
  </td>
  <td class="result">
        
          <i>Method arguments: </i><span class="arguments">{password=Hyde@2317, runmode=Y, username=rajesh.yadav@centurylink.com}</span><br />
    
            <div class="testOutput">
                        Click to see Screenshot
                                <a target="_blank" href=Thu_Jul_23_17_38_34_IST_2020.jpg>Screenshot</a>
                                <br>
                                <br>
                                <a target="_blank" href=Thu_Jul_23_17_38_34_IST_2020.jpg><img src=Thu_Jul_23_17_38_34_IST_2020.jpg height=200 width=200></img></a>
                  </div>
    

      </td>
</tr>
<tr>
  <td class="method">
                  <span class="description" title="Verify that User clicks on the Slider icon and Click on Crosss icon">verifyTheSearchCrossButton</span>
      </td>
  <td class="duration">
    14.398s
  </td>
  <td class="result">
        
          <i>Method arguments: </i><span class="arguments">{SearchItem=Pole}</span><br />
    
            <div class="testOutput">
                        Click to see Screenshot
                                <a target="_blank" href=Thu_Jul_23_17_43_12_IST_2020.jpg>Screenshot</a>
                                <br>
                                <br>
                                <a target="_blank" href=Thu_Jul_23_17_43_12_IST_2020.jpg><img src=Thu_Jul_23_17_43_12_IST_2020.jpg height=200 width=200></img></a>
                  </div>
    

      </td>
</tr>
<tr>
  <td class="method">
                  <span class="description" title="Verify that User clicks on the Slider icon and search for full name Pole Restoration">verifyTheSearchFullname</span>
      </td>
  <td class="duration">
    12.525s
  </td>
  <td class="result">
        
          <i>Method arguments: </i><span class="arguments">{SearchItem=Pole Restoration}</span><br />
    
            <div class="testOutput">
                        Click to see Screenshot
                                <a target="_blank" href=Thu_Jul_23_17_42_34_IST_2020.jpg>Screenshot</a>
                                <br>
                                <br>
                                <a target="_blank" href=Thu_Jul_23_17_42_34_IST_2020.jpg><img src=Thu_Jul_23_17_42_34_IST_2020.jpg height=200 width=200></img></a>
                  </div>
    

      </td>
</tr>
<tr>
  <td class="method">
                  <span class="description" title="Verify that User clicks on the Slider icon and search for One Alphabeted like H">verifyTheSearchOneAlphabet</span>
      </td>
  <td class="duration">
    22.373s
  </td>
  <td class="result">
        
          <i>Method arguments: </i><span class="arguments">{SearchItem=H}</span><br />
    
            <div class="testOutput">
                        Click to see Screenshot
                                <a target="_blank" href=Thu_Jul_23_17_42_57_IST_2020.jpg>Screenshot</a>
                                <br>
                                <br>
                                <a target="_blank" href=Thu_Jul_23_17_42_57_IST_2020.jpg><img src=Thu_Jul_23_17_42_57_IST_2020.jpg height=200 width=200></img></a>
                  </div>
    

      </td>
</tr>
<tr>
  <td class="method">
                  <span class="description" title="Verify that User clicks on the Slider icon and search for firstname Pole">verifyTheSearchfirstname</span>
      </td>
  <td class="duration">
    13.759s
  </td>
  <td class="result">
        
          <i>Method arguments: </i><span class="arguments">{SearchItem=Pole}</span><br />
    
            <div class="testOutput">
                        Click to see Screenshot
                                <a target="_blank" href=Thu_Jul_23_17_42_21_IST_2020.jpg>Screenshot</a>
                                <br>
                                <br>
                                <a target="_blank" href=Thu_Jul_23_17_42_21_IST_2020.jpg><img src=Thu_Jul_23_17_42_21_IST_2020.jpg height=200 width=200></img></a>
                  </div>
    

      </td>
</tr>
<tr>
  <td class="method">
                  <span class="description" title="Verify that User clicks on the Slider icon and validate the validation message is shown wrong input">verifyTheValidationmessage</span>
      </td>
  <td class="duration">
    13.368s
  </td>
  <td class="result">
        
          <i>Method arguments: </i><span class="arguments">{SearchItem=               }</span><br />
    
            <div class="testOutput">
                        Click to see Screenshot
                                <a target="_blank" href=Thu_Jul_23_17_43_26_IST_2020.jpg>Screenshot</a>
                                <br>
                                <br>
                                <a target="_blank" href=Thu_Jul_23_17_43_26_IST_2020.jpg><img src=Thu_Jul_23_17_43_26_IST_2020.jpg height=200 width=200></img></a>
                  </div>
    

      </td>
</tr>
<tr>
  <td class="method">
                  <span class="description" title="Verification of Quantity on ShoppingCart Overlay">verifyUpdatedQuantityOnOverlay</span>
      </td>
  <td class="duration">
    8.376s
  </td>
  <td class="result">
        
    
            <div class="testOutput">
                        Click to see Screenshot
                                <a target="_blank" href=Thu_Jul_23_17_46_42_IST_2020.jpg>Screenshot</a>
                                <br>
                                <br>
                                <a target="_blank" href=Thu_Jul_23_17_46_42_IST_2020.jpg><img src=Thu_Jul_23_17_46_42_IST_2020.jpg height=200 width=200></img></a>
                  </div>
    

      </td>
</tr>
<tr>
  <td class="method">
                  <span class="description" title="Verification of the presence of View Details button">verifyViewDetail</span>
      </td>
  <td class="duration">
    8.950s
  </td>
  <td class="result">
        
    
            <div class="testOutput">
                        Click to see Screenshot
                                <a target="_blank" href=Thu_Jul_23_17_41_20_IST_2020.jpg>Screenshot</a>
                                <br>
                                <br>
                                <a target="_blank" href=Thu_Jul_23_17_41_20_IST_2020.jpg><img src=Thu_Jul_23_17_41_20_IST_2020.jpg height=200 width=200></img></a>
                  </div>
    

      </td>
</tr>
<tr>
  <td class="method">
                  <span class="description" title="Verification of the presence of View Details button">viewDetailsElementPresent</span>
      </td>
  <td class="duration">
    0.028s
  </td>
  <td class="result">
        
    
            <div class="testOutput">
                        Click to see Screenshot
                                <a target="_blank" href=Thu_Jul_23_17_39_27_IST_2020.jpg>Screenshot</a>
                                <br>
                                <br>
                                <a target="_blank" href=Thu_Jul_23_17_39_27_IST_2020.jpg><img src=Thu_Jul_23_17_39_27_IST_2020.jpg height=200 width=200></img></a>
                  </div>
    

      </td>
</tr>
      </table>
  
</body>
</html>
