<?xml version="1.0" encoding="UTF-8"?>
<!-- Generated by org.testng.reporters.JUnitXMLReporter -->
<testsuite hostname="5CG6323N27" ignored="0" name="Contact" tests="18" failures="2" timestamp="2020-08-24T19:46:49 IST" time="62.711" errors="0">
  <testcase name="verifyContactUsMenuContents" time="0.31" classname="com.OSMOSE.testcases.Contact"/>
  <testcase name="verifyViewContactsHeaderContents" time="0.134" classname="com.OSMOSE.testcases.Contact">
    <failure type="java.lang.AssertionError" message="expected [Products Contacts] but found [Georgia Power Company Distribution Change Contacts]">
      <![CDATA[java.lang.AssertionError: expected [Products Contacts] but found [Georgia Power Company Distribution Change Contacts]
at com.OSMOSE.testcases.Contact.verifyViewContactsHeaderContents(Contact.java:28)
at java.util.ArrayList.forEach(Unknown Source)
... Removed 32 stack frames]]>
    </failure>
  </testcase> <!-- verifyViewContactsHeaderContents -->
  <testcase name="verifyViewContactsContactCardContents" time="1.264" classname="com.OSMOSE.testcases.Contact">
    <failure type="java.lang.AssertionError" message="expected [Simth, John (Simth)] but found [Heartsill,Jason Shane]">
      <![CDATA[java.lang.AssertionError: expected [Simth, John (Simth)] but found [Heartsill,Jason Shane]
at com.OSMOSE.testcases.Contact.verifyViewContactsContactCardContents(Contact.java:37)
at java.util.ArrayList.forEach(Unknown Source)
... Removed 32 stack frames]]>
    </failure>
  </testcase> <!-- verifyViewContactsContactCardContents -->
  <testcase name="verifyContactUsHeaderContents" time="0.292" classname="com.OSMOSE.testcases.Contact"/>
  <testcase name="verifyClickOnBackButton" time="0.094" classname="com.OSMOSE.testcases.Contact"/>
  <testcase name="verifyContactUsClickOnGoogleMap" time="31.126" classname="com.OSMOSE.testcases.Contact"/>
  <testcase name="verifyContactUsGeneralInquiriesContents" time="0.096" classname="com.OSMOSE.testcases.Contact"/>
  <testcase name="verifyContactUsSalesProductsContents" time="0.105" classname="com.OSMOSE.testcases.Contact"/>
  <testcase name="verifyContactUsSalesServicesContents" time="0.08" classname="com.OSMOSE.testcases.Contact"/>
  <testcase name="verifyContactUsOCalcProContents" time="0.088" classname="com.OSMOSE.testcases.Contact"/>
  <testcase name="verifyContactUsQueryFormContents" time="0.106" classname="com.OSMOSE.testcases.Contact"/>
  <testcase name="verifyFormSubmissionWith_RequestForInformation" time="4.2" classname="com.OSMOSE.testcases.Contact"/>
  <testcase name="verifyFormSubmissionThankYouPopUp" time="11.921" classname="com.OSMOSE.testcases.Contact"/>
  <testcase name="verifyFormSubmissionWith_ProjectSupport" time="2.193" classname="com.OSMOSE.testcases.Contact"/>
  <testcase name="verifyFormSubmissionWith_TechnicalSupport" time="1.183" classname="com.OSMOSE.testcases.Contact"/>
  <testcase name="verifyFormSubmissionWith_Other" time="1.39" classname="com.OSMOSE.testcases.Contact"/>
  <testcase name="verifyFormSubmissionErrorMessage" time="0.065" classname="com.OSMOSE.testcases.Contact"/>
  <testcase name="verifyPresenceOfProjectGroupMenu" time="0.122" classname="com.OSMOSE.testcases.Contact"/>
</testsuite> <!-- Contact -->
