<?xml version="1.0" encoding="UTF-8"?>
<!-- Generated by org.testng.reporters.JUnitXMLReporter -->
<testsuite hostname="5CG6323N27" ignored="0" name="Contact" tests="16" failures="0" timestamp="2020-08-06T16:57:50 IST" time="59.289" errors="0">
  <testcase name="verifyContactUsMenuContents" time="0.271" classname="com.OSMOSE.testcases.Contact"/>
  <testcase name="verifyViewContactsHeaderContents" time="0.135" classname="com.OSMOSE.testcases.Contact"/>
  <testcase name="verifyViewContactsContactCardContents" time="0.158" classname="com.OSMOSE.testcases.Contact"/>
  <testcase name="verifyContactUsHeaderContents" time="0.24" classname="com.OSMOSE.testcases.Contact"/>
  <testcase name="verifyClickOnBackButton" time="0.087" classname="com.OSMOSE.testcases.Contact"/>
  <testcase name="verifyContactUsClickOnGoogleMap" time="31.352" classname="com.OSMOSE.testcases.Contact"/>
  <testcase name="verifyContactUsGeneralInquiriesContents" time="0.051" classname="com.OSMOSE.testcases.Contact"/>
  <testcase name="verifyContactUsSalesProductsContents" time="0.075" classname="com.OSMOSE.testcases.Contact"/>
  <testcase name="verifyContactUsSalesServicesContents" time="0.087" classname="com.OSMOSE.testcases.Contact"/>
  <testcase name="verifyContactUsOCalcProContents" time="0.075" classname="com.OSMOSE.testcases.Contact"/>
  <testcase name="verifyContactUsQueryFormContents" time="0.11" classname="com.OSMOSE.testcases.Contact"/>
  <testcase name="verifyFormSubmissionWith_RequestForInformation" time="2.613" classname="com.OSMOSE.testcases.Contact"/>
  <testcase name="verifyFormSubmissionThankYouPopUp" time="12.115" classname="com.OSMOSE.testcases.Contact"/>
  <testcase name="verifyFormSubmissionWith_ProjectSupport" time="2.134" classname="com.OSMOSE.testcases.Contact"/>
  <testcase name="verifyFormSubmissionWith_TechnicalSupport" time="1.505" classname="com.OSMOSE.testcases.Contact"/>
  <testcase name="verifyFormSubmissionWith_Other" time="1.32" classname="com.OSMOSE.testcases.Contact"/>
</testsuite> <!-- Contact -->
