<?xml version="1.0" encoding="UTF-8"?>
<!-- Generated by org.testng.reporters.JUnitXMLReporter -->
<testsuite hostname="5CG6323N27" ignored="0" name="Contact" tests="17" failures="2" timestamp="2020-08-19T16:27:45 IST" time="63.391" errors="0">
  <testcase name="verifyContactUsMenuContents" time="0.242" classname="com.OSMOSE.testcases.Contact"/>
  <testcase name="verifyViewContactsHeaderContents" time="0.191" classname="com.OSMOSE.testcases.Contact">
    <failure type="java.lang.AssertionError" message="expected [Products Contacts] but found [Pedernales EC Dev Contacts]">
      <![CDATA[java.lang.AssertionError: expected [Products Contacts] but found [Pedernales EC Dev Contacts]
at com.OSMOSE.testcases.Contact.verifyViewContactsHeaderContents(Contact.java:27)
at java.util.ArrayList.forEach(Unknown Source)
... Removed 32 stack frames]]>
    </failure>
  </testcase> <!-- verifyViewContactsHeaderContents -->
  <testcase name="verifyViewContactsContactCardContents" time="2.211" classname="com.OSMOSE.testcases.Contact">
    <failure type="java.lang.AssertionError" message="expected [Simth, John (Simth)] but found [Spaulding,Kevin L]">
      <![CDATA[java.lang.AssertionError: expected [Simth, John (Simth)] but found [Spaulding,Kevin L]
at com.OSMOSE.testcases.Contact.verifyViewContactsContactCardContents(Contact.java:35)
at java.util.ArrayList.forEach(Unknown Source)
... Removed 32 stack frames]]>
    </failure>
  </testcase> <!-- verifyViewContactsContactCardContents -->
  <testcase name="verifyContactUsHeaderContents" time="0.382" classname="com.OSMOSE.testcases.Contact"/>
  <testcase name="verifyClickOnBackButton" time="0.238" classname="com.OSMOSE.testcases.Contact"/>
  <testcase name="verifyContactUsClickOnGoogleMap" time="31.513" classname="com.OSMOSE.testcases.Contact"/>
  <testcase name="verifyContactUsGeneralInquiriesContents" time="0.054" classname="com.OSMOSE.testcases.Contact"/>
  <testcase name="verifyContactUsSalesProductsContents" time="0.072" classname="com.OSMOSE.testcases.Contact"/>
  <testcase name="verifyContactUsSalesServicesContents" time="0.075" classname="com.OSMOSE.testcases.Contact"/>
  <testcase name="verifyContactUsOCalcProContents" time="0.076" classname="com.OSMOSE.testcases.Contact"/>
  <testcase name="verifyContactUsQueryFormContents" time="0.112" classname="com.OSMOSE.testcases.Contact"/>
  <testcase name="verifyFormSubmissionWith_RequestForInformation" time="2.465" classname="com.OSMOSE.testcases.Contact"/>
  <testcase name="verifyFormSubmissionThankYouPopUp" time="12.16" classname="com.OSMOSE.testcases.Contact"/>
  <testcase name="verifyFormSubmissionWith_ProjectSupport" time="1.869" classname="com.OSMOSE.testcases.Contact"/>
  <testcase name="verifyFormSubmissionWith_TechnicalSupport" time="1.774" classname="com.OSMOSE.testcases.Contact"/>
  <testcase name="verifyFormSubmissionWith_Other" time="1.547" classname="com.OSMOSE.testcases.Contact"/>
  <testcase name="verifyFormSubmissionErrorMessage" time="0.074" classname="com.OSMOSE.testcases.Contact"/>
</testsuite> <!-- Contact -->
