<?xml version="1.0" encoding="UTF-8"?>
<!-- Generated by org.testng.reporters.JUnitXMLReporter -->
<testsuite hostname="5CG6323N27" ignored="6" name="Contact" tests="20" failures="0" timestamp="2020-09-22T17:19:59 IST" time="169.7" errors="0">
  <testcase name="verifyContactUsMenuContents" time="0.149" classname="com.OSMOSE.testcases.Contact"/>
  <testcase name="verifyPresenceOfProjectGroup" time="2.463" classname="com.OSMOSE.testcases.Contact"/>
  <testcase name="verifyCityOfColumbiaContactCardContents" time="9.434" classname="com.OSMOSE.testcases.Contact"/>
  <testcase name="verifyGeorgiaPowerCompanyContactCardContents" time="18.525" classname="com.OSMOSE.testcases.Contact"/>
  <testcase name="verifyGrandElectricContactCardContents" time="12.439" classname="com.OSMOSE.testcases.Contact"/>
  <testcase name="verifyIdahoPowerInspectionContactCardContents" time="12.503" classname="com.OSMOSE.testcases.Contact"/>
  <testcase name="verifyIdahoPowerRestorationContactCardContents" time="11.385" classname="com.OSMOSE.testcases.Contact"/>
  <testcase name="verifyOncurDistributionContactCardContents" time="12.652" classname="com.OSMOSE.testcases.Contact"/>
  <testcase name="verifyPacificGasAndElectricCoContactCardContents" time="12.514" classname="com.OSMOSE.testcases.Contact"/>
  <testcase name="verifyPedernalesElecCoopContactCardContents" time="12.557" classname="com.OSMOSE.testcases.Contact"/>
  <testcase name="verifyPugetSoundEnergyInspectionContactCardContents" time="12.485" classname="com.OSMOSE.testcases.Contact"/>
  <testcase name="verifyPugetSoundEnergyRestorationContactCardContents" time="11.401" classname="com.OSMOSE.testcases.Contact"/>
  <testcase name="verifyContactUsHeaderContents" time="0.314" classname="com.OSMOSE.testcases.Contact"/>
  <testcase name="verifyContactUsClickOnGoogleMap" time="31.243" classname="com.OSMOSE.testcases.Contact"/>
  <testcase name="verifyContactUsGeneralInquiriesContents" time="0.056" classname="com.OSMOSE.testcases.Contact"/>
  <testcase name="verifyContactUsSalesProductsContents" time="0.097" classname="com.OSMOSE.testcases.Contact"/>
  <testcase name="verifyContactUsSalesServicesContents" time="0.086" classname="com.OSMOSE.testcases.Contact"/>
  <testcase name="verifyContactUsOCalcProContents" time="0.105" classname="com.OSMOSE.testcases.Contact"/>
  <testcase name="verifyContactUsQueryFormContents" time="0.118" classname="com.OSMOSE.testcases.Contact"/>
  <testcase name="verifyFormSubmissionErrorMessage" time="0.099" classname="com.OSMOSE.testcases.Contact"/>
  <testcase name="verifyFormSubmissionWith_Other" time="0.0" classname="com.OSMOSE.testcases.Contact">
    <ignored/>
  </testcase> <!-- verifyFormSubmissionWith_Other -->
  <testcase name="verifyFormSubmissionWith_TechnicalSupport" time="0.0" classname="com.OSMOSE.testcases.Contact">
    <ignored/>
  </testcase> <!-- verifyFormSubmissionWith_TechnicalSupport -->
  <testcase name="verifyFormSubmissionThankYouPopUp" time="0.0" classname="com.OSMOSE.testcases.Contact">
    <ignored/>
  </testcase> <!-- verifyFormSubmissionThankYouPopUp -->
  <testcase name="verifyFormSubmissionWith_RequestForInformation" time="0.0" classname="com.OSMOSE.testcases.Contact">
    <ignored/>
  </testcase> <!-- verifyFormSubmissionWith_RequestForInformation -->
  <testcase name="verifyFormSubmissionWith_ProjectSupport" time="0.0" classname="com.OSMOSE.testcases.Contact">
    <ignored/>
  </testcase> <!-- verifyFormSubmissionWith_ProjectSupport -->
  <testcase name="verifyClickOnBackButton" time="0.0" classname="com.OSMOSE.testcases.Contact">
    <ignored/>
  </testcase> <!-- verifyClickOnBackButton -->
</testsuite> <!-- Contact -->
