<?xml version="1.0" encoding="UTF-8"?>
<!-- Generated by org.testng.reporters.JUnitXMLReporter -->
<testsuite hostname="5CG6323N27" ignored="0" name="Contact" tests="17" failures="0" timestamp="2020-08-11T10:28:32 IST" time="60.784" errors="0">
  <testcase name="verifyContactUsMenuContents" time="0.508" classname="com.OSMOSE.testcases.Contact"/>
  <testcase name="verifyViewContactsHeaderContents" time="0.16" classname="com.OSMOSE.testcases.Contact"/>
  <testcase name="verifyViewContactsContactCardContents" time="0.149" classname="com.OSMOSE.testcases.Contact"/>
  <testcase name="verifyContactUsHeaderContents" time="0.838" classname="com.OSMOSE.testcases.Contact"/>
  <testcase name="verifyClickOnBackButton" time="0.23" classname="com.OSMOSE.testcases.Contact"/>
  <testcase name="verifyContactUsClickOnGoogleMap" time="31.031" classname="com.OSMOSE.testcases.Contact"/>
  <testcase name="verifyContactUsGeneralInquiriesContents" time="0.048" classname="com.OSMOSE.testcases.Contact"/>
  <testcase name="verifyContactUsSalesProductsContents" time="0.071" classname="com.OSMOSE.testcases.Contact"/>
  <testcase name="verifyContactUsSalesServicesContents" time="0.074" classname="com.OSMOSE.testcases.Contact"/>
  <testcase name="verifyContactUsOCalcProContents" time="0.067" classname="com.OSMOSE.testcases.Contact"/>
  <testcase name="verifyContactUsQueryFormContents" time="0.095" classname="com.OSMOSE.testcases.Contact"/>
  <testcase name="verifyFormSubmissionWith_RequestForInformation" time="4.52" classname="com.OSMOSE.testcases.Contact"/>
  <testcase name="verifyFormSubmissionThankYouPopUp" time="11.831" classname="com.OSMOSE.testcases.Contact"/>
  <testcase name="verifyFormSubmissionWith_ProjectSupport" time="1.545" classname="com.OSMOSE.testcases.Contact"/>
  <testcase name="verifyFormSubmissionWith_TechnicalSupport" time="1.336" classname="com.OSMOSE.testcases.Contact"/>
  <testcase name="verifyFormSubmissionWith_Other" time="1.19" classname="com.OSMOSE.testcases.Contact"/>
  <testcase name="verifyFormSubmissionErrorMessage" time="0.062" classname="com.OSMOSE.testcases.Contact"/>
</testsuite> <!-- Contact -->
