<?xml version="1.0" encoding="UTF-8"?>
<!-- Generated by org.testng.reporters.JUnitXMLReporter -->
<testsuite hostname="5CG6323N27" ignored="6" name="Contact" tests="20" failures="0" timestamp="2020-11-10T14:46:19 IST" time="170.121" errors="0">
  <testcase name="verifyContactUsMenuContents" time="0.236" classname="com.OSMOSE.testcases.Contact"/>
  <testcase name="verifyPresenceOfProjectGroup" time="3.534" classname="com.OSMOSE.testcases.Contact"/>
  <testcase name="verifyCityOfColumbiaContactCardContents" time="9.34" classname="com.OSMOSE.testcases.Contact"/>
  <testcase name="verifyGeorgiaPowerCompanyContactCardContents" time="18.409" classname="com.OSMOSE.testcases.Contact"/>
  <testcase name="verifyGrandElectricContactCardContents" time="12.302" classname="com.OSMOSE.testcases.Contact"/>
  <testcase name="verifyIdahoPowerInspectionContactCardContents" time="12.329" classname="com.OSMOSE.testcases.Contact"/>
  <testcase name="verifyIdahoPowerRestorationContactCardContents" time="11.28" classname="com.OSMOSE.testcases.Contact"/>
  <testcase name="verifyOncurDistributionContactCardContents" time="12.347" classname="com.OSMOSE.testcases.Contact"/>
  <testcase name="verifyPacificGasAndElectricCoContactCardContents" time="12.337" classname="com.OSMOSE.testcases.Contact"/>
  <testcase name="verifyPedernalesElecCoopContactCardContents" time="12.3" classname="com.OSMOSE.testcases.Contact"/>
  <testcase name="verifyPugetSoundEnergyInspectionContactCardContents" time="12.31" classname="com.OSMOSE.testcases.Contact"/>
  <testcase name="verifyPugetSoundEnergyRestorationContactCardContents" time="11.286" classname="com.OSMOSE.testcases.Contact"/>
  <testcase name="verifyContactUsHeaderContents" time="2.262" classname="com.OSMOSE.testcases.Contact"/>
  <testcase name="verifyContactUsClickOnGoogleMap" time="30.876" classname="com.OSMOSE.testcases.Contact"/>
  <testcase name="verifyContactUsGeneralInquiriesContents" time="0.055" classname="com.OSMOSE.testcases.Contact"/>
  <testcase name="verifyContactUsSalesProductsContents" time="0.08" classname="com.OSMOSE.testcases.Contact"/>
  <testcase name="verifyContactUsSalesServicesContents" time="0.076" classname="com.OSMOSE.testcases.Contact"/>
  <testcase name="verifyContactUsOCalcProContents" time="0.076" classname="com.OSMOSE.testcases.Contact"/>
  <testcase name="verifyContactUsQueryFormContents" time="0.125" classname="com.OSMOSE.testcases.Contact"/>
  <testcase name="verifyFormSubmissionErrorMessage" time="0.08" classname="com.OSMOSE.testcases.Contact"/>
  <testcase name="verifyFormSubmissionWith_Other" time="0.0" classname="com.OSMOSE.testcases.Contact">
    <ignored/>
  </testcase> <!-- verifyFormSubmissionWith_Other -->
  <testcase name="verifyFormSubmissionWith_TechnicalSupport" time="0.0" classname="com.OSMOSE.testcases.Contact">
    <ignored/>
  </testcase> <!-- verifyFormSubmissionWith_TechnicalSupport -->
  <testcase name="verifyFormSubmissionWith_RequestForInformation" time="0.0" classname="com.OSMOSE.testcases.Contact">
    <ignored/>
  </testcase> <!-- verifyFormSubmissionWith_RequestForInformation -->
  <testcase name="verifyFormSubmissionThankYouPopUp" time="0.0" classname="com.OSMOSE.testcases.Contact">
    <ignored/>
  </testcase> <!-- verifyFormSubmissionThankYouPopUp -->
  <testcase name="verifyFormSubmissionWith_ProjectSupport" time="0.0" classname="com.OSMOSE.testcases.Contact">
    <ignored/>
  </testcase> <!-- verifyFormSubmissionWith_ProjectSupport -->
  <testcase name="verifyClickOnBackButton" time="0.0" classname="com.OSMOSE.testcases.Contact">
    <ignored/>
  </testcase> <!-- verifyClickOnBackButton -->
</testsuite> <!-- Contact -->
