<?xml version="1.0" encoding="UTF-8"?>
<!-- Generated by org.testng.reporters.JUnitXMLReporter -->
<testsuite hostname="5CG6323N27" ignored="0" name="Contact" tests="16" failures="0" timestamp="2020-07-27T15:58:59 IST" time="61.654" errors="0">
  <testcase name="verifyContactUsMenuContents" time="0.3" classname="com.OSMOSE.testcases.Contact"/>
  <testcase name="verifyViewContactsHeaderContents" time="0.175" classname="com.OSMOSE.testcases.Contact"/>
  <testcase name="verifyViewContactsContactCardContents" time="0.16" classname="com.OSMOSE.testcases.Contact"/>
  <testcase name="verifyContactUsHeaderContents" time="0.326" classname="com.OSMOSE.testcases.Contact"/>
  <testcase name="verifyClickOnBackButton" time="0.202" classname="com.OSMOSE.testcases.Contact"/>
  <testcase name="verifyContactUsClickOnGoogleMap" time="31.289" classname="com.OSMOSE.testcases.Contact"/>
  <testcase name="verifyContactUsGeneralInquiriesContents" time="0.049" classname="com.OSMOSE.testcases.Contact"/>
  <testcase name="verifyContactUsSalesProductsContents" time="0.072" classname="com.OSMOSE.testcases.Contact"/>
  <testcase name="verifyContactUsSalesServicesContents" time="0.084" classname="com.OSMOSE.testcases.Contact"/>
  <testcase name="verifyContactUsOCalcProContents" time="0.075" classname="com.OSMOSE.testcases.Contact"/>
  <testcase name="verifyContactUsQueryFormContents" time="0.107" classname="com.OSMOSE.testcases.Contact"/>
  <testcase name="verifyFormSubmissionWith_RequestForInformation" time="3.158" classname="com.OSMOSE.testcases.Contact"/>
  <testcase name="verifyFormSubmissionThankYouPopUp" time="12.011" classname="com.OSMOSE.testcases.Contact"/>
  <testcase name="verifyFormSubmissionWith_ProjectSupport" time="1.64" classname="com.OSMOSE.testcases.Contact"/>
  <testcase name="verifyFormSubmissionWith_TechnicalSupport" time="2.653" classname="com.OSMOSE.testcases.Contact"/>
  <testcase name="verifyFormSubmissionWith_Other" time="2.002" classname="com.OSMOSE.testcases.Contact"/>
</testsuite> <!-- Contact -->
