<?xml version="1.0" encoding="UTF-8"?>
<!-- Generated by org.testng.reporters.JUnitXMLReporter -->
<testsuite hostname="5CG6323N27" ignored="6" name="Contact" tests="20" failures="1" timestamp="2020-11-25T12:47:35 IST" time="162.057" errors="0">
  <testcase name="verifyContactUsMenuContents" time="0.305" classname="com.OSMOSE.testcases.Contact"/>
  <testcase name="verifyPresenceOfProjectGroup" time="3.148" classname="com.OSMOSE.testcases.Contact"/>
  <testcase name="verifyCityOfColumbiaContactCardContents" time="9.716" classname="com.OSMOSE.testcases.Contact"/>
  <testcase name="verifyGeorgiaPowerCompanyContactCardContents" time="6.58" classname="com.OSMOSE.testcases.Contact">
    <failure type="org.openqa.selenium.ElementClickInterceptedException" message="element click intercepted: Element &amp;lt;span class=&amp;quot;cnText&amp;quot;&amp;gt;...&amp;lt;/span&amp;gt; is not clickable at point (1024, 20). Other element would receive the click: &amp;lt;div data-v-a80ba6a0=&amp;quot;&amp;quot; class=&amp;quot;Oloader&amp;quot; style=&amp;quot;&amp;quot;&amp;gt;...&amp;lt;/div&amp;gt;
  (Session info: chrome=86.0.4240.198)
Build info: version: &amp;apos;3.14.0&amp;apos;, revision: &amp;apos;aacccce0&amp;apos;, time: &amp;apos;2018-08-02T20:19:58.91Z&amp;apos;
System info: host: &amp;apos;5CG6323N27&amp;apos;, ip: &amp;apos;192.168.0.12&amp;apos;, os.name: &amp;apos;Windows 10&amp;apos;, os.arch: &amp;apos;amd64&amp;apos;, os.version: &amp;apos;10.0&amp;apos;, java.version: &amp;apos;1.8.0_191&amp;apos;
Driver info: org.openqa.selenium.chrome.ChromeDriver
Capabilities {acceptInsecureCerts: false, browserName: chrome, browserVersion: 86.0.4240.198, chrome: {chromedriverVersion: 85.0.4183.87 (cd6713ebf92fa..., userDataDir: C:\Windows\Temp\scoped_dir1...}, goog:chromeOptions: {debuggerAddress: localhost:58781}, javascriptEnabled: true, networkConnectionEnabled: false, pageLoadStrategy: none, platform: WINDOWS, platformName: WINDOWS, proxy: Proxy(), setWindowRect: true, strictFileInteractability: false, timeouts: {implicit: 0, pageLoad: 300000, script: 30000}, unhandledPromptBehavior: dismiss and notify, webauthn:virtualAuthenticators: true}
Session ID: 62d90346302a2fb27a3f88418779fc5e">
      <![CDATA[org.openqa.selenium.ElementClickInterceptedException: element click intercepted: Element <span class="cnText">...</span> is not clickable at point (1024, 20). Other element would receive the click: <div data-v-a80ba6a0="" class="Oloader" style="">...</div>
  (Session info: chrome=86.0.4240.198)
Build info: version: '3.14.0', revision: 'aacccce0', time: '2018-08-02T20:19:58.91Z'
System info: host: '5CG6323N27', ip: '192.168.0.12', os.name: 'Windows 10', os.arch: 'amd64', os.version: '10.0', java.version: '1.8.0_191'
Driver info: org.openqa.selenium.chrome.ChromeDriver
Capabilities {acceptInsecureCerts: false, browserName: chrome, browserVersion: 86.0.4240.198, chrome: {chromedriverVersion: 85.0.4183.87 (cd6713ebf92fa..., userDataDir: C:\Windows\Temp\scoped_dir1...}, goog:chromeOptions: {debuggerAddress: localhost:58781}, javascriptEnabled: true, networkConnectionEnabled: false, pageLoadStrategy: none, platform: WINDOWS, platformName: WINDOWS, proxy: Proxy(), setWindowRect: true, strictFileInteractability: false, timeouts: {implicit: 0, pageLoad: 300000, script: 30000}, unhandledPromptBehavior: dismiss and notify, webauthn:virtualAuthenticators: true}
Session ID: 62d90346302a2fb27a3f88418779fc5e
at org.openqa.selenium.remote.http.W3CHttpResponseCodec.createException(W3CHttpResponseCodec.java:187)
at org.openqa.selenium.remote.http.W3CHttpResponseCodec.decode(W3CHttpResponseCodec.java:122)
at org.openqa.selenium.remote.http.W3CHttpResponseCodec.decode(W3CHttpResponseCodec.java:49)
at org.openqa.selenium.remote.HttpCommandExecutor.execute(HttpCommandExecutor.java:158)
at org.openqa.selenium.remote.service.DriverCommandExecutor.execute(DriverCommandExecutor.java:83)
at org.openqa.selenium.remote.RemoteWebDriver.execute(RemoteWebDriver.java:548)
at org.openqa.selenium.remote.RemoteWebElement.execute(RemoteWebElement.java:276)
at org.openqa.selenium.remote.RemoteWebElement.click(RemoteWebElement.java:83)
at com.OSMOSE.base.Page.click(Page.java:183)
at com.OSMOSE.pages.OU.ContactPage.clickContactUsMainMenudd(ContactPage.java:10)
at com.OSMOSE.testcases.Contact.verifyGeorgiaPowerCompanyContactCardContents(Contact.java:52)
at java.util.ArrayList.forEach(Unknown Source)
... Removed 31 stack frames]]>
    </failure>
  </testcase> <!-- verifyGeorgiaPowerCompanyContactCardContents -->
  <testcase name="verifyGrandElectricContactCardContents" time="13.55" classname="com.OSMOSE.testcases.Contact"/>
  <testcase name="verifyIdahoPowerInspectionContactCardContents" time="12.488" classname="com.OSMOSE.testcases.Contact"/>
  <testcase name="verifyIdahoPowerRestorationContactCardContents" time="11.338" classname="com.OSMOSE.testcases.Contact"/>
  <testcase name="verifyOncurDistributionContactCardContents" time="12.414" classname="com.OSMOSE.testcases.Contact"/>
  <testcase name="verifyPacificGasAndElectricCoContactCardContents" time="12.392" classname="com.OSMOSE.testcases.Contact"/>
  <testcase name="verifyPedernalesElecCoopContactCardContents" time="12.417" classname="com.OSMOSE.testcases.Contact"/>
  <testcase name="verifyPugetSoundEnergyInspectionContactCardContents" time="12.429" classname="com.OSMOSE.testcases.Contact"/>
  <testcase name="verifyPugetSoundEnergyRestorationContactCardContents" time="11.337" classname="com.OSMOSE.testcases.Contact"/>
  <testcase name="verifyContactUsHeaderContents" time="2.29" classname="com.OSMOSE.testcases.Contact"/>
  <testcase name="verifyContactUsClickOnGoogleMap" time="31.061" classname="com.OSMOSE.testcases.Contact"/>
  <testcase name="verifyContactUsGeneralInquiriesContents" time="0.048" classname="com.OSMOSE.testcases.Contact"/>
  <testcase name="verifyContactUsSalesProductsContents" time="0.089" classname="com.OSMOSE.testcases.Contact"/>
  <testcase name="verifyContactUsSalesServicesContents" time="0.104" classname="com.OSMOSE.testcases.Contact"/>
  <testcase name="verifyContactUsOCalcProContents" time="0.077" classname="com.OSMOSE.testcases.Contact"/>
  <testcase name="verifyContactUsQueryFormContents" time="0.295" classname="com.OSMOSE.testcases.Contact"/>
  <testcase name="verifyFormSubmissionErrorMessage" time="0.099" classname="com.OSMOSE.testcases.Contact"/>
  <testcase name="verifyFormSubmissionWith_Other" time="0.0" classname="com.OSMOSE.testcases.Contact">
    <ignored/>
  </testcase> <!-- verifyFormSubmissionWith_Other -->
  <testcase name="verifyFormSubmissionWith_TechnicalSupport" time="0.0" classname="com.OSMOSE.testcases.Contact">
    <ignored/>
  </testcase> <!-- verifyFormSubmissionWith_TechnicalSupport -->
  <testcase name="verifyFormSubmissionWith_RequestForInformation" time="0.0" classname="com.OSMOSE.testcases.Contact">
    <ignored/>
  </testcase> <!-- verifyFormSubmissionWith_RequestForInformation -->
  <testcase name="verifyFormSubmissionThankYouPopUp" time="0.0" classname="com.OSMOSE.testcases.Contact">
    <ignored/>
  </testcase> <!-- verifyFormSubmissionThankYouPopUp -->
  <testcase name="verifyFormSubmissionWith_ProjectSupport" time="0.0" classname="com.OSMOSE.testcases.Contact">
    <ignored/>
  </testcase> <!-- verifyFormSubmissionWith_ProjectSupport -->
  <testcase name="verifyClickOnBackButton" time="0.0" classname="com.OSMOSE.testcases.Contact">
    <ignored/>
  </testcase> <!-- verifyClickOnBackButton -->
</testsuite> <!-- Contact -->
