<?xml version="1.0" encoding="UTF-8"?>
<!-- Generated by org.testng.reporters.JUnitXMLReporter -->
<testsuite hostname="5CG6332Q2D" ignored="6" name="Contact" tests="20" failures="0" timestamp="2020-12-09T12:47:25 IST" time="191.6" errors="0">
  <testcase name="verifyContactUsMenuContents" time="0.196" classname="com.OSMOSE.testcases.Contact"/>
  <testcase name="verifyPresenceOfProjectGroup" time="4.403" classname="com.OSMOSE.testcases.Contact"/>
  <testcase name="verifyCityOfColumbiaContactCardContents" time="12.762" classname="com.OSMOSE.testcases.Contact"/>
  <testcase name="verifyGeorgiaPowerCompanyContactCardContents" time="18.505" classname="com.OSMOSE.testcases.Contact"/>
  <testcase name="verifyGrandElectricContactCardContents" time="12.33" classname="com.OSMOSE.testcases.Contact"/>
  <testcase name="verifyIdahoPowerInspectionContactCardContents" time="12.437" classname="com.OSMOSE.testcases.Contact"/>
  <testcase name="verifyIdahoPowerRestorationContactCardContents" time="11.39" classname="com.OSMOSE.testcases.Contact"/>
  <testcase name="verifyOncurDistributionContactCardContents" time="12.438" classname="com.OSMOSE.testcases.Contact"/>
  <testcase name="verifyPacificGasAndElectricCoContactCardContents" time="12.404" classname="com.OSMOSE.testcases.Contact"/>
  <testcase name="verifyPedernalesElecCoopContactCardContents" time="12.478" classname="com.OSMOSE.testcases.Contact"/>
  <testcase name="verifyPugetSoundEnergyInspectionContactCardContents" time="12.492" classname="com.OSMOSE.testcases.Contact"/>
  <testcase name="verifyPugetSoundEnergyRestorationContactCardContents" time="11.385" classname="com.OSMOSE.testcases.Contact"/>
  <testcase name="verifyContactUsHeaderContents" time="17.333" classname="com.OSMOSE.testcases.Contact"/>
  <testcase name="verifyContactUsClickOnGoogleMap" time="31.198" classname="com.OSMOSE.testcases.Contact"/>
  <testcase name="verifyContactUsGeneralInquiriesContents" time="0.063" classname="com.OSMOSE.testcases.Contact"/>
  <testcase name="verifyContactUsSalesProductsContents" time="0.093" classname="com.OSMOSE.testcases.Contact"/>
  <testcase name="verifyContactUsSalesServicesContents" time="0.09" classname="com.OSMOSE.testcases.Contact"/>
  <testcase name="verifyContactUsOCalcProContents" time="0.078" classname="com.OSMOSE.testcases.Contact"/>
  <testcase name="verifyContactUsQueryFormContents" time="0.143" classname="com.OSMOSE.testcases.Contact"/>
  <testcase name="verifyFormSubmissionErrorMessage" time="0.099" classname="com.OSMOSE.testcases.Contact"/>
  <testcase name="verifyFormSubmissionWith_Other" time="0.0" classname="com.OSMOSE.testcases.Contact">
    <ignored/>
  </testcase> <!-- verifyFormSubmissionWith_Other -->
  <testcase name="verifyFormSubmissionWith_TechnicalSupport" time="0.0" classname="com.OSMOSE.testcases.Contact">
    <ignored/>
  </testcase> <!-- verifyFormSubmissionWith_TechnicalSupport -->
  <testcase name="verifyFormSubmissionThankYouPopUp" time="0.0" classname="com.OSMOSE.testcases.Contact">
    <ignored/>
  </testcase> <!-- verifyFormSubmissionThankYouPopUp -->
  <testcase name="verifyFormSubmissionWith_RequestForInformation" time="0.0" classname="com.OSMOSE.testcases.Contact">
    <ignored/>
  </testcase> <!-- verifyFormSubmissionWith_RequestForInformation -->
  <testcase name="verifyFormSubmissionWith_ProjectSupport" time="0.0" classname="com.OSMOSE.testcases.Contact">
    <ignored/>
  </testcase> <!-- verifyFormSubmissionWith_ProjectSupport -->
  <testcase name="verifyClickOnBackButton" time="0.0" classname="com.OSMOSE.testcases.Contact">
    <ignored/>
  </testcase> <!-- verifyClickOnBackButton -->
</testsuite> <!-- Contact -->
