<?xml version="1.0" encoding="UTF-8"?>
<!-- Generated by org.testng.reporters.JUnitXMLReporter -->
<testsuite hostname="5CG6323N27" ignored="0" name="JointUse_ts_allroles" tests="10" failures="0" timestamp="2020-11-25T21:38:24 IST" time="63.512" errors="0">
  <testcase name="jointUseloginTestAllRoles" time="25.893" classname="com.OSMOSE.testcases.JointUse_ts_allroles"/>
  <testcase name="verifyJointUseNavigationClick" time="25.113" classname="com.OSMOSE.testcases.JointUse_ts_allroles"/>
  <testcase name="verifyHorizontalCollapseFunctionality" time="5.365" classname="com.OSMOSE.testcases.JointUse_ts_allroles"/>
  <testcase name="verifyVerticalCollapseFunctionality" time="2.301" classname="com.OSMOSE.testcases.JointUse_ts_allroles"/>
  <testcase name="verifyAddWidgets" time="0.05" classname="com.OSMOSE.testcases.JointUse_ts_allroles"/>
  <testcase name="verifyEditLayout" time="0.062" classname="com.OSMOSE.testcases.JointUse_ts_allroles"/>
  <testcase name="verifyNewApplication" time="0.501" classname="com.OSMOSE.testcases.JointUse_ts_allroles"/>
  <testcase name="verifyExportOptions" time="0.126" classname="com.OSMOSE.testcases.JointUse_ts_allroles"/>
  <testcase name="verifySearchBox" time="0.047" classname="com.OSMOSE.testcases.JointUse_ts_allroles"/>
  <testcase name="verifyRefreshBtn" time="0.032" classname="com.OSMOSE.testcases.JointUse_ts_allroles"/>
</testsuite> <!-- JointUse_ts_allroles -->
