<?xml version="1.0" encoding="UTF-8"?>
<!-- Generated by org.testng.reporters.JUnitXMLReporter -->
<testsuite hostname="5CG6323N27" ignored="2" name="KnowledgeBase" tests="95" failures="0" timestamp="2020-10-07T15:54:35 IST" time="1035.869" errors="0">
  <testcase name="verifyKnowledgeBaseNavigationClick" time="49.846" classname="com.OSMOSE.testcases.KnowledgeBase"/>
  <testcase name="verifyLinksPresentOnKb" time="0.256" classname="com.OSMOSE.testcases.KnowledgeBase"/>
  <testcase name="verifyPresenceOfSearchBox" time="0.137" classname="com.OSMOSE.testcases.KnowledgeBase"/>
  <testcase name="verifyPresenceOfPopularQueriesFilter" time="0.052" classname="com.OSMOSE.testcases.KnowledgeBase"/>
  <testcase name="verifyPresenceOfFilterItems" time="4.205" classname="com.OSMOSE.testcases.KnowledgeBase"/>
  <testcase name="verifyPresenceSteelAndConcreteAssessmentCard" time="0.036" classname="com.OSMOSE.testcases.KnowledgeBase"/>
  <testcase name="verifyPresenceSteelAndConcreteRestorationCard" time="0.035" classname="com.OSMOSE.testcases.KnowledgeBase"/>
  <testcase name="verifyPresenceWoodInspectionAndTreatmentCard" time="0.03" classname="com.OSMOSE.testcases.KnowledgeBase"/>
  <testcase name="verifyPresenceWoodRestorationCard" time="0.033" classname="com.OSMOSE.testcases.KnowledgeBase"/>
  <testcase name="verifyPresenceUndergroundCard" time="0.04" classname="com.OSMOSE.testcases.KnowledgeBase"/>
  <testcase name="verifyPresenceOverheadCard" time="0.044" classname="com.OSMOSE.testcases.KnowledgeBase"/>
  <testcase name="verifyPresenceJointUseCard" time="0.047" classname="com.OSMOSE.testcases.KnowledgeBase"/>
  <testcase name="verifyPresencePoleReplacementCard" time="0.058" classname="com.OSMOSE.testcases.KnowledgeBase"/>
  <testcase name="verifyPresenceStormSupportCard" time="0.058" classname="com.OSMOSE.testcases.KnowledgeBase"/>
  <testcase name="verifyPresenceProductsCard" time="0.045" classname="com.OSMOSE.testcases.KnowledgeBase"/>
  <testcase name="verifyPresenceOCalcProCard" time="0.035" classname="com.OSMOSE.testcases.KnowledgeBase"/>
  <testcase name="verifyPresenceProjectOfTheWeekCard" time="0.066" classname="com.OSMOSE.testcases.KnowledgeBase"/>
  <testcase name="verifyPresenceWhatswrongwiththisPictureCard" time="0.048" classname="com.OSMOSE.testcases.KnowledgeBase"/>
  <testcase name="verifyPresenceFeaturedVideosCard" time="0.032" classname="com.OSMOSE.testcases.KnowledgeBase"/>
  <testcase name="verifyPresenceSuggestedContentsCard" time="0.035" classname="com.OSMOSE.testcases.KnowledgeBase"/>
  <testcase name="verifyPresenceOfOcalCproButtons" time="3.601" classname="com.OSMOSE.testcases.KnowledgeBase"/>
  <testcase name="verifyPresenceOfSliderOnSuggestedContents" time="8.144" classname="com.OSMOSE.testcases.KnowledgeBase"/>
  <testcase name="verifyClickOnItemSuggestedContents" time="9.235" classname="com.OSMOSE.testcases.KnowledgeBase"/>
  <testcase name="verifyClickOnItemFeaturedVideos" time="5.333" classname="com.OSMOSE.testcases.KnowledgeBase"/>
  <testcase name="verifyClickOnViewProjectProjectOfTheWeek" time="7.299" classname="com.OSMOSE.testcases.KnowledgeBase"/>
  <testcase name="verifyCardContentsSteelConcreteAssessment" time="0.304" classname="com.OSMOSE.testcases.KnowledgeBase"/>
  <testcase name="verifyCardContentsSteelConcreteRestoration" time="0.188" classname="com.OSMOSE.testcases.KnowledgeBase"/>
  <testcase name="verifyCardContentsWoodInspectionTreatment" time="0.191" classname="com.OSMOSE.testcases.KnowledgeBase"/>
  <testcase name="verifyCardContentsWoodRestoration" time="0.193" classname="com.OSMOSE.testcases.KnowledgeBase"/>
  <testcase name="verifyCardContentsJointUse" time="0.276" classname="com.OSMOSE.testcases.KnowledgeBase"/>
  <testcase name="verifyCardContentsOverhead" time="0.201" classname="com.OSMOSE.testcases.KnowledgeBase"/>
  <testcase name="verifyCardContentsPoleReplacement" time="0.187" classname="com.OSMOSE.testcases.KnowledgeBase"/>
  <testcase name="verifyCardContentsProducts" time="0.2" classname="com.OSMOSE.testcases.KnowledgeBase"/>
  <testcase name="verifyCardContentsStormSupport" time="0.177" classname="com.OSMOSE.testcases.KnowledgeBase"/>
  <testcase name="verifyCardContentsUnderground" time="0.186" classname="com.OSMOSE.testcases.KnowledgeBase"/>
  <testcase name="verifyClickOnDailyGaffGallery" time="16.35" classname="com.OSMOSE.testcases.KnowledgeBase"/>
  <testcase name="verifyClickOnDailyGaffGalleryImage" time="12.507" classname="com.OSMOSE.testcases.KnowledgeBase"/>
  <testcase name="verifyClickOnJointUseCard" time="24.522" classname="com.OSMOSE.testcases.KnowledgeBase"/>
  <testcase name="verifyClickOnOverheadCard" time="20.269" classname="com.OSMOSE.testcases.KnowledgeBase"/>
  <testcase name="verifyClickOnPoleReplacementCard" time="20.312" classname="com.OSMOSE.testcases.KnowledgeBase"/>
  <testcase name="verifyClickOnProductsCard" time="14.118" classname="com.OSMOSE.testcases.KnowledgeBase"/>
  <testcase name="verifyClickOnSteelandConcreteAssessmentCard" time="19.305" classname="com.OSMOSE.testcases.KnowledgeBase"/>
  <testcase name="verifyClickOnSteelandConcreteRestorationCard" time="19.313" classname="com.OSMOSE.testcases.KnowledgeBase"/>
  <testcase name="verifyClickOnStormSupportCard" time="20.352" classname="com.OSMOSE.testcases.KnowledgeBase"/>
  <testcase name="verifyClickOnUndergroundCard" time="20.261" classname="com.OSMOSE.testcases.KnowledgeBase"/>
  <testcase name="verifyClickOnWoodRestorationCard" time="19.349" classname="com.OSMOSE.testcases.KnowledgeBase"/>
  <testcase name="verifyClickOnWoodInspectionCard" time="19.256" classname="com.OSMOSE.testcases.KnowledgeBase"/>
  <testcase name="verifyClickonJointUsImages" time="6.111" classname="com.OSMOSE.testcases.KnowledgeBase"/>
  <testcase name="verifyClickonJointUsVideos" time="31.789" classname="com.OSMOSE.testcases.KnowledgeBase"/>
  <testcase name="verifyClickonJointUsArticles" time="6.68" classname="com.OSMOSE.testcases.KnowledgeBase"/>
  <testcase name="verifyClickonOverheadVideos" time="3.12" classname="com.OSMOSE.testcases.KnowledgeBase"/>
  <testcase name="verifyClickonOverheadImages" time="6.718" classname="com.OSMOSE.testcases.KnowledgeBase"/>
  <testcase name="verifyClickonOverheadProjectProfiles" time="6.093" classname="com.OSMOSE.testcases.KnowledgeBase"/>
  <testcase name="verifyClickonPoleReplacementImages" time="6.707" classname="com.OSMOSE.testcases.KnowledgeBase"/>
  <testcase name="verifyClickonPoleReplacementVideos" time="6.118" classname="com.OSMOSE.testcases.KnowledgeBase"/>
  <testcase name="verifyClickonPoleReplacementBrochure" time="25.705" classname="com.OSMOSE.testcases.KnowledgeBase"/>
  <testcase name="verifyClickonProductsImages" time="6.822" classname="com.OSMOSE.testcases.KnowledgeBase"/>
  <testcase name="verifyClickonProductsVideos" time="6.103" classname="com.OSMOSE.testcases.KnowledgeBase"/>
  <testcase name="verifyClickonProductsProductCatalog" time="6.696" classname="com.OSMOSE.testcases.KnowledgeBase"/>
  <testcase name="verifyClickonSteelAndConcreteAssessmentImages" time="26.636" classname="com.OSMOSE.testcases.KnowledgeBase"/>
  <testcase name="verifyClickonSteelAndConcreteAssessmentBrochures" time="6.765" classname="com.OSMOSE.testcases.KnowledgeBase"/>
  <testcase name="verifyClickonSteelAndConcreteAssessmentStandardsCodes" time="6.087" classname="com.OSMOSE.testcases.KnowledgeBase"/>
  <testcase name="verifyClickonSteelAndConcreteRestorationArticles" time="6.71" classname="com.OSMOSE.testcases.KnowledgeBase"/>
  <testcase name="verifyClickonSteelAndConcreteRestorationBrochures" time="6.086" classname="com.OSMOSE.testcases.KnowledgeBase"/>
  <testcase name="verifyClickonSteelAndConcreteRestorationImages" time="6.768" classname="com.OSMOSE.testcases.KnowledgeBase"/>
  <testcase name="verifyClickonStormSupportImages" time="24.707" classname="com.OSMOSE.testcases.KnowledgeBase"/>
  <testcase name="verifyClickonStormSupportVideos" time="30.596" classname="com.OSMOSE.testcases.KnowledgeBase"/>
  <testcase name="verifyClickonStormSupportProjectProfiles" time="24.718" classname="com.OSMOSE.testcases.KnowledgeBase"/>
  <testcase name="verifyClickonUndergroundImages" time="9.098" classname="com.OSMOSE.testcases.KnowledgeBase"/>
  <testcase name="verifyClickonUndergroundBrochure" time="6.112" classname="com.OSMOSE.testcases.KnowledgeBase"/>
  <testcase name="verifyClickonUndergroundDiagram" time="6.723" classname="com.OSMOSE.testcases.KnowledgeBase"/>
  <testcase name="verifyClickonWoodRestorationVideos" time="6.092" classname="com.OSMOSE.testcases.KnowledgeBase"/>
  <testcase name="verifyClickonWoodRestorationBrochures" time="6.723" classname="com.OSMOSE.testcases.KnowledgeBase"/>
  <testcase name="verifyClickonWoodRestorationArticles" time="6.145" classname="com.OSMOSE.testcases.KnowledgeBase"/>
  <testcase name="verifyClickonWoodTreatmentVideos" time="6.728" classname="com.OSMOSE.testcases.KnowledgeBase"/>
  <testcase name="verifyClickonWoodTreatmentImages" time="6.094" classname="com.OSMOSE.testcases.KnowledgeBase"/>
  <testcase name="verifyClickonWoodTreatmentResearch" time="6.765" classname="com.OSMOSE.testcases.KnowledgeBase"/>
  <testcase name="verifyClickonVideosSeeMore" time="18.413" classname="com.OSMOSE.testcases.KnowledgeBase"/>
  <testcase name="verifyClickonImagesSeeMore" time="24.348" classname="com.OSMOSE.testcases.KnowledgeBase"/>
  <testcase name="verifyClickonDocumentsSeeMore" time="24.315" classname="com.OSMOSE.testcases.KnowledgeBase"/>
  <testcase name="verifyClickonJointUseManagementServicesSeeMore" time="28.015" classname="com.OSMOSE.testcases.KnowledgeBase"/>
  <testcase name="verifyDynamicDropdown" time="19.498" classname="com.OSMOSE.testcases.KnowledgeBase"/>
  <testcase name="verifySearchResultsAreGrouped" time="18.314" classname="com.OSMOSE.testcases.KnowledgeBase"/>
  <testcase name="verifySearchResultsAreGroupedAfterfilterUpdation" time="25.393" classname="com.OSMOSE.testcases.KnowledgeBase"/>
  <testcase name="verifySearchResultsOnTyping" time="18.407" classname="com.OSMOSE.testcases.KnowledgeBase"/>
  <testcase name="verifyClearButtonOnTyping" time="9.151" classname="com.OSMOSE.testcases.KnowledgeBase"/>
  <testcase name="verifySearchResultsAreVideos" time="20.255" classname="com.OSMOSE.testcases.KnowledgeBase"/>
  <testcase name="verifySearchResultsAreImages" time="20.318" classname="com.OSMOSE.testcases.KnowledgeBase"/>
  <testcase name="verifySearchResultsAreDocuments" time="20.263" classname="com.OSMOSE.testcases.KnowledgeBase"/>
  <testcase name="verifyNoResultsFoundMessage" time="9.567" classname="com.OSMOSE.testcases.KnowledgeBase"/>
  <testcase name="verifyPresenceOfSortBy" time="26.546" classname="com.OSMOSE.testcases.KnowledgeBase"/>
  <testcase name="verifySearchTextUpdation" time="24.513" classname="com.OSMOSE.testcases.KnowledgeBase"/>
  <testcase name="verifyPopularFiltersSteelAndConcreteAssessmentImages" time="16.287" classname="com.OSMOSE.testcases.KnowledgeBase"/>
  <testcase name="verifyPopularQueriesReset" time="15.336" classname="com.OSMOSE.testcases.KnowledgeBase"/>
  <testcase name="verifyExternalVideo" time="19.391" classname="com.OSMOSE.testcases.KnowledgeBase"/>
  <testcase name="verifyPresenceIndustryNewsCard" time="0.0" classname="com.OSMOSE.testcases.KnowledgeBase">
    <ignored/>
  </testcase> <!-- verifyPresenceIndustryNewsCard -->
  <testcase name="verifyIndustrySeeMore" time="0.0" classname="com.OSMOSE.testcases.KnowledgeBase">
    <ignored/>
  </testcase> <!-- verifyIndustrySeeMore -->
</testsuite> <!-- KnowledgeBase -->
