<?xml version="1.0" encoding="UTF-8"?>
<!-- Generated by org.testng.reporters.JUnitXMLReporter -->
<testsuite hostname="5CG6332Q2D" ignored="95" name="KnowledgeBase" tests="3" failures="0" timestamp="2021-02-17T17:47:18 IST" time="106.34" errors="0">
  <testcase name="verifyKnowledgeBaseNavigationClick" time="80.836" classname="com.OSMOSE.testcases.KnowledgeBase"/>
  <testcase name="verifyPresenceOfOcalCproButtons" time="3.413" classname="com.OSMOSE.testcases.KnowledgeBase"/>
  <testcase name="verifyfunctionalityOfOcalCproButtons" time="20.091" classname="com.OSMOSE.testcases.KnowledgeBase"/>
  <testcase name="verifyCardContentsSteelConcreteRestoration" time="0.0" classname="com.OSMOSE.testcases.KnowledgeBase">
    <ignored/>
  </testcase> <!-- verifyCardContentsSteelConcreteRestoration -->
  <testcase name="verifyNoResultsFoundMessage" time="0.0" classname="com.OSMOSE.testcases.KnowledgeBase">
    <ignored/>
  </testcase> <!-- verifyNoResultsFoundMessage -->
  <testcase name="verifyClickonWoodRestorationArticles" time="0.0" classname="com.OSMOSE.testcases.KnowledgeBase">
    <ignored/>
  </testcase> <!-- verifyClickonWoodRestorationArticles -->
  <testcase name="verifyPresenceOCalcProCard" time="0.0" classname="com.OSMOSE.testcases.KnowledgeBase">
    <ignored/>
  </testcase> <!-- verifyPresenceOCalcProCard -->
  <testcase name="verifyCardContentsProducts" time="0.0" classname="com.OSMOSE.testcases.KnowledgeBase">
    <ignored/>
  </testcase> <!-- verifyCardContentsProducts -->
  <testcase name="verifyClickonOverheadVideos" time="0.0" classname="com.OSMOSE.testcases.KnowledgeBase">
    <ignored/>
  </testcase> <!-- verifyClickonOverheadVideos -->
  <testcase name="verifySearchResultsOnTyping" time="0.0" classname="com.OSMOSE.testcases.KnowledgeBase">
    <ignored/>
  </testcase> <!-- verifySearchResultsOnTyping -->
  <testcase name="verifyClickOnStormSupportCard" time="0.0" classname="com.OSMOSE.testcases.KnowledgeBase">
    <ignored/>
  </testcase> <!-- verifyClickOnStormSupportCard -->
  <testcase name="verifyClickonWoodTreatmentVideos" time="0.0" classname="com.OSMOSE.testcases.KnowledgeBase">
    <ignored/>
  </testcase> <!-- verifyClickonWoodTreatmentVideos -->
  <testcase name="verifyPresenceProjectOfTheWeekCard" time="0.0" classname="com.OSMOSE.testcases.KnowledgeBase">
    <ignored/>
  </testcase> <!-- verifyPresenceProjectOfTheWeekCard -->
  <testcase name="verifyPresenceFeaturedVideosCard" time="0.0" classname="com.OSMOSE.testcases.KnowledgeBase">
    <ignored/>
  </testcase> <!-- verifyPresenceFeaturedVideosCard -->
  <testcase name="verifyClickonJointUsVideos" time="0.0" classname="com.OSMOSE.testcases.KnowledgeBase">
    <ignored/>
  </testcase> <!-- verifyClickonJointUsVideos -->
  <testcase name="verifyClickonWoodRestorationVideos" time="0.0" classname="com.OSMOSE.testcases.KnowledgeBase">
    <ignored/>
  </testcase> <!-- verifyClickonWoodRestorationVideos -->
  <testcase name="verifyClickonUndergroundBrochure" time="0.0" classname="com.OSMOSE.testcases.KnowledgeBase">
    <ignored/>
  </testcase> <!-- verifyClickonUndergroundBrochure -->
  <testcase name="verifyClickonStormSupportVideos" time="0.0" classname="com.OSMOSE.testcases.KnowledgeBase">
    <ignored/>
  </testcase> <!-- verifyClickonStormSupportVideos -->
  <testcase name="verifyPresenceOverheadCard" time="0.0" classname="com.OSMOSE.testcases.KnowledgeBase">
    <ignored/>
  </testcase> <!-- verifyPresenceOverheadCard -->
  <testcase name="verifyClickOnItemFeaturedVideos" time="0.0" classname="com.OSMOSE.testcases.KnowledgeBase">
    <ignored/>
  </testcase> <!-- verifyClickOnItemFeaturedVideos -->
  <testcase name="verifyPresenceSuggestedContentsCard" time="0.0" classname="com.OSMOSE.testcases.KnowledgeBase">
    <ignored/>
  </testcase> <!-- verifyPresenceSuggestedContentsCard -->
  <testcase name="verifyClickonSteelAndConcreteRestorationBrochures" time="0.0" classname="com.OSMOSE.testcases.KnowledgeBase">
    <ignored/>
  </testcase> <!-- verifyClickonSteelAndConcreteRestorationBrochures -->
  <testcase name="verifyClearButtonOnTyping" time="0.0" classname="com.OSMOSE.testcases.KnowledgeBase">
    <ignored/>
  </testcase> <!-- verifyClearButtonOnTyping -->
  <testcase name="verifyPresenceIndustryNewsCard" time="0.0" classname="com.OSMOSE.testcases.KnowledgeBase">
    <ignored/>
  </testcase> <!-- verifyPresenceIndustryNewsCard -->
  <testcase name="verifyClickonPoleReplacementBrochure" time="0.0" classname="com.OSMOSE.testcases.KnowledgeBase">
    <ignored/>
  </testcase> <!-- verifyClickonPoleReplacementBrochure -->
  <testcase name="verifyClickonPoleReplacementVideos" time="0.0" classname="com.OSMOSE.testcases.KnowledgeBase">
    <ignored/>
  </testcase> <!-- verifyClickonPoleReplacementVideos -->
  <testcase name="verifyClickonJointUseManagementServicesSeeMore" time="0.0" classname="com.OSMOSE.testcases.KnowledgeBase">
    <ignored/>
  </testcase> <!-- verifyClickonJointUseManagementServicesSeeMore -->
  <testcase name="verifyClickOnItemSuggestedContents" time="0.0" classname="com.OSMOSE.testcases.KnowledgeBase">
    <ignored/>
  </testcase> <!-- verifyClickOnItemSuggestedContents -->
  <testcase name="verifyClickOnSteelandConcreteRestorationCard" time="0.0" classname="com.OSMOSE.testcases.KnowledgeBase">
    <ignored/>
  </testcase> <!-- verifyClickOnSteelandConcreteRestorationCard -->
  <testcase name="verifyClickonSteelAndConcreteRestorationArticles" time="0.0" classname="com.OSMOSE.testcases.KnowledgeBase">
    <ignored/>
  </testcase> <!-- verifyClickonSteelAndConcreteRestorationArticles -->
  <testcase name="verifyClickonJointUsArticles" time="0.0" classname="com.OSMOSE.testcases.KnowledgeBase">
    <ignored/>
  </testcase> <!-- verifyClickonJointUsArticles -->
  <testcase name="verifyClickonUndergroundDiagram" time="0.0" classname="com.OSMOSE.testcases.KnowledgeBase">
    <ignored/>
  </testcase> <!-- verifyClickonUndergroundDiagram -->
  <testcase name="verifyClickOnUndergroundCard" time="0.0" classname="com.OSMOSE.testcases.KnowledgeBase">
    <ignored/>
  </testcase> <!-- verifyClickOnUndergroundCard -->
  <testcase name="verifyCardContentsPoleReplacement" time="0.0" classname="com.OSMOSE.testcases.KnowledgeBase">
    <ignored/>
  </testcase> <!-- verifyCardContentsPoleReplacement -->
  <testcase name="verifyClickonImagesSeeMore" time="0.0" classname="com.OSMOSE.testcases.KnowledgeBase">
    <ignored/>
  </testcase> <!-- verifyClickonImagesSeeMore -->
  <testcase name="verifyCardContentsUnderground" time="0.0" classname="com.OSMOSE.testcases.KnowledgeBase">
    <ignored/>
  </testcase> <!-- verifyCardContentsUnderground -->
  <testcase name="verifyPopularQueriesReset" time="0.0" classname="com.OSMOSE.testcases.KnowledgeBase">
    <ignored/>
  </testcase> <!-- verifyPopularQueriesReset -->
  <testcase name="verifyClickOnProductsCard" time="0.0" classname="com.OSMOSE.testcases.KnowledgeBase">
    <ignored/>
  </testcase> <!-- verifyClickOnProductsCard -->
  <testcase name="verifyClickonProductsProductCatalog" time="0.0" classname="com.OSMOSE.testcases.KnowledgeBase">
    <ignored/>
  </testcase> <!-- verifyClickonProductsProductCatalog -->
  <testcase name="verifyClickonDocumentsSeeMore" time="0.0" classname="com.OSMOSE.testcases.KnowledgeBase">
    <ignored/>
  </testcase> <!-- verifyClickonDocumentsSeeMore -->
  <testcase name="verifyClickonSteelAndConcreteAssessmentBrochures" time="0.0" classname="com.OSMOSE.testcases.KnowledgeBase">
    <ignored/>
  </testcase> <!-- verifyClickonSteelAndConcreteAssessmentBrochures -->
  <testcase name="verifyClickonProductsVideos" time="0.0" classname="com.OSMOSE.testcases.KnowledgeBase">
    <ignored/>
  </testcase> <!-- verifyClickonProductsVideos -->
  <testcase name="verifyClickonOverheadProjectProfiles" time="0.0" classname="com.OSMOSE.testcases.KnowledgeBase">
    <ignored/>
  </testcase> <!-- verifyClickonOverheadProjectProfiles -->
  <testcase name="verifyPopularFiltersSteelAndConcreteAssessmentImages" time="0.0" classname="com.OSMOSE.testcases.KnowledgeBase">
    <ignored/>
  </testcase> <!-- verifyPopularFiltersSteelAndConcreteAssessmentImages -->
  <testcase name="verifyClickOnDailyGaffGallery" time="0.0" classname="com.OSMOSE.testcases.KnowledgeBase">
    <ignored/>
  </testcase> <!-- verifyClickOnDailyGaffGallery -->
  <testcase name="verifyClickonSteelAndConcreteRestorationImages" time="0.0" classname="com.OSMOSE.testcases.KnowledgeBase">
    <ignored/>
  </testcase> <!-- verifyClickonSteelAndConcreteRestorationImages -->
  <testcase name="verifySearchResultsAreGroupedAfterfilterUpdation" time="0.0" classname="com.OSMOSE.testcases.KnowledgeBase">
    <ignored/>
  </testcase> <!-- verifySearchResultsAreGroupedAfterfilterUpdation -->
  <testcase name="verifyCardContentsStormSupport" time="0.0" classname="com.OSMOSE.testcases.KnowledgeBase">
    <ignored/>
  </testcase> <!-- verifyCardContentsStormSupport -->
  <testcase name="verifyPresenceWhatswrongwiththisPictureCard" time="0.0" classname="com.OSMOSE.testcases.KnowledgeBase">
    <ignored/>
  </testcase> <!-- verifyPresenceWhatswrongwiththisPictureCard -->
  <testcase name="verifyPresenceOfPopularQueriesFilter" time="0.0" classname="com.OSMOSE.testcases.KnowledgeBase">
    <ignored/>
  </testcase> <!-- verifyPresenceOfPopularQueriesFilter -->
  <testcase name="verifyClickonWoodTreatmentResearch" time="0.0" classname="com.OSMOSE.testcases.KnowledgeBase">
    <ignored/>
  </testcase> <!-- verifyClickonWoodTreatmentResearch -->
  <testcase name="verifyClickonProductsImages" time="0.0" classname="com.OSMOSE.testcases.KnowledgeBase">
    <ignored/>
  </testcase> <!-- verifyClickonProductsImages -->
  <testcase name="verifySearchResultsAreImages" time="0.0" classname="com.OSMOSE.testcases.KnowledgeBase">
    <ignored/>
  </testcase> <!-- verifySearchResultsAreImages -->
  <testcase name="verifyClickonWoodRestorationBrochures" time="0.0" classname="com.OSMOSE.testcases.KnowledgeBase">
    <ignored/>
  </testcase> <!-- verifyClickonWoodRestorationBrochures -->
  <testcase name="verifyPresenceSteelAndConcreteRestorationCard" time="0.0" classname="com.OSMOSE.testcases.KnowledgeBase">
    <ignored/>
  </testcase> <!-- verifyPresenceSteelAndConcreteRestorationCard -->
  <testcase name="verifyClickonSteelAndConcreteAssessmentStandardsCodes" time="0.0" classname="com.OSMOSE.testcases.KnowledgeBase">
    <ignored/>
  </testcase> <!-- verifyClickonSteelAndConcreteAssessmentStandardsCodes -->
  <testcase name="verifyPresenceSteelAndConcreteAssessmentCard" time="0.0" classname="com.OSMOSE.testcases.KnowledgeBase">
    <ignored/>
  </testcase> <!-- verifyPresenceSteelAndConcreteAssessmentCard -->
  <testcase name="verifyPresenceOfSearchBox" time="0.0" classname="com.OSMOSE.testcases.KnowledgeBase">
    <ignored/>
  </testcase> <!-- verifyPresenceOfSearchBox -->
  <testcase name="verifyClickOnWoodInspectionCard" time="0.0" classname="com.OSMOSE.testcases.KnowledgeBase">
    <ignored/>
  </testcase> <!-- verifyClickOnWoodInspectionCard -->
  <testcase name="verifySearchTextUpdation" time="0.0" classname="com.OSMOSE.testcases.KnowledgeBase">
    <ignored/>
  </testcase> <!-- verifySearchTextUpdation -->
  <testcase name="verifyPresenceOfFilterItems" time="0.0" classname="com.OSMOSE.testcases.KnowledgeBase">
    <ignored/>
  </testcase> <!-- verifyPresenceOfFilterItems -->
  <testcase name="verifyIndustrySeeMore" time="0.0" classname="com.OSMOSE.testcases.KnowledgeBase">
    <ignored/>
  </testcase> <!-- verifyIndustrySeeMore -->
  <testcase name="verifyExternalVideo" time="0.0" classname="com.OSMOSE.testcases.KnowledgeBase">
    <ignored/>
  </testcase> <!-- verifyExternalVideo -->
  <testcase name="verifyClickOnOverheadCard" time="0.0" classname="com.OSMOSE.testcases.KnowledgeBase">
    <ignored/>
  </testcase> <!-- verifyClickOnOverheadCard -->
  <testcase name="verifyClickonUndergroundImages" time="0.0" classname="com.OSMOSE.testcases.KnowledgeBase">
    <ignored/>
  </testcase> <!-- verifyClickonUndergroundImages -->
  <testcase name="verifyPresenceOfSliderOnSuggestedContents" time="0.0" classname="com.OSMOSE.testcases.KnowledgeBase">
    <ignored/>
  </testcase> <!-- verifyPresenceOfSliderOnSuggestedContents -->
  <testcase name="verifyClickonSteelAndConcreteAssessmentImages" time="0.0" classname="com.OSMOSE.testcases.KnowledgeBase">
    <ignored/>
  </testcase> <!-- verifyClickonSteelAndConcreteAssessmentImages -->
  <testcase name="verifyPresenceStormSupportCard" time="0.0" classname="com.OSMOSE.testcases.KnowledgeBase">
    <ignored/>
  </testcase> <!-- verifyPresenceStormSupportCard -->
  <testcase name="verifyDynamicDropdown" time="0.0" classname="com.OSMOSE.testcases.KnowledgeBase">
    <ignored/>
  </testcase> <!-- verifyDynamicDropdown -->
  <testcase name="verifyClickOnViewProjectProjectOfTheWeek" time="0.0" classname="com.OSMOSE.testcases.KnowledgeBase">
    <ignored/>
  </testcase> <!-- verifyClickOnViewProjectProjectOfTheWeek -->
  <testcase name="verifyPresenceWoodInspectionAndTreatmentCard" time="0.0" classname="com.OSMOSE.testcases.KnowledgeBase">
    <ignored/>
  </testcase> <!-- verifyPresenceWoodInspectionAndTreatmentCard -->
  <testcase name="verifySearchResultsAreVideos" time="0.0" classname="com.OSMOSE.testcases.KnowledgeBase">
    <ignored/>
  </testcase> <!-- verifySearchResultsAreVideos -->
  <testcase name="verifyClickonStormSupportProjectProfiles" time="0.0" classname="com.OSMOSE.testcases.KnowledgeBase">
    <ignored/>
  </testcase> <!-- verifyClickonStormSupportProjectProfiles -->
  <testcase name="verifyCardContentsWoodRestoration" time="0.0" classname="com.OSMOSE.testcases.KnowledgeBase">
    <ignored/>
  </testcase> <!-- verifyCardContentsWoodRestoration -->
  <testcase name="verifyClickOnPoleReplacementCard" time="0.0" classname="com.OSMOSE.testcases.KnowledgeBase">
    <ignored/>
  </testcase> <!-- verifyClickOnPoleReplacementCard -->
  <testcase name="verifyClickOnDailyGaffGalleryImage" time="0.0" classname="com.OSMOSE.testcases.KnowledgeBase">
    <ignored/>
  </testcase> <!-- verifyClickOnDailyGaffGalleryImage -->
  <testcase name="verifyPresenceProductsCard" time="0.0" classname="com.OSMOSE.testcases.KnowledgeBase">
    <ignored/>
  </testcase> <!-- verifyPresenceProductsCard -->
  <testcase name="verifyCardContentsWoodInspectionTreatment" time="0.0" classname="com.OSMOSE.testcases.KnowledgeBase">
    <ignored/>
  </testcase> <!-- verifyCardContentsWoodInspectionTreatment -->
  <testcase name="verifyClickonPoleReplacementImages" time="0.0" classname="com.OSMOSE.testcases.KnowledgeBase">
    <ignored/>
  </testcase> <!-- verifyClickonPoleReplacementImages -->
  <testcase name="verifyCardContentsSteelConcreteAssessment" time="0.0" classname="com.OSMOSE.testcases.KnowledgeBase">
    <ignored/>
  </testcase> <!-- verifyCardContentsSteelConcreteAssessment -->
  <testcase name="verifyPresencePoleReplacementCard" time="0.0" classname="com.OSMOSE.testcases.KnowledgeBase">
    <ignored/>
  </testcase> <!-- verifyPresencePoleReplacementCard -->
  <testcase name="verifyClickonVideosSeeMore" time="0.0" classname="com.OSMOSE.testcases.KnowledgeBase">
    <ignored/>
  </testcase> <!-- verifyClickonVideosSeeMore -->
  <testcase name="verifySearchResultsAreDocuments" time="0.0" classname="com.OSMOSE.testcases.KnowledgeBase">
    <ignored/>
  </testcase> <!-- verifySearchResultsAreDocuments -->
  <testcase name="verifyClickOnSteelandConcreteAssessmentCard" time="0.0" classname="com.OSMOSE.testcases.KnowledgeBase">
    <ignored/>
  </testcase> <!-- verifyClickOnSteelandConcreteAssessmentCard -->
  <testcase name="verifyClickonStormSupportImages" time="0.0" classname="com.OSMOSE.testcases.KnowledgeBase">
    <ignored/>
  </testcase> <!-- verifyClickonStormSupportImages -->
  <testcase name="verifyLinksPresentOnKb" time="0.0" classname="com.OSMOSE.testcases.KnowledgeBase">
    <ignored/>
  </testcase> <!-- verifyLinksPresentOnKb -->
  <testcase name="verifyClickOnWoodRestorationCard" time="0.0" classname="com.OSMOSE.testcases.KnowledgeBase">
    <ignored/>
  </testcase> <!-- verifyClickOnWoodRestorationCard -->
  <testcase name="verifyClickonWoodTreatmentImages" time="0.0" classname="com.OSMOSE.testcases.KnowledgeBase">
    <ignored/>
  </testcase> <!-- verifyClickonWoodTreatmentImages -->
  <testcase name="verifySearchResultsAreGrouped" time="0.0" classname="com.OSMOSE.testcases.KnowledgeBase">
    <ignored/>
  </testcase> <!-- verifySearchResultsAreGrouped -->
  <testcase name="verifyClickOnJointUseCard" time="0.0" classname="com.OSMOSE.testcases.KnowledgeBase">
    <ignored/>
  </testcase> <!-- verifyClickOnJointUseCard -->
  <testcase name="verifyPresenceUndergroundCard" time="0.0" classname="com.OSMOSE.testcases.KnowledgeBase">
    <ignored/>
  </testcase> <!-- verifyPresenceUndergroundCard -->
  <testcase name="verifyPresenceJointUseCard" time="0.0" classname="com.OSMOSE.testcases.KnowledgeBase">
    <ignored/>
  </testcase> <!-- verifyPresenceJointUseCard -->
  <testcase name="verifyClickonJointUsImages" time="0.0" classname="com.OSMOSE.testcases.KnowledgeBase">
    <ignored/>
  </testcase> <!-- verifyClickonJointUsImages -->
  <testcase name="verifyPresenceOfSortBy" time="0.0" classname="com.OSMOSE.testcases.KnowledgeBase">
    <ignored/>
  </testcase> <!-- verifyPresenceOfSortBy -->
  <testcase name="verifyPresenceWoodRestorationCard" time="0.0" classname="com.OSMOSE.testcases.KnowledgeBase">
    <ignored/>
  </testcase> <!-- verifyPresenceWoodRestorationCard -->
  <testcase name="verifyClickonOverheadImages" time="0.0" classname="com.OSMOSE.testcases.KnowledgeBase">
    <ignored/>
  </testcase> <!-- verifyClickonOverheadImages -->
  <testcase name="verifyCardContentsJointUse" time="0.0" classname="com.OSMOSE.testcases.KnowledgeBase">
    <ignored/>
  </testcase> <!-- verifyCardContentsJointUse -->
  <testcase name="verifyCardContentsOverhead" time="0.0" classname="com.OSMOSE.testcases.KnowledgeBase">
    <ignored/>
  </testcase> <!-- verifyCardContentsOverhead -->
</testsuite> <!-- KnowledgeBase -->
