<?xml version="1.0" encoding="UTF-8"?>
<!-- Generated by org.testng.reporters.JUnitXMLReporter -->
<testsuite hostname="5CG6323N27" ignored="1" name="MyOsmoseServices" tests="25" failures="0" timestamp="2020-09-29T13:50:24 IST" time="336.574" errors="0">
  <testcase name="verifyMyOsmoseServicesCardClick" time="7.876" classname="com.OSMOSE.testcases.OsmoseServices"/>
  <testcase name="verifyWoodInspectionandTreatmentLearnMoreClick" time="13.575" classname="com.OSMOSE.testcases.OsmoseServices"/>
  <testcase name="verifyWoodRestorationLearnMoreClick" time="5.238" classname="com.OSMOSE.testcases.OsmoseServices"/>
  <testcase name="verifyOcalcProLearnMoreClick" time="5.274" classname="com.OSMOSE.testcases.OsmoseServices"/>
  <testcase name="verifySteelandConcreteAssessmentLearnMoreClick" time="5.248" classname="com.OSMOSE.testcases.OsmoseServices"/>
  <testcase name="verifySteelandConcreteRestorationLearnMoreClick" time="5.255" classname="com.OSMOSE.testcases.OsmoseServices"/>
  <testcase name="verifyOverheadLearnMoreClick" time="5.234" classname="com.OSMOSE.testcases.OsmoseServices"/>
  <testcase name="verifyUndergroundLearnMoreClick" time="5.35" classname="com.OSMOSE.testcases.OsmoseServices"/>
  <testcase name="verifyJointUseLearnMoreClick" time="5.239" classname="com.OSMOSE.testcases.OsmoseServices"/>
  <testcase name="verifyStrayVoltageLearnMoreClick" time="5.26" classname="com.OSMOSE.testcases.OsmoseServices"/>
  <testcase name="verifyTechnicalServicesLearnMoreClick" time="5.286" classname="com.OSMOSE.testcases.OsmoseServices"/>
  <testcase name="verifyMapViewLearnMoreClick" time="5.34" classname="com.OSMOSE.testcases.OsmoseServices"/>
  <testcase name="VerifyProductclick" time="43.061" classname="com.OSMOSE.testcases.OsmoseServices"/>
  <testcase name="VerifyViewMapclick" time="17.97" classname="com.OSMOSE.testcases.OsmoseServices"/>
  <testcase name="VerifyWoodInspectionAndTreatmentclick" time="8.031" classname="com.OSMOSE.testcases.OsmoseServices"/>
  <testcase name="verifyClickonWoodTreatmentVideos" time="39.529" classname="com.OSMOSE.testcases.OsmoseServices"/>
  <testcase name="verifyClickonWoodTreatmentProjectProfiles" time="20.761" classname="com.OSMOSE.testcases.OsmoseServices"/>
  <testcase name="VerifyWoodRestorationclick" time="7.659" classname="com.OSMOSE.testcases.OsmoseServices"/>
  <testcase name="verifyClickonWoodRestorationVideos" time="27.629" classname="com.OSMOSE.testcases.OsmoseServices"/>
  <testcase name="verifyClickonWoodRestorationProjectProfiles" time="20.57" classname="com.OSMOSE.testcases.OsmoseServices"/>
  <testcase name="verifyClickonUndergroundVideos" time="20.607" classname="com.OSMOSE.testcases.OsmoseServices"/>
  <testcase name="verifyClickonUndergroundProjectProfiles" time="20.499" classname="com.OSMOSE.testcases.OsmoseServices"/>
  <testcase name="verifyPopUpUnderground" time="15.459" classname="com.OSMOSE.testcases.OsmoseServices"/>
  <testcase name="verifyCancelClickOnPopUpUnderground" time="3.119" classname="com.OSMOSE.testcases.OsmoseServices"/>
  <testcase name="verifyOkClickOnPopUpUnderground" time="5.319" classname="com.OSMOSE.testcases.OsmoseServices"/>
  <testcase name="verifyProductsLearnMoreClick" time="0.0" classname="com.OSMOSE.testcases.OsmoseServices">
    <ignored/>
  </testcase> <!-- verifyProductsLearnMoreClick -->
</testsuite> <!-- MyOsmoseServices -->
