<?xml version="1.0" encoding="UTF-8"?>
<!-- Generated by org.testng.reporters.JUnitXMLReporter -->
<testsuite hostname="5CG6332Q2D" ignored="28" name="MyOsmoseServices" tests="2" failures="0" timestamp="2021-02-17T18:00:33 IST" time="46.436" errors="0">
  <testcase name="verifyMyOsmoseServicesCardClick" time="8.926" classname="com.OSMOSE.testcases.OsmoseServices"/>
  <testcase name="verifyfunctionalityOfOcalCproButtons" time="35.631" classname="com.OSMOSE.testcases.OsmoseServices"/>
  <testcase name="verifyStormServiceLearnMoreClick" time="0.0" classname="com.OSMOSE.testcases.OsmoseServices">
    <ignored/>
  </testcase> <!-- verifyStormServiceLearnMoreClick -->
  <testcase name="VerifyWoodRestorationclick" time="0.0" classname="com.OSMOSE.testcases.OsmoseServices">
    <ignored/>
  </testcase> <!-- VerifyWoodRestorationclick -->
  <testcase name="verifyClickonWoodRestorationMAP" time="0.0" classname="com.OSMOSE.testcases.OsmoseServices">
    <ignored/>
  </testcase> <!-- verifyClickonWoodRestorationMAP -->
  <testcase name="VerifyProductclick" time="0.0" classname="com.OSMOSE.testcases.OsmoseServices">
    <ignored/>
  </testcase> <!-- VerifyProductclick -->
  <testcase name="verifyWoodRestorationLearnMoreClick" time="0.0" classname="com.OSMOSE.testcases.OsmoseServices">
    <ignored/>
  </testcase> <!-- verifyWoodRestorationLearnMoreClick -->
  <testcase name="verifyClickonWoodRestorationVideos" time="0.0" classname="com.OSMOSE.testcases.OsmoseServices">
    <ignored/>
  </testcase> <!-- verifyClickonWoodRestorationVideos -->
  <testcase name="verifyOverheadLearnMoreClick" time="0.0" classname="com.OSMOSE.testcases.OsmoseServices">
    <ignored/>
  </testcase> <!-- verifyOverheadLearnMoreClick -->
  <testcase name="VerifyWoodInspectionAndTreatmentclick" time="0.0" classname="com.OSMOSE.testcases.OsmoseServices">
    <ignored/>
  </testcase> <!-- VerifyWoodInspectionAndTreatmentclick -->
  <testcase name="verifySteelandConcreteAssessmentLearnMoreClick" time="0.0" classname="com.OSMOSE.testcases.OsmoseServices">
    <ignored/>
  </testcase> <!-- verifySteelandConcreteAssessmentLearnMoreClick -->
  <testcase name="verifyCancelClickOnPopUpUnderground" time="0.0" classname="com.OSMOSE.testcases.OsmoseServices">
    <ignored/>
  </testcase> <!-- verifyCancelClickOnPopUpUnderground -->
  <testcase name="verifyClickonWoodTreatmentVideos" time="0.0" classname="com.OSMOSE.testcases.OsmoseServices">
    <ignored/>
  </testcase> <!-- verifyClickonWoodTreatmentVideos -->
  <testcase name="verifyEngineeringServicesLearnMoreClick" time="0.0" classname="com.OSMOSE.testcases.OsmoseServices">
    <ignored/>
  </testcase> <!-- verifyEngineeringServicesLearnMoreClick -->
  <testcase name="verifyUndergroundLearnMoreClick" time="0.0" classname="com.OSMOSE.testcases.OsmoseServices">
    <ignored/>
  </testcase> <!-- verifyUndergroundLearnMoreClick -->
  <testcase name="verifyPopUpUnderground" time="0.0" classname="com.OSMOSE.testcases.OsmoseServices">
    <ignored/>
  </testcase> <!-- verifyPopUpUnderground -->
  <testcase name="verifyTakeMeToOsmoseClick" time="0.0" classname="com.OSMOSE.testcases.OsmoseServices">
    <ignored/>
  </testcase> <!-- verifyTakeMeToOsmoseClick -->
  <testcase name="verifyClickonWoodTreatmentMAP" time="0.0" classname="com.OSMOSE.testcases.OsmoseServices">
    <ignored/>
  </testcase> <!-- verifyClickonWoodTreatmentMAP -->
  <testcase name="verifyClickonWoodTreatmentProjectProfiles" time="0.0" classname="com.OSMOSE.testcases.OsmoseServices">
    <ignored/>
  </testcase> <!-- verifyClickonWoodTreatmentProjectProfiles -->
  <testcase name="VerifyViewMapclick" time="0.0" classname="com.OSMOSE.testcases.OsmoseServices">
    <ignored/>
  </testcase> <!-- VerifyViewMapclick -->
  <testcase name="verifyClickonUndergroundProjectProfiles" time="0.0" classname="com.OSMOSE.testcases.OsmoseServices">
    <ignored/>
  </testcase> <!-- verifyClickonUndergroundProjectProfiles -->
  <testcase name="verifyOkClickOnPopUpUnderground" time="0.0" classname="com.OSMOSE.testcases.OsmoseServices">
    <ignored/>
  </testcase> <!-- verifyOkClickOnPopUpUnderground -->
  <testcase name="verifySteelandConcreteRestorationLearnMoreClick" time="0.0" classname="com.OSMOSE.testcases.OsmoseServices">
    <ignored/>
  </testcase> <!-- verifySteelandConcreteRestorationLearnMoreClick -->
  <testcase name="verifyClickonUndergroundVideos" time="0.0" classname="com.OSMOSE.testcases.OsmoseServices">
    <ignored/>
  </testcase> <!-- verifyClickonUndergroundVideos -->
  <testcase name="verifyWoodInspectionandTreatmentLearnMoreClick" time="0.0" classname="com.OSMOSE.testcases.OsmoseServices">
    <ignored/>
  </testcase> <!-- verifyWoodInspectionandTreatmentLearnMoreClick -->
  <testcase name="verifyProductsLearnMoreClick" time="0.0" classname="com.OSMOSE.testcases.OsmoseServices">
    <ignored/>
  </testcase> <!-- verifyProductsLearnMoreClick -->
  <testcase name="verifyOcalcProLearnMoreClick" time="0.0" classname="com.OSMOSE.testcases.OsmoseServices">
    <ignored/>
  </testcase> <!-- verifyOcalcProLearnMoreClick -->
  <testcase name="verifyJointUseLearnMoreClick" time="0.0" classname="com.OSMOSE.testcases.OsmoseServices">
    <ignored/>
  </testcase> <!-- verifyJointUseLearnMoreClick -->
  <testcase name="verifyStrayVoltageLearnMoreClick" time="0.0" classname="com.OSMOSE.testcases.OsmoseServices">
    <ignored/>
  </testcase> <!-- verifyStrayVoltageLearnMoreClick -->
  <testcase name="verifyClickonWoodRestorationProjectProfiles" time="0.0" classname="com.OSMOSE.testcases.OsmoseServices">
    <ignored/>
  </testcase> <!-- verifyClickonWoodRestorationProjectProfiles -->
</testsuite> <!-- MyOsmoseServices -->
