<?xml version="1.0" encoding="UTF-8"?>
<!-- Generated by org.testng.reporters.JUnitXMLReporter -->
<testsuite hostname="5CG6323N27" ignored="1" name="MyOsmoseServices" tests="25" failures="0" timestamp="2020-09-08T20:29:38 IST" time="351.51" errors="0">
  <testcase name="verifyMyOsmoseServicesCardClick" time="7.767" classname="com.OSMOSE.testcases.OsmoseServices"/>
  <testcase name="verifyWoodInspectionandTreatmentLearnMoreClick" time="10.248" classname="com.OSMOSE.testcases.OsmoseServices"/>
  <testcase name="verifyWoodRestorationLearnMoreClick" time="5.31" classname="com.OSMOSE.testcases.OsmoseServices"/>
  <testcase name="verifyOcalcProLearnMoreClick" time="5.23" classname="com.OSMOSE.testcases.OsmoseServices"/>
  <testcase name="verifySteelandConcreteAssessmentLearnMoreClick" time="5.222" classname="com.OSMOSE.testcases.OsmoseServices"/>
  <testcase name="verifySteelandConcreteRestorationLearnMoreClick" time="5.254" classname="com.OSMOSE.testcases.OsmoseServices"/>
  <testcase name="verifyOverheadLearnMoreClick" time="5.269" classname="com.OSMOSE.testcases.OsmoseServices"/>
  <testcase name="verifyUndergroundLearnMoreClick" time="5.247" classname="com.OSMOSE.testcases.OsmoseServices"/>
  <testcase name="verifyJointUseLearnMoreClick" time="5.211" classname="com.OSMOSE.testcases.OsmoseServices"/>
  <testcase name="verifyStrayVoltageLearnMoreClick" time="5.224" classname="com.OSMOSE.testcases.OsmoseServices"/>
  <testcase name="verifyTechnicalServicesLearnMoreClick" time="5.267" classname="com.OSMOSE.testcases.OsmoseServices"/>
  <testcase name="verifyMapViewLearnMoreClick" time="5.28" classname="com.OSMOSE.testcases.OsmoseServices"/>
  <testcase name="VerifyProductclick" time="42.537" classname="com.OSMOSE.testcases.OsmoseServices"/>
  <testcase name="VerifyViewMapclick" time="18.125" classname="com.OSMOSE.testcases.OsmoseServices"/>
  <testcase name="VerifyWoodInspectionAndTreatmentclick" time="7.836" classname="com.OSMOSE.testcases.OsmoseServices"/>
  <testcase name="verifyClickonWoodTreatmentVideos" time="39.682" classname="com.OSMOSE.testcases.OsmoseServices"/>
  <testcase name="verifyClickonWoodTreatmentProjectProfiles" time="20.795" classname="com.OSMOSE.testcases.OsmoseServices"/>
  <testcase name="VerifyWoodRestorationclick" time="7.753" classname="com.OSMOSE.testcases.OsmoseServices"/>
  <testcase name="verifyClickonWoodRestorationVideos" time="37.783" classname="com.OSMOSE.testcases.OsmoseServices"/>
  <testcase name="verifyClickonWoodRestorationProjectProfiles" time="29.706" classname="com.OSMOSE.testcases.OsmoseServices"/>
  <testcase name="verifyClickonUndergroundVideos" time="20.658" classname="com.OSMOSE.testcases.OsmoseServices"/>
  <testcase name="verifyClickonUndergroundProjectProfiles" time="20.652" classname="com.OSMOSE.testcases.OsmoseServices"/>
  <testcase name="verifyPopUpUnderground" time="15.481" classname="com.OSMOSE.testcases.OsmoseServices"/>
  <testcase name="verifyCancelClickOnPopUpUnderground" time="3.124" classname="com.OSMOSE.testcases.OsmoseServices"/>
  <testcase name="verifyOkClickOnPopUpUnderground" time="5.343" classname="com.OSMOSE.testcases.OsmoseServices"/>
  <testcase name="verifyProductsLearnMoreClick" time="0.0" classname="com.OSMOSE.testcases.OsmoseServices">
    <ignored/>
  </testcase> <!-- verifyProductsLearnMoreClick -->
</testsuite> <!-- MyOsmoseServices -->
