<?xml version="1.0" encoding="UTF-8"?>
<!-- Generated by org.testng.reporters.JUnitXMLReporter -->
<testsuite hostname="5CG6323N27" ignored="4" name="MyOsmoseServices" tests="25" failures="0" timestamp="2020-11-10T16:17:05 IST" time="386.236" errors="0">
  <testcase name="verifyMyOsmoseServicesCardClick" time="11.106" classname="com.OSMOSE.testcases.OsmoseServices"/>
  <testcase name="verifyWoodInspectionandTreatmentLearnMoreClick" time="12.594" classname="com.OSMOSE.testcases.OsmoseServices"/>
  <testcase name="verifyWoodRestorationLearnMoreClick" time="5.245" classname="com.OSMOSE.testcases.OsmoseServices"/>
  <testcase name="verifyOcalcProLearnMoreClick" time="5.206" classname="com.OSMOSE.testcases.OsmoseServices"/>
  <testcase name="verifySteelandConcreteAssessmentLearnMoreClick" time="5.21" classname="com.OSMOSE.testcases.OsmoseServices"/>
  <testcase name="verifySteelandConcreteRestorationLearnMoreClick" time="5.253" classname="com.OSMOSE.testcases.OsmoseServices"/>
  <testcase name="verifyOverheadLearnMoreClick" time="5.32" classname="com.OSMOSE.testcases.OsmoseServices"/>
  <testcase name="verifyUndergroundLearnMoreClick" time="5.216" classname="com.OSMOSE.testcases.OsmoseServices"/>
  <testcase name="verifyJointUseLearnMoreClick" time="5.203" classname="com.OSMOSE.testcases.OsmoseServices"/>
  <testcase name="verifyStrayVoltageLearnMoreClick" time="5.238" classname="com.OSMOSE.testcases.OsmoseServices"/>
  <testcase name="verifyEngineeringServicesLearnMoreClick" time="5.239" classname="com.OSMOSE.testcases.OsmoseServices"/>
  <testcase name="verifyStormServiceLearnMoreClick" time="5.2" classname="com.OSMOSE.testcases.OsmoseServices"/>
  <testcase name="VerifyProductclick" time="42.223" classname="com.OSMOSE.testcases.OsmoseServices"/>
  <testcase name="VerifyWoodInspectionAndTreatmentclick" time="27.614" classname="com.OSMOSE.testcases.OsmoseServices"/>
  <testcase name="verifyClickonWoodTreatmentVideos" time="30.773" classname="com.OSMOSE.testcases.OsmoseServices"/>
  <testcase name="verifyClickonWoodTreatmentProjectProfiles" time="20.56" classname="com.OSMOSE.testcases.OsmoseServices"/>
  <testcase name="verifyClickonWoodTreatmentMAP" time="20.535" classname="com.OSMOSE.testcases.OsmoseServices"/>
  <testcase name="VerifyWoodRestorationclick" time="17.672" classname="com.OSMOSE.testcases.OsmoseServices"/>
  <testcase name="verifyClickonWoodRestorationVideos" time="27.554" classname="com.OSMOSE.testcases.OsmoseServices"/>
  <testcase name="verifyClickonWoodRestorationProjectProfiles" time="20.548" classname="com.OSMOSE.testcases.OsmoseServices"/>
  <testcase name="verifyClickonWoodRestorationMAP" time="20.775" classname="com.OSMOSE.testcases.OsmoseServices"/>
  <testcase name="verifyClickonUndergroundVideos" time="20.57" classname="com.OSMOSE.testcases.OsmoseServices"/>
  <testcase name="verifyClickonUndergroundProjectProfiles" time="20.497" classname="com.OSMOSE.testcases.OsmoseServices"/>
  <testcase name="verifyPopUpUnderground" time="15.73" classname="com.OSMOSE.testcases.OsmoseServices"/>
  <testcase name="verifyTakeMeToOsmoseClick" time="12.559" classname="com.OSMOSE.testcases.OsmoseServices"/>
  <testcase name="verifyProductsLearnMoreClick" time="0.0" classname="com.OSMOSE.testcases.OsmoseServices">
    <ignored/>
  </testcase> <!-- verifyProductsLearnMoreClick -->
  <testcase name="verifyCancelClickOnPopUpUnderground" time="0.0" classname="com.OSMOSE.testcases.OsmoseServices">
    <ignored/>
  </testcase> <!-- verifyCancelClickOnPopUpUnderground -->
  <testcase name="VerifyViewMapclick" time="0.0" classname="com.OSMOSE.testcases.OsmoseServices">
    <ignored/>
  </testcase> <!-- VerifyViewMapclick -->
  <testcase name="verifyOkClickOnPopUpUnderground" time="0.0" classname="com.OSMOSE.testcases.OsmoseServices">
    <ignored/>
  </testcase> <!-- verifyOkClickOnPopUpUnderground -->
</testsuite> <!-- MyOsmoseServices -->
