<?xml version="1.0" encoding="UTF-8"?>
<!-- Generated by org.testng.reporters.JUnitXMLReporter -->
<testsuite hostname="5CG6323N27" ignored="5" name="MyOsmoseServices" tests="24" failures="0" timestamp="2020-11-25T14:02:55 IST" time="346.935" errors="0">
  <testcase name="verifyMyOsmoseServicesCardClick" time="9.182" classname="com.OSMOSE.testcases.OsmoseServices"/>
  <testcase name="verifyWoodInspectionandTreatmentLearnMoreClick" time="17.238" classname="com.OSMOSE.testcases.OsmoseServices"/>
  <testcase name="verifyWoodRestorationLearnMoreClick" time="5.269" classname="com.OSMOSE.testcases.OsmoseServices"/>
  <testcase name="verifyOcalcProLearnMoreClick" time="5.222" classname="com.OSMOSE.testcases.OsmoseServices"/>
  <testcase name="verifySteelandConcreteAssessmentLearnMoreClick" time="5.232" classname="com.OSMOSE.testcases.OsmoseServices"/>
  <testcase name="verifySteelandConcreteRestorationLearnMoreClick" time="5.21" classname="com.OSMOSE.testcases.OsmoseServices"/>
  <testcase name="verifyOverheadLearnMoreClick" time="5.213" classname="com.OSMOSE.testcases.OsmoseServices"/>
  <testcase name="verifyUndergroundLearnMoreClick" time="5.199" classname="com.OSMOSE.testcases.OsmoseServices"/>
  <testcase name="verifyJointUseLearnMoreClick" time="5.19" classname="com.OSMOSE.testcases.OsmoseServices"/>
  <testcase name="verifyStrayVoltageLearnMoreClick" time="5.233" classname="com.OSMOSE.testcases.OsmoseServices"/>
  <testcase name="verifyEngineeringServicesLearnMoreClick" time="5.222" classname="com.OSMOSE.testcases.OsmoseServices"/>
  <testcase name="verifyStormServiceLearnMoreClick" time="5.202" classname="com.OSMOSE.testcases.OsmoseServices"/>
  <testcase name="VerifyWoodInspectionAndTreatmentclick" time="27.557" classname="com.OSMOSE.testcases.OsmoseServices"/>
  <testcase name="verifyClickonWoodTreatmentVideos" time="29.399" classname="com.OSMOSE.testcases.OsmoseServices"/>
  <testcase name="verifyClickonWoodTreatmentProjectProfiles" time="20.531" classname="com.OSMOSE.testcases.OsmoseServices"/>
  <testcase name="verifyClickonWoodTreatmentMAP" time="21.194" classname="com.OSMOSE.testcases.OsmoseServices"/>
  <testcase name="VerifyWoodRestorationclick" time="17.619" classname="com.OSMOSE.testcases.OsmoseServices"/>
  <testcase name="verifyClickonWoodRestorationVideos" time="27.645" classname="com.OSMOSE.testcases.OsmoseServices"/>
  <testcase name="verifyClickonWoodRestorationProjectProfiles" time="20.669" classname="com.OSMOSE.testcases.OsmoseServices"/>
  <testcase name="verifyClickonWoodRestorationMAP" time="20.93" classname="com.OSMOSE.testcases.OsmoseServices"/>
  <testcase name="verifyClickonUndergroundVideos" time="20.531" classname="com.OSMOSE.testcases.OsmoseServices"/>
  <testcase name="verifyClickonUndergroundProjectProfiles" time="20.621" classname="com.OSMOSE.testcases.OsmoseServices"/>
  <testcase name="verifyPopUpUnderground" time="15.734" classname="com.OSMOSE.testcases.OsmoseServices"/>
  <testcase name="verifyTakeMeToOsmoseClick" time="12.623" classname="com.OSMOSE.testcases.OsmoseServices"/>
  <testcase name="verifyProductsLearnMoreClick" time="0.0" classname="com.OSMOSE.testcases.OsmoseServices">
    <ignored/>
  </testcase> <!-- verifyProductsLearnMoreClick -->
  <testcase name="VerifyProductclick" time="0.0" classname="com.OSMOSE.testcases.OsmoseServices">
    <ignored/>
  </testcase> <!-- VerifyProductclick -->
  <testcase name="verifyCancelClickOnPopUpUnderground" time="0.0" classname="com.OSMOSE.testcases.OsmoseServices">
    <ignored/>
  </testcase> <!-- verifyCancelClickOnPopUpUnderground -->
  <testcase name="VerifyViewMapclick" time="0.0" classname="com.OSMOSE.testcases.OsmoseServices">
    <ignored/>
  </testcase> <!-- VerifyViewMapclick -->
  <testcase name="verifyOkClickOnPopUpUnderground" time="0.0" classname="com.OSMOSE.testcases.OsmoseServices">
    <ignored/>
  </testcase> <!-- verifyOkClickOnPopUpUnderground -->
</testsuite> <!-- MyOsmoseServices -->
