<?xml version="1.0" encoding="UTF-8"?>
<!-- Generated by org.testng.reporters.JUnitXMLReporter -->
<testsuite hostname="5CG6323N27" ignored="0" name="OCalcPro_Nor" tests="29" failures="0" timestamp="2020-12-12T00:27:25 IST" time="316.687" errors="0">
  <testcase name="ocalcloginTestNormal" time="18.505" classname="com.OSMOSE.testcases.oCalcPro_Nor"/>
  <testcase name="verifyoCalcProNavigationClick" time="16.425" classname="com.OSMOSE.testcases.oCalcPro_Nor"/>
  <testcase name="verifyPresenceOfGetStartedWithOcalcPro" time="0.081" classname="com.OSMOSE.testcases.oCalcPro_Nor"/>
  <testcase name="verifyPresenceOfProductsCard" time="0.061" classname="com.OSMOSE.testcases.oCalcPro_Nor"/>
  <testcase name="verifyPresenceOfKnowledgeBaseCard" time="0.049" classname="com.OSMOSE.testcases.oCalcPro_Nor"/>
  <testcase name="verifyPresenceOfAnnouncementsCard" time="0.068" classname="com.OSMOSE.testcases.oCalcPro_Nor"/>
  <testcase name="verifyPresenceOfTrainingOptionsCard" time="0.067" classname="com.OSMOSE.testcases.oCalcPro_Nor"/>
  <testcase name="verifyContentsOfGetStartedWithOcalcPro" time="0.348" classname="com.OSMOSE.testcases.oCalcPro_Nor"/>
  <testcase name="verifyContentsOfProductsCard" time="0.216" classname="com.OSMOSE.testcases.oCalcPro_Nor"/>
  <testcase name="verifyContentsOfKBCard" time="0.242" classname="com.OSMOSE.testcases.oCalcPro_Nor"/>
  <testcase name="verifyContentsOfAnnouncements" time="0.795" classname="com.OSMOSE.testcases.oCalcPro_Nor"/>
  <testcase name="verifyContentsOfTrainingOptions" time="0.162" classname="com.OSMOSE.testcases.oCalcPro_Nor"/>
  <testcase name="verifyLearnMoreClickonGetStartedWithOcalcProcard" time="14.439" classname="com.OSMOSE.testcases.oCalcPro_Nor"/>
  <testcase name="verify30daysbtnClickonGetStartedWithOcalcProcard" time="4.072" classname="com.OSMOSE.testcases.oCalcPro_Nor"/>
  <testcase name="verifyRequstDemoClickonGetStartedWithOcalcProcard" time="4.187" classname="com.OSMOSE.testcases.oCalcPro_Nor"/>
  <testcase name="verifyocalcSupportClickonGetStartedWithOcalcProcard" time="3.657" classname="com.OSMOSE.testcases.oCalcPro_Nor"/>
  <testcase name="verifyProductsClick" time="7.564" classname="com.OSMOSE.testcases.oCalcPro_Nor"/>
  <testcase name="verifyRequestLicenseQuoteClick" time="10.495" classname="com.OSMOSE.testcases.oCalcPro_Nor"/>
  <testcase name="verifyRequestCVTQuoteClick" time="10.831" classname="com.OSMOSE.testcases.oCalcPro_Nor"/>
  <testcase name="verifyRequestTrainingQuoteClick" time="9.387" classname="com.OSMOSE.testcases.oCalcPro_Nor"/>
  <testcase name="verifyCurrentPublicClassesClick" time="10.863" classname="com.OSMOSE.testcases.oCalcPro_Nor"/>
  <testcase name="verifyRequestQuoteForPrivateTrainingClassesClick" time="11.827" classname="com.OSMOSE.testcases.oCalcPro_Nor"/>
  <testcase name="verifyClickOnAnAnnouncement" time="4.134" classname="com.OSMOSE.testcases.oCalcPro_Nor"/>
  <testcase name="verifyKBClick" time="7.022" classname="com.OSMOSE.testcases.oCalcPro_Nor"/>
  <testcase name="verifyKBTrainingVideosClick" time="12.448" classname="com.OSMOSE.testcases.oCalcPro_Nor"/>
  <testcase name="verifyKBWikiPageClick" time="74.586" classname="com.OSMOSE.testcases.oCalcPro_Nor"/>
  <testcase name="verifySearchResultsAreGrouped" time="13.637" classname="com.OSMOSE.testcases.oCalcPro_Nor"/>
  <testcase name="verifyTrainingVideosAreGrouped" time="12.812" classname="com.OSMOSE.testcases.oCalcPro_Nor"/>
  <testcase name="verifyPresenceOfLicenseManagementPerspective" time="50.045" classname="com.OSMOSE.testcases.oCalcPro_Nor"/>
</testsuite> <!-- OCalcPro_Nor -->
