<?xml version="1.0" encoding="UTF-8"?>
<!-- Generated by org.testng.reporters.JUnitXMLReporter -->
<testsuite hostname="5CG6323N27" ignored="1" name="OCalcProLicense" tests="58" failures="0" timestamp="2020-11-14T11:39:29 IST" time="720.87" errors="0">
  <testcase name="verifyoCalcProNavigationClick" time="15.966" classname="com.OSMOSE.testcases.oCalcPro"/>
  <testcase name="verifyPresenceOfLicenseMgmtCard" time="0.058" classname="com.OSMOSE.testcases.oCalcPro"/>
  <testcase name="verifyPresenceOfProductsCardLicensedUser" time="0.042" classname="com.OSMOSE.testcases.oCalcPro"/>
  <testcase name="verifyPresenceOfKnowledgeBaseCardLicensedUser" time="0.052" classname="com.OSMOSE.testcases.oCalcPro"/>
  <testcase name="verifyPresenceOfAnnouncementsCardLicensedUser" time="0.046" classname="com.OSMOSE.testcases.oCalcPro"/>
  <testcase name="verifyPresenceOfTrainingOptionsCardLicensedUser" time="0.034" classname="com.OSMOSE.testcases.oCalcPro"/>
  <testcase name="verifyPresenceOfTutorialLiveDemoCardLicensedUser" time="0.038" classname="com.OSMOSE.testcases.oCalcPro"/>
  <testcase name="verifyContentsOfTrainingOptionsLicensedUser" time="0.15" classname="com.OSMOSE.testcases.oCalcPro"/>
  <testcase name="verifyContentsOfProductsCardLicensedUser" time="0.168" classname="com.OSMOSE.testcases.oCalcPro"/>
  <testcase name="verifyContentsOfKBCardLicensedUser" time="0.128" classname="com.OSMOSE.testcases.oCalcPro"/>
  <testcase name="verifyContentsOfAnnouncementsLicensedUser" time="0.528" classname="com.OSMOSE.testcases.oCalcPro"/>
  <testcase name="verifyContentsOfLicenseMgmtLicensedUser" time="0.298" classname="com.OSMOSE.testcases.oCalcPro"/>
  <testcase name="verifyContentsOfTutorialLiveDemoLicensedUser" time="0.312" classname="com.OSMOSE.testcases.oCalcPro"/>
  <testcase name="verifyProductsClickLicensedUser" time="2.324" classname="com.OSMOSE.testcases.oCalcPro"/>
  <testcase name="verifyRequestLicenseQuoteClickLicensedUser" time="8.567" classname="com.OSMOSE.testcases.oCalcPro"/>
  <testcase name="verifyRequestCVTQuoteClickLicensedUser" time="8.576" classname="com.OSMOSE.testcases.oCalcPro"/>
  <testcase name="verifyRequestTrainingQuoteClickLicensedUser" time="10.136" classname="com.OSMOSE.testcases.oCalcPro"/>
  <testcase name="verify30daysbtnClickLicensedUser" time="5.194" classname="com.OSMOSE.testcases.oCalcPro"/>
  <testcase name="verifyRequstDemoClickLicensedUser" time="4.821" classname="com.OSMOSE.testcases.oCalcPro"/>
  <testcase name="verifyocalcSupportClickLicensedUser" time="2.465" classname="com.OSMOSE.testcases.oCalcPro"/>
  <testcase name="verifyDifferentProductsQuoteCreate" time="18.134" classname="com.OSMOSE.testcases.oCalcPro"/>
  <testcase name="verifyPresenceOfCreditCardOptions" time="73.519" classname="com.OSMOSE.testcases.oCalcPro"/>
  <testcase name="verifyClickOnPaywithCCBtn" time="28.054" classname="com.OSMOSE.testcases.oCalcPro"/>
  <testcase name="verifyClickMakePaymentBtn" time="7.971" classname="com.OSMOSE.testcases.oCalcPro"/>
  <testcase name="verifyClickIhaveCopiedMyReceiptChkBox" time="4.063" classname="com.OSMOSE.testcases.oCalcPro"/>
  <testcase name="verifyCCDetailsForNonOCalcProduct" time="116.716" classname="com.OSMOSE.testcases.oCalcPro"/>
  <testcase name="verifyPresenceOfCCReceipt" time="119.077" classname="com.OSMOSE.testcases.oCalcPro"/>
  <testcase name="verifyCurrentPublicClassesClickLicensedUser" time="18.329" classname="com.OSMOSE.testcases.oCalcPro"/>
  <testcase name="verifyRequestQuoteForPrivateTrainingClassesClickLicensedUser" time="12.387" classname="com.OSMOSE.testcases.oCalcPro"/>
  <testcase name="verifyClickOnAnAnnouncementLicensedUser" time="0.992" classname="com.OSMOSE.testcases.oCalcPro"/>
  <testcase name="verifyContentsOfFAQLicensedUser" time="6.774" classname="com.OSMOSE.testcases.oCalcPro"/>
  <testcase name="verifyFAQClickLicensedUser" time="19.609" classname="com.OSMOSE.testcases.oCalcPro"/>
  <testcase name="verifySubmitIssueClickLicensedUser" time="0.502" classname="com.OSMOSE.testcases.oCalcPro"/>
  <testcase name="verifyKBClickLicensedUser" time="15.541" classname="com.OSMOSE.testcases.oCalcPro"/>
  <testcase name="verifyKBTrainingVideosClickLicensedUser" time="10.204" classname="com.OSMOSE.testcases.oCalcPro"/>
  <testcase name="verifyKBWikiPageClickLicensedUser" time="29.204" classname="com.OSMOSE.testcases.oCalcPro"/>
  <testcase name="verifySearchResultsAreGroupedLicensedUser" time="19.292" classname="com.OSMOSE.testcases.oCalcPro"/>
  <testcase name="verifyTrainingVideosAreGroupedLicensedUser" time="9.584" classname="com.OSMOSE.testcases.oCalcPro"/>
  <testcase name="verifyContentsLicenseManagementPopUp" time="4.587" classname="com.OSMOSE.testcases.oCalcPro"/>
  <testcase name="verifyPresenceOfSkipTourNextPreviousExitTour" time="4.233" classname="com.OSMOSE.testcases.oCalcPro"/>
  <testcase name="verifyClickOnNextPreviousbtns" time="2.172" classname="com.OSMOSE.testcases.oCalcPro"/>
  <testcase name="verifyClickOnSkipTourExitTourbtns" time="4.352" classname="com.OSMOSE.testcases.oCalcPro"/>
  <testcase name="verifyOnlyRenewBtnIsEnabledOnMultipleRecordSelection" time="6.425" classname="com.OSMOSE.testcases.oCalcPro"/>
  <testcase name="verifyFilterContactName" time="3.417" classname="com.OSMOSE.testcases.oCalcPro"/>
  <testcase name="verifyFilterLicenseKey" time="1.646" classname="com.OSMOSE.testcases.oCalcPro"/>
  <testcase name="verifyFilterStatus" time="2.656" classname="com.OSMOSE.testcases.oCalcPro"/>
  <testcase name="verifyFilterExpToken" time="1.431" classname="com.OSMOSE.testcases.oCalcPro"/>
  <testcase name="verifyFilterLicenseType" time="2.577" classname="com.OSMOSE.testcases.oCalcPro"/>
  <testcase name="verifyFilterPurchaseDate" time="2.916" classname="com.OSMOSE.testcases.oCalcPro"/>
  <testcase name="verifyFilterExpirationDate" time="2.854" classname="com.OSMOSE.testcases.oCalcPro"/>
  <testcase name="verifyTransferBtn" time="13.786" classname="com.OSMOSE.testcases.oCalcPro"/>
  <testcase name="verifyTransferErrorMsg" time="0.171" classname="com.OSMOSE.testcases.oCalcPro"/>
  <testcase name="verifyClickTransferLicenseBtn" time="2.611" classname="com.OSMOSE.testcases.oCalcPro"/>
  <testcase name="verifyClickResend" time="4.306" classname="com.OSMOSE.testcases.oCalcPro"/>
  <testcase name="verifyUpdateContactBtn" time="12.673" classname="com.OSMOSE.testcases.oCalcPro"/>
  <testcase name="verifyClickUpdateContactBtn" time="2.214" classname="com.OSMOSE.testcases.oCalcPro"/>
  <testcase name="verifyClickRenewBtn" time="6.683" classname="com.OSMOSE.testcases.oCalcPro"/>
  <testcase name="verifyPresenceOfLicenseMgmtCard1" time="39.638" classname="com.OSMOSE.testcases.oCalcPro"/>
  <testcase name="verifyFilterLicenseTypeSite" time="0.0" classname="com.OSMOSE.testcases.oCalcPro">
    <ignored/>
  </testcase> <!-- verifyFilterLicenseTypeSite -->
</testsuite> <!-- OCalcProLicense -->
