<?xml version="1.0" encoding="UTF-8"?>
<!-- Generated by org.testng.reporters.JUnitXMLReporter -->
<testsuite hostname="5CG6323N27" ignored="0" name="OCalcPro" tests="29" failures="0" timestamp="2020-11-13T22:38:22 IST" time="259.066" errors="0">
  <testcase name="loginTest" time="15.063" classname="com.OSMOSE.testcases.oCalcPro_Nor"/>
  <testcase name="verifyoCalcProNavigationClick" time="15.975" classname="com.OSMOSE.testcases.oCalcPro_Nor"/>
  <testcase name="verifyPresenceOfGetStartedWithOcalcPro" time="0.064" classname="com.OSMOSE.testcases.oCalcPro_Nor"/>
  <testcase name="verifyPresenceOfProductsCard" time="0.039" classname="com.OSMOSE.testcases.oCalcPro_Nor"/>
  <testcase name="verifyPresenceOfKnowledgeBaseCard" time="0.055" classname="com.OSMOSE.testcases.oCalcPro_Nor"/>
  <testcase name="verifyPresenceOfAnnouncementsCard" time="0.055" classname="com.OSMOSE.testcases.oCalcPro_Nor"/>
  <testcase name="verifyPresenceOfTrainingOptionsCard" time="0.049" classname="com.OSMOSE.testcases.oCalcPro_Nor"/>
  <testcase name="verifyContentsOfGetStartedWithOcalcPro" time="0.262" classname="com.OSMOSE.testcases.oCalcPro_Nor"/>
  <testcase name="verifyContentsOfProductsCard" time="0.187" classname="com.OSMOSE.testcases.oCalcPro_Nor"/>
  <testcase name="verifyContentsOfKBCard" time="0.12" classname="com.OSMOSE.testcases.oCalcPro_Nor"/>
  <testcase name="verifyContentsOfAnnouncements" time="0.57" classname="com.OSMOSE.testcases.oCalcPro_Nor"/>
  <testcase name="verifyContentsOfTrainingOptions" time="0.12" classname="com.OSMOSE.testcases.oCalcPro_Nor"/>
  <testcase name="verifyLearnMoreClickonGetStartedWithOcalcProcard" time="14.518" classname="com.OSMOSE.testcases.oCalcPro_Nor"/>
  <testcase name="verify30daysbtnClickonGetStartedWithOcalcProcard" time="3.908" classname="com.OSMOSE.testcases.oCalcPro_Nor"/>
  <testcase name="verifyRequstDemoClickonGetStartedWithOcalcProcard" time="3.879" classname="com.OSMOSE.testcases.oCalcPro_Nor"/>
  <testcase name="verifyocalcSupportClickonGetStartedWithOcalcProcard" time="5.536" classname="com.OSMOSE.testcases.oCalcPro_Nor"/>
  <testcase name="verifyProductsClick" time="2.592" classname="com.OSMOSE.testcases.oCalcPro_Nor"/>
  <testcase name="verifyRequestLicenseQuoteClick" time="6.551" classname="com.OSMOSE.testcases.oCalcPro_Nor"/>
  <testcase name="verifyRequestCVTQuoteClick" time="5.83" classname="com.OSMOSE.testcases.oCalcPro_Nor"/>
  <testcase name="verifyRequestTrainingQuoteClick" time="5.807" classname="com.OSMOSE.testcases.oCalcPro_Nor"/>
  <testcase name="verifyCurrentPublicClassesClick" time="17.749" classname="com.OSMOSE.testcases.oCalcPro_Nor"/>
  <testcase name="verifyRequestQuoteForPrivateTrainingClassesClick" time="11.473" classname="com.OSMOSE.testcases.oCalcPro_Nor"/>
  <testcase name="verifyClickOnAnAnnouncement" time="1.206" classname="com.OSMOSE.testcases.oCalcPro_Nor"/>
  <testcase name="verifyKBClick" time="19.167" classname="com.OSMOSE.testcases.oCalcPro_Nor"/>
  <testcase name="verifyKBTrainingVideosClick" time="9.882" classname="com.OSMOSE.testcases.oCalcPro_Nor"/>
  <testcase name="verifyKBWikiPageClick" time="27.135" classname="com.OSMOSE.testcases.oCalcPro_Nor"/>
  <testcase name="verifySearchResultsAreGrouped" time="15.352" classname="com.OSMOSE.testcases.oCalcPro_Nor"/>
  <testcase name="verifyTrainingVideosAreGrouped" time="9.578" classname="com.OSMOSE.testcases.oCalcPro_Nor"/>
  <testcase name="verifyPresenceOfLicenseManagementPerspective" time="50.117" classname="com.OSMOSE.testcases.oCalcPro_Nor"/>
</testsuite> <!-- OCalcPro -->
