<?xml version="1.0" encoding="UTF-8"?>
<!-- Generated by org.testng.reporters.JUnitXMLReporter -->
<testsuite hostname="5CG6323N27" ignored="27" name="OCalcPro" tests="58" failures="0" timestamp="2020-11-10T22:31:03 IST" time="705.535" errors="0">
  <testcase name="verifyoCalcProNavigationClick" time="18.577" classname="com.OSMOSE.testcases.oCalcPro"/>
  <testcase name="verifyPresenceOfLicenseMgmtCard" time="0.061" classname="com.OSMOSE.testcases.oCalcPro"/>
  <testcase name="verifyPresenceOfProductsCardLicensedUser" time="0.038" classname="com.OSMOSE.testcases.oCalcPro"/>
  <testcase name="verifyPresenceOfKnowledgeBaseCardLicensedUser" time="0.054" classname="com.OSMOSE.testcases.oCalcPro"/>
  <testcase name="verifyPresenceOfAnnouncementsCardLicensedUser" time="0.068" classname="com.OSMOSE.testcases.oCalcPro"/>
  <testcase name="verifyPresenceOfTrainingOptionsCardLicensedUser" time="0.033" classname="com.OSMOSE.testcases.oCalcPro"/>
  <testcase name="verifyPresenceOfTutorialLiveDemoCardLicensedUser" time="0.041" classname="com.OSMOSE.testcases.oCalcPro"/>
  <testcase name="verifyContentsOfTrainingOptionsLicensedUser" time="0.138" classname="com.OSMOSE.testcases.oCalcPro"/>
  <testcase name="verifyContentsOfProductsCardLicensedUser" time="0.178" classname="com.OSMOSE.testcases.oCalcPro"/>
  <testcase name="verifyContentsOfKBCardLicensedUser" time="0.127" classname="com.OSMOSE.testcases.oCalcPro"/>
  <testcase name="verifyContentsOfAnnouncementsLicensedUser" time="0.683" classname="com.OSMOSE.testcases.oCalcPro"/>
  <testcase name="verifyContentsOfLicenseMgmtLicensedUser" time="0.224" classname="com.OSMOSE.testcases.oCalcPro"/>
  <testcase name="verifyContentsOfTutorialLiveDemoLicensedUser" time="0.31" classname="com.OSMOSE.testcases.oCalcPro"/>
  <testcase name="verifyProductsClickLicensedUser" time="3.903" classname="com.OSMOSE.testcases.oCalcPro"/>
  <testcase name="verifyRequestLicenseQuoteClickLicensedUser" time="10.093" classname="com.OSMOSE.testcases.oCalcPro"/>
  <testcase name="verifyRequestCVTQuoteClickLicensedUser" time="9.341" classname="com.OSMOSE.testcases.oCalcPro"/>
  <testcase name="verifyRequestTrainingQuoteClickLicensedUser" time="9.526" classname="com.OSMOSE.testcases.oCalcPro"/>
  <testcase name="verify30daysbtnClickLicensedUser" time="5.605" classname="com.OSMOSE.testcases.oCalcPro"/>
  <testcase name="verifyRequstDemoClickLicensedUser" time="4.558" classname="com.OSMOSE.testcases.oCalcPro"/>
  <testcase name="verifyocalcSupportClickLicensedUser" time="2.294" classname="com.OSMOSE.testcases.oCalcPro"/>
  <testcase name="verifyDifferentProductsQuoteCreate" time="14.611" classname="com.OSMOSE.testcases.oCalcPro"/>
  <testcase name="verifyPresenceOfCreditCardOptions" time="74.793" classname="com.OSMOSE.testcases.oCalcPro"/>
  <testcase name="verifyClickOnPaywithCCBtn" time="27.521" classname="com.OSMOSE.testcases.oCalcPro"/>
  <testcase name="verifyClickMakePaymentBtn" time="7.468" classname="com.OSMOSE.testcases.oCalcPro"/>
  <testcase name="verifyClickIhaveCopiedMyReceiptChkBox" time="4.162" classname="com.OSMOSE.testcases.oCalcPro"/>
  <testcase name="verifyCCDetailsForNonOCalcProduct" time="115.697" classname="com.OSMOSE.testcases.oCalcPro"/>
  <testcase name="verifyPresenceOfCCReceipt" time="116.857" classname="com.OSMOSE.testcases.oCalcPro"/>
  <testcase name="verifyCurrentPublicClassesClickLicensedUser" time="17.775" classname="com.OSMOSE.testcases.oCalcPro"/>
  <testcase name="verifyRequestQuoteForPrivateTrainingClassesClickLicensedUser" time="11.528" classname="com.OSMOSE.testcases.oCalcPro"/>
  <testcase name="verifyClickOnAnAnnouncementLicensedUser" time="1.73" classname="com.OSMOSE.testcases.oCalcPro"/>
  <testcase name="verifyContentsOfFAQLicensedUser" time="6.42" classname="com.OSMOSE.testcases.oCalcPro"/>
  <testcase name="verifyFAQClickLicensedUser" time="18.353" classname="com.OSMOSE.testcases.oCalcPro"/>
  <testcase name="verifySubmitIssueClickLicensedUser" time="0.398" classname="com.OSMOSE.testcases.oCalcPro"/>
  <testcase name="verifyKBClickLicensedUser" time="26.89" classname="com.OSMOSE.testcases.oCalcPro"/>
  <testcase name="verifyKBTrainingVideosClickLicensedUser" time="15.943" classname="com.OSMOSE.testcases.oCalcPro"/>
  <testcase name="verifyKBWikiPageClickLicensedUser" time="29.056" classname="com.OSMOSE.testcases.oCalcPro"/>
  <testcase name="verifySearchResultsAreGroupedLicensedUser" time="19.404" classname="com.OSMOSE.testcases.oCalcPro"/>
  <testcase name="verifyTrainingVideosAreGroupedLicensedUser" time="15.721" classname="com.OSMOSE.testcases.oCalcPro"/>
  <testcase name="verifyContentsLicenseManagementPopUp" time="5.088" classname="com.OSMOSE.testcases.oCalcPro"/>
  <testcase name="verifyPresenceOfSkipTourNextPreviousExitTour" time="4.193" classname="com.OSMOSE.testcases.oCalcPro"/>
  <testcase name="verifyClickOnNextPreviousbtns" time="2.158" classname="com.OSMOSE.testcases.oCalcPro"/>
  <testcase name="verifyClickOnSkipTourExitTourbtns" time="4.294" classname="com.OSMOSE.testcases.oCalcPro"/>
  <testcase name="verifyOnlyRenewBtnIsEnabledOnMultipleRecordSelection" time="6.373" classname="com.OSMOSE.testcases.oCalcPro"/>
  <testcase name="verifyFilterContactName" time="3.577" classname="com.OSMOSE.testcases.oCalcPro"/>
  <testcase name="verifyFilterLicenseKey" time="1.551" classname="com.OSMOSE.testcases.oCalcPro"/>
  <testcase name="verifyFilterStatus" time="2.654" classname="com.OSMOSE.testcases.oCalcPro"/>
  <testcase name="verifyFilterExpToken" time="1.662" classname="com.OSMOSE.testcases.oCalcPro"/>
  <testcase name="verifyFilterLicenseType" time="2.802" classname="com.OSMOSE.testcases.oCalcPro"/>
  <testcase name="verifyFilterLicenseTypeSite" time="2.769" classname="com.OSMOSE.testcases.oCalcPro"/>
  <testcase name="verifyFilterPurchaseDate" time="2.764" classname="com.OSMOSE.testcases.oCalcPro"/>
  <testcase name="verifyFilterExpirationDate" time="2.83" classname="com.OSMOSE.testcases.oCalcPro"/>
  <testcase name="verifyTransferBtn" time="13.653" classname="com.OSMOSE.testcases.oCalcPro"/>
  <testcase name="verifyTransferErrorMsg" time="0.169" classname="com.OSMOSE.testcases.oCalcPro"/>
  <testcase name="verifyClickTransferLicenseBtn" time="3.855" classname="com.OSMOSE.testcases.oCalcPro"/>
  <testcase name="verifyClickResend" time="4.683" classname="com.OSMOSE.testcases.oCalcPro"/>
  <testcase name="verifyUpdateContactBtn" time="12.982" classname="com.OSMOSE.testcases.oCalcPro"/>
  <testcase name="verifyClickUpdateContactBtn" time="2.218" classname="com.OSMOSE.testcases.oCalcPro"/>
  <testcase name="verifyClickRenewBtn" time="8.585" classname="com.OSMOSE.testcases.oCalcPro"/>
  <testcase name="verifyContentsOfProductsCard" time="0.0" classname="com.OSMOSE.testcases.oCalcPro">
    <ignored/>
  </testcase> <!-- verifyContentsOfProductsCard -->
  <testcase name="verifyocalcSupportClickonGetStartedWithOcalcProcard" time="0.0" classname="com.OSMOSE.testcases.oCalcPro">
    <ignored/>
  </testcase> <!-- verifyocalcSupportClickonGetStartedWithOcalcProcard -->
  <testcase name="verifyKBTrainingVideosClick" time="0.0" classname="com.OSMOSE.testcases.oCalcPro">
    <ignored/>
  </testcase> <!-- verifyKBTrainingVideosClick -->
  <testcase name="verifyRequestCVTQuoteClick" time="0.0" classname="com.OSMOSE.testcases.oCalcPro">
    <ignored/>
  </testcase> <!-- verifyRequestCVTQuoteClick -->
  <testcase name="verifyContentsOfGetStartedWithOcalcPro" time="0.0" classname="com.OSMOSE.testcases.oCalcPro">
    <ignored/>
  </testcase> <!-- verifyContentsOfGetStartedWithOcalcPro -->
  <testcase name="verifyRequestTrainingQuoteClick" time="0.0" classname="com.OSMOSE.testcases.oCalcPro">
    <ignored/>
  </testcase> <!-- verifyRequestTrainingQuoteClick -->
  <testcase name="verifyTrainingVideosAreGrouped" time="0.0" classname="com.OSMOSE.testcases.oCalcPro">
    <ignored/>
  </testcase> <!-- verifyTrainingVideosAreGrouped -->
  <testcase name="verifyClickOnAnAnnouncement" time="0.0" classname="com.OSMOSE.testcases.oCalcPro">
    <ignored/>
  </testcase> <!-- verifyClickOnAnAnnouncement -->
  <testcase name="verifySearchResultsAreGrouped" time="0.0" classname="com.OSMOSE.testcases.oCalcPro">
    <ignored/>
  </testcase> <!-- verifySearchResultsAreGrouped -->
  <testcase name="verifyLearnMoreClickonGetStartedWithOcalcProcard" time="0.0" classname="com.OSMOSE.testcases.oCalcPro">
    <ignored/>
  </testcase> <!-- verifyLearnMoreClickonGetStartedWithOcalcProcard -->
  <testcase name="verifyKBWikiPageClick" time="0.0" classname="com.OSMOSE.testcases.oCalcPro">
    <ignored/>
  </testcase> <!-- verifyKBWikiPageClick -->
  <testcase name="verifyCurrentPublicClassesClick" time="0.0" classname="com.OSMOSE.testcases.oCalcPro">
    <ignored/>
  </testcase> <!-- verifyCurrentPublicClassesClick -->
  <testcase name="verify30daysbtnClickonGetStartedWithOcalcProcard" time="0.0" classname="com.OSMOSE.testcases.oCalcPro">
    <ignored/>
  </testcase> <!-- verify30daysbtnClickonGetStartedWithOcalcProcard -->
  <testcase name="verifyPresenceOfGetStartedWithOcalcPro" time="0.0" classname="com.OSMOSE.testcases.oCalcPro">
    <ignored/>
  </testcase> <!-- verifyPresenceOfGetStartedWithOcalcPro -->
  <testcase name="verifyPresenceOfAnnouncementsCard" time="0.0" classname="com.OSMOSE.testcases.oCalcPro">
    <ignored/>
  </testcase> <!-- verifyPresenceOfAnnouncementsCard -->
  <testcase name="verifyRequestLicenseQuoteClick" time="0.0" classname="com.OSMOSE.testcases.oCalcPro">
    <ignored/>
  </testcase> <!-- verifyRequestLicenseQuoteClick -->
  <testcase name="verifyContentsOfTrainingOptions" time="0.0" classname="com.OSMOSE.testcases.oCalcPro">
    <ignored/>
  </testcase> <!-- verifyContentsOfTrainingOptions -->
  <testcase name="verifyContentsOfAnnouncements" time="0.0" classname="com.OSMOSE.testcases.oCalcPro">
    <ignored/>
  </testcase> <!-- verifyContentsOfAnnouncements -->
  <testcase name="verifyPresenceOfTrainingOptionsCard" time="0.0" classname="com.OSMOSE.testcases.oCalcPro">
    <ignored/>
  </testcase> <!-- verifyPresenceOfTrainingOptionsCard -->
  <testcase name="verifyContentsOfKBCard" time="0.0" classname="com.OSMOSE.testcases.oCalcPro">
    <ignored/>
  </testcase> <!-- verifyContentsOfKBCard -->
  <testcase name="verifyPresenceOfLicenseManagementPerspective" time="0.0" classname="com.OSMOSE.testcases.oCalcPro">
    <ignored/>
  </testcase> <!-- verifyPresenceOfLicenseManagementPerspective -->
  <testcase name="verifyPresenceOfKnowledgeBaseCard" time="0.0" classname="com.OSMOSE.testcases.oCalcPro">
    <ignored/>
  </testcase> <!-- verifyPresenceOfKnowledgeBaseCard -->
  <testcase name="verifyPresenceOfProductsCard" time="0.0" classname="com.OSMOSE.testcases.oCalcPro">
    <ignored/>
  </testcase> <!-- verifyPresenceOfProductsCard -->
  <testcase name="verifyRequstDemoClickonGetStartedWithOcalcProcard" time="0.0" classname="com.OSMOSE.testcases.oCalcPro">
    <ignored/>
  </testcase> <!-- verifyRequstDemoClickonGetStartedWithOcalcProcard -->
  <testcase name="verifyProductsClick" time="0.0" classname="com.OSMOSE.testcases.oCalcPro">
    <ignored/>
  </testcase> <!-- verifyProductsClick -->
  <testcase name="verifyKBClick" time="0.0" classname="com.OSMOSE.testcases.oCalcPro">
    <ignored/>
  </testcase> <!-- verifyKBClick -->
  <testcase name="verifyRequestQuoteForPrivateTrainingClassesClick" time="0.0" classname="com.OSMOSE.testcases.oCalcPro">
    <ignored/>
  </testcase> <!-- verifyRequestQuoteForPrivateTrainingClassesClick -->
</testsuite> <!-- OCalcPro -->
