<?xml version="1.0" encoding="UTF-8"?>
<!-- Generated by org.testng.reporters.JUnitXMLReporter -->
<testsuite hostname="5CG6323N27" ignored="52" name="OCalcPro" tests="16" failures="0" timestamp="2020-10-20T20:14:24 IST" time="242.318" errors="0">
  <testcase name="verifyoCalcProNavigationClick" time="15.596" classname="com.OSMOSE.testcases.oCalcPro"/>
  <testcase name="verifyPresenceOfKnowledgeBaseCard" time="0.068" classname="com.OSMOSE.testcases.oCalcPro"/>
  <testcase name="verifyKBClick" time="30.565" classname="com.OSMOSE.testcases.oCalcPro"/>
  <testcase name="verifyKBClickLicensedUser" time="27.246" classname="com.OSMOSE.testcases.oCalcPro"/>
  <testcase name="verifyKBTrainingVideosClick" time="12.143" classname="com.OSMOSE.testcases.oCalcPro"/>
  <testcase name="verifyKBTrainingVideosClickLicensedUser" time="12.288" classname="com.OSMOSE.testcases.oCalcPro"/>
  <testcase name="verifyKBWikiPageClick" time="24.074" classname="com.OSMOSE.testcases.oCalcPro"/>
  <testcase name="verifyKBWikiPageClickLicensedUser" time="23.914" classname="com.OSMOSE.testcases.oCalcPro"/>
  <testcase name="verifySearchResultsAreGrouped" time="15.773" classname="com.OSMOSE.testcases.oCalcPro"/>
  <testcase name="verifySearchResultsAreGroupedLicensedUser" time="15.669" classname="com.OSMOSE.testcases.oCalcPro"/>
  <testcase name="verifyTrainingVideosAreGrouped" time="27.342" classname="com.OSMOSE.testcases.oCalcPro"/>
  <testcase name="verifyTrainingVideosAreGroupedLicensedUser" time="15.764" classname="com.OSMOSE.testcases.oCalcPro"/>
  <testcase name="verifyPresenceOfShowTour" time="2.301" classname="com.OSMOSE.testcases.oCalcPro"/>
  <testcase name="verifyPresenceOfSkipTourNextPreviousExitTour" time="2.653" classname="com.OSMOSE.testcases.oCalcPro"/>
  <testcase name="verifyClickOnNextPreviousbtns" time="2.252" classname="com.OSMOSE.testcases.oCalcPro"/>
  <testcase name="verifyClickOnSkipTourExitTourbtns" time="4.681" classname="com.OSMOSE.testcases.oCalcPro"/>
  <testcase name="verifyContentsOfProductsCard" time="0.0" classname="com.OSMOSE.testcases.oCalcPro">
    <ignored/>
  </testcase> <!-- verifyContentsOfProductsCard -->
  <testcase name="verifyRequestTrainingQuoteClickLicensedUser" time="0.0" classname="com.OSMOSE.testcases.oCalcPro">
    <ignored/>
  </testcase> <!-- verifyRequestTrainingQuoteClickLicensedUser -->
  <testcase name="verifyRequestQuoteForPrivateTrainingClassesClickLicensedUser" time="0.0" classname="com.OSMOSE.testcases.oCalcPro">
    <ignored/>
  </testcase> <!-- verifyRequestQuoteForPrivateTrainingClassesClickLicensedUser -->
  <testcase name="verifyPresenceOfKnowledgeBaseCardLicensedUser" time="0.0" classname="com.OSMOSE.testcases.oCalcPro">
    <ignored/>
  </testcase> <!-- verifyPresenceOfKnowledgeBaseCardLicensedUser -->
  <testcase name="verifyContentsOfProductsCardLicensedUser" time="0.0" classname="com.OSMOSE.testcases.oCalcPro">
    <ignored/>
  </testcase> <!-- verifyContentsOfProductsCardLicensedUser -->
  <testcase name="verifyRequestCVTQuoteClick" time="0.0" classname="com.OSMOSE.testcases.oCalcPro">
    <ignored/>
  </testcase> <!-- verifyRequestCVTQuoteClick -->
  <testcase name="verifyContentsOfGetStartedWithOcalcPro" time="0.0" classname="com.OSMOSE.testcases.oCalcPro">
    <ignored/>
  </testcase> <!-- verifyContentsOfGetStartedWithOcalcPro -->
  <testcase name="verifyClickIhaveCopiedMyReceiptChkBox" time="0.0" classname="com.OSMOSE.testcases.oCalcPro">
    <ignored/>
  </testcase> <!-- verifyClickIhaveCopiedMyReceiptChkBox -->
  <testcase name="verifyRequestTrainingQuoteClick" time="0.0" classname="com.OSMOSE.testcases.oCalcPro">
    <ignored/>
  </testcase> <!-- verifyRequestTrainingQuoteClick -->
  <testcase name="verifyContentsOfTrainingOptionsLicensedUser" time="0.0" classname="com.OSMOSE.testcases.oCalcPro">
    <ignored/>
  </testcase> <!-- verifyContentsOfTrainingOptionsLicensedUser -->
  <testcase name="verifyLearnMoreClickonGetStartedWithOcalcProcard" time="0.0" classname="com.OSMOSE.testcases.oCalcPro">
    <ignored/>
  </testcase> <!-- verifyLearnMoreClickonGetStartedWithOcalcProcard -->
  <testcase name="verifyContentsOfAnnouncementsLicensedUser" time="0.0" classname="com.OSMOSE.testcases.oCalcPro">
    <ignored/>
  </testcase> <!-- verifyContentsOfAnnouncementsLicensedUser -->
  <testcase name="verifyCurrentPublicClassesClick" time="0.0" classname="com.OSMOSE.testcases.oCalcPro">
    <ignored/>
  </testcase> <!-- verifyCurrentPublicClassesClick -->
  <testcase name="verifyContentsOfFAQLicensedUser" time="0.0" classname="com.OSMOSE.testcases.oCalcPro">
    <ignored/>
  </testcase> <!-- verifyContentsOfFAQLicensedUser -->
  <testcase name="verifyPresenceOfAnnouncementsCard" time="0.0" classname="com.OSMOSE.testcases.oCalcPro">
    <ignored/>
  </testcase> <!-- verifyPresenceOfAnnouncementsCard -->
  <testcase name="verifyContentsOfTrainingOptions" time="0.0" classname="com.OSMOSE.testcases.oCalcPro">
    <ignored/>
  </testcase> <!-- verifyContentsOfTrainingOptions -->
  <testcase name="verifyContentsOfAnnouncements" time="0.0" classname="com.OSMOSE.testcases.oCalcPro">
    <ignored/>
  </testcase> <!-- verifyContentsOfAnnouncements -->
  <testcase name="verifyPresenceOfProductsCardLicensedUser" time="0.0" classname="com.OSMOSE.testcases.oCalcPro">
    <ignored/>
  </testcase> <!-- verifyPresenceOfProductsCardLicensedUser -->
  <testcase name="verifyPresenceOfCreditCardOptions" time="0.0" classname="com.OSMOSE.testcases.oCalcPro">
    <ignored/>
  </testcase> <!-- verifyPresenceOfCreditCardOptions -->
  <testcase name="verifyPresenceOfProductsCard" time="0.0" classname="com.OSMOSE.testcases.oCalcPro">
    <ignored/>
  </testcase> <!-- verifyPresenceOfProductsCard -->
  <testcase name="verifyPresenceOfCCReceipt" time="0.0" classname="com.OSMOSE.testcases.oCalcPro">
    <ignored/>
  </testcase> <!-- verifyPresenceOfCCReceipt -->
  <testcase name="verifyClickMakePaymentBtn" time="0.0" classname="com.OSMOSE.testcases.oCalcPro">
    <ignored/>
  </testcase> <!-- verifyClickMakePaymentBtn -->
  <testcase name="verifyRequstDemoClickLicensedUser" time="0.0" classname="com.OSMOSE.testcases.oCalcPro">
    <ignored/>
  </testcase> <!-- verifyRequstDemoClickLicensedUser -->
  <testcase name="verifyDifferentProductsQuoteCreate" time="0.0" classname="com.OSMOSE.testcases.oCalcPro">
    <ignored/>
  </testcase> <!-- verifyDifferentProductsQuoteCreate -->
  <testcase name="verifyClickOnPaywithCCBtn" time="0.0" classname="com.OSMOSE.testcases.oCalcPro">
    <ignored/>
  </testcase> <!-- verifyClickOnPaywithCCBtn -->
  <testcase name="verifyRequstDemoClickonGetStartedWithOcalcProcard" time="0.0" classname="com.OSMOSE.testcases.oCalcPro">
    <ignored/>
  </testcase> <!-- verifyRequstDemoClickonGetStartedWithOcalcProcard -->
  <testcase name="verifyProductsClick" time="0.0" classname="com.OSMOSE.testcases.oCalcPro">
    <ignored/>
  </testcase> <!-- verifyProductsClick -->
  <testcase name="verifyProductsClickLicensedUser" time="0.0" classname="com.OSMOSE.testcases.oCalcPro">
    <ignored/>
  </testcase> <!-- verifyProductsClickLicensedUser -->
  <testcase name="verifyocalcSupportClickonGetStartedWithOcalcProcard" time="0.0" classname="com.OSMOSE.testcases.oCalcPro">
    <ignored/>
  </testcase> <!-- verifyocalcSupportClickonGetStartedWithOcalcProcard -->
  <testcase name="verifyPresenceOfAnnouncementsCardLicensedUser" time="0.0" classname="com.OSMOSE.testcases.oCalcPro">
    <ignored/>
  </testcase> <!-- verifyPresenceOfAnnouncementsCardLicensedUser -->
  <testcase name="verifyCurrentPublicClassesClickLicensedUser" time="0.0" classname="com.OSMOSE.testcases.oCalcPro">
    <ignored/>
  </testcase> <!-- verifyCurrentPublicClassesClickLicensedUser -->
  <testcase name="verifyClickOnAnAnnouncement" time="0.0" classname="com.OSMOSE.testcases.oCalcPro">
    <ignored/>
  </testcase> <!-- verifyClickOnAnAnnouncement -->
  <testcase name="verify30daysbtnClickonGetStartedWithOcalcProcard" time="0.0" classname="com.OSMOSE.testcases.oCalcPro">
    <ignored/>
  </testcase> <!-- verify30daysbtnClickonGetStartedWithOcalcProcard -->
  <testcase name="verifyContentsOfTutorialLiveDemoLicensedUser" time="0.0" classname="com.OSMOSE.testcases.oCalcPro">
    <ignored/>
  </testcase> <!-- verifyContentsOfTutorialLiveDemoLicensedUser -->
  <testcase name="verifyPresenceOfTrainingOptionsCardLicensedUser" time="0.0" classname="com.OSMOSE.testcases.oCalcPro">
    <ignored/>
  </testcase> <!-- verifyPresenceOfTrainingOptionsCardLicensedUser -->
  <testcase name="verifyPresenceOfGetStartedWithOcalcPro" time="0.0" classname="com.OSMOSE.testcases.oCalcPro">
    <ignored/>
  </testcase> <!-- verifyPresenceOfGetStartedWithOcalcPro -->
  <testcase name="verifyRequestLicenseQuoteClick" time="0.0" classname="com.OSMOSE.testcases.oCalcPro">
    <ignored/>
  </testcase> <!-- verifyRequestLicenseQuoteClick -->
  <testcase name="verifyFAQClickLicensedUser" time="0.0" classname="com.OSMOSE.testcases.oCalcPro">
    <ignored/>
  </testcase> <!-- verifyFAQClickLicensedUser -->
  <testcase name="verifySubmitIssueClickLicensedUser" time="0.0" classname="com.OSMOSE.testcases.oCalcPro">
    <ignored/>
  </testcase> <!-- verifySubmitIssueClickLicensedUser -->
  <testcase name="verifyContentsOfKBCardLicensedUser" time="0.0" classname="com.OSMOSE.testcases.oCalcPro">
    <ignored/>
  </testcase> <!-- verifyContentsOfKBCardLicensedUser -->
  <testcase name="verifyPresenceOfTrainingOptionsCard" time="0.0" classname="com.OSMOSE.testcases.oCalcPro">
    <ignored/>
  </testcase> <!-- verifyPresenceOfTrainingOptionsCard -->
  <testcase name="verifyRequestCVTQuoteClickLicensedUser" time="0.0" classname="com.OSMOSE.testcases.oCalcPro">
    <ignored/>
  </testcase> <!-- verifyRequestCVTQuoteClickLicensedUser -->
  <testcase name="verifyContentsOfKBCard" time="0.0" classname="com.OSMOSE.testcases.oCalcPro">
    <ignored/>
  </testcase> <!-- verifyContentsOfKBCard -->
  <testcase name="verifyPresenceOfTutorialLiveDemoCardLicensedUser" time="0.0" classname="com.OSMOSE.testcases.oCalcPro">
    <ignored/>
  </testcase> <!-- verifyPresenceOfTutorialLiveDemoCardLicensedUser -->
  <testcase name="verify30daysbtnClickLicensedUser" time="0.0" classname="com.OSMOSE.testcases.oCalcPro">
    <ignored/>
  </testcase> <!-- verify30daysbtnClickLicensedUser -->
  <testcase name="verifyContentsOfLicenseMgmtLicensedUser" time="0.0" classname="com.OSMOSE.testcases.oCalcPro">
    <ignored/>
  </testcase> <!-- verifyContentsOfLicenseMgmtLicensedUser -->
  <testcase name="verifyPresenceOfLicenseMgmtCard" time="0.0" classname="com.OSMOSE.testcases.oCalcPro">
    <ignored/>
  </testcase> <!-- verifyPresenceOfLicenseMgmtCard -->
  <testcase name="verifyCCDetailsForNonOCalcProduct" time="0.0" classname="com.OSMOSE.testcases.oCalcPro">
    <ignored/>
  </testcase> <!-- verifyCCDetailsForNonOCalcProduct -->
  <testcase name="verifyRequestLicenseQuoteClickLicensedUser" time="0.0" classname="com.OSMOSE.testcases.oCalcPro">
    <ignored/>
  </testcase> <!-- verifyRequestLicenseQuoteClickLicensedUser -->
  <testcase name="verifyocalcSupportClickLicensedUser" time="0.0" classname="com.OSMOSE.testcases.oCalcPro">
    <ignored/>
  </testcase> <!-- verifyocalcSupportClickLicensedUser -->
  <testcase name="verifyClickOnAnAnnouncementLicensedUser" time="0.0" classname="com.OSMOSE.testcases.oCalcPro">
    <ignored/>
  </testcase> <!-- verifyClickOnAnAnnouncementLicensedUser -->
  <testcase name="verifyRequestQuoteForPrivateTrainingClassesClick" time="0.0" classname="com.OSMOSE.testcases.oCalcPro">
    <ignored/>
  </testcase> <!-- verifyRequestQuoteForPrivateTrainingClassesClick -->
</testsuite> <!-- OCalcPro -->
