<?xml version="1.0" encoding="UTF-8"?>
<!-- Generated by org.testng.reporters.JUnitXMLReporter -->
<testsuite hostname="5CG6323N27" ignored="0" name="OCalcPro" tests="45" failures="0" timestamp="2020-10-06T12:01:11 IST" time="576.067" errors="0">
  <testcase name="verifyoCalcProNavigationClick" time="14.303" classname="com.OSMOSE.testcases.oCalcPro"/>
  <testcase name="verifyPresenceOfGetStartedWithOcalcPro" time="0.077" classname="com.OSMOSE.testcases.oCalcPro"/>
  <testcase name="verifyPresenceOfProductsCard" time="0.059" classname="com.OSMOSE.testcases.oCalcPro"/>
  <testcase name="verifyPresenceOfKnowledgeBaseCard" time="0.062" classname="com.OSMOSE.testcases.oCalcPro"/>
  <testcase name="verifyPresenceOfAnnouncementsCard" time="0.067" classname="com.OSMOSE.testcases.oCalcPro"/>
  <testcase name="verifyPresenceOfTrainingOptionsCard" time="0.047" classname="com.OSMOSE.testcases.oCalcPro"/>
  <testcase name="verifyContentsOfGetStartedWithOcalcPro" time="0.39" classname="com.OSMOSE.testcases.oCalcPro"/>
  <testcase name="verifyContentsOfProductsCard" time="0.234" classname="com.OSMOSE.testcases.oCalcPro"/>
  <testcase name="verifyContentsOfKBCard" time="0.146" classname="com.OSMOSE.testcases.oCalcPro"/>
  <testcase name="verifyContentsOfAnnouncements" time="0.323" classname="com.OSMOSE.testcases.oCalcPro"/>
  <testcase name="verifyContentsOfTrainingOptions" time="0.145" classname="com.OSMOSE.testcases.oCalcPro"/>
  <testcase name="verifyLearnMoreClickonGetStartedWithOcalcProcard" time="8.264" classname="com.OSMOSE.testcases.oCalcPro"/>
  <testcase name="verify30daysbtnClickonGetStartedWithOcalcProcard" time="3.877" classname="com.OSMOSE.testcases.oCalcPro"/>
  <testcase name="verifyRequstDemoClickonGetStartedWithOcalcProcard" time="3.988" classname="com.OSMOSE.testcases.oCalcPro"/>
  <testcase name="verifyocalcSupportClickonGetStartedWithOcalcProcard" time="0.517" classname="com.OSMOSE.testcases.oCalcPro"/>
  <testcase name="verifyProductsClick" time="2.739" classname="com.OSMOSE.testcases.oCalcPro"/>
  <testcase name="verifyRequestLicenseQuoteClick" time="19.367" classname="com.OSMOSE.testcases.oCalcPro"/>
  <testcase name="verifyRequestCVTQuoteClick" time="18.599" classname="com.OSMOSE.testcases.oCalcPro"/>
  <testcase name="verifyRequestTrainingQuoteClick" time="19.392" classname="com.OSMOSE.testcases.oCalcPro"/>
  <testcase name="verifyPresenceOfLicenseMgmtCard" time="0.108" classname="com.OSMOSE.testcases.oCalcPro"/>
  <testcase name="verifyPresenceOfProductsCardLicensedUser" time="0.056" classname="com.OSMOSE.testcases.oCalcPro"/>
  <testcase name="verifyPresenceOfKnowledgeBaseCardLicensedUser" time="0.04" classname="com.OSMOSE.testcases.oCalcPro"/>
  <testcase name="verifyPresenceOfAnnouncementsCardLicensedUser" time="0.054" classname="com.OSMOSE.testcases.oCalcPro"/>
  <testcase name="verifyPresenceOfTrainingOptionsCardLicensedUser" time="0.083" classname="com.OSMOSE.testcases.oCalcPro"/>
  <testcase name="verifyPresenceOfTutorialLiveDemoCardLicensedUser" time="0.05" classname="com.OSMOSE.testcases.oCalcPro"/>
  <testcase name="verifyContentsOfTrainingOptionsLicensedUser" time="0.135" classname="com.OSMOSE.testcases.oCalcPro"/>
  <testcase name="verifyContentsOfProductsCardLicensedUser" time="0.224" classname="com.OSMOSE.testcases.oCalcPro"/>
  <testcase name="verifyContentsOfKBCardLicensedUser" time="0.134" classname="com.OSMOSE.testcases.oCalcPro"/>
  <testcase name="verifyContentsOfAnnouncementsLicensedUser" time="0.258" classname="com.OSMOSE.testcases.oCalcPro"/>
  <testcase name="verifyContentsOfLicenseMgmtLicensedUser" time="0.35" classname="com.OSMOSE.testcases.oCalcPro"/>
  <testcase name="verifyContentsOfTutorialLiveDemoLicensedUser" time="0.403" classname="com.OSMOSE.testcases.oCalcPro"/>
  <testcase name="verifyProductsClickLicensedUser" time="2.734" classname="com.OSMOSE.testcases.oCalcPro"/>
  <testcase name="verifyRequestLicenseQuoteClickLicensedUser" time="24.635" classname="com.OSMOSE.testcases.oCalcPro"/>
  <testcase name="verifyRequestCVTQuoteClickLicensedUser" time="35.771" classname="com.OSMOSE.testcases.oCalcPro"/>
  <testcase name="verifyRequestTrainingQuoteClickLicensedUser" time="15.108" classname="com.OSMOSE.testcases.oCalcPro"/>
  <testcase name="verify30daysbtnClickLicensedUser" time="5.301" classname="com.OSMOSE.testcases.oCalcPro"/>
  <testcase name="verifyRequstDemoClickLicensedUser" time="5.133" classname="com.OSMOSE.testcases.oCalcPro"/>
  <testcase name="verifyocalcSupportClickLicensedUser" time="0.376" classname="com.OSMOSE.testcases.oCalcPro"/>
  <testcase name="verifyDifferentProductsQuoteCreate" time="23.411" classname="com.OSMOSE.testcases.oCalcPro"/>
  <testcase name="verifyPresenceOfCreditCardOptions" time="105.252" classname="com.OSMOSE.testcases.oCalcPro"/>
  <testcase name="verifyClickOnPaywithCCBtn" time="13.545" classname="com.OSMOSE.testcases.oCalcPro"/>
  <testcase name="verifyClickMakePaymentBtn" time="2.584" classname="com.OSMOSE.testcases.oCalcPro"/>
  <testcase name="verifyClickIhaveCopiedMyReceiptChkBox" time="17.398" classname="com.OSMOSE.testcases.oCalcPro"/>
  <testcase name="verifyCCDetailsForNonOCalcProduct" time="106.969" classname="com.OSMOSE.testcases.oCalcPro"/>
  <testcase name="verifyPresenceOfCCReceipt" time="94.523" classname="com.OSMOSE.testcases.oCalcPro"/>
</testsuite> <!-- OCalcPro -->
