<?xml version="1.0" encoding="UTF-8"?>
<!-- Generated by org.testng.reporters.JUnitXMLReporter -->
<testsuite hostname="5CG6323N27" ignored="63" name="OCalcPro" tests="21" failures="0" timestamp="2020-11-04T14:16:18 IST" time="107.87" errors="0">
  <testcase name="verifyoCalcProNavigationClick" time="14.72" classname="com.OSMOSE.testcases.oCalcPro"/>
  <testcase name="verifyContentsOfLicenseMgmtLicensedUser" time="0.373" classname="com.OSMOSE.testcases.oCalcPro"/>
  <testcase name="verifyContentsLicenseManagementPopUp" time="4.508" classname="com.OSMOSE.testcases.oCalcPro"/>
  <testcase name="verifyPresenceOfSkipTourNextPreviousExitTour" time="4.195" classname="com.OSMOSE.testcases.oCalcPro"/>
  <testcase name="verifyClickOnNextPreviousbtns" time="2.317" classname="com.OSMOSE.testcases.oCalcPro"/>
  <testcase name="verifyClickOnSkipTourExitTourbtns" time="4.322" classname="com.OSMOSE.testcases.oCalcPro"/>
  <testcase name="verifyOnlyRenewBtnIsEnabledOnMultipleRecordSelection" time="6.478" classname="com.OSMOSE.testcases.oCalcPro"/>
  <testcase name="verifyFilterContactName" time="3.493" classname="com.OSMOSE.testcases.oCalcPro"/>
  <testcase name="verifyFilterLicenseKey" time="1.549" classname="com.OSMOSE.testcases.oCalcPro"/>
  <testcase name="verifyFilterStatus" time="2.678" classname="com.OSMOSE.testcases.oCalcPro"/>
  <testcase name="verifyFilterExpToken" time="1.677" classname="com.OSMOSE.testcases.oCalcPro"/>
  <testcase name="verifyFilterLicenseType" time="2.633" classname="com.OSMOSE.testcases.oCalcPro"/>
  <testcase name="verifyFilterPurchaseDate" time="2.873" classname="com.OSMOSE.testcases.oCalcPro"/>
  <testcase name="verifyFilterExpirationDate" time="2.888" classname="com.OSMOSE.testcases.oCalcPro"/>
  <testcase name="verifyTransferBtn" time="13.791" classname="com.OSMOSE.testcases.oCalcPro"/>
  <testcase name="verifyTransferErrorMsg" time="0.217" classname="com.OSMOSE.testcases.oCalcPro"/>
  <testcase name="verifyClickTransferLicenseBtn" time="2.701" classname="com.OSMOSE.testcases.oCalcPro"/>
  <testcase name="verifyClickResend" time="4.381" classname="com.OSMOSE.testcases.oCalcPro"/>
  <testcase name="verifyUpdateContactBtn" time="12.632" classname="com.OSMOSE.testcases.oCalcPro"/>
  <testcase name="verifyClickUpdateContactBtn" time="2.295" classname="com.OSMOSE.testcases.oCalcPro"/>
  <testcase name="verifyClickRenewBtn" time="8.65" classname="com.OSMOSE.testcases.oCalcPro"/>
  <testcase name="verifyContentsOfProductsCard" time="0.0" classname="com.OSMOSE.testcases.oCalcPro">
    <ignored/>
  </testcase> <!-- verifyContentsOfProductsCard -->
  <testcase name="verifyRequestQuoteForPrivateTrainingClassesClickLicensedUser" time="0.0" classname="com.OSMOSE.testcases.oCalcPro">
    <ignored/>
  </testcase> <!-- verifyRequestQuoteForPrivateTrainingClassesClickLicensedUser -->
  <testcase name="verifyRequestTrainingQuoteClickLicensedUser" time="0.0" classname="com.OSMOSE.testcases.oCalcPro">
    <ignored/>
  </testcase> <!-- verifyRequestTrainingQuoteClickLicensedUser -->
  <testcase name="verifyPresenceOfKnowledgeBaseCardLicensedUser" time="0.0" classname="com.OSMOSE.testcases.oCalcPro">
    <ignored/>
  </testcase> <!-- verifyPresenceOfKnowledgeBaseCardLicensedUser -->
  <testcase name="verifyContentsOfProductsCardLicensedUser" time="0.0" classname="com.OSMOSE.testcases.oCalcPro">
    <ignored/>
  </testcase> <!-- verifyContentsOfProductsCardLicensedUser -->
  <testcase name="verifyRequestCVTQuoteClick" time="0.0" classname="com.OSMOSE.testcases.oCalcPro">
    <ignored/>
  </testcase> <!-- verifyRequestCVTQuoteClick -->
  <testcase name="verifyContentsOfGetStartedWithOcalcPro" time="0.0" classname="com.OSMOSE.testcases.oCalcPro">
    <ignored/>
  </testcase> <!-- verifyContentsOfGetStartedWithOcalcPro -->
  <testcase name="verifyClickIhaveCopiedMyReceiptChkBox" time="0.0" classname="com.OSMOSE.testcases.oCalcPro">
    <ignored/>
  </testcase> <!-- verifyClickIhaveCopiedMyReceiptChkBox -->
  <testcase name="verifyRequestTrainingQuoteClick" time="0.0" classname="com.OSMOSE.testcases.oCalcPro">
    <ignored/>
  </testcase> <!-- verifyRequestTrainingQuoteClick -->
  <testcase name="verifyContentsOfTrainingOptionsLicensedUser" time="0.0" classname="com.OSMOSE.testcases.oCalcPro">
    <ignored/>
  </testcase> <!-- verifyContentsOfTrainingOptionsLicensedUser -->
  <testcase name="verifyLearnMoreClickonGetStartedWithOcalcProcard" time="0.0" classname="com.OSMOSE.testcases.oCalcPro">
    <ignored/>
  </testcase> <!-- verifyLearnMoreClickonGetStartedWithOcalcProcard -->
  <testcase name="verifyContentsOfAnnouncementsLicensedUser" time="0.0" classname="com.OSMOSE.testcases.oCalcPro">
    <ignored/>
  </testcase> <!-- verifyContentsOfAnnouncementsLicensedUser -->
  <testcase name="verifyCurrentPublicClassesClick" time="0.0" classname="com.OSMOSE.testcases.oCalcPro">
    <ignored/>
  </testcase> <!-- verifyCurrentPublicClassesClick -->
  <testcase name="verifyContentsOfFAQLicensedUser" time="0.0" classname="com.OSMOSE.testcases.oCalcPro">
    <ignored/>
  </testcase> <!-- verifyContentsOfFAQLicensedUser -->
  <testcase name="verifyPresenceOfAnnouncementsCard" time="0.0" classname="com.OSMOSE.testcases.oCalcPro">
    <ignored/>
  </testcase> <!-- verifyPresenceOfAnnouncementsCard -->
  <testcase name="verifyContentsOfTrainingOptions" time="0.0" classname="com.OSMOSE.testcases.oCalcPro">
    <ignored/>
  </testcase> <!-- verifyContentsOfTrainingOptions -->
  <testcase name="verifyContentsOfAnnouncements" time="0.0" classname="com.OSMOSE.testcases.oCalcPro">
    <ignored/>
  </testcase> <!-- verifyContentsOfAnnouncements -->
  <testcase name="verifySearchResultsAreGroupedLicensedUser" time="0.0" classname="com.OSMOSE.testcases.oCalcPro">
    <ignored/>
  </testcase> <!-- verifySearchResultsAreGroupedLicensedUser -->
  <testcase name="verifyPresenceOfProductsCardLicensedUser" time="0.0" classname="com.OSMOSE.testcases.oCalcPro">
    <ignored/>
  </testcase> <!-- verifyPresenceOfProductsCardLicensedUser -->
  <testcase name="verifyPresenceOfLicenseManagementPerspective" time="0.0" classname="com.OSMOSE.testcases.oCalcPro">
    <ignored/>
  </testcase> <!-- verifyPresenceOfLicenseManagementPerspective -->
  <testcase name="verifyPresenceOfCreditCardOptions" time="0.0" classname="com.OSMOSE.testcases.oCalcPro">
    <ignored/>
  </testcase> <!-- verifyPresenceOfCreditCardOptions -->
  <testcase name="verifyPresenceOfKnowledgeBaseCard" time="0.0" classname="com.OSMOSE.testcases.oCalcPro">
    <ignored/>
  </testcase> <!-- verifyPresenceOfKnowledgeBaseCard -->
  <testcase name="verifyPresenceOfProductsCard" time="0.0" classname="com.OSMOSE.testcases.oCalcPro">
    <ignored/>
  </testcase> <!-- verifyPresenceOfProductsCard -->
  <testcase name="verifyClickMakePaymentBtn" time="0.0" classname="com.OSMOSE.testcases.oCalcPro">
    <ignored/>
  </testcase> <!-- verifyClickMakePaymentBtn -->
  <testcase name="verifyPresenceOfCCReceipt" time="0.0" classname="com.OSMOSE.testcases.oCalcPro">
    <ignored/>
  </testcase> <!-- verifyPresenceOfCCReceipt -->
  <testcase name="verifyRequstDemoClickLicensedUser" time="0.0" classname="com.OSMOSE.testcases.oCalcPro">
    <ignored/>
  </testcase> <!-- verifyRequstDemoClickLicensedUser -->
  <testcase name="verifyDifferentProductsQuoteCreate" time="0.0" classname="com.OSMOSE.testcases.oCalcPro">
    <ignored/>
  </testcase> <!-- verifyDifferentProductsQuoteCreate -->
  <testcase name="verifyTrainingVideosAreGroupedLicensedUser" time="0.0" classname="com.OSMOSE.testcases.oCalcPro">
    <ignored/>
  </testcase> <!-- verifyTrainingVideosAreGroupedLicensedUser -->
  <testcase name="verifyClickOnPaywithCCBtn" time="0.0" classname="com.OSMOSE.testcases.oCalcPro">
    <ignored/>
  </testcase> <!-- verifyClickOnPaywithCCBtn -->
  <testcase name="verifyRequstDemoClickonGetStartedWithOcalcProcard" time="0.0" classname="com.OSMOSE.testcases.oCalcPro">
    <ignored/>
  </testcase> <!-- verifyRequstDemoClickonGetStartedWithOcalcProcard -->
  <testcase name="verifyProductsClick" time="0.0" classname="com.OSMOSE.testcases.oCalcPro">
    <ignored/>
  </testcase> <!-- verifyProductsClick -->
  <testcase name="verifyProductsClickLicensedUser" time="0.0" classname="com.OSMOSE.testcases.oCalcPro">
    <ignored/>
  </testcase> <!-- verifyProductsClickLicensedUser -->
  <testcase name="verifyocalcSupportClickonGetStartedWithOcalcProcard" time="0.0" classname="com.OSMOSE.testcases.oCalcPro">
    <ignored/>
  </testcase> <!-- verifyocalcSupportClickonGetStartedWithOcalcProcard -->
  <testcase name="verifyKBTrainingVideosClickLicensedUser" time="0.0" classname="com.OSMOSE.testcases.oCalcPro">
    <ignored/>
  </testcase> <!-- verifyKBTrainingVideosClickLicensedUser -->
  <testcase name="verifyKBTrainingVideosClick" time="0.0" classname="com.OSMOSE.testcases.oCalcPro">
    <ignored/>
  </testcase> <!-- verifyKBTrainingVideosClick -->
  <testcase name="verifyPresenceOfAnnouncementsCardLicensedUser" time="0.0" classname="com.OSMOSE.testcases.oCalcPro">
    <ignored/>
  </testcase> <!-- verifyPresenceOfAnnouncementsCardLicensedUser -->
  <testcase name="verifyCurrentPublicClassesClickLicensedUser" time="0.0" classname="com.OSMOSE.testcases.oCalcPro">
    <ignored/>
  </testcase> <!-- verifyCurrentPublicClassesClickLicensedUser -->
  <testcase name="verifyTrainingVideosAreGrouped" time="0.0" classname="com.OSMOSE.testcases.oCalcPro">
    <ignored/>
  </testcase> <!-- verifyTrainingVideosAreGrouped -->
  <testcase name="verifyClickOnAnAnnouncement" time="0.0" classname="com.OSMOSE.testcases.oCalcPro">
    <ignored/>
  </testcase> <!-- verifyClickOnAnAnnouncement -->
  <testcase name="verifySearchResultsAreGrouped" time="0.0" classname="com.OSMOSE.testcases.oCalcPro">
    <ignored/>
  </testcase> <!-- verifySearchResultsAreGrouped -->
  <testcase name="verifyKBWikiPageClickLicensedUser" time="0.0" classname="com.OSMOSE.testcases.oCalcPro">
    <ignored/>
  </testcase> <!-- verifyKBWikiPageClickLicensedUser -->
  <testcase name="verifyKBWikiPageClick" time="0.0" classname="com.OSMOSE.testcases.oCalcPro">
    <ignored/>
  </testcase> <!-- verifyKBWikiPageClick -->
  <testcase name="verify30daysbtnClickonGetStartedWithOcalcProcard" time="0.0" classname="com.OSMOSE.testcases.oCalcPro">
    <ignored/>
  </testcase> <!-- verify30daysbtnClickonGetStartedWithOcalcProcard -->
  <testcase name="verifyContentsOfTutorialLiveDemoLicensedUser" time="0.0" classname="com.OSMOSE.testcases.oCalcPro">
    <ignored/>
  </testcase> <!-- verifyContentsOfTutorialLiveDemoLicensedUser -->
  <testcase name="verifyPresenceOfTrainingOptionsCardLicensedUser" time="0.0" classname="com.OSMOSE.testcases.oCalcPro">
    <ignored/>
  </testcase> <!-- verifyPresenceOfTrainingOptionsCardLicensedUser -->
  <testcase name="verifyPresenceOfGetStartedWithOcalcPro" time="0.0" classname="com.OSMOSE.testcases.oCalcPro">
    <ignored/>
  </testcase> <!-- verifyPresenceOfGetStartedWithOcalcPro -->
  <testcase name="verifyRequestLicenseQuoteClick" time="0.0" classname="com.OSMOSE.testcases.oCalcPro">
    <ignored/>
  </testcase> <!-- verifyRequestLicenseQuoteClick -->
  <testcase name="verifyFAQClickLicensedUser" time="0.0" classname="com.OSMOSE.testcases.oCalcPro">
    <ignored/>
  </testcase> <!-- verifyFAQClickLicensedUser -->
  <testcase name="verifySubmitIssueClickLicensedUser" time="0.0" classname="com.OSMOSE.testcases.oCalcPro">
    <ignored/>
  </testcase> <!-- verifySubmitIssueClickLicensedUser -->
  <testcase name="verifyContentsOfKBCardLicensedUser" time="0.0" classname="com.OSMOSE.testcases.oCalcPro">
    <ignored/>
  </testcase> <!-- verifyContentsOfKBCardLicensedUser -->
  <testcase name="verifyPresenceOfTrainingOptionsCard" time="0.0" classname="com.OSMOSE.testcases.oCalcPro">
    <ignored/>
  </testcase> <!-- verifyPresenceOfTrainingOptionsCard -->
  <testcase name="verifyRequestCVTQuoteClickLicensedUser" time="0.0" classname="com.OSMOSE.testcases.oCalcPro">
    <ignored/>
  </testcase> <!-- verifyRequestCVTQuoteClickLicensedUser -->
  <testcase name="verifyContentsOfKBCard" time="0.0" classname="com.OSMOSE.testcases.oCalcPro">
    <ignored/>
  </testcase> <!-- verifyContentsOfKBCard -->
  <testcase name="verifyPresenceOfTutorialLiveDemoCardLicensedUser" time="0.0" classname="com.OSMOSE.testcases.oCalcPro">
    <ignored/>
  </testcase> <!-- verifyPresenceOfTutorialLiveDemoCardLicensedUser -->
  <testcase name="verify30daysbtnClickLicensedUser" time="0.0" classname="com.OSMOSE.testcases.oCalcPro">
    <ignored/>
  </testcase> <!-- verify30daysbtnClickLicensedUser -->
  <testcase name="verifyKBClickLicensedUser" time="0.0" classname="com.OSMOSE.testcases.oCalcPro">
    <ignored/>
  </testcase> <!-- verifyKBClickLicensedUser -->
  <testcase name="verifyPresenceOfLicenseMgmtCard" time="0.0" classname="com.OSMOSE.testcases.oCalcPro">
    <ignored/>
  </testcase> <!-- verifyPresenceOfLicenseMgmtCard -->
  <testcase name="verifyCCDetailsForNonOCalcProduct" time="0.0" classname="com.OSMOSE.testcases.oCalcPro">
    <ignored/>
  </testcase> <!-- verifyCCDetailsForNonOCalcProduct -->
  <testcase name="verifyRequestLicenseQuoteClickLicensedUser" time="0.0" classname="com.OSMOSE.testcases.oCalcPro">
    <ignored/>
  </testcase> <!-- verifyRequestLicenseQuoteClickLicensedUser -->
  <testcase name="verifyocalcSupportClickLicensedUser" time="0.0" classname="com.OSMOSE.testcases.oCalcPro">
    <ignored/>
  </testcase> <!-- verifyocalcSupportClickLicensedUser -->
  <testcase name="verifyClickOnAnAnnouncementLicensedUser" time="0.0" classname="com.OSMOSE.testcases.oCalcPro">
    <ignored/>
  </testcase> <!-- verifyClickOnAnAnnouncementLicensedUser -->
  <testcase name="verifyKBClick" time="0.0" classname="com.OSMOSE.testcases.oCalcPro">
    <ignored/>
  </testcase> <!-- verifyKBClick -->
  <testcase name="verifyRequestQuoteForPrivateTrainingClassesClick" time="0.0" classname="com.OSMOSE.testcases.oCalcPro">
    <ignored/>
  </testcase> <!-- verifyRequestQuoteForPrivateTrainingClassesClick -->
</testsuite> <!-- OCalcPro -->
