<?xml version="1.0" encoding="UTF-8"?>
<!-- Generated by org.testng.reporters.JUnitXMLReporter -->
<testsuite hostname="5CG6323N27" ignored="5" name="OULogin" tests="15" failures="0" timestamp="2020-07-09T20:47:43 IST" time="189.341" errors="0">
  <testcase name="loginTest" time="19.099" classname="com.OSMOSE.testcases.OULogin"/>
  <testcase name="verifyOUCard" time="2.748" classname="com.OSMOSE.testcases.OULogin"/>
  <testcase name="verifyProductCard" time="0.156" classname="com.OSMOSE.testcases.OULogin"/>
  <testcase name="verifyHyperlinks" time="0.153" classname="com.OSMOSE.testcases.OULogin"/>
  <testcase name="verifyVideoLinks" time="0.1" classname="com.OSMOSE.testcases.OULogin"/>
  <testcase name="verifyLiveEventCLick" time="12.435" classname="com.OSMOSE.testcases.OULogin"/>
  <testcase name="verifyWebinarsClick" time="42.022" classname="com.OSMOSE.testcases.OULogin"/>
  <testcase name="verifyOCalcClick" time="12.411" classname="com.OSMOSE.testcases.OULogin"/>
  <testcase name="clickOnOuLink" time="12.432" classname="com.OSMOSE.testcases.OULogin"/>
  <testcase name="verifyLiveEventsSTS" time="13.052" classname="com.OSMOSE.testcases.OULogin"/>
  <testcase name="verifyLiveEventsJUS" time="12.994" classname="com.OSMOSE.testcases.OULogin"/>
  <testcase name="verifyLiveEventsWPTS" time="13.102" classname="com.OSMOSE.testcases.OULogin"/>
  <testcase name="verifyDETAILSANDREGISTRATION" time="13.532" classname="com.OSMOSE.testcases.OULogin"/>
  <testcase name="verifyClickingTheWebinars" time="12.213" classname="com.OSMOSE.testcases.OULogin"/>
  <testcase name="verifyOClacTrainingButton" time="13.197" classname="com.OSMOSE.testcases.OULogin"/>
  <testcase name="verifyContactAndStray" time="0.0" classname="com.OSMOSE.testcases.OULogin">
    <ignored/>
  </testcase> <!-- verifyContactAndStray -->
  <testcase name="verifySteelStructuresProtected" time="0.0" classname="com.OSMOSE.testcases.OULogin">
    <ignored/>
  </testcase> <!-- verifySteelStructuresProtected -->
  <testcase name="steelStructuresProtectedMOREINFOREGISTRATION" time="0.0" classname="com.OSMOSE.testcases.OULogin">
    <ignored/>
  </testcase> <!-- steelStructuresProtectedMOREINFOREGISTRATION -->
  <testcase name="verifyUpcomingWebinarsPage" time="0.0" classname="com.OSMOSE.testcases.OULogin">
    <ignored/>
  </testcase> <!-- verifyUpcomingWebinarsPage -->
  <testcase name="ContactAndStrayMOREINFOREGISTRATION" time="0.0" classname="com.OSMOSE.testcases.OULogin">
    <ignored/>
  </testcase> <!-- ContactAndStrayMOREINFOREGISTRATION -->
</testsuite> <!-- OULogin -->
