<?xml version="1.0" encoding="UTF-8"?>
<!-- Generated by org.testng.reporters.JUnitXMLReporter -->
<testsuite hostname="5CG6323N27" ignored="5" name="OULogin" tests="24" failures="0" timestamp="2020-12-11T23:30:53 IST" time="313.656" errors="0">
  <testcase name="verifyOUCard" time="5.585" classname="com.OSMOSE.testcases.OULogin"/>
  <testcase name="verifyKnowledgeBaseCard" time="0.073" classname="com.OSMOSE.testcases.OULogin"/>
  <testcase name="verifyProductCard" time="0.037" classname="com.OSMOSE.testcases.OULogin"/>
  <testcase name="verifyContactUs" time="0.039" classname="com.OSMOSE.testcases.OULogin"/>
  <testcase name="verifyHyperlinks" time="0.113" classname="com.OSMOSE.testcases.OULogin"/>
  <testcase name="verifyVideoLinks" time="0.076" classname="com.OSMOSE.testcases.OULogin"/>
  <testcase name="verifyOsmoseUniversityNavigationClick" time="14.44" classname="com.OSMOSE.testcases.OULogin"/>
  <testcase name="verifyLiveEventCLick" time="12.438" classname="com.OSMOSE.testcases.OULogin"/>
  <testcase name="verifyWebinarsClick" time="13.527" classname="com.OSMOSE.testcases.OULogin"/>
  <testcase name="verifyOCalcClick" time="12.257" classname="com.OSMOSE.testcases.OULogin"/>
  <testcase name="clickOnOuLink" time="12.362" classname="com.OSMOSE.testcases.OULogin"/>
  <testcase name="verifyLiveEventsSTS" time="13.484" classname="com.OSMOSE.testcases.OULogin"/>
  <testcase name="verifyLiveEventsJUS" time="12.507" classname="com.OSMOSE.testcases.OULogin"/>
  <testcase name="verifyLiveEventsWPTS" time="13.725" classname="com.OSMOSE.testcases.OULogin"/>
  <testcase name="verifyDETAILSANDREGISTRATION" time="13.79" classname="com.OSMOSE.testcases.OULogin"/>
  <testcase name="verifyClickingTheWebinars" time="12.447" classname="com.OSMOSE.testcases.OULogin"/>
  <testcase name="verifyOClacTrainingButton" time="12.779" classname="com.OSMOSE.testcases.OULogin"/>
  <testcase name="verifySearchWebinarsHistorical" time="19.535" classname="com.OSMOSE.testcases.OULogin"/>
  <testcase name="verifyInvalidSearchHistorical" time="13.929" classname="com.OSMOSE.testcases.OULogin"/>
  <testcase name="verifySortWebinarsHistorical" time="19.081" classname="com.OSMOSE.testcases.OULogin"/>
  <testcase name="verifyClearSearchHistorical" time="19.217" classname="com.OSMOSE.testcases.OULogin"/>
  <testcase name="verifyVideoGalleryHistorical" time="26.992" classname="com.OSMOSE.testcases.OULogin"/>
  <testcase name="verifyPopularQueriesSearchResults" time="25.169" classname="com.OSMOSE.testcases.OULogin"/>
  <testcase name="verifyPopularQueriesReset" time="23.691" classname="com.OSMOSE.testcases.OULogin"/>
  <testcase name="verifyContactAndStray" time="0.0" classname="com.OSMOSE.testcases.OULogin">
    <ignored/>
  </testcase> <!-- verifyContactAndStray -->
  <testcase name="verifySteelStructuresProtected" time="0.0" classname="com.OSMOSE.testcases.OULogin">
    <ignored/>
  </testcase> <!-- verifySteelStructuresProtected -->
  <testcase name="steelStructuresProtectedMOREINFOREGISTRATION" time="0.0" classname="com.OSMOSE.testcases.OULogin">
    <ignored/>
  </testcase> <!-- steelStructuresProtectedMOREINFOREGISTRATION -->
  <testcase name="verifyUpcomingWebinarsPage" time="0.0" classname="com.OSMOSE.testcases.OULogin">
    <ignored/>
  </testcase> <!-- verifyUpcomingWebinarsPage -->
  <testcase name="ContactAndStrayMOREINFOREGISTRATION" time="0.0" classname="com.OSMOSE.testcases.OULogin">
    <ignored/>
  </testcase> <!-- ContactAndStrayMOREINFOREGISTRATION -->
</testsuite> <!-- OULogin -->
