<?xml version="1.0" encoding="UTF-8"?>
<!-- Generated by org.testng.reporters.JUnitXMLReporter -->
<testsuite hostname="5CG6323N27" ignored="54" name="Product" tests="2" failures="0" timestamp="2020-07-06T20:40:23 IST" time="25.524" errors="0">
  <testcase name="verifyTheProductLink" time="14.37" classname="com.OSMOSE.testcases.Product"/>
  <testcase name="verifySubmitwhileREQuoting" time="10.286" classname="com.OSMOSE.testcases.Product"/>
  <testcase name="SubmitQuotewithQuotePendingstatus" time="0.0" classname="com.OSMOSE.testcases.Product">
    <ignored/>
  </testcase> <!-- SubmitQuotewithQuotePendingstatus -->
  <testcase name="DeleteQuanityinShoppingCart" time="0.0" classname="com.OSMOSE.testcases.Product">
    <ignored/>
  </testcase> <!-- DeleteQuanityinShoppingCart -->
  <testcase name="openMyQuotesElementPresent" time="0.0" classname="com.OSMOSE.testcases.Product">
    <ignored/>
  </testcase> <!-- openMyQuotesElementPresent -->
  <testcase name="catalogElementPresent" time="0.0" classname="com.OSMOSE.testcases.Product">
    <ignored/>
  </testcase> <!-- catalogElementPresent -->
  <testcase name="verifyTheSearchOneAlphabet" time="0.0" classname="com.OSMOSE.testcases.Product">
    <ignored/>
  </testcase> <!-- verifyTheSearchOneAlphabet -->
  <testcase name="viewDetailsElementPresent" time="0.0" classname="com.OSMOSE.testcases.Product">
    <ignored/>
  </testcase> <!-- viewDetailsElementPresent -->
  <testcase name="verifyTheSearch" time="0.0" classname="com.OSMOSE.testcases.Product">
    <ignored/>
  </testcase> <!-- verifyTheSearch -->
  <testcase name="SubmitQuotewithOrderedstatus" time="0.0" classname="com.OSMOSE.testcases.Product">
    <ignored/>
  </testcase> <!-- SubmitQuotewithOrderedstatus -->
  <testcase name="UpdateIncreaseQuanityinShoppingCart" time="0.0" classname="com.OSMOSE.testcases.Product">
    <ignored/>
  </testcase> <!-- UpdateIncreaseQuanityinShoppingCart -->
  <testcase name="verifyTheSearchCrossButton" time="0.0" classname="com.OSMOSE.testcases.Product">
    <ignored/>
  </testcase> <!-- verifyTheSearchCrossButton -->
  <testcase name="SubmitQuotewithQuotedstatus" time="0.0" classname="com.OSMOSE.testcases.Product">
    <ignored/>
  </testcase> <!-- SubmitQuotewithQuotedstatus -->
  <testcase name="ClickManageQuotesLink" time="0.0" classname="com.OSMOSE.testcases.Product">
    <ignored/>
  </testcase> <!-- ClickManageQuotesLink -->
  <testcase name="verifyCancelwhileREQuoting" time="0.0" classname="com.OSMOSE.testcases.Product">
    <ignored/>
  </testcase> <!-- verifyCancelwhileREQuoting -->
  <testcase name="FeaturedProductPoleRestoration" time="0.0" classname="com.OSMOSE.testcases.Product">
    <ignored/>
  </testcase> <!-- FeaturedProductPoleRestoration -->
  <testcase name="CreateQuote_ZipCode" time="0.0" classname="com.OSMOSE.testcases.Product">
    <ignored/>
  </testcase> <!-- CreateQuote_ZipCode -->
  <testcase name="sliderItemPresent" time="0.0" classname="com.OSMOSE.testcases.Product">
    <ignored/>
  </testcase> <!-- sliderItemPresent -->
  <testcase name="CreateQuote_Comments" time="0.0" classname="com.OSMOSE.testcases.Product">
    <ignored/>
  </testcase> <!-- CreateQuote_Comments -->
  <testcase name="VerifyFPImageClick" time="0.0" classname="com.OSMOSE.testcases.Product">
    <ignored/>
  </testcase> <!-- VerifyFPImageClick -->
  <testcase name="AddQuantityandverifyCellNumber" time="0.0" classname="com.OSMOSE.testcases.Product">
    <ignored/>
  </testcase> <!-- AddQuantityandverifyCellNumber -->
  <testcase name="adminElementPresent" time="0.0" classname="com.OSMOSE.testcases.Product">
    <ignored/>
  </testcase> <!-- adminElementPresent -->
  <testcase name="shoppingCartElementPresent" time="0.0" classname="com.OSMOSE.testcases.Product">
    <ignored/>
  </testcase> <!-- shoppingCartElementPresent -->
  <testcase name="SubmitQuotewithOrderRequestedstatus" time="0.0" classname="com.OSMOSE.testcases.Product">
    <ignored/>
  </testcase> <!-- SubmitQuotewithOrderRequestedstatus -->
  <testcase name="verifyAddShoppingCarttext" time="0.0" classname="com.OSMOSE.testcases.Product">
    <ignored/>
  </testcase> <!-- verifyAddShoppingCarttext -->
  <testcase name="searchElementPresent" time="0.0" classname="com.OSMOSE.testcases.Product">
    <ignored/>
  </testcase> <!-- searchElementPresent -->
  <testcase name="CreateQuote" time="0.0" classname="com.OSMOSE.testcases.Product">
    <ignored/>
  </testcase> <!-- CreateQuote -->
  <testcase name="allSixProductPresent" time="0.0" classname="com.OSMOSE.testcases.Product">
    <ignored/>
  </testcase> <!-- allSixProductPresent -->
  <testcase name="verifyThankyouPopup" time="0.0" classname="com.OSMOSE.testcases.Product">
    <ignored/>
  </testcase> <!-- verifyThankyouPopup -->
  <testcase name="CreateQuote_Attachment" time="0.0" classname="com.OSMOSE.testcases.Product">
    <ignored/>
  </testcase> <!-- CreateQuote_Attachment -->
  <testcase name="VerifyUIonClickQuoteID" time="0.0" classname="com.OSMOSE.testcases.Product">
    <ignored/>
  </testcase> <!-- VerifyUIonClickQuoteID -->
  <testcase name="verifyTheValidationmessage" time="0.0" classname="com.OSMOSE.testcases.Product">
    <ignored/>
  </testcase> <!-- verifyTheValidationmessage -->
  <testcase name="ClickDownloadProducts" time="0.0" classname="com.OSMOSE.testcases.Product">
    <ignored/>
  </testcase> <!-- ClickDownloadProducts -->
  <testcase name="VerifyProductclick" time="0.0" classname="com.OSMOSE.testcases.Product">
    <ignored/>
  </testcase> <!-- VerifyProductclick -->
  <testcase name="AddShoppingCart" time="0.0" classname="com.OSMOSE.testcases.Product">
    <ignored/>
  </testcase> <!-- AddShoppingCart -->
  <testcase name="verifyTheSearchFullname" time="0.0" classname="com.OSMOSE.testcases.Product">
    <ignored/>
  </testcase> <!-- verifyTheSearchFullname -->
  <testcase name="MyQuotes_96421" time="0.0" classname="com.OSMOSE.testcases.Product">
    <ignored/>
  </testcase> <!-- MyQuotes_96421 -->
  <testcase name="verifyUpdatedQuantityOnOverlay" time="0.0" classname="com.OSMOSE.testcases.Product">
    <ignored/>
  </testcase> <!-- verifyUpdatedQuantityOnOverlay -->
  <testcase name="verifyTheProductCart" time="0.0" classname="com.OSMOSE.testcases.Product">
    <ignored/>
  </testcase> <!-- verifyTheProductCart -->
  <testcase name="verifyTheSearchfirstname" time="0.0" classname="com.OSMOSE.testcases.Product">
    <ignored/>
  </testcase> <!-- verifyTheSearchfirstname -->
  <testcase name="ReturnPolicy" time="0.0" classname="com.OSMOSE.testcases.Product">
    <ignored/>
  </testcase> <!-- ReturnPolicy -->
  <testcase name="SubmitQuotewithQuoteCancelledstatus" time="0.0" classname="com.OSMOSE.testcases.Product">
    <ignored/>
  </testcase> <!-- SubmitQuotewithQuoteCancelledstatus -->
  <testcase name="VerifyUIonApprove" time="0.0" classname="com.OSMOSE.testcases.Product">
    <ignored/>
  </testcase> <!-- VerifyUIonApprove -->
  <testcase name="ClickShoppingCartIcon" time="0.0" classname="com.OSMOSE.testcases.Product">
    <ignored/>
  </testcase> <!-- ClickShoppingCartIcon -->
  <testcase name="ClickUploadProducts" time="0.0" classname="com.OSMOSE.testcases.Product">
    <ignored/>
  </testcase> <!-- ClickUploadProducts -->
  <testcase name="VerifyAddShopping_Sameitem" time="0.0" classname="com.OSMOSE.testcases.Product">
    <ignored/>
  </testcase> <!-- VerifyAddShopping_Sameitem -->
  <testcase name="UpdateDecreaseQuanityinShoppingCart" time="0.0" classname="com.OSMOSE.testcases.Product">
    <ignored/>
  </testcase> <!-- UpdateDecreaseQuanityinShoppingCart -->
  <testcase name="verifyCategoryFilter" time="0.0" classname="com.OSMOSE.testcases.Product">
    <ignored/>
  </testcase> <!-- verifyCategoryFilter -->
  <testcase name="VerifyCrossicononhoppingCart_Differentitem" time="0.0" classname="com.OSMOSE.testcases.Product">
    <ignored/>
  </testcase> <!-- VerifyCrossicononhoppingCart_Differentitem -->
  <testcase name="VerifyCrossicononhoppingCart" time="0.0" classname="com.OSMOSE.testcases.Product">
    <ignored/>
  </testcase> <!-- VerifyCrossicononhoppingCart -->
  <testcase name="ClickShoppingViewCartbutton" time="0.0" classname="com.OSMOSE.testcases.Product">
    <ignored/>
  </testcase> <!-- ClickShoppingViewCartbutton -->
  <testcase name="ClickShoppingSubmitCartbutton" time="0.0" classname="com.OSMOSE.testcases.Product">
    <ignored/>
  </testcase> <!-- ClickShoppingSubmitCartbutton -->
  <testcase name="ClickManageProducts" time="0.0" classname="com.OSMOSE.testcases.Product">
    <ignored/>
  </testcase> <!-- ClickManageProducts -->
  <testcase name="ClickProductsinReview" time="0.0" classname="com.OSMOSE.testcases.Product">
    <ignored/>
  </testcase> <!-- ClickProductsinReview -->
  <testcase name="HomepageCarticon" time="0.0" classname="com.OSMOSE.testcases.Product">
    <ignored/>
  </testcase> <!-- HomepageCarticon -->
  <testcase name="verifyViewDetail" time="0.0" classname="com.OSMOSE.testcases.Product">
    <ignored/>
  </testcase> <!-- verifyViewDetail -->
</testsuite> <!-- Product -->
