<?xml version="1.0" encoding="UTF-8"?>
<!-- Generated by org.testng.reporters.JUnitXMLReporter -->
<testsuite hostname="5CG6323N27" ignored="3" name="Product" tests="85" failures="0" timestamp="2020-08-27T14:47:05 IST" time="1749.195" errors="0">
  <testcase name="verifyTheProductLink" time="3.489" classname="com.OSMOSE.testcases.Product"/>
  <testcase name="searchElementPresent" time="50.062" classname="com.OSMOSE.testcases.Product"/>
  <testcase name="catalogElementPresent" time="0.032" classname="com.OSMOSE.testcases.Product"/>
  <testcase name="openMyQuotesElementPresent" time="0.029" classname="com.OSMOSE.testcases.Product"/>
  <testcase name="shoppingCartElementPresent" time="0.039" classname="com.OSMOSE.testcases.Product"/>
  <testcase name="adminElementPresent" time="0.071" classname="com.OSMOSE.testcases.Product"/>
  <testcase name="viewDetailsElementPresent" time="0.029" classname="com.OSMOSE.testcases.Product"/>
  <testcase name="allSixProductPresent" time="0.025" classname="com.OSMOSE.testcases.Product"/>
  <testcase name="sliderItemPresent" time="0.091" classname="com.OSMOSE.testcases.Product"/>
  <testcase name="verifyCategoryFilter" time="50.027" classname="com.OSMOSE.testcases.Product"/>
  <testcase name="VerifyFPImageClick" time="51.537" classname="com.OSMOSE.testcases.Product"/>
  <testcase name="verifyViewDetail" time="8.399" classname="com.OSMOSE.testcases.Product"/>
  <testcase name="VerifyProductclick" time="14.953" classname="com.OSMOSE.testcases.Product"/>
  <testcase name="AddQuantityandverifyCellNumber" time="17.886" classname="com.OSMOSE.testcases.Product"/>
  <testcase name="FeaturedProductPoleRestoration" time="12.331" classname="com.OSMOSE.testcases.Product"/>
  <testcase name="verifyTheSearchfirstname" time="13.647" classname="com.OSMOSE.testcases.Product"/>
  <testcase name="verifyTheSearchFullname" time="12.473" classname="com.OSMOSE.testcases.Product"/>
  <testcase name="verifyTheSearchOneAlphabet" time="22.275" classname="com.OSMOSE.testcases.Product"/>
  <testcase name="verifyTheSearchCrossButton" time="14.318" classname="com.OSMOSE.testcases.Product"/>
  <testcase name="verifyTheValidationmessage" time="13.361" classname="com.OSMOSE.testcases.Product"/>
  <testcase name="ReturnPolicy" time="10.232" classname="com.OSMOSE.testcases.Product"/>
  <testcase name="verifyAddShoppingCarttext" time="18.287" classname="com.OSMOSE.testcases.Product"/>
  <testcase name="AddShoppingCart" time="5.245" classname="com.OSMOSE.testcases.Product"/>
  <testcase name="VerifyCrossicononhoppingCart" time="1.033" classname="com.OSMOSE.testcases.Product"/>
  <testcase name="VerifyCrossicononhoppingCart_Differentitem" time="9.163" classname="com.OSMOSE.testcases.Product"/>
  <testcase name="VerifyAddShopping_Sameitem" time="8.634" classname="com.OSMOSE.testcases.Product"/>
  <testcase name="DeleteQuanityinShoppingCart" time="5.14" classname="com.OSMOSE.testcases.Product"/>
  <testcase name="UpdateIncreaseQuanityinShoppingCart" time="12.169" classname="com.OSMOSE.testcases.Product"/>
  <testcase name="UpdateDecreaseQuanityinShoppingCart" time="28.243" classname="com.OSMOSE.testcases.Product"/>
  <testcase name="CreateQuote" time="8.46" classname="com.OSMOSE.testcases.Product"/>
  <testcase name="CreateQuote_Comments" time="8.52" classname="com.OSMOSE.testcases.Product"/>
  <testcase name="CreateQuote_ZipCode" time="8.23" classname="com.OSMOSE.testcases.Product"/>
  <testcase name="CreateQuote_Attachment" time="9.538" classname="com.OSMOSE.testcases.Product"/>
  <testcase name="ClickShoppingCartIcon" time="10.223" classname="com.OSMOSE.testcases.Product"/>
  <testcase name="ClickShoppingViewCartbutton" time="8.196" classname="com.OSMOSE.testcases.Product"/>
  <testcase name="ClickShoppingSubmitCartbutton" time="8.362" classname="com.OSMOSE.testcases.Product"/>
  <testcase name="verifyUpdatedQuantityOnOverlay" time="10.734" classname="com.OSMOSE.testcases.Product"/>
  <testcase name="MyQuotes_96421" time="6.729" classname="com.OSMOSE.testcases.Product"/>
  <testcase name="verifyStatusFilterAll" time="26.077" classname="com.OSMOSE.testcases.Product"/>
  <testcase name="verifyStatusFilterExpired" time="31.1" classname="com.OSMOSE.testcases.Product"/>
  <testcase name="verifyStatusFilterOrdered" time="41.036" classname="com.OSMOSE.testcases.Product"/>
  <testcase name="verifyStatusFilterQuoted" time="41.052" classname="com.OSMOSE.testcases.Product"/>
  <testcase name="verifyStatusFilterQuotePending" time="41.122" classname="com.OSMOSE.testcases.Product"/>
  <testcase name="verifyStatusFilterCancelled" time="41.109" classname="com.OSMOSE.testcases.Product"/>
  <testcase name="verifyStatusFilterOrderRequested" time="36.074" classname="com.OSMOSE.testcases.Product"/>
  <testcase name="SortBydd" time="9.295" classname="com.OSMOSE.testcases.Product"/>
  <testcase name="HomepageCarticon" time="14.661" classname="com.OSMOSE.testcases.Product"/>
  <testcase name="ClickManageQuotesLink" time="3.367" classname="com.OSMOSE.testcases.Product"/>
  <testcase name="VerifyUIonClickQuoteID" time="4.551" classname="com.OSMOSE.testcases.Product"/>
  <testcase name="SubmitQuotewithOrderedstatus" time="9.339" classname="com.OSMOSE.testcases.Product"/>
  <testcase name="SubmitQuotewithQuotePendingstatus" time="18.715" classname="com.OSMOSE.testcases.Product"/>
  <testcase name="SubmitQuotewithMoreThan20mbFile" time="27.444" classname="com.OSMOSE.testcases.Product"/>
  <testcase name="SubmitQuotewithInvalidFileType" time="25.43" classname="com.OSMOSE.testcases.Product"/>
  <testcase name="SubmitQuotewithQuoteCancelledstatus" time="12.725" classname="com.OSMOSE.testcases.Product"/>
  <testcase name="SubmitQuotewithQuotedstatus" time="32.132" classname="com.OSMOSE.testcases.Product"/>
  <testcase name="SubmitQuotewithOrderRequestedstatus" time="9.407" classname="com.OSMOSE.testcases.Product"/>
  <testcase name="SubmitQuotewithExpiredstatus" time="9.258" classname="com.OSMOSE.testcases.Product"/>
  <testcase name="ClickManageProducts" time="2.288" classname="com.OSMOSE.testcases.Product"/>
  <testcase name="ClickDownloadProducts" time="7.207" classname="com.OSMOSE.testcases.Product"/>
  <testcase name="ClickProductsinReview" time="2.159" classname="com.OSMOSE.testcases.Product"/>
  <testcase name="ClickReview" time="7.97" classname="com.OSMOSE.testcases.Product"/>
  <testcase name="ClickApprove" time="9.204" classname="com.OSMOSE.testcases.Product"/>
  <testcase name="ClickReject" time="9.379" classname="com.OSMOSE.testcases.Product"/>
  <testcase name="ClickUploadProducts" time="10.334" classname="com.OSMOSE.testcases.Product"/>
  <testcase name="ClickDictionaryLink" time="40.014" classname="com.OSMOSE.testcases.Product"/>
  <testcase name="VerifyUIonApprove" time="114.327" classname="com.OSMOSE.testcases.Product"/>
  <testcase name="VerifyApprovebtndisabled" time="119.274" classname="com.OSMOSE.testcases.Product"/>
  <testcase name="verifyThankyouPopup" time="125.587" classname="com.OSMOSE.testcases.Product"/>
  <testcase name="verifyCancelwhileREQuoting" time="39.383" classname="com.OSMOSE.testcases.Product"/>
  <testcase name="verifySubmitwhileREQuoting" time="58.664" classname="com.OSMOSE.testcases.Product"/>
  <testcase name="verifyAddToCartWhileReQuoting" time="71.334" classname="com.OSMOSE.testcases.Product"/>
  <testcase name="verifyExclamationOnMyQuotes" time="20.408" classname="com.OSMOSE.testcases.Product"/>
  <testcase name="VerifyShoppingAddbtndisabled" time="4.876" classname="com.OSMOSE.testcases.Product"/>
  <testcase name="VerifyShoppingCarrtAddbtnDisabledclearqty" time="5.133" classname="com.OSMOSE.testcases.Product"/>
  <testcase name="verifyCartIconCount" time="16.209" classname="com.OSMOSE.testcases.Product"/>
  <testcase name="VerifyShoppingCarrtMinMaxqty" time="11.771" classname="com.OSMOSE.testcases.Product"/>
  <testcase name="GoBack" time="13.414" classname="com.OSMOSE.testcases.Product"/>
  <testcase name="CreateQuote_MultipleAttachment" time="35.772" classname="com.OSMOSE.testcases.Product"/>
  <testcase name="CreateQuote_UpdateeAttachment" time="10.775" classname="com.OSMOSE.testcases.Product"/>
  <testcase name="SubmitQuotewithoutFile" time="18.426" classname="com.OSMOSE.testcases.Product"/>
  <testcase name="VerifyAddingRelatedProductsToShoppingCart" time="17.68" classname="com.OSMOSE.testcases.Product"/>
  <testcase name="VerifyTooltipForSizeDropDown" time="9.638" classname="com.OSMOSE.testcases.Product"/>
  <testcase name="UpdateChangeProductAddToShoppingCart" time="15.314" classname="com.OSMOSE.testcases.Product"/>
  <testcase name="verifyDeleteProductOnOverlay" time="8.371" classname="com.OSMOSE.testcases.Product"/>
  <testcase name="MyQuotesComments_Collapse" time="14.129" classname="com.OSMOSE.testcases.Product"/>
  <testcase name="verifyTheSearch" time="0.0" classname="com.OSMOSE.testcases.Product">
    <ignored/>
  </testcase> <!-- verifyTheSearch -->
  <testcase name="SubmitQuotewithNegativeExpireDays" time="0.0" classname="com.OSMOSE.testcases.Product">
    <ignored/>
  </testcase> <!-- SubmitQuotewithNegativeExpireDays -->
  <testcase name="verifyTheProductCart" time="0.0" classname="com.OSMOSE.testcases.Product">
    <ignored/>
  </testcase> <!-- verifyTheProductCart -->
</testsuite> <!-- Product -->
