<?xml version="1.0" encoding="UTF-8"?>
<!-- Generated by org.testng.reporters.JUnitXMLReporter -->
<testsuite hostname="5CG6323N27" ignored="3" name="Product" tests="85" failures="0" timestamp="2020-08-28T11:53:57 IST" time="1882.006" errors="0">
  <testcase name="verifyTheProductLink" time="3.586" classname="com.OSMOSE.testcases.Product"/>
  <testcase name="searchElementPresent" time="50.282" classname="com.OSMOSE.testcases.Product"/>
  <testcase name="catalogElementPresent" time="0.055" classname="com.OSMOSE.testcases.Product"/>
  <testcase name="openMyQuotesElementPresent" time="0.033" classname="com.OSMOSE.testcases.Product"/>
  <testcase name="shoppingCartElementPresent" time="0.063" classname="com.OSMOSE.testcases.Product"/>
  <testcase name="adminElementPresent" time="0.048" classname="com.OSMOSE.testcases.Product"/>
  <testcase name="viewDetailsElementPresent" time="0.037" classname="com.OSMOSE.testcases.Product"/>
  <testcase name="allSixProductPresent" time="0.036" classname="com.OSMOSE.testcases.Product"/>
  <testcase name="sliderItemPresent" time="0.099" classname="com.OSMOSE.testcases.Product"/>
  <testcase name="verifyCategoryFilter" time="50.047" classname="com.OSMOSE.testcases.Product"/>
  <testcase name="VerifyFPImageClick" time="52.084" classname="com.OSMOSE.testcases.Product"/>
  <testcase name="verifyViewDetail" time="8.571" classname="com.OSMOSE.testcases.Product"/>
  <testcase name="VerifyProductclick" time="15.929" classname="com.OSMOSE.testcases.Product"/>
  <testcase name="AddQuantityandverifyCellNumber" time="18.641" classname="com.OSMOSE.testcases.Product"/>
  <testcase name="FeaturedProductPoleRestoration" time="14.736" classname="com.OSMOSE.testcases.Product"/>
  <testcase name="verifyTheSearchfirstname" time="14.601" classname="com.OSMOSE.testcases.Product"/>
  <testcase name="verifyTheSearchFullname" time="13.0" classname="com.OSMOSE.testcases.Product"/>
  <testcase name="verifyTheSearchOneAlphabet" time="22.346" classname="com.OSMOSE.testcases.Product"/>
  <testcase name="verifyTheSearchCrossButton" time="14.812" classname="com.OSMOSE.testcases.Product"/>
  <testcase name="verifyTheValidationmessage" time="13.467" classname="com.OSMOSE.testcases.Product"/>
  <testcase name="ReturnPolicy" time="11.393" classname="com.OSMOSE.testcases.Product"/>
  <testcase name="verifyAddShoppingCarttext" time="18.937" classname="com.OSMOSE.testcases.Product"/>
  <testcase name="AddShoppingCart" time="6.425" classname="com.OSMOSE.testcases.Product"/>
  <testcase name="VerifyCrossicononhoppingCart" time="1.319" classname="com.OSMOSE.testcases.Product"/>
  <testcase name="VerifyCrossicononhoppingCart_Differentitem" time="10.842" classname="com.OSMOSE.testcases.Product"/>
  <testcase name="VerifyAddShopping_Sameitem" time="9.825" classname="com.OSMOSE.testcases.Product"/>
  <testcase name="DeleteQuanityinShoppingCart" time="6.232" classname="com.OSMOSE.testcases.Product"/>
  <testcase name="UpdateIncreaseQuanityinShoppingCart" time="13.619" classname="com.OSMOSE.testcases.Product"/>
  <testcase name="UpdateDecreaseQuanityinShoppingCart" time="29.058" classname="com.OSMOSE.testcases.Product"/>
  <testcase name="CreateQuote" time="12.173" classname="com.OSMOSE.testcases.Product"/>
  <testcase name="CreateQuote_Comments" time="10.46" classname="com.OSMOSE.testcases.Product"/>
  <testcase name="CreateQuote_ZipCode" time="10.179" classname="com.OSMOSE.testcases.Product"/>
  <testcase name="CreateQuote_Attachment" time="11.241" classname="com.OSMOSE.testcases.Product"/>
  <testcase name="ClickShoppingCartIcon" time="11.222" classname="com.OSMOSE.testcases.Product"/>
  <testcase name="ClickShoppingViewCartbutton" time="8.852" classname="com.OSMOSE.testcases.Product"/>
  <testcase name="ClickShoppingSubmitCartbutton" time="10.077" classname="com.OSMOSE.testcases.Product"/>
  <testcase name="verifyUpdatedQuantityOnOverlay" time="12.124" classname="com.OSMOSE.testcases.Product"/>
  <testcase name="MyQuotes_96421" time="7.647" classname="com.OSMOSE.testcases.Product"/>
  <testcase name="verifyStatusFilterAll" time="27.477" classname="com.OSMOSE.testcases.Product"/>
  <testcase name="verifyStatusFilterExpired" time="32.564" classname="com.OSMOSE.testcases.Product"/>
  <testcase name="verifyStatusFilterOrdered" time="41.89" classname="com.OSMOSE.testcases.Product"/>
  <testcase name="verifyStatusFilterQuoted" time="43.729" classname="com.OSMOSE.testcases.Product"/>
  <testcase name="verifyStatusFilterQuotePending" time="42.198" classname="com.OSMOSE.testcases.Product"/>
  <testcase name="verifyStatusFilterCancelled" time="42.195" classname="com.OSMOSE.testcases.Product"/>
  <testcase name="verifyStatusFilterOrderRequested" time="37.201" classname="com.OSMOSE.testcases.Product"/>
  <testcase name="SortBydd" time="9.7" classname="com.OSMOSE.testcases.Product"/>
  <testcase name="HomepageCarticon" time="17.081" classname="com.OSMOSE.testcases.Product"/>
  <testcase name="ClickManageQuotesLink" time="4.796" classname="com.OSMOSE.testcases.Product"/>
  <testcase name="VerifyUIonClickQuoteID" time="5.648" classname="com.OSMOSE.testcases.Product"/>
  <testcase name="SubmitQuotewithOrderedstatus" time="10.379" classname="com.OSMOSE.testcases.Product"/>
  <testcase name="SubmitQuotewithQuotePendingstatus" time="19.17" classname="com.OSMOSE.testcases.Product"/>
  <testcase name="SubmitQuotewithMoreThan20mbFile" time="30.18" classname="com.OSMOSE.testcases.Product"/>
  <testcase name="SubmitQuotewithInvalidFileType" time="27.772" classname="com.OSMOSE.testcases.Product"/>
  <testcase name="SubmitQuotewithQuoteCancelledstatus" time="14.625" classname="com.OSMOSE.testcases.Product"/>
  <testcase name="SubmitQuotewithQuotedstatus" time="33.319" classname="com.OSMOSE.testcases.Product"/>
  <testcase name="SubmitQuotewithOrderRequestedstatus" time="12.13" classname="com.OSMOSE.testcases.Product"/>
  <testcase name="SubmitQuotewithExpiredstatus" time="10.277" classname="com.OSMOSE.testcases.Product"/>
  <testcase name="ClickManageProducts" time="2.73" classname="com.OSMOSE.testcases.Product"/>
  <testcase name="ClickDownloadProducts" time="7.408" classname="com.OSMOSE.testcases.Product"/>
  <testcase name="ClickProductsinReview" time="2.585" classname="com.OSMOSE.testcases.Product"/>
  <testcase name="ClickReview" time="8.337" classname="com.OSMOSE.testcases.Product"/>
  <testcase name="ClickApprove" time="9.374" classname="com.OSMOSE.testcases.Product"/>
  <testcase name="ClickReject" time="9.967" classname="com.OSMOSE.testcases.Product"/>
  <testcase name="ClickUploadProducts" time="10.567" classname="com.OSMOSE.testcases.Product"/>
  <testcase name="ClickDictionaryLink" time="41.361" classname="com.OSMOSE.testcases.Product"/>
  <testcase name="VerifyUIonApprove" time="117.168" classname="com.OSMOSE.testcases.Product"/>
  <testcase name="VerifyApprovebtndisabled" time="123.397" classname="com.OSMOSE.testcases.Product"/>
  <testcase name="verifyThankyouPopup" time="130.487" classname="com.OSMOSE.testcases.Product"/>
  <testcase name="verifyCancelwhileREQuoting" time="42.808" classname="com.OSMOSE.testcases.Product"/>
  <testcase name="verifySubmitwhileREQuoting" time="61.638" classname="com.OSMOSE.testcases.Product"/>
  <testcase name="verifyAddToCartWhileReQuoting" time="78.033" classname="com.OSMOSE.testcases.Product"/>
  <testcase name="verifyExclamationOnMyQuotes" time="21.179" classname="com.OSMOSE.testcases.Product"/>
  <testcase name="VerifyShoppingAddbtndisabled" time="5.153" classname="com.OSMOSE.testcases.Product"/>
  <testcase name="VerifyShoppingCarrtAddbtnDisabledclearqty" time="6.449" classname="com.OSMOSE.testcases.Product"/>
  <testcase name="verifyCartIconCount" time="19.413" classname="com.OSMOSE.testcases.Product"/>
  <testcase name="VerifyShoppingCarrtMinMaxqty" time="15.055" classname="com.OSMOSE.testcases.Product"/>
  <testcase name="GoBack" time="14.415" classname="com.OSMOSE.testcases.Product"/>
  <testcase name="CreateQuote_MultipleAttachment" time="38.27" classname="com.OSMOSE.testcases.Product"/>
  <testcase name="CreateQuote_UpdateeAttachment" time="12.487" classname="com.OSMOSE.testcases.Product"/>
  <testcase name="SubmitQuotewithoutFile" time="19.242" classname="com.OSMOSE.testcases.Product"/>
  <testcase name="VerifyAddingRelatedProductsToShoppingCart" time="18.602" classname="com.OSMOSE.testcases.Product"/>
  <testcase name="VerifyTooltipForSizeDropDown" time="11.155" classname="com.OSMOSE.testcases.Product"/>
  <testcase name="UpdateChangeProductAddToShoppingCart" time="20.615" classname="com.OSMOSE.testcases.Product"/>
  <testcase name="verifyDeleteProductOnOverlay" time="9.29" classname="com.OSMOSE.testcases.Product"/>
  <testcase name="MyQuotesComments_Collapse" time="15.576" classname="com.OSMOSE.testcases.Product"/>
  <testcase name="verifyTheSearch" time="0.0" classname="com.OSMOSE.testcases.Product">
    <ignored/>
  </testcase> <!-- verifyTheSearch -->
  <testcase name="SubmitQuotewithNegativeExpireDays" time="0.0" classname="com.OSMOSE.testcases.Product">
    <ignored/>
  </testcase> <!-- SubmitQuotewithNegativeExpireDays -->
  <testcase name="verifyTheProductCart" time="0.0" classname="com.OSMOSE.testcases.Product">
    <ignored/>
  </testcase> <!-- verifyTheProductCart -->
</testsuite> <!-- Product -->
