<?xml version="1.0" encoding="UTF-8"?>
<!-- Generated by org.testng.reporters.JUnitXMLReporter -->
<testsuite hostname="5CG6323N27" ignored="2" name="Product" tests="65" failures="0" timestamp="2020-08-04T20:02:41 IST" time="1203.621" errors="0">
  <testcase name="verifyTheProductLink" time="3.523" classname="com.OSMOSE.testcases.Product"/>
  <testcase name="searchElementPresent" time="50.077" classname="com.OSMOSE.testcases.Product"/>
  <testcase name="catalogElementPresent" time="0.029" classname="com.OSMOSE.testcases.Product"/>
  <testcase name="openMyQuotesElementPresent" time="0.03" classname="com.OSMOSE.testcases.Product"/>
  <testcase name="shoppingCartElementPresent" time="0.092" classname="com.OSMOSE.testcases.Product"/>
  <testcase name="adminElementPresent" time="0.04" classname="com.OSMOSE.testcases.Product"/>
  <testcase name="viewDetailsElementPresent" time="0.03" classname="com.OSMOSE.testcases.Product"/>
  <testcase name="allSixProductPresent" time="0.024" classname="com.OSMOSE.testcases.Product"/>
  <testcase name="sliderItemPresent" time="0.083" classname="com.OSMOSE.testcases.Product"/>
  <testcase name="verifyCategoryFilter" time="50.054" classname="com.OSMOSE.testcases.Product"/>
  <testcase name="VerifyFPImageClick" time="51.607" classname="com.OSMOSE.testcases.Product"/>
  <testcase name="verifyViewDetail" time="8.393" classname="com.OSMOSE.testcases.Product"/>
  <testcase name="VerifyProductclick" time="14.492" classname="com.OSMOSE.testcases.Product"/>
  <testcase name="AddQuantityandverifyCellNumber" time="17.899" classname="com.OSMOSE.testcases.Product"/>
  <testcase name="FeaturedProductPoleRestoration" time="13.396" classname="com.OSMOSE.testcases.Product"/>
  <testcase name="verifyTheSearchfirstname" time="13.531" classname="com.OSMOSE.testcases.Product"/>
  <testcase name="verifyTheSearchFullname" time="12.474" classname="com.OSMOSE.testcases.Product"/>
  <testcase name="verifyTheSearchOneAlphabet" time="22.284" classname="com.OSMOSE.testcases.Product"/>
  <testcase name="verifyTheSearchCrossButton" time="14.376" classname="com.OSMOSE.testcases.Product"/>
  <testcase name="verifyTheValidationmessage" time="13.422" classname="com.OSMOSE.testcases.Product"/>
  <testcase name="ReturnPolicy" time="10.733" classname="com.OSMOSE.testcases.Product"/>
  <testcase name="verifyAddShoppingCarttext" time="17.965" classname="com.OSMOSE.testcases.Product"/>
  <testcase name="AddShoppingCart" time="5.345" classname="com.OSMOSE.testcases.Product"/>
  <testcase name="VerifyCrossicononhoppingCart" time="1.029" classname="com.OSMOSE.testcases.Product"/>
  <testcase name="VerifyCrossicononhoppingCart_Differentitem" time="9.62" classname="com.OSMOSE.testcases.Product"/>
  <testcase name="VerifyAddShopping_Sameitem" time="8.639" classname="com.OSMOSE.testcases.Product"/>
  <testcase name="DeleteQuanityinShoppingCart" time="5.15" classname="com.OSMOSE.testcases.Product"/>
  <testcase name="UpdateIncreaseQuanityinShoppingCart" time="12.153" classname="com.OSMOSE.testcases.Product"/>
  <testcase name="UpdateDecreaseQuanityinShoppingCart" time="28.513" classname="com.OSMOSE.testcases.Product"/>
  <testcase name="CreateQuote" time="6.03" classname="com.OSMOSE.testcases.Product"/>
  <testcase name="CreateQuote_Comments" time="5.754" classname="com.OSMOSE.testcases.Product"/>
  <testcase name="CreateQuote_ZipCode" time="5.373" classname="com.OSMOSE.testcases.Product"/>
  <testcase name="CreateQuote_Attachment" time="7.388" classname="com.OSMOSE.testcases.Product"/>
  <testcase name="ClickShoppingCartIcon" time="5.346" classname="com.OSMOSE.testcases.Product"/>
  <testcase name="ClickShoppingViewCartbutton" time="5.122" classname="com.OSMOSE.testcases.Product"/>
  <testcase name="ClickShoppingSubmitCartbutton" time="5.425" classname="com.OSMOSE.testcases.Product"/>
  <testcase name="verifyUpdatedQuantityOnOverlay" time="7.701" classname="com.OSMOSE.testcases.Product"/>
  <testcase name="MyQuotes_96421" time="6.548" classname="com.OSMOSE.testcases.Product"/>
  <testcase name="verifyStatusFilterAll" time="25.789" classname="com.OSMOSE.testcases.Product"/>
  <testcase name="verifyStatusFilterExpired" time="35.714" classname="com.OSMOSE.testcases.Product"/>
  <testcase name="verifyStatusFilterOrdered" time="40.778" classname="com.OSMOSE.testcases.Product"/>
  <testcase name="verifyStatusFilterQuoted" time="40.765" classname="com.OSMOSE.testcases.Product"/>
  <testcase name="verifyStatusFilterQuotePending" time="40.754" classname="com.OSMOSE.testcases.Product"/>
  <testcase name="verifyStatusFilterCancelled" time="40.683" classname="com.OSMOSE.testcases.Product"/>
  <testcase name="verifyStatusFilterOrderRequested" time="35.578" classname="com.OSMOSE.testcases.Product"/>
  <testcase name="HomepageCarticon" time="14.45" classname="com.OSMOSE.testcases.Product"/>
  <testcase name="ClickManageQuotesLink" time="3.4" classname="com.OSMOSE.testcases.Product"/>
  <testcase name="VerifyUIonClickQuoteID" time="4.538" classname="com.OSMOSE.testcases.Product"/>
  <testcase name="SubmitQuotewithOrderedstatus" time="9.334" classname="com.OSMOSE.testcases.Product"/>
  <testcase name="SubmitQuotewithQuotePendingstatus" time="9.577" classname="com.OSMOSE.testcases.Product"/>
  <testcase name="SubmitQuotewithQuoteCancelledstatus" time="12.574" classname="com.OSMOSE.testcases.Product"/>
  <testcase name="SubmitQuotewithQuotedstatus" time="17.707" classname="com.OSMOSE.testcases.Product"/>
  <testcase name="SubmitQuotewithOrderRequestedstatus" time="9.298" classname="com.OSMOSE.testcases.Product"/>
  <testcase name="ClickManageProducts" time="2.285" classname="com.OSMOSE.testcases.Product"/>
  <testcase name="ClickDownloadProducts" time="7.241" classname="com.OSMOSE.testcases.Product"/>
  <testcase name="ClickProductsinReview" time="2.158" classname="com.OSMOSE.testcases.Product"/>
  <testcase name="ClickUploadProducts" time="10.363" classname="com.OSMOSE.testcases.Product"/>
  <testcase name="ClickDictionaryLink" time="58.043" classname="com.OSMOSE.testcases.Product"/>
  <testcase name="VerifyUIonApprove" time="48.849" classname="com.OSMOSE.testcases.Product"/>
  <testcase name="VerifyApprovebtndisabled" time="52.75" classname="com.OSMOSE.testcases.Product"/>
  <testcase name="verifyThankyouPopup" time="53.222" classname="com.OSMOSE.testcases.Product"/>
  <testcase name="verifyCancelwhileREQuoting" time="39.879" classname="com.OSMOSE.testcases.Product"/>
  <testcase name="verifySubmitwhileREQuoting" time="55.409" classname="com.OSMOSE.testcases.Product"/>
  <testcase name="verifyAddToCartWhileReQuoting" time="49.684" classname="com.OSMOSE.testcases.Product"/>
  <testcase name="verifyExclamationOnMyQuotes" time="15.871" classname="com.OSMOSE.testcases.Product"/>
  <testcase name="verifyTheSearch" time="0.0" classname="com.OSMOSE.testcases.Product">
    <ignored/>
  </testcase> <!-- verifyTheSearch -->
  <testcase name="verifyTheProductCart" time="0.0" classname="com.OSMOSE.testcases.Product">
    <ignored/>
  </testcase> <!-- verifyTheProductCart -->
</testsuite> <!-- Product -->
