<?xml version="1.0" encoding="UTF-8"?>
<!-- Generated by org.testng.reporters.JUnitXMLReporter -->
<testsuite hostname="IND-5CG6191Y3W" ignored="37" name="Product" tests="3" failures="0" timestamp="2020-06-26T17:21:56 IST" time="21.789" errors="0">
  <testcase name="verifyTheProductLink" time="14.317" classname="com.OSMOSE.testcases.Product"/>
  <testcase name="AddShoppingCart" time="5.082" classname="com.OSMOSE.testcases.Product"/>
  <testcase name="VerifyCrossicononhoppingCart" time="1.055" classname="com.OSMOSE.testcases.Product"/>
  <testcase name="VerifyUIonClickQuoteID" time="0.0" classname="com.OSMOSE.testcases.Product">
    <ignored/>
  </testcase> <!-- VerifyUIonClickQuoteID -->
  <testcase name="SubmitQuotewithQuotePendingstatus" time="0.0" classname="com.OSMOSE.testcases.Product">
    <ignored/>
  </testcase> <!-- SubmitQuotewithQuotePendingstatus -->
  <testcase name="verifyTheValidationmessage" time="0.0" classname="com.OSMOSE.testcases.Product">
    <ignored/>
  </testcase> <!-- verifyTheValidationmessage -->
  <testcase name="VerifyProductclick" time="0.0" classname="com.OSMOSE.testcases.Product">
    <ignored/>
  </testcase> <!-- VerifyProductclick -->
  <testcase name="DeleteQuanityinShoppingCart" time="0.0" classname="com.OSMOSE.testcases.Product">
    <ignored/>
  </testcase> <!-- DeleteQuanityinShoppingCart -->
  <testcase name="verifyTheSearchFullname" time="0.0" classname="com.OSMOSE.testcases.Product">
    <ignored/>
  </testcase> <!-- verifyTheSearchFullname -->
  <testcase name="openMyQuotesElementPresent" time="0.0" classname="com.OSMOSE.testcases.Product">
    <ignored/>
  </testcase> <!-- openMyQuotesElementPresent -->
  <testcase name="catalogElementPresent" time="0.0" classname="com.OSMOSE.testcases.Product">
    <ignored/>
  </testcase> <!-- catalogElementPresent -->
  <testcase name="verifyTheProductCart" time="0.0" classname="com.OSMOSE.testcases.Product">
    <ignored/>
  </testcase> <!-- verifyTheProductCart -->
  <testcase name="verifyTheSearchOneAlphabet" time="0.0" classname="com.OSMOSE.testcases.Product">
    <ignored/>
  </testcase> <!-- verifyTheSearchOneAlphabet -->
  <testcase name="verifyTheSearchfirstname" time="0.0" classname="com.OSMOSE.testcases.Product">
    <ignored/>
  </testcase> <!-- verifyTheSearchfirstname -->
  <testcase name="viewDetailsElementPresent" time="0.0" classname="com.OSMOSE.testcases.Product">
    <ignored/>
  </testcase> <!-- viewDetailsElementPresent -->
  <testcase name="ReturnPolicy" time="0.0" classname="com.OSMOSE.testcases.Product">
    <ignored/>
  </testcase> <!-- ReturnPolicy -->
  <testcase name="verifyTheSearch" time="0.0" classname="com.OSMOSE.testcases.Product">
    <ignored/>
  </testcase> <!-- verifyTheSearch -->
  <testcase name="SubmitQuotewithQuoteCancelledstatus" time="0.0" classname="com.OSMOSE.testcases.Product">
    <ignored/>
  </testcase> <!-- SubmitQuotewithQuoteCancelledstatus -->
  <testcase name="SubmitQuotewithOrderedstatus" time="0.0" classname="com.OSMOSE.testcases.Product">
    <ignored/>
  </testcase> <!-- SubmitQuotewithOrderedstatus -->
  <testcase name="UpdateIncreaseQuanityinShoppingCart" time="0.0" classname="com.OSMOSE.testcases.Product">
    <ignored/>
  </testcase> <!-- UpdateIncreaseQuanityinShoppingCart -->
  <testcase name="verifyTheSearchCrossButton" time="0.0" classname="com.OSMOSE.testcases.Product">
    <ignored/>
  </testcase> <!-- verifyTheSearchCrossButton -->
  <testcase name="SubmitQuotewithQuotedstatus" time="0.0" classname="com.OSMOSE.testcases.Product">
    <ignored/>
  </testcase> <!-- SubmitQuotewithQuotedstatus -->
  <testcase name="ClickManageQuotesLink" time="0.0" classname="com.OSMOSE.testcases.Product">
    <ignored/>
  </testcase> <!-- ClickManageQuotesLink -->
  <testcase name="UpdateDecreaseQuanityinShoppingCart" time="0.0" classname="com.OSMOSE.testcases.Product">
    <ignored/>
  </testcase> <!-- UpdateDecreaseQuanityinShoppingCart -->
  <testcase name="verifyCategoryFilter" time="0.0" classname="com.OSMOSE.testcases.Product">
    <ignored/>
  </testcase> <!-- verifyCategoryFilter -->
  <testcase name="FeaturedProductPoleRestoration" time="0.0" classname="com.OSMOSE.testcases.Product">
    <ignored/>
  </testcase> <!-- FeaturedProductPoleRestoration -->
  <testcase name="CreateQuote_ZipCode" time="0.0" classname="com.OSMOSE.testcases.Product">
    <ignored/>
  </testcase> <!-- CreateQuote_ZipCode -->
  <testcase name="sliderItemPresent" time="0.0" classname="com.OSMOSE.testcases.Product">
    <ignored/>
  </testcase> <!-- sliderItemPresent -->
  <testcase name="VerifyCrossicononhoppingCart_Sameitem_multipletime" time="0.0" classname="com.OSMOSE.testcases.Product">
    <ignored/>
  </testcase> <!-- VerifyCrossicononhoppingCart_Sameitem_multipletime -->
  <testcase name="CreateQuote_Comments" time="0.0" classname="com.OSMOSE.testcases.Product">
    <ignored/>
  </testcase> <!-- CreateQuote_Comments -->
  <testcase name="VerifyFPImageClick" time="0.0" classname="com.OSMOSE.testcases.Product">
    <ignored/>
  </testcase> <!-- VerifyFPImageClick -->
  <testcase name="AddQuantityandverifyCellNumber" time="0.0" classname="com.OSMOSE.testcases.Product">
    <ignored/>
  </testcase> <!-- AddQuantityandverifyCellNumber -->
  <testcase name="adminElementPresent" time="0.0" classname="com.OSMOSE.testcases.Product">
    <ignored/>
  </testcase> <!-- adminElementPresent -->
  <testcase name="shoppingCartElementPresent" time="0.0" classname="com.OSMOSE.testcases.Product">
    <ignored/>
  </testcase> <!-- shoppingCartElementPresent -->
  <testcase name="verifyAddShoppingCarttext" time="0.0" classname="com.OSMOSE.testcases.Product">
    <ignored/>
  </testcase> <!-- verifyAddShoppingCarttext -->
  <testcase name="searchElementPresent" time="0.0" classname="com.OSMOSE.testcases.Product">
    <ignored/>
  </testcase> <!-- searchElementPresent -->
  <testcase name="CreateQuote" time="0.0" classname="com.OSMOSE.testcases.Product">
    <ignored/>
  </testcase> <!-- CreateQuote -->
  <testcase name="allSixProductPresent" time="0.0" classname="com.OSMOSE.testcases.Product">
    <ignored/>
  </testcase> <!-- allSixProductPresent -->
  <testcase name="verifyViewDetail" time="0.0" classname="com.OSMOSE.testcases.Product">
    <ignored/>
  </testcase> <!-- verifyViewDetail -->
  <testcase name="CreateQuote_Attachment" time="0.0" classname="com.OSMOSE.testcases.Product">
    <ignored/>
  </testcase> <!-- CreateQuote_Attachment -->
</testsuite> <!-- Product -->
