<?xml version="1.0" encoding="UTF-8"?>
<!-- Generated by org.testng.reporters.JUnitXMLReporter -->
<testsuite hostname="5CG6323N27" ignored="3" name="Product" tests="85" failures="0" timestamp="2020-08-11T10:27:31 IST" time="2030.504" errors="0">
  <testcase name="verifyTheProductLink" time="3.747" classname="com.OSMOSE.testcases.Product"/>
  <testcase name="searchElementPresent" time="50.107" classname="com.OSMOSE.testcases.Product"/>
  <testcase name="catalogElementPresent" time="0.035" classname="com.OSMOSE.testcases.Product"/>
  <testcase name="openMyQuotesElementPresent" time="0.03" classname="com.OSMOSE.testcases.Product"/>
  <testcase name="shoppingCartElementPresent" time="0.057" classname="com.OSMOSE.testcases.Product"/>
  <testcase name="adminElementPresent" time="0.04" classname="com.OSMOSE.testcases.Product"/>
  <testcase name="viewDetailsElementPresent" time="0.031" classname="com.OSMOSE.testcases.Product"/>
  <testcase name="allSixProductPresent" time="0.041" classname="com.OSMOSE.testcases.Product"/>
  <testcase name="sliderItemPresent" time="0.09" classname="com.OSMOSE.testcases.Product"/>
  <testcase name="verifyCategoryFilter" time="50.029" classname="com.OSMOSE.testcases.Product"/>
  <testcase name="VerifyFPImageClick" time="52.075" classname="com.OSMOSE.testcases.Product"/>
  <testcase name="verifyViewDetail" time="8.612" classname="com.OSMOSE.testcases.Product"/>
  <testcase name="VerifyProductclick" time="15.063" classname="com.OSMOSE.testcases.Product"/>
  <testcase name="AddQuantityandverifyCellNumber" time="19.372" classname="com.OSMOSE.testcases.Product"/>
  <testcase name="FeaturedProductPoleRestoration" time="15.167" classname="com.OSMOSE.testcases.Product"/>
  <testcase name="verifyTheSearchfirstname" time="14.087" classname="com.OSMOSE.testcases.Product"/>
  <testcase name="verifyTheSearchFullname" time="12.727" classname="com.OSMOSE.testcases.Product"/>
  <testcase name="verifyTheSearchOneAlphabet" time="22.693" classname="com.OSMOSE.testcases.Product"/>
  <testcase name="verifyTheSearchCrossButton" time="14.669" classname="com.OSMOSE.testcases.Product"/>
  <testcase name="verifyTheValidationmessage" time="13.72" classname="com.OSMOSE.testcases.Product"/>
  <testcase name="ReturnPolicy" time="11.409" classname="com.OSMOSE.testcases.Product"/>
  <testcase name="verifyAddShoppingCarttext" time="18.626" classname="com.OSMOSE.testcases.Product"/>
  <testcase name="AddShoppingCart" time="6.326" classname="com.OSMOSE.testcases.Product"/>
  <testcase name="VerifyCrossicononhoppingCart" time="1.102" classname="com.OSMOSE.testcases.Product"/>
  <testcase name="VerifyCrossicononhoppingCart_Differentitem" time="11.227" classname="com.OSMOSE.testcases.Product"/>
  <testcase name="VerifyAddShopping_Sameitem" time="9.079" classname="com.OSMOSE.testcases.Product"/>
  <testcase name="DeleteQuanityinShoppingCart" time="6.073" classname="com.OSMOSE.testcases.Product"/>
  <testcase name="UpdateIncreaseQuanityinShoppingCart" time="13.242" classname="com.OSMOSE.testcases.Product"/>
  <testcase name="UpdateDecreaseQuanityinShoppingCart" time="58.508" classname="com.OSMOSE.testcases.Product"/>
  <testcase name="CreateQuote" time="8.769" classname="com.OSMOSE.testcases.Product"/>
  <testcase name="CreateQuote_Comments" time="9.152" classname="com.OSMOSE.testcases.Product"/>
  <testcase name="CreateQuote_ZipCode" time="8.823" classname="com.OSMOSE.testcases.Product"/>
  <testcase name="CreateQuote_Attachment" time="12.612" classname="com.OSMOSE.testcases.Product"/>
  <testcase name="ClickShoppingCartIcon" time="24.391" classname="com.OSMOSE.testcases.Product"/>
  <testcase name="ClickShoppingViewCartbutton" time="18.258" classname="com.OSMOSE.testcases.Product"/>
  <testcase name="ClickShoppingSubmitCartbutton" time="10.17" classname="com.OSMOSE.testcases.Product"/>
  <testcase name="verifyUpdatedQuantityOnOverlay" time="12.288" classname="com.OSMOSE.testcases.Product"/>
  <testcase name="MyQuotes_96421" time="8.01" classname="com.OSMOSE.testcases.Product"/>
  <testcase name="verifyStatusFilterAll" time="28.275" classname="com.OSMOSE.testcases.Product"/>
  <testcase name="verifyStatusFilterExpired" time="38.481" classname="com.OSMOSE.testcases.Product"/>
  <testcase name="verifyStatusFilterOrdered" time="42.822" classname="com.OSMOSE.testcases.Product"/>
  <testcase name="verifyStatusFilterQuoted" time="42.388" classname="com.OSMOSE.testcases.Product"/>
  <testcase name="verifyStatusFilterQuotePending" time="43.246" classname="com.OSMOSE.testcases.Product"/>
  <testcase name="verifyStatusFilterCancelled" time="42.888" classname="com.OSMOSE.testcases.Product"/>
  <testcase name="verifyStatusFilterOrderRequested" time="38.298" classname="com.OSMOSE.testcases.Product"/>
  <testcase name="SortBydd" time="9.877" classname="com.OSMOSE.testcases.Product"/>
  <testcase name="HomepageCarticon" time="16.009" classname="com.OSMOSE.testcases.Product"/>
  <testcase name="ClickManageQuotesLink" time="4.247" classname="com.OSMOSE.testcases.Product"/>
  <testcase name="VerifyUIonClickQuoteID" time="4.878" classname="com.OSMOSE.testcases.Product"/>
  <testcase name="SubmitQuotewithOrderedstatus" time="9.47" classname="com.OSMOSE.testcases.Product"/>
  <testcase name="SubmitQuotewithQuotePendingstatus" time="19.612" classname="com.OSMOSE.testcases.Product"/>
  <testcase name="SubmitQuotewithMoreThan20mbFile" time="28.719" classname="com.OSMOSE.testcases.Product"/>
  <testcase name="SubmitQuotewithInvalidFileType" time="26.234" classname="com.OSMOSE.testcases.Product"/>
  <testcase name="SubmitQuotewithQuoteCancelledstatus" time="13.43" classname="com.OSMOSE.testcases.Product"/>
  <testcase name="SubmitQuotewithQuotedstatus" time="32.965" classname="com.OSMOSE.testcases.Product"/>
  <testcase name="SubmitQuotewithOrderRequestedstatus" time="10.081" classname="com.OSMOSE.testcases.Product"/>
  <testcase name="SubmitQuotewithExpiredstatus" time="9.775" classname="com.OSMOSE.testcases.Product"/>
  <testcase name="ClickManageProducts" time="2.566" classname="com.OSMOSE.testcases.Product"/>
  <testcase name="ClickDownloadProducts" time="7.775" classname="com.OSMOSE.testcases.Product"/>
  <testcase name="ClickProductsinReview" time="2.36" classname="com.OSMOSE.testcases.Product"/>
  <testcase name="ClickReview" time="8.25" classname="com.OSMOSE.testcases.Product"/>
  <testcase name="ClickApprove" time="10.245" classname="com.OSMOSE.testcases.Product"/>
  <testcase name="ClickReject" time="9.869" classname="com.OSMOSE.testcases.Product"/>
  <testcase name="ClickUploadProducts" time="10.93" classname="com.OSMOSE.testcases.Product"/>
  <testcase name="ClickDictionaryLink" time="41.562" classname="com.OSMOSE.testcases.Product"/>
  <testcase name="VerifyUIonApprove" time="120.549" classname="com.OSMOSE.testcases.Product"/>
  <testcase name="VerifyApprovebtndisabled" time="124.012" classname="com.OSMOSE.testcases.Product"/>
  <testcase name="verifyThankyouPopup" time="132.584" classname="com.OSMOSE.testcases.Product"/>
  <testcase name="verifyCancelwhileREQuoting" time="61.546" classname="com.OSMOSE.testcases.Product"/>
  <testcase name="verifySubmitwhileREQuoting" time="84.344" classname="com.OSMOSE.testcases.Product"/>
  <testcase name="verifyAddToCartWhileReQuoting" time="96.424" classname="com.OSMOSE.testcases.Product"/>
  <testcase name="verifyExclamationOnMyQuotes" time="21.063" classname="com.OSMOSE.testcases.Product"/>
  <testcase name="VerifyShoppingAddbtndisabled" time="41.754" classname="com.OSMOSE.testcases.Product"/>
  <testcase name="VerifyShoppingCarrtAddbtnDisabledclearqty" time="6.16" classname="com.OSMOSE.testcases.Product"/>
  <testcase name="verifyCartIconCount" time="17.527" classname="com.OSMOSE.testcases.Product"/>
  <testcase name="VerifyShoppingCarrtMinMaxqty" time="14.973" classname="com.OSMOSE.testcases.Product"/>
  <testcase name="GoBack" time="16.294" classname="com.OSMOSE.testcases.Product"/>
  <testcase name="CreateQuote_MultipleAttachment" time="45.146" classname="com.OSMOSE.testcases.Product"/>
  <testcase name="CreateQuote_UpdateeAttachment" time="10.818" classname="com.OSMOSE.testcases.Product"/>
  <testcase name="SubmitQuotewithoutFile" time="18.756" classname="com.OSMOSE.testcases.Product"/>
  <testcase name="VerifyAddingRelatedProductsToShoppingCart" time="17.884" classname="com.OSMOSE.testcases.Product"/>
  <testcase name="VerifyTooltipForSizeDropDown" time="7.486" classname="com.OSMOSE.testcases.Product"/>
  <testcase name="UpdateChangeProductAddToShoppingCart" time="23.616" classname="com.OSMOSE.testcases.Product"/>
  <testcase name="verifyDeleteProductOnOverlay" time="9.077" classname="com.OSMOSE.testcases.Product"/>
  <testcase name="MyQuotesComments_Collapse" time="14.97" classname="com.OSMOSE.testcases.Product"/>
  <testcase name="verifyTheSearch" time="0.0" classname="com.OSMOSE.testcases.Product">
    <ignored/>
  </testcase> <!-- verifyTheSearch -->
  <testcase name="SubmitQuotewithNegativeExpireDays" time="0.0" classname="com.OSMOSE.testcases.Product">
    <ignored/>
  </testcase> <!-- SubmitQuotewithNegativeExpireDays -->
  <testcase name="verifyTheProductCart" time="0.0" classname="com.OSMOSE.testcases.Product">
    <ignored/>
  </testcase> <!-- verifyTheProductCart -->
</testsuite> <!-- Product -->
