<?xml version="1.0" encoding="UTF-8"?>
<!-- Generated by org.testng.reporters.JUnitXMLReporter -->
<testsuite hostname="5CG6323N27" ignored="54" name="Product" tests="13" failures="1" timestamp="2020-07-27T15:57:57 IST" time="295.978" errors="0">
  <testcase name="verifyTheProductLink" time="3.669" classname="com.OSMOSE.testcases.Product"/>
  <testcase name="searchElementPresent" time="50.086" classname="com.OSMOSE.testcases.Product"/>
  <testcase name="catalogElementPresent" time="0.03" classname="com.OSMOSE.testcases.Product"/>
  <testcase name="openMyQuotesElementPresent" time="0.029" classname="com.OSMOSE.testcases.Product"/>
  <testcase name="shoppingCartElementPresent" time="0.05" classname="com.OSMOSE.testcases.Product"/>
  <testcase name="adminElementPresent" time="0.047" classname="com.OSMOSE.testcases.Product"/>
  <testcase name="viewDetailsElementPresent" time="0.032" classname="com.OSMOSE.testcases.Product"/>
  <testcase name="allSixProductPresent" time="0.03" classname="com.OSMOSE.testcases.Product"/>
  <testcase name="sliderItemPresent" time="0.131" classname="com.OSMOSE.testcases.Product"/>
  <testcase name="verifyCategoryFilter" time="50.031" classname="com.OSMOSE.testcases.Product"/>
  <testcase name="verifyAddToCartWhileReQuoting" time="56.301" classname="com.OSMOSE.testcases.Product"/>
  <testcase name="verifyExclamationOnMyQuotes" time="38.091" classname="com.OSMOSE.testcases.Product"/>
  <testcase name="verifyNoExclamationOnMyQuotes" time="91.901" classname="com.OSMOSE.testcases.Product">
    <failure type="org.openqa.selenium.NoSuchElementException" message="no such element: Unable to locate element: {&amp;quot;method&amp;quot;:&amp;quot;xpath&amp;quot;,&amp;quot;selector&amp;quot;:&amp;quot;//a[@id=&amp;apos;openMyquotes&amp;apos;]/span&amp;quot;}
  (Session info: chrome=83.0.4103.116)
For documentation on this error, please visit: http://seleniumhq.org/exceptions/no_such_element.html
Build info: version: &amp;apos;3.14.0&amp;apos;, revision: &amp;apos;aacccce0&amp;apos;, time: &amp;apos;2018-08-02T20:19:58.91Z&amp;apos;
System info: host: &amp;apos;5CG6323N27&amp;apos;, ip: &amp;apos;192.168.0.7&amp;apos;, os.name: &amp;apos;Windows 10&amp;apos;, os.arch: &amp;apos;amd64&amp;apos;, os.version: &amp;apos;10.0&amp;apos;, java.version: &amp;apos;1.8.0_191&amp;apos;
Driver info: org.openqa.selenium.chrome.ChromeDriver
Capabilities {acceptInsecureCerts: false, browserName: chrome, browserVersion: 83.0.4103.116, chrome: {chromedriverVersion: 83.0.4103.39 (ccbf011cb2d2b..., userDataDir: C:\Windows\Temp\scoped_dir2...}, goog:chromeOptions: {debuggerAddress: localhost:50633}, javascriptEnabled: true, networkConnectionEnabled: false, pageLoadStrategy: none, platform: WINDOWS, platformName: WINDOWS, proxy: Proxy(), setWindowRect: true, strictFileInteractability: false, timeouts: {implicit: 0, pageLoad: 300000, script: 30000}, unhandledPromptBehavior: dismiss and notify, webauthn:virtualAuthenticators: true}
Session ID: 63dab00ef0e8bad54db968e9415c3bc8
*** Element info: {Using=xpath, value=//a[@id=&amp;apos;openMyquotes&amp;apos;]/span}">
      <![CDATA[org.openqa.selenium.NoSuchElementException: no such element: Unable to locate element: {"method":"xpath","selector":"//a[@id='openMyquotes']/span"}
  (Session info: chrome=83.0.4103.116)
For documentation on this error, please visit: http://seleniumhq.org/exceptions/no_such_element.html
Build info: version: '3.14.0', revision: 'aacccce0', time: '2018-08-02T20:19:58.91Z'
System info: host: '5CG6323N27', ip: '192.168.0.7', os.name: 'Windows 10', os.arch: 'amd64', os.version: '10.0', java.version: '1.8.0_191'
Driver info: org.openqa.selenium.chrome.ChromeDriver
Capabilities {acceptInsecureCerts: false, browserName: chrome, browserVersion: 83.0.4103.116, chrome: {chromedriverVersion: 83.0.4103.39 (ccbf011cb2d2b..., userDataDir: C:\Windows\Temp\scoped_dir2...}, goog:chromeOptions: {debuggerAddress: localhost:50633}, javascriptEnabled: true, networkConnectionEnabled: false, pageLoadStrategy: none, platform: WINDOWS, platformName: WINDOWS, proxy: Proxy(), setWindowRect: true, strictFileInteractability: false, timeouts: {implicit: 0, pageLoad: 300000, script: 30000}, unhandledPromptBehavior: dismiss and notify, webauthn:virtualAuthenticators: true}
Session ID: 63dab00ef0e8bad54db968e9415c3bc8
*** Element info: {Using=xpath, value=//a[@id='openMyquotes']/span}
at org.openqa.selenium.remote.http.W3CHttpResponseCodec.createException(W3CHttpResponseCodec.java:187)
at org.openqa.selenium.remote.http.W3CHttpResponseCodec.decode(W3CHttpResponseCodec.java:122)
at org.openqa.selenium.remote.http.W3CHttpResponseCodec.decode(W3CHttpResponseCodec.java:49)
at org.openqa.selenium.remote.HttpCommandExecutor.execute(HttpCommandExecutor.java:158)
at org.openqa.selenium.remote.service.DriverCommandExecutor.execute(DriverCommandExecutor.java:83)
at org.openqa.selenium.remote.RemoteWebDriver.execute(RemoteWebDriver.java:548)
at org.openqa.selenium.remote.RemoteWebDriver.findElement(RemoteWebDriver.java:322)
at org.openqa.selenium.remote.RemoteWebDriver.findElementByXPath(RemoteWebDriver.java:424)
at org.openqa.selenium.By$ByXPath.findElement(By.java:353)
at org.openqa.selenium.remote.RemoteWebDriver.findElement(RemoteWebDriver.java:314)
at com.OSMOSE.testcases.Product.verifyNoExclamationOnMyQuotes(Product.java:957)
at java.util.ArrayList.forEach(Unknown Source)
... Removed 31 stack frames]]>
    </failure>
  </testcase> <!-- verifyNoExclamationOnMyQuotes -->
  <testcase name="SubmitQuotewithQuotePendingstatus" time="0.0" classname="com.OSMOSE.testcases.Product">
    <ignored/>
  </testcase> <!-- SubmitQuotewithQuotePendingstatus -->
  <testcase name="DeleteQuanityinShoppingCart" time="0.0" classname="com.OSMOSE.testcases.Product">
    <ignored/>
  </testcase> <!-- DeleteQuanityinShoppingCart -->
  <testcase name="verifyTheSearchOneAlphabet" time="0.0" classname="com.OSMOSE.testcases.Product">
    <ignored/>
  </testcase> <!-- verifyTheSearchOneAlphabet -->
  <testcase name="verifyTheSearch" time="0.0" classname="com.OSMOSE.testcases.Product">
    <ignored/>
  </testcase> <!-- verifyTheSearch -->
  <testcase name="SubmitQuotewithOrderedstatus" time="0.0" classname="com.OSMOSE.testcases.Product">
    <ignored/>
  </testcase> <!-- SubmitQuotewithOrderedstatus -->
  <testcase name="UpdateIncreaseQuanityinShoppingCart" time="0.0" classname="com.OSMOSE.testcases.Product">
    <ignored/>
  </testcase> <!-- UpdateIncreaseQuanityinShoppingCart -->
  <testcase name="verifyTheSearchCrossButton" time="0.0" classname="com.OSMOSE.testcases.Product">
    <ignored/>
  </testcase> <!-- verifyTheSearchCrossButton -->
  <testcase name="SubmitQuotewithQuotedstatus" time="0.0" classname="com.OSMOSE.testcases.Product">
    <ignored/>
  </testcase> <!-- SubmitQuotewithQuotedstatus -->
  <testcase name="ClickManageQuotesLink" time="0.0" classname="com.OSMOSE.testcases.Product">
    <ignored/>
  </testcase> <!-- ClickManageQuotesLink -->
  <testcase name="verifyCancelwhileREQuoting" time="0.0" classname="com.OSMOSE.testcases.Product">
    <ignored/>
  </testcase> <!-- verifyCancelwhileREQuoting -->
  <testcase name="FeaturedProductPoleRestoration" time="0.0" classname="com.OSMOSE.testcases.Product">
    <ignored/>
  </testcase> <!-- FeaturedProductPoleRestoration -->
  <testcase name="CreateQuote_ZipCode" time="0.0" classname="com.OSMOSE.testcases.Product">
    <ignored/>
  </testcase> <!-- CreateQuote_ZipCode -->
  <testcase name="CreateQuote_Comments" time="0.0" classname="com.OSMOSE.testcases.Product">
    <ignored/>
  </testcase> <!-- CreateQuote_Comments -->
  <testcase name="verifyStatusFilterExpired" time="0.0" classname="com.OSMOSE.testcases.Product">
    <ignored/>
  </testcase> <!-- verifyStatusFilterExpired -->
  <testcase name="VerifyFPImageClick" time="0.0" classname="com.OSMOSE.testcases.Product">
    <ignored/>
  </testcase> <!-- VerifyFPImageClick -->
  <testcase name="AddQuantityandverifyCellNumber" time="0.0" classname="com.OSMOSE.testcases.Product">
    <ignored/>
  </testcase> <!-- AddQuantityandverifyCellNumber -->
  <testcase name="SubmitQuotewithOrderRequestedstatus" time="0.0" classname="com.OSMOSE.testcases.Product">
    <ignored/>
  </testcase> <!-- SubmitQuotewithOrderRequestedstatus -->
  <testcase name="verifyAddShoppingCarttext" time="0.0" classname="com.OSMOSE.testcases.Product">
    <ignored/>
  </testcase> <!-- verifyAddShoppingCarttext -->
  <testcase name="CreateQuote" time="0.0" classname="com.OSMOSE.testcases.Product">
    <ignored/>
  </testcase> <!-- CreateQuote -->
  <testcase name="verifyThankyouPopup" time="0.0" classname="com.OSMOSE.testcases.Product">
    <ignored/>
  </testcase> <!-- verifyThankyouPopup -->
  <testcase name="CreateQuote_Attachment" time="0.0" classname="com.OSMOSE.testcases.Product">
    <ignored/>
  </testcase> <!-- CreateQuote_Attachment -->
  <testcase name="VerifyUIonClickQuoteID" time="0.0" classname="com.OSMOSE.testcases.Product">
    <ignored/>
  </testcase> <!-- VerifyUIonClickQuoteID -->
  <testcase name="verifyTheValidationmessage" time="0.0" classname="com.OSMOSE.testcases.Product">
    <ignored/>
  </testcase> <!-- verifyTheValidationmessage -->
  <testcase name="ClickDownloadProducts" time="0.0" classname="com.OSMOSE.testcases.Product">
    <ignored/>
  </testcase> <!-- ClickDownloadProducts -->
  <testcase name="VerifyProductclick" time="0.0" classname="com.OSMOSE.testcases.Product">
    <ignored/>
  </testcase> <!-- VerifyProductclick -->
  <testcase name="AddShoppingCart" time="0.0" classname="com.OSMOSE.testcases.Product">
    <ignored/>
  </testcase> <!-- AddShoppingCart -->
  <testcase name="verifyTheSearchFullname" time="0.0" classname="com.OSMOSE.testcases.Product">
    <ignored/>
  </testcase> <!-- verifyTheSearchFullname -->
  <testcase name="MyQuotes_96421" time="0.0" classname="com.OSMOSE.testcases.Product">
    <ignored/>
  </testcase> <!-- MyQuotes_96421 -->
  <testcase name="verifySubmitwhileREQuoting" time="0.0" classname="com.OSMOSE.testcases.Product">
    <ignored/>
  </testcase> <!-- verifySubmitwhileREQuoting -->
  <testcase name="verifyUpdatedQuantityOnOverlay" time="0.0" classname="com.OSMOSE.testcases.Product">
    <ignored/>
  </testcase> <!-- verifyUpdatedQuantityOnOverlay -->
  <testcase name="verifyTheProductCart" time="0.0" classname="com.OSMOSE.testcases.Product">
    <ignored/>
  </testcase> <!-- verifyTheProductCart -->
  <testcase name="verifyTheSearchfirstname" time="0.0" classname="com.OSMOSE.testcases.Product">
    <ignored/>
  </testcase> <!-- verifyTheSearchfirstname -->
  <testcase name="ReturnPolicy" time="0.0" classname="com.OSMOSE.testcases.Product">
    <ignored/>
  </testcase> <!-- ReturnPolicy -->
  <testcase name="verifyStatusFilterQuotePending" time="0.0" classname="com.OSMOSE.testcases.Product">
    <ignored/>
  </testcase> <!-- verifyStatusFilterQuotePending -->
  <testcase name="SubmitQuotewithQuoteCancelledstatus" time="0.0" classname="com.OSMOSE.testcases.Product">
    <ignored/>
  </testcase> <!-- SubmitQuotewithQuoteCancelledstatus -->
  <testcase name="VerifyUIonApprove" time="0.0" classname="com.OSMOSE.testcases.Product">
    <ignored/>
  </testcase> <!-- VerifyUIonApprove -->
  <testcase name="ClickShoppingCartIcon" time="0.0" classname="com.OSMOSE.testcases.Product">
    <ignored/>
  </testcase> <!-- ClickShoppingCartIcon -->
  <testcase name="verifyStatusFilterAll" time="0.0" classname="com.OSMOSE.testcases.Product">
    <ignored/>
  </testcase> <!-- verifyStatusFilterAll -->
  <testcase name="ClickUploadProducts" time="0.0" classname="com.OSMOSE.testcases.Product">
    <ignored/>
  </testcase> <!-- ClickUploadProducts -->
  <testcase name="VerifyAddShopping_Sameitem" time="0.0" classname="com.OSMOSE.testcases.Product">
    <ignored/>
  </testcase> <!-- VerifyAddShopping_Sameitem -->
  <testcase name="UpdateDecreaseQuanityinShoppingCart" time="0.0" classname="com.OSMOSE.testcases.Product">
    <ignored/>
  </testcase> <!-- UpdateDecreaseQuanityinShoppingCart -->
  <testcase name="verifyStatusFilterCancelled" time="0.0" classname="com.OSMOSE.testcases.Product">
    <ignored/>
  </testcase> <!-- verifyStatusFilterCancelled -->
  <testcase name="VerifyCrossicononhoppingCart_Differentitem" time="0.0" classname="com.OSMOSE.testcases.Product">
    <ignored/>
  </testcase> <!-- VerifyCrossicononhoppingCart_Differentitem -->
  <testcase name="VerifyCrossicononhoppingCart" time="0.0" classname="com.OSMOSE.testcases.Product">
    <ignored/>
  </testcase> <!-- VerifyCrossicononhoppingCart -->
  <testcase name="ClickShoppingViewCartbutton" time="0.0" classname="com.OSMOSE.testcases.Product">
    <ignored/>
  </testcase> <!-- ClickShoppingViewCartbutton -->
  <testcase name="ClickShoppingSubmitCartbutton" time="0.0" classname="com.OSMOSE.testcases.Product">
    <ignored/>
  </testcase> <!-- ClickShoppingSubmitCartbutton -->
  <testcase name="ClickManageProducts" time="0.0" classname="com.OSMOSE.testcases.Product">
    <ignored/>
  </testcase> <!-- ClickManageProducts -->
  <testcase name="ClickProductsinReview" time="0.0" classname="com.OSMOSE.testcases.Product">
    <ignored/>
  </testcase> <!-- ClickProductsinReview -->
  <testcase name="verifyStatusFilterOrderRequested" time="0.0" classname="com.OSMOSE.testcases.Product">
    <ignored/>
  </testcase> <!-- verifyStatusFilterOrderRequested -->
  <testcase name="VerifyApprovebtndisabled" time="0.0" classname="com.OSMOSE.testcases.Product">
    <ignored/>
  </testcase> <!-- VerifyApprovebtndisabled -->
  <testcase name="verifyStatusFilterQuoted" time="0.0" classname="com.OSMOSE.testcases.Product">
    <ignored/>
  </testcase> <!-- verifyStatusFilterQuoted -->
  <testcase name="HomepageCarticon" time="0.0" classname="com.OSMOSE.testcases.Product">
    <ignored/>
  </testcase> <!-- HomepageCarticon -->
  <testcase name="verifyStatusFilterOrdered" time="0.0" classname="com.OSMOSE.testcases.Product">
    <ignored/>
  </testcase> <!-- verifyStatusFilterOrdered -->
  <testcase name="verifyViewDetail" time="0.0" classname="com.OSMOSE.testcases.Product">
    <ignored/>
  </testcase> <!-- verifyViewDetail -->
</testsuite> <!-- Product -->
