<?xml version="1.0" encoding="UTF-8"?>
<!-- Generated by org.testng.reporters.JUnitXMLReporter -->
<testsuite hostname="5CG6323N27" ignored="17" name="Product" tests="58" failures="1" timestamp="2020-08-07T12:44:08 IST" time="984.271" errors="0">
  <testcase name="verifyTheProductLink" time="4.011" classname="com.OSMOSE.testcases.Product"/>
  <testcase name="searchElementPresent" time="50.338" classname="com.OSMOSE.testcases.Product"/>
  <testcase name="catalogElementPresent" time="0.116" classname="com.OSMOSE.testcases.Product"/>
  <testcase name="openMyQuotesElementPresent" time="0.062" classname="com.OSMOSE.testcases.Product"/>
  <testcase name="shoppingCartElementPresent" time="0.27" classname="com.OSMOSE.testcases.Product"/>
  <testcase name="adminElementPresent" time="0.098" classname="com.OSMOSE.testcases.Product"/>
  <testcase name="viewDetailsElementPresent" time="0.064" classname="com.OSMOSE.testcases.Product"/>
  <testcase name="allSixProductPresent" time="0.035" classname="com.OSMOSE.testcases.Product"/>
  <testcase name="sliderItemPresent" time="0.151" classname="com.OSMOSE.testcases.Product"/>
  <testcase name="verifyCategoryFilter" time="50.048" classname="com.OSMOSE.testcases.Product"/>
  <testcase name="VerifyFPImageClick" time="51.956" classname="com.OSMOSE.testcases.Product"/>
  <testcase name="verifyViewDetail" time="8.424" classname="com.OSMOSE.testcases.Product"/>
  <testcase name="VerifyProductclick" time="14.786" classname="com.OSMOSE.testcases.Product"/>
  <testcase name="AddQuantityandverifyCellNumber" time="18.323" classname="com.OSMOSE.testcases.Product"/>
  <testcase name="FeaturedProductPoleRestoration" time="14.344" classname="com.OSMOSE.testcases.Product"/>
  <testcase name="verifyTheSearchfirstname" time="14.333" classname="com.OSMOSE.testcases.Product"/>
  <testcase name="verifyTheSearchFullname" time="12.562" classname="com.OSMOSE.testcases.Product"/>
  <testcase name="verifyTheSearchOneAlphabet" time="22.333" classname="com.OSMOSE.testcases.Product"/>
  <testcase name="verifyTheSearchCrossButton" time="14.442" classname="com.OSMOSE.testcases.Product"/>
  <testcase name="verifyTheValidationmessage" time="13.468" classname="com.OSMOSE.testcases.Product"/>
  <testcase name="ReturnPolicy" time="10.561" classname="com.OSMOSE.testcases.Product"/>
  <testcase name="verifyAddShoppingCarttext" time="18.168" classname="com.OSMOSE.testcases.Product"/>
  <testcase name="AddShoppingCart" time="5.187" classname="com.OSMOSE.testcases.Product"/>
  <testcase name="VerifyCrossicononhoppingCart" time="1.04" classname="com.OSMOSE.testcases.Product"/>
  <testcase name="VerifyCrossicononhoppingCart_Differentitem" time="9.529" classname="com.OSMOSE.testcases.Product"/>
  <testcase name="VerifyAddShopping_Sameitem" time="8.744" classname="com.OSMOSE.testcases.Product"/>
  <testcase name="DeleteQuanityinShoppingCart" time="5.307" classname="com.OSMOSE.testcases.Product"/>
  <testcase name="UpdateIncreaseQuanityinShoppingCart" time="12.356" classname="com.OSMOSE.testcases.Product"/>
  <testcase name="UpdateDecreaseQuanityinShoppingCart" time="28.617" classname="com.OSMOSE.testcases.Product"/>
  <testcase name="CreateQuote" time="7.014" classname="com.OSMOSE.testcases.Product"/>
  <testcase name="CreateQuote_Comments" time="5.504" classname="com.OSMOSE.testcases.Product"/>
  <testcase name="CreateQuote_ZipCode" time="5.363" classname="com.OSMOSE.testcases.Product"/>
  <testcase name="CreateQuote_Attachment" time="7.623" classname="com.OSMOSE.testcases.Product"/>
  <testcase name="ClickShoppingCartIcon" time="5.483" classname="com.OSMOSE.testcases.Product"/>
  <testcase name="ClickShoppingViewCartbutton" time="5.618" classname="com.OSMOSE.testcases.Product"/>
  <testcase name="ClickShoppingSubmitCartbutton" time="6.277" classname="com.OSMOSE.testcases.Product"/>
  <testcase name="verifyUpdatedQuantityOnOverlay" time="8.154" classname="com.OSMOSE.testcases.Product"/>
  <testcase name="MyQuotes_96421" time="7.12" classname="com.OSMOSE.testcases.Product"/>
  <testcase name="verifyStatusFilterAll" time="26.361" classname="com.OSMOSE.testcases.Product"/>
  <testcase name="verifyStatusFilterExpired" time="36.29" classname="com.OSMOSE.testcases.Product"/>
  <testcase name="verifyStatusFilterOrdered" time="41.368" classname="com.OSMOSE.testcases.Product"/>
  <testcase name="verifyStatusFilterQuoted" time="41.295" classname="com.OSMOSE.testcases.Product"/>
  <testcase name="verifyStatusFilterQuotePending" time="41.452" classname="com.OSMOSE.testcases.Product"/>
  <testcase name="verifyStatusFilterCancelled" time="41.262" classname="com.OSMOSE.testcases.Product"/>
  <testcase name="verifyStatusFilterOrderRequested" time="36.437" classname="com.OSMOSE.testcases.Product"/>
  <testcase name="SortBydd" time="9.32" classname="com.OSMOSE.testcases.Product"/>
  <testcase name="HomepageCarticon" time="14.93" classname="com.OSMOSE.testcases.Product"/>
  <testcase name="ClickManageQuotesLink" time="3.541" classname="com.OSMOSE.testcases.Product"/>
  <testcase name="VerifyUIonClickQuoteID" time="4.543" classname="com.OSMOSE.testcases.Product"/>
  <testcase name="SubmitQuotewithOrderedstatus" time="9.391" classname="com.OSMOSE.testcases.Product"/>
  <testcase name="SubmitQuotewithQuotePendingstatus" time="9.752" classname="com.OSMOSE.testcases.Product"/>
  <testcase name="SubmitQuotewithMoreThan20mbFile" time="27.902" classname="com.OSMOSE.testcases.Product"/>
  <testcase name="SubmitQuotewithNegativeExpireDays" time="22.966" classname="com.OSMOSE.testcases.Product">
    <failure type="java.lang.AssertionError" message="expected [Value must be greater than or equal to 1.] but found []">
      <![CDATA[java.lang.AssertionError: expected [Value must be greater than or equal to 1.] but found []
at com.OSMOSE.testcases.Product.SubmitQuotewithNegativeExpireDays(Product.java:753)
at java.util.ArrayList.forEach(Unknown Source)
... Removed 32 stack frames]]>
    </failure>
  </testcase> <!-- SubmitQuotewithNegativeExpireDays -->
  <testcase name="SubmitQuotewithInvalidFileType" time="90.775" classname="com.OSMOSE.testcases.Product"/>
  <testcase name="SubmitQuotewithQuoteCancelledstatus" time="13.318" classname="com.OSMOSE.testcases.Product"/>
  <testcase name="SubmitQuotewithQuotedstatus" time="17.668" classname="com.OSMOSE.testcases.Product"/>
  <testcase name="SubmitQuotewithOrderRequestedstatus" time="9.716" classname="com.OSMOSE.testcases.Product"/>
  <testcase name="SubmitQuotewithExpiredstatus" time="9.324" classname="com.OSMOSE.testcases.Product"/>
  <testcase name="ClickReject" time="0.0" classname="com.OSMOSE.testcases.Product">
    <ignored/>
  </testcase> <!-- ClickReject -->
  <testcase name="ClickManageProducts" time="0.0" classname="com.OSMOSE.testcases.Product">
    <ignored/>
  </testcase> <!-- ClickManageProducts -->
  <testcase name="ClickDownloadProducts" time="0.0" classname="com.OSMOSE.testcases.Product">
    <ignored/>
  </testcase> <!-- ClickDownloadProducts -->
  <testcase name="verifyAddToCartWhileReQuoting" time="0.0" classname="com.OSMOSE.testcases.Product">
    <ignored/>
  </testcase> <!-- verifyAddToCartWhileReQuoting -->
  <testcase name="ClickApprove" time="0.0" classname="com.OSMOSE.testcases.Product">
    <ignored/>
  </testcase> <!-- ClickApprove -->
  <testcase name="ClickProductsinReview" time="0.0" classname="com.OSMOSE.testcases.Product">
    <ignored/>
  </testcase> <!-- ClickProductsinReview -->
  <testcase name="ClickReview" time="0.0" classname="com.OSMOSE.testcases.Product">
    <ignored/>
  </testcase> <!-- ClickReview -->
  <testcase name="verifySubmitwhileREQuoting" time="0.0" classname="com.OSMOSE.testcases.Product">
    <ignored/>
  </testcase> <!-- verifySubmitwhileREQuoting -->
  <testcase name="VerifyApprovebtndisabled" time="0.0" classname="com.OSMOSE.testcases.Product">
    <ignored/>
  </testcase> <!-- VerifyApprovebtndisabled -->
  <testcase name="verifyTheProductCart" time="0.0" classname="com.OSMOSE.testcases.Product">
    <ignored/>
  </testcase> <!-- verifyTheProductCart -->
  <testcase name="verifyTheSearch" time="0.0" classname="com.OSMOSE.testcases.Product">
    <ignored/>
  </testcase> <!-- verifyTheSearch -->
  <testcase name="verifyExclamationOnMyQuotes" time="0.0" classname="com.OSMOSE.testcases.Product">
    <ignored/>
  </testcase> <!-- verifyExclamationOnMyQuotes -->
  <testcase name="VerifyUIonApprove" time="0.0" classname="com.OSMOSE.testcases.Product">
    <ignored/>
  </testcase> <!-- VerifyUIonApprove -->
  <testcase name="ClickUploadProducts" time="0.0" classname="com.OSMOSE.testcases.Product">
    <ignored/>
  </testcase> <!-- ClickUploadProducts -->
  <testcase name="verifyThankyouPopup" time="0.0" classname="com.OSMOSE.testcases.Product">
    <ignored/>
  </testcase> <!-- verifyThankyouPopup -->
  <testcase name="verifyCancelwhileREQuoting" time="0.0" classname="com.OSMOSE.testcases.Product">
    <ignored/>
  </testcase> <!-- verifyCancelwhileREQuoting -->
  <testcase name="ClickDictionaryLink" time="0.0" classname="com.OSMOSE.testcases.Product">
    <ignored/>
  </testcase> <!-- ClickDictionaryLink -->
</testsuite> <!-- Product -->
