<?xml version="1.0" encoding="UTF-8"?>
<!-- Generated by org.testng.reporters.JUnitXMLReporter -->
<testsuite hostname="5CG6323N27" ignored="34" name="Product" tests="2" failures="1" timestamp="2020-06-26T16:54:53 IST" time="66.687" errors="0">
  <testcase name="verifyTheProductLink" time="14.3" classname="com.OSMOSE.testcases.Product"/>
  <testcase name="verifyAddShoppingCarttext" time="51.409" classname="com.OSMOSE.testcases.Product">
    <failure type="org.openqa.selenium.NoSuchElementException" message="no such element: Unable to locate element: {&amp;quot;method&amp;quot;:&amp;quot;xpath&amp;quot;,&amp;quot;selector&amp;quot;:&amp;quot;//*[@id=&amp;quot;selectSize&amp;quot;]&amp;quot;}
  (Session info: chrome=83.0.4103.106)
For documentation on this error, please visit: http://seleniumhq.org/exceptions/no_such_element.html
Build info: version: &amp;apos;3.14.0&amp;apos;, revision: &amp;apos;aacccce0&amp;apos;, time: &amp;apos;2018-08-02T20:19:58.91Z&amp;apos;
System info: host: &amp;apos;5CG6323N27&amp;apos;, ip: &amp;apos;192.168.0.7&amp;apos;, os.name: &amp;apos;Windows 10&amp;apos;, os.arch: &amp;apos;amd64&amp;apos;, os.version: &amp;apos;10.0&amp;apos;, java.version: &amp;apos;1.8.0_191&amp;apos;
Driver info: org.openqa.selenium.chrome.ChromeDriver
Capabilities {acceptInsecureCerts: false, browserName: chrome, browserVersion: 83.0.4103.106, chrome: {chromedriverVersion: 83.0.4103.39 (ccbf011cb2d2b..., userDataDir: C:\Windows\Temp\scoped_dir6...}, goog:chromeOptions: {debuggerAddress: localhost:50838}, javascriptEnabled: true, networkConnectionEnabled: false, pageLoadStrategy: none, platform: WINDOWS, platformName: WINDOWS, proxy: Proxy(), setWindowRect: true, strictFileInteractability: false, timeouts: {implicit: 0, pageLoad: 300000, script: 30000}, unhandledPromptBehavior: dismiss and notify, webauthn:virtualAuthenticators: true}
Session ID: 290ad0992ff5593bcd6018542113fcf4
*** Element info: {Using=xpath, value=//*[@id=&amp;quot;selectSize&amp;quot;]}">
      <![CDATA[org.openqa.selenium.NoSuchElementException: no such element: Unable to locate element: {"method":"xpath","selector":"//*[@id="selectSize"]"}
  (Session info: chrome=83.0.4103.106)
For documentation on this error, please visit: http://seleniumhq.org/exceptions/no_such_element.html
Build info: version: '3.14.0', revision: 'aacccce0', time: '2018-08-02T20:19:58.91Z'
System info: host: '5CG6323N27', ip: '192.168.0.7', os.name: 'Windows 10', os.arch: 'amd64', os.version: '10.0', java.version: '1.8.0_191'
Driver info: org.openqa.selenium.chrome.ChromeDriver
Capabilities {acceptInsecureCerts: false, browserName: chrome, browserVersion: 83.0.4103.106, chrome: {chromedriverVersion: 83.0.4103.39 (ccbf011cb2d2b..., userDataDir: C:\Windows\Temp\scoped_dir6...}, goog:chromeOptions: {debuggerAddress: localhost:50838}, javascriptEnabled: true, networkConnectionEnabled: false, pageLoadStrategy: none, platform: WINDOWS, platformName: WINDOWS, proxy: Proxy(), setWindowRect: true, strictFileInteractability: false, timeouts: {implicit: 0, pageLoad: 300000, script: 30000}, unhandledPromptBehavior: dismiss and notify, webauthn:virtualAuthenticators: true}
Session ID: 290ad0992ff5593bcd6018542113fcf4
*** Element info: {Using=xpath, value=//*[@id="selectSize"]}
at org.openqa.selenium.remote.http.W3CHttpResponseCodec.createException(W3CHttpResponseCodec.java:187)
at org.openqa.selenium.remote.http.W3CHttpResponseCodec.decode(W3CHttpResponseCodec.java:122)
at org.openqa.selenium.remote.http.W3CHttpResponseCodec.decode(W3CHttpResponseCodec.java:49)
at org.openqa.selenium.remote.HttpCommandExecutor.execute(HttpCommandExecutor.java:158)
at org.openqa.selenium.remote.service.DriverCommandExecutor.execute(DriverCommandExecutor.java:83)
at org.openqa.selenium.remote.RemoteWebDriver.execute(RemoteWebDriver.java:548)
at org.openqa.selenium.remote.RemoteWebDriver.findElement(RemoteWebDriver.java:322)
at org.openqa.selenium.remote.RemoteWebDriver.findElementByXPath(RemoteWebDriver.java:424)
at org.openqa.selenium.By$ByXPath.findElement(By.java:353)
at org.openqa.selenium.remote.RemoteWebDriver.findElement(RemoteWebDriver.java:314)
at com.OSMOSE.base.Page.selectbyindex(Page.java:255)
at com.OSMOSE.pages.OU.ProductPage.AddToCartShoppingCart(ProductPage.java:156)
at com.OSMOSE.testcases.Product.verifyAddShoppingCarttext(Product.java:297)
at java.util.ArrayList.forEach(Unknown Source)
... Removed 31 stack frames]]>
    </failure>
  </testcase> <!-- verifyAddShoppingCarttext -->
  <testcase name="VerifyUIonClickQuoteID" time="0.0" classname="com.OSMOSE.testcases.Product">
    <ignored/>
  </testcase> <!-- VerifyUIonClickQuoteID -->
  <testcase name="verifyTheValidationmessage" time="0.0" classname="com.OSMOSE.testcases.Product">
    <ignored/>
  </testcase> <!-- verifyTheValidationmessage -->
  <testcase name="VerifyProductclick" time="0.0" classname="com.OSMOSE.testcases.Product">
    <ignored/>
  </testcase> <!-- VerifyProductclick -->
  <testcase name="AddShoppingCart" time="0.0" classname="com.OSMOSE.testcases.Product">
    <ignored/>
  </testcase> <!-- AddShoppingCart -->
  <testcase name="DeleteQuanityinShoppingCart" time="0.0" classname="com.OSMOSE.testcases.Product">
    <ignored/>
  </testcase> <!-- DeleteQuanityinShoppingCart -->
  <testcase name="verifyTheSearchFullname" time="0.0" classname="com.OSMOSE.testcases.Product">
    <ignored/>
  </testcase> <!-- verifyTheSearchFullname -->
  <testcase name="openMyQuotesElementPresent" time="0.0" classname="com.OSMOSE.testcases.Product">
    <ignored/>
  </testcase> <!-- openMyQuotesElementPresent -->
  <testcase name="catalogElementPresent" time="0.0" classname="com.OSMOSE.testcases.Product">
    <ignored/>
  </testcase> <!-- catalogElementPresent -->
  <testcase name="verifyTheProductCart" time="0.0" classname="com.OSMOSE.testcases.Product">
    <ignored/>
  </testcase> <!-- verifyTheProductCart -->
  <testcase name="verifyTheSearchOneAlphabet" time="0.0" classname="com.OSMOSE.testcases.Product">
    <ignored/>
  </testcase> <!-- verifyTheSearchOneAlphabet -->
  <testcase name="verifyTheSearchfirstname" time="0.0" classname="com.OSMOSE.testcases.Product">
    <ignored/>
  </testcase> <!-- verifyTheSearchfirstname -->
  <testcase name="viewDetailsElementPresent" time="0.0" classname="com.OSMOSE.testcases.Product">
    <ignored/>
  </testcase> <!-- viewDetailsElementPresent -->
  <testcase name="ReturnPolicy" time="0.0" classname="com.OSMOSE.testcases.Product">
    <ignored/>
  </testcase> <!-- ReturnPolicy -->
  <testcase name="verifyTheSearch" time="0.0" classname="com.OSMOSE.testcases.Product">
    <ignored/>
  </testcase> <!-- verifyTheSearch -->
  <testcase name="UpdateIncreaseQuanityinShoppingCart" time="0.0" classname="com.OSMOSE.testcases.Product">
    <ignored/>
  </testcase> <!-- UpdateIncreaseQuanityinShoppingCart -->
  <testcase name="verifyTheSearchCrossButton" time="0.0" classname="com.OSMOSE.testcases.Product">
    <ignored/>
  </testcase> <!-- verifyTheSearchCrossButton -->
  <testcase name="ClickManageQuotesLink" time="0.0" classname="com.OSMOSE.testcases.Product">
    <ignored/>
  </testcase> <!-- ClickManageQuotesLink -->
  <testcase name="UpdateDecreaseQuanityinShoppingCart" time="0.0" classname="com.OSMOSE.testcases.Product">
    <ignored/>
  </testcase> <!-- UpdateDecreaseQuanityinShoppingCart -->
  <testcase name="verifyCategoryFilter" time="0.0" classname="com.OSMOSE.testcases.Product">
    <ignored/>
  </testcase> <!-- verifyCategoryFilter -->
  <testcase name="FeaturedProductPoleRestoration" time="0.0" classname="com.OSMOSE.testcases.Product">
    <ignored/>
  </testcase> <!-- FeaturedProductPoleRestoration -->
  <testcase name="CreateQuote_ZipCode" time="0.0" classname="com.OSMOSE.testcases.Product">
    <ignored/>
  </testcase> <!-- CreateQuote_ZipCode -->
  <testcase name="VerifyCrossicononhoppingCart" time="0.0" classname="com.OSMOSE.testcases.Product">
    <ignored/>
  </testcase> <!-- VerifyCrossicononhoppingCart -->
  <testcase name="sliderItemPresent" time="0.0" classname="com.OSMOSE.testcases.Product">
    <ignored/>
  </testcase> <!-- sliderItemPresent -->
  <testcase name="VerifyCrossicononhoppingCart_Sameitem_multipletime" time="0.0" classname="com.OSMOSE.testcases.Product">
    <ignored/>
  </testcase> <!-- VerifyCrossicononhoppingCart_Sameitem_multipletime -->
  <testcase name="CreateQuote_Comments" time="0.0" classname="com.OSMOSE.testcases.Product">
    <ignored/>
  </testcase> <!-- CreateQuote_Comments -->
  <testcase name="VerifyFPImageClick" time="0.0" classname="com.OSMOSE.testcases.Product">
    <ignored/>
  </testcase> <!-- VerifyFPImageClick -->
  <testcase name="AddQuantityandverifyCellNumber" time="0.0" classname="com.OSMOSE.testcases.Product">
    <ignored/>
  </testcase> <!-- AddQuantityandverifyCellNumber -->
  <testcase name="adminElementPresent" time="0.0" classname="com.OSMOSE.testcases.Product">
    <ignored/>
  </testcase> <!-- adminElementPresent -->
  <testcase name="shoppingCartElementPresent" time="0.0" classname="com.OSMOSE.testcases.Product">
    <ignored/>
  </testcase> <!-- shoppingCartElementPresent -->
  <testcase name="searchElementPresent" time="0.0" classname="com.OSMOSE.testcases.Product">
    <ignored/>
  </testcase> <!-- searchElementPresent -->
  <testcase name="CreateQuote" time="0.0" classname="com.OSMOSE.testcases.Product">
    <ignored/>
  </testcase> <!-- CreateQuote -->
  <testcase name="allSixProductPresent" time="0.0" classname="com.OSMOSE.testcases.Product">
    <ignored/>
  </testcase> <!-- allSixProductPresent -->
  <testcase name="verifyViewDetail" time="0.0" classname="com.OSMOSE.testcases.Product">
    <ignored/>
  </testcase> <!-- verifyViewDetail -->
  <testcase name="CreateQuote_Attachment" time="0.0" classname="com.OSMOSE.testcases.Product">
    <ignored/>
  </testcase> <!-- CreateQuote_Attachment -->
</testsuite> <!-- Product -->
