<?xml version="1.0" encoding="UTF-8"?>
<testsuite name="Product"
           tests="15"
           failures="0"
           errors="0"
           skipped="0"
           time="235.620">
  <properties />
  
  
            <testcase name="sliderItemPresent" time="0.124" classname="com.OSMOSE.testcases.Product" />
                <testcase name="shoppingCartElementPresent" time="0.170" classname="com.OSMOSE.testcases.Product" />
                <testcase name="verifyTheProductLink" time="17.396" classname="com.OSMOSE.testcases.Product" />
                <testcase name="AddQuantityandverifyCellNumber" time="19.628" classname="com.OSMOSE.testcases.Product" />
                <testcase name="VerifyProductclick" time="16.181" classname="com.OSMOSE.testcases.Product" />
                <testcase name="searchElementPresent" time="50.185" classname="com.OSMOSE.testcases.Product" />
                <testcase name="catalogElementPresent" time="0.076" classname="com.OSMOSE.testcases.Product" />
                <testcase name="adminElementPresent" time="0.072" classname="com.OSMOSE.testcases.Product" />
                <testcase name="openMyQuotesElementPresent" time="0.031" classname="com.OSMOSE.testcases.Product" />
                <testcase name="verifyCategoryFilter" time="50.075" classname="com.OSMOSE.testcases.Product" />
                <testcase name="viewDetailsElementPresent" time="0.042" classname="com.OSMOSE.testcases.Product" />
                <testcase name="FeaturedProductPoleRestoration" time="16.448" classname="com.OSMOSE.testcases.Product" />
                <testcase name="allSixProductPresent" time="0.042" classname="com.OSMOSE.testcases.Product" />
                <testcase name="VerifyFPImageClick" time="52.463" classname="com.OSMOSE.testcases.Product" />
                <testcase name="verifyViewDetail" time="12.687" classname="com.OSMOSE.testcases.Product" />
      
</testsuite>
