<?xml version="1.0" encoding="UTF-8"?>
<testsuite name="Contact"
           tests="20"
           failures="0"
           errors="0"
           skipped="0"
           time="182.317">
  <properties />
  
  
            <testcase name="verifyPedernalesElecCoopContactCardContents" time="12.478" classname="com.OSMOSE.testcases.Contact" />
                <testcase name="verifyContactUsMenuContents" time="0.196" classname="com.OSMOSE.testcases.Contact" />
                <testcase name="verifyContactUsSalesServicesContents" time="0.090" classname="com.OSMOSE.testcases.Contact" />
                <testcase name="verifyPacificGasAndElectricCoContactCardContents" time="12.404" classname="com.OSMOSE.testcases.Contact" />
                <testcase name="verifyCityOfColumbiaContactCardContents" time="12.762" classname="com.OSMOSE.testcases.Contact" />
                <testcase name="verifyContactUsClickOnGoogleMap" time="31.198" classname="com.OSMOSE.testcases.Contact" />
                <testcase name="verifyContactUsSalesProductsContents" time="0.093" classname="com.OSMOSE.testcases.Contact" />
                <testcase name="verifyPugetSoundEnergyInspectionContactCardContents" time="12.492" classname="com.OSMOSE.testcases.Contact" />
                <testcase name="verifyContactUsGeneralInquiriesContents" time="0.063" classname="com.OSMOSE.testcases.Contact" />
                <testcase name="verifyContactUsQueryFormContents" time="0.143" classname="com.OSMOSE.testcases.Contact" />
                <testcase name="verifyContactUsHeaderContents" time="17.333" classname="com.OSMOSE.testcases.Contact" />
                <testcase name="verifyIdahoPowerRestorationContactCardContents" time="11.390" classname="com.OSMOSE.testcases.Contact" />
                <testcase name="verifyContactUsOCalcProContents" time="0.078" classname="com.OSMOSE.testcases.Contact" />
                <testcase name="verifyPresenceOfProjectGroup" time="4.403" classname="com.OSMOSE.testcases.Contact" />
                <testcase name="verifyOncurDistributionContactCardContents" time="12.438" classname="com.OSMOSE.testcases.Contact" />
                <testcase name="verifyFormSubmissionErrorMessage" time="0.099" classname="com.OSMOSE.testcases.Contact" />
                <testcase name="verifyIdahoPowerInspectionContactCardContents" time="12.437" classname="com.OSMOSE.testcases.Contact" />
                <testcase name="verifyGrandElectricContactCardContents" time="12.330" classname="com.OSMOSE.testcases.Contact" />
                <testcase name="verifyPugetSoundEnergyRestorationContactCardContents" time="11.385" classname="com.OSMOSE.testcases.Contact" />
                <testcase name="verifyGeorgiaPowerCompanyContactCardContents" time="18.505" classname="com.OSMOSE.testcases.Contact" />
      
</testsuite>
