<?xml version="1.0" encoding="UTF-8"?>
<testsuite name="OULogin"
           tests="3"
           failures="0"
           errors="0"
           skipped="0"
           time="19.598">
  <properties />
  
  
            <testcase name="loginTest" time="15.536" classname="com.OSMOSE.testcases.OULogin" />
                <testcase name="verifyOUCard" time="3.943" classname="com.OSMOSE.testcases.OULogin" />
                <testcase name="verifyProductCard" time="0.119" classname="com.OSMOSE.testcases.OULogin" />
      
</testsuite>
