<?xml version="1.0" encoding="UTF-8"?>
<testsuite name="Contact"
           tests="17"
           failures="0"
           errors="0"
           skipped="0"
           time="53.755">
  <properties />
  
  
            <testcase name="verifyContactUsQueryFormContents" time="0.095" classname="com.OSMOSE.testcases.Contact" />
                <testcase name="verifyContactUsHeaderContents" time="0.838" classname="com.OSMOSE.testcases.Contact" />
                <testcase name="verifyClickOnBackButton" time="0.230" classname="com.OSMOSE.testcases.Contact" />
                <testcase name="verifyFormSubmissionWith_RequestForInformation" time="4.520" classname="com.OSMOSE.testcases.Contact" />
                <testcase name="verifyContactUsSalesProductsContents" time="0.071" classname="com.OSMOSE.testcases.Contact" />
                <testcase name="verifyContactUsOCalcProContents" time="0.067" classname="com.OSMOSE.testcases.Contact" />
                <testcase name="verifyContactUsClickOnGoogleMap" time="31.031" classname="com.OSMOSE.testcases.Contact" />
                <testcase name="verifyFormSubmissionWith_ProjectSupport" time="1.545" classname="com.OSMOSE.testcases.Contact" />
                <testcase name="verifyViewContactsContactCardContents" time="0.149" classname="com.OSMOSE.testcases.Contact" />
                <testcase name="verifyFormSubmissionWith_TechnicalSupport" time="1.336" classname="com.OSMOSE.testcases.Contact" />
                <testcase name="verifyFormSubmissionWith_Other" time="1.190" classname="com.OSMOSE.testcases.Contact" />
                <testcase name="verifyFormSubmissionThankYouPopUp" time="11.831" classname="com.OSMOSE.testcases.Contact" />
                <testcase name="verifyContactUsSalesServicesContents" time="0.074" classname="com.OSMOSE.testcases.Contact" />
                <testcase name="verifyContactUsMenuContents" time="0.508" classname="com.OSMOSE.testcases.Contact" />
                <testcase name="verifyFormSubmissionErrorMessage" time="0.062" classname="com.OSMOSE.testcases.Contact" />
                <testcase name="verifyContactUsGeneralInquiriesContents" time="0.048" classname="com.OSMOSE.testcases.Contact" />
                <testcase name="verifyViewContactsHeaderContents" time="0.160" classname="com.OSMOSE.testcases.Contact" />
      
</testsuite>
