<?xml version="1.0" encoding="UTF-8"?>
<testsuite name="Contact"
           tests="20"
           failures="0"
           errors="0"
           skipped="0"
           time="165.546">
  <properties />
  
  
            <testcase name="verifyGrandElectricContactCardContents" time="12.645" classname="com.OSMOSE.testcases.Contact" />
                <testcase name="verifyPugetSoundEnergyInspectionContactCardContents" time="12.598" classname="com.OSMOSE.testcases.Contact" />
                <testcase name="verifyContactUsHeaderContents" time="2.302" classname="com.OSMOSE.testcases.Contact" />
                <testcase name="verifyContactUsMenuContents" time="0.223" classname="com.OSMOSE.testcases.Contact" />
                <testcase name="verifyPresenceOfProjectGroup" time="3.974" classname="com.OSMOSE.testcases.Contact" />
                <testcase name="verifyPugetSoundEnergyRestorationContactCardContents" time="11.621" classname="com.OSMOSE.testcases.Contact" />
                <testcase name="verifyFormSubmissionErrorMessage" time="0.125" classname="com.OSMOSE.testcases.Contact" />
                <testcase name="verifyPacificGasAndElectricCoContactCardContents" time="12.666" classname="com.OSMOSE.testcases.Contact" />
                <testcase name="verifyContactUsOCalcProContents" time="0.084" classname="com.OSMOSE.testcases.Contact" />
                <testcase name="verifyCityOfColumbiaContactCardContents" time="9.593" classname="com.OSMOSE.testcases.Contact" />
                <testcase name="verifyPedernalesElecCoopContactCardContents" time="12.572" classname="com.OSMOSE.testcases.Contact" />
                <testcase name="verifyIdahoPowerInspectionContactCardContents" time="12.675" classname="com.OSMOSE.testcases.Contact" />
                <testcase name="verifyOncurDistributionContactCardContents" time="12.680" classname="com.OSMOSE.testcases.Contact" />
                <testcase name="verifyContactUsClickOnGoogleMap" time="31.235" classname="com.OSMOSE.testcases.Contact" />
                <testcase name="verifyContactUsSalesServicesContents" time="0.094" classname="com.OSMOSE.testcases.Contact" />
                <testcase name="verifyContactUsSalesProductsContents" time="0.104" classname="com.OSMOSE.testcases.Contact" />
                <testcase name="verifyContactUsQueryFormContents" time="0.127" classname="com.OSMOSE.testcases.Contact" />
                <testcase name="verifyIdahoPowerRestorationContactCardContents" time="11.512" classname="com.OSMOSE.testcases.Contact" />
                <testcase name="verifyGeorgiaPowerCompanyContactCardContents" time="18.631" classname="com.OSMOSE.testcases.Contact" />
                <testcase name="verifyContactUsGeneralInquiriesContents" time="0.085" classname="com.OSMOSE.testcases.Contact" />
      
</testsuite>
