<?xml version="1.0" encoding="UTF-8"?>
<testsuite name="OCalcPro"
           tests="16"
           failures="0"
           errors="0"
           skipped="0"
           time="232.329">
  <properties />
  
  
            <testcase name="verifyKBClickLicensedUser" time="27.246" classname="com.OSMOSE.testcases.oCalcPro" />
                <testcase name="verifyClickOnNextPreviousbtns" time="2.252" classname="com.OSMOSE.testcases.oCalcPro" />
                <testcase name="verifyKBWikiPageClickLicensedUser" time="23.914" classname="com.OSMOSE.testcases.oCalcPro" />
                <testcase name="verifyoCalcProNavigationClick" time="15.596" classname="com.OSMOSE.testcases.oCalcPro" />
                <testcase name="verifyClickOnSkipTourExitTourbtns" time="4.681" classname="com.OSMOSE.testcases.oCalcPro" />
                <testcase name="verifyPresenceOfShowTour" time="2.301" classname="com.OSMOSE.testcases.oCalcPro" />
                <testcase name="verifySearchResultsAreGroupedLicensedUser" time="15.669" classname="com.OSMOSE.testcases.oCalcPro" />
                <testcase name="verifyKBTrainingVideosClick" time="12.143" classname="com.OSMOSE.testcases.oCalcPro" />
                <testcase name="verifyTrainingVideosAreGrouped" time="27.342" classname="com.OSMOSE.testcases.oCalcPro" />
                <testcase name="verifyTrainingVideosAreGroupedLicensedUser" time="15.764" classname="com.OSMOSE.testcases.oCalcPro" />
                <testcase name="verifyKBTrainingVideosClickLicensedUser" time="12.288" classname="com.OSMOSE.testcases.oCalcPro" />
                <testcase name="verifySearchResultsAreGrouped" time="15.773" classname="com.OSMOSE.testcases.oCalcPro" />
                <testcase name="verifyKBClick" time="30.565" classname="com.OSMOSE.testcases.oCalcPro" />
                <testcase name="verifyPresenceOfSkipTourNextPreviousExitTour" time="2.653" classname="com.OSMOSE.testcases.oCalcPro" />
                <testcase name="verifyPresenceOfKnowledgeBaseCard" time="0.068" classname="com.OSMOSE.testcases.oCalcPro" />
                <testcase name="verifyKBWikiPageClick" time="24.074" classname="com.OSMOSE.testcases.oCalcPro" />
      
</testsuite>
