<?xml version="1.0" encoding="UTF-8"?>
<testsuite name="Product"
           tests="6"
           failures="0"
           errors="0"
           skipped="0"
           time="56.041">
  <properties />
  
  
            <testcase name="openMyQuotesElementPresent" time="0.028" classname="com.OSMOSE.testcases.Product" />
                <testcase name="shoppingCartElementPresent" time="0.087" classname="com.OSMOSE.testcases.Product" />
                <testcase name="verifyTheProductLink" time="5.711" classname="com.OSMOSE.testcases.Product" />
                <testcase name="searchElementPresent" time="50.133" classname="com.OSMOSE.testcases.Product" />
                <testcase name="catalogElementPresent" time="0.028" classname="com.OSMOSE.testcases.Product" />
                <testcase name="adminElementPresent" time="0.054" classname="com.OSMOSE.testcases.Product" />
      
</testsuite>
