<?xml version="1.0" encoding="UTF-8"?>
<testsuite name="MyOsmoseServices"
           tests="25"
           failures="0"
           errors="0"
           skipped="0"
           time="340.004">
  <properties />
  
  
            <testcase name="verifyClickonUndergroundVideos" time="20.658" classname="com.OSMOSE.testcases.OsmoseServices" />
                <testcase name="verifyOcalcProLearnMoreClick" time="5.230" classname="com.OSMOSE.testcases.OsmoseServices" />
                <testcase name="verifyTechnicalServicesLearnMoreClick" time="5.267" classname="com.OSMOSE.testcases.OsmoseServices" />
                <testcase name="VerifyWoodInspectionAndTreatmentclick" time="7.836" classname="com.OSMOSE.testcases.OsmoseServices" />
                <testcase name="verifyUndergroundLearnMoreClick" time="5.247" classname="com.OSMOSE.testcases.OsmoseServices" />
                <testcase name="verifyOverheadLearnMoreClick" time="5.269" classname="com.OSMOSE.testcases.OsmoseServices" />
                <testcase name="verifySteelandConcreteAssessmentLearnMoreClick" time="5.222" classname="com.OSMOSE.testcases.OsmoseServices" />
                <testcase name="verifyWoodRestorationLearnMoreClick" time="5.310" classname="com.OSMOSE.testcases.OsmoseServices" />
                <testcase name="verifyClickonWoodRestorationVideos" time="37.783" classname="com.OSMOSE.testcases.OsmoseServices" />
                <testcase name="verifyClickonWoodTreatmentProjectProfiles" time="20.795" classname="com.OSMOSE.testcases.OsmoseServices" />
                <testcase name="verifyClickonWoodRestorationProjectProfiles" time="29.706" classname="com.OSMOSE.testcases.OsmoseServices" />
                <testcase name="verifyOkClickOnPopUpUnderground" time="5.343" classname="com.OSMOSE.testcases.OsmoseServices" />
                <testcase name="VerifyProductclick" time="42.537" classname="com.OSMOSE.testcases.OsmoseServices" />
                <testcase name="verifyPopUpUnderground" time="15.481" classname="com.OSMOSE.testcases.OsmoseServices" />
                <testcase name="verifyClickonWoodTreatmentVideos" time="39.682" classname="com.OSMOSE.testcases.OsmoseServices" />
                <testcase name="VerifyWoodRestorationclick" time="7.753" classname="com.OSMOSE.testcases.OsmoseServices" />
                <testcase name="verifyMapViewLearnMoreClick" time="5.280" classname="com.OSMOSE.testcases.OsmoseServices" />
                <testcase name="verifyMyOsmoseServicesCardClick" time="7.767" classname="com.OSMOSE.testcases.OsmoseServices" />
                <testcase name="verifyCancelClickOnPopUpUnderground" time="3.124" classname="com.OSMOSE.testcases.OsmoseServices" />
                <testcase name="verifyStrayVoltageLearnMoreClick" time="5.224" classname="com.OSMOSE.testcases.OsmoseServices" />
                <testcase name="verifyJointUseLearnMoreClick" time="5.211" classname="com.OSMOSE.testcases.OsmoseServices" />
                <testcase name="verifyWoodInspectionandTreatmentLearnMoreClick" time="10.248" classname="com.OSMOSE.testcases.OsmoseServices" />
                <testcase name="VerifyViewMapclick" time="18.125" classname="com.OSMOSE.testcases.OsmoseServices" />
                <testcase name="verifyClickonUndergroundProjectProfiles" time="20.652" classname="com.OSMOSE.testcases.OsmoseServices" />
                <testcase name="verifySteelandConcreteRestorationLearnMoreClick" time="5.254" classname="com.OSMOSE.testcases.OsmoseServices" />
      
</testsuite>
