<?xml version="1.0" encoding="UTF-8"?>
<testsuite name="OCalcPro_Nor"
           tests="29"
           failures="0"
           errors="0"
           skipped="0"
           time="286.674">
  <properties />
  
  
            <testcase name="verifyPresenceOfProductsCard" time="0.052" classname="com.OSMOSE.testcases.oCalcPro_Nor" />
                <testcase name="verifyPresenceOfGetStartedWithOcalcPro" time="0.084" classname="com.OSMOSE.testcases.oCalcPro_Nor" />
                <testcase name="verify30daysbtnClickonGetStartedWithOcalcProcard" time="4.574" classname="com.OSMOSE.testcases.oCalcPro_Nor" />
                <testcase name="verifyProductsClick" time="6.040" classname="com.OSMOSE.testcases.oCalcPro_Nor" />
                <testcase name="verifyContentsOfTrainingOptions" time="0.140" classname="com.OSMOSE.testcases.oCalcPro_Nor" />
                <testcase name="verifyPresenceOfLicenseManagementPerspective" time="50.184" classname="com.OSMOSE.testcases.oCalcPro_Nor" />
                <testcase name="verifyContentsOfProductsCard" time="0.271" classname="com.OSMOSE.testcases.oCalcPro_Nor" />
                <testcase name="verifyKBTrainingVideosClick" time="12.232" classname="com.OSMOSE.testcases.oCalcPro_Nor" />
                <testcase name="verifyKBClick" time="26.861" classname="com.OSMOSE.testcases.oCalcPro_Nor" />
                <testcase name="verifySearchResultsAreGrouped" time="15.909" classname="com.OSMOSE.testcases.oCalcPro_Nor" />
                <testcase name="verifyRequestQuoteForPrivateTrainingClassesClick" time="12.579" classname="com.OSMOSE.testcases.oCalcPro_Nor" />
                <testcase name="loginTest" time="25.940" classname="com.OSMOSE.testcases.oCalcPro_Nor" />
                <testcase name="verifyTrainingVideosAreGrouped" time="15.858" classname="com.OSMOSE.testcases.oCalcPro_Nor" />
                <testcase name="verifyPresenceOfTrainingOptionsCard" time="0.051" classname="com.OSMOSE.testcases.oCalcPro_Nor" />
                <testcase name="verifyContentsOfAnnouncements" time="0.650" classname="com.OSMOSE.testcases.oCalcPro_Nor" />
                <testcase name="verifyoCalcProNavigationClick" time="15.639" classname="com.OSMOSE.testcases.oCalcPro_Nor" />
                <testcase name="verifyContentsOfGetStartedWithOcalcPro" time="0.241" classname="com.OSMOSE.testcases.oCalcPro_Nor" />
                <testcase name="verifyContentsOfKBCard" time="0.121" classname="com.OSMOSE.testcases.oCalcPro_Nor" />
                <testcase name="verifyRequestLicenseQuoteClick" time="11.122" classname="com.OSMOSE.testcases.oCalcPro_Nor" />
                <testcase name="verifyCurrentPublicClassesClick" time="18.196" classname="com.OSMOSE.testcases.oCalcPro_Nor" />
                <testcase name="verifyPresenceOfAnnouncementsCard" time="0.064" classname="com.OSMOSE.testcases.oCalcPro_Nor" />
                <testcase name="verifyRequestCVTQuoteClick" time="10.065" classname="com.OSMOSE.testcases.oCalcPro_Nor" />
                <testcase name="verifyPresenceOfKnowledgeBaseCard" time="0.051" classname="com.OSMOSE.testcases.oCalcPro_Nor" />
                <testcase name="verifyClickOnAnAnnouncement" time="3.895" classname="com.OSMOSE.testcases.oCalcPro_Nor" />
                <testcase name="verifyRequestTrainingQuoteClick" time="9.284" classname="com.OSMOSE.testcases.oCalcPro_Nor" />
                <testcase name="verifyKBWikiPageClick" time="24.969" classname="com.OSMOSE.testcases.oCalcPro_Nor" />
                <testcase name="verifyocalcSupportClickonGetStartedWithOcalcProcard" time="3.545" classname="com.OSMOSE.testcases.oCalcPro_Nor" />
                <testcase name="verifyLearnMoreClickonGetStartedWithOcalcProcard" time="14.145" classname="com.OSMOSE.testcases.oCalcPro_Nor" />
                <testcase name="verifyRequstDemoClickonGetStartedWithOcalcProcard" time="3.912" classname="com.OSMOSE.testcases.oCalcPro_Nor" />
      
</testsuite>
