<?xml version="1.0" encoding="UTF-8"?>
<testsuite name="OCalcPro_Nor"
           tests="29"
           failures="0"
           errors="0"
           skipped="0"
           time="234.211">
  <properties />
  
  
            <testcase name="verifyRequestQuoteForPrivateTrainingClassesClick" time="11.575" classname="com.OSMOSE.testcases.oCalcPro_Nor" />
                <testcase name="verifyPresenceOfTrainingOptionsCard" time="0.036" classname="com.OSMOSE.testcases.oCalcPro_Nor" />
                <testcase name="verifyContentsOfProductsCard" time="0.170" classname="com.OSMOSE.testcases.oCalcPro_Nor" />
                <testcase name="verifyRequestCVTQuoteClick" time="8.921" classname="com.OSMOSE.testcases.oCalcPro_Nor" />
                <testcase name="verifyPresenceOfAnnouncementsCard" time="0.069" classname="com.OSMOSE.testcases.oCalcPro_Nor" />
                <testcase name="verifyLearnMoreClickonGetStartedWithOcalcProcard" time="13.760" classname="com.OSMOSE.testcases.oCalcPro_Nor" />
                <testcase name="verifyKBClick" time="6.883" classname="com.OSMOSE.testcases.oCalcPro_Nor" />
                <testcase name="verifyRequstDemoClickonGetStartedWithOcalcProcard" time="3.951" classname="com.OSMOSE.testcases.oCalcPro_Nor" />
                <testcase name="verifyProductsClick" time="5.604" classname="com.OSMOSE.testcases.oCalcPro_Nor" />
                <testcase name="verifyRequestTrainingQuoteClick" time="8.414" classname="com.OSMOSE.testcases.oCalcPro_Nor" />
                <testcase name="verifyContentsOfKBCard" time="0.133" classname="com.OSMOSE.testcases.oCalcPro_Nor" />
                <testcase name="verifySearchResultsAreGrouped" time="14.767" classname="com.OSMOSE.testcases.oCalcPro_Nor" />
                <testcase name="verifyPresenceOfKnowledgeBaseCard" time="0.049" classname="com.OSMOSE.testcases.oCalcPro_Nor" />
                <testcase name="verifyKBTrainingVideosClick" time="8.308" classname="com.OSMOSE.testcases.oCalcPro_Nor" />
                <testcase name="verifyContentsOfGetStartedWithOcalcPro" time="0.370" classname="com.OSMOSE.testcases.oCalcPro_Nor" />
                <testcase name="verifyTrainingVideosAreGrouped" time="7.768" classname="com.OSMOSE.testcases.oCalcPro_Nor" />
                <testcase name="verifyPresenceOfProductsCard" time="0.053" classname="com.OSMOSE.testcases.oCalcPro_Nor" />
                <testcase name="verify30daysbtnClickonGetStartedWithOcalcProcard" time="3.748" classname="com.OSMOSE.testcases.oCalcPro_Nor" />
                <testcase name="verifyocalcSupportClickonGetStartedWithOcalcProcard" time="3.490" classname="com.OSMOSE.testcases.oCalcPro_Nor" />
                <testcase name="verifyContentsOfTrainingOptions" time="0.182" classname="com.OSMOSE.testcases.oCalcPro_Nor" />
                <testcase name="verifyContentsOfAnnouncements" time="0.809" classname="com.OSMOSE.testcases.oCalcPro_Nor" />
                <testcase name="verifyoCalcProNavigationClick" time="18.727" classname="com.OSMOSE.testcases.oCalcPro_Nor" />
                <testcase name="verifyRequestLicenseQuoteClick" time="9.776" classname="com.OSMOSE.testcases.oCalcPro_Nor" />
                <testcase name="ocalcloginTestNormal" time="18.006" classname="com.OSMOSE.testcases.oCalcPro_Nor" />
                <testcase name="verifyClickOnAnAnnouncement" time="3.608" classname="com.OSMOSE.testcases.oCalcPro_Nor" />
                <testcase name="verifyPresenceOfLicenseManagementPerspective" time="50.049" classname="com.OSMOSE.testcases.oCalcPro_Nor" />
                <testcase name="verifyCurrentPublicClassesClick" time="10.394" classname="com.OSMOSE.testcases.oCalcPro_Nor" />
                <testcase name="verifyKBWikiPageClick" time="24.510" classname="com.OSMOSE.testcases.oCalcPro_Nor" />
                <testcase name="verifyPresenceOfGetStartedWithOcalcPro" time="0.081" classname="com.OSMOSE.testcases.oCalcPro_Nor" />
      
</testsuite>
