<?xml version="1.0" encoding="UTF-8"?>
<testsuite name="Product"
           tests="85"
           failures="0"
           errors="0"
           skipped="0"
           time="1619.460">
  <properties />
  
  
            <testcase name="UpdateDecreaseQuanityinShoppingCart" time="28.403" classname="com.OSMOSE.testcases.Product" />
                <testcase name="verifyStatusFilterQuotePending" time="18.301" classname="com.OSMOSE.testcases.Product" />
                <testcase name="UpdateIncreaseQuanityinShoppingCart" time="12.534" classname="com.OSMOSE.testcases.Product" />
                <testcase name="searchElementPresent" time="50.150" classname="com.OSMOSE.testcases.Product" />
                <testcase name="VerifyUIonApprove" time="113.913" classname="com.OSMOSE.testcases.Product" />
                <testcase name="catalogElementPresent" time="0.040" classname="com.OSMOSE.testcases.Product" />
                <testcase name="VerifyCrossicononhoppingCart" time="1.154" classname="com.OSMOSE.testcases.Product" />
                <testcase name="FeaturedProductPoleRestoration" time="23.601" classname="com.OSMOSE.testcases.Product" />
                <testcase name="ClickReject" time="9.695" classname="com.OSMOSE.testcases.Product" />
                <testcase name="adminElementPresent" time="0.088" classname="com.OSMOSE.testcases.Product" />
                <testcase name="verifyStatusFilterExpired" time="13.691" classname="com.OSMOSE.testcases.Product" />
                <testcase name="UpdateChangeProductAddToShoppingCart" time="15.891" classname="com.OSMOSE.testcases.Product" />
                <testcase name="ClickShoppingCartIcon" time="11.089" classname="com.OSMOSE.testcases.Product" />
                <testcase name="VerifyUIonClickQuoteID" time="4.922" classname="com.OSMOSE.testcases.Product" />
                <testcase name="verifyCartIconCount" time="16.115" classname="com.OSMOSE.testcases.Product" />
                <testcase name="openMyQuotesElementPresent" time="0.040" classname="com.OSMOSE.testcases.Product" />
                <testcase name="VerifyAddShopping_Sameitem" time="9.707" classname="com.OSMOSE.testcases.Product" />
                <testcase name="ReturnPolicy" time="10.298" classname="com.OSMOSE.testcases.Product" />
                <testcase name="verifyStatusFilterCancelled" time="15.647" classname="com.OSMOSE.testcases.Product" />
                <testcase name="verifySubmitwhileREQuoting" time="60.461" classname="com.OSMOSE.testcases.Product" />
                <testcase name="viewDetailsElementPresent" time="0.032" classname="com.OSMOSE.testcases.Product" />
                <testcase name="VerifyCrossicononhoppingCart_Differentitem" time="9.827" classname="com.OSMOSE.testcases.Product" />
                <testcase name="SubmitQuotewithMoreThan20mbFile" time="28.250" classname="com.OSMOSE.testcases.Product" />
                <testcase name="DeleteQuanityinShoppingCart" time="6.000" classname="com.OSMOSE.testcases.Product" />
                <testcase name="verifyTheValidationmessage" time="13.374" classname="com.OSMOSE.testcases.Product" />
                <testcase name="AddShoppingCart" time="4.853" classname="com.OSMOSE.testcases.Product" />
                <testcase name="shoppingCartElementPresent" time="0.095" classname="com.OSMOSE.testcases.Product" />
                <testcase name="verifyTheSearchFullname" time="12.495" classname="com.OSMOSE.testcases.Product" />
                <testcase name="MyQuotes_96421" time="6.693" classname="com.OSMOSE.testcases.Product" />
                <testcase name="verifyDeleteProductOnOverlay" time="8.966" classname="com.OSMOSE.testcases.Product" />
                <testcase name="ClickUploadProducts" time="8.398" classname="com.OSMOSE.testcases.Product" />
                <testcase name="VerifyAddingRelatedProductsToShoppingCart" time="17.802" classname="com.OSMOSE.testcases.Product" />
                <testcase name="verifyStatusFilterOrdered" time="15.813" classname="com.OSMOSE.testcases.Product" />
                <testcase name="HomepageCarticon" time="14.402" classname="com.OSMOSE.testcases.Product" />
                <testcase name="VerifyApprovebtndisabled" time="121.023" classname="com.OSMOSE.testcases.Product" />
                <testcase name="verifyCategoryFilter" time="50.012" classname="com.OSMOSE.testcases.Product" />
                <testcase name="ClickShoppingSubmitCartbutton" time="9.543" classname="com.OSMOSE.testcases.Product" />
                <testcase name="verifyTheSearchCrossButton" time="14.372" classname="com.OSMOSE.testcases.Product" />
                <testcase name="verifyStatusFilterQuoted" time="16.123" classname="com.OSMOSE.testcases.Product" />
                <testcase name="SubmitQuotewithQuotePendingstatus" time="18.817" classname="com.OSMOSE.testcases.Product" />
                <testcase name="AddQuantityandverifyCellNumber" time="16.863" classname="com.OSMOSE.testcases.Product" />
                <testcase name="verifyTheProductLink" time="10.010" classname="com.OSMOSE.testcases.Product" />
                <testcase name="ClickProductsinReview" time="2.178" classname="com.OSMOSE.testcases.Product" />
                <testcase name="SubmitQuotewithQuotedstatus" time="33.095" classname="com.OSMOSE.testcases.Product" />
                <testcase name="verifyThankyouPopup" time="130.779" classname="com.OSMOSE.testcases.Product" />
                <testcase name="verifyCancelwhileREQuoting" time="40.953" classname="com.OSMOSE.testcases.Product" />
                <testcase name="SortBydd" time="9.205" classname="com.OSMOSE.testcases.Product" />
                <testcase name="verifyStatusFilterOrderRequested" time="13.957" classname="com.OSMOSE.testcases.Product" />
                <testcase name="VerifyShoppingAddbtndisabled" time="4.778" classname="com.OSMOSE.testcases.Product" />
                <testcase name="ClickManageQuotesLink" time="5.267" classname="com.OSMOSE.testcases.Product" />
                <testcase name="VerifyShoppingCarrtAddbtnDisabledclearqty" time="5.941" classname="com.OSMOSE.testcases.Product" />
                <testcase name="CreateQuote" time="9.661" classname="com.OSMOSE.testcases.Product" />
                <testcase name="verifyStatusFilterAll" time="15.500" classname="com.OSMOSE.testcases.Product" />
                <testcase name="ClickReview" time="7.798" classname="com.OSMOSE.testcases.Product" />
                <testcase name="verifyExclamationOnMyQuotes" time="20.158" classname="com.OSMOSE.testcases.Product" />
                <testcase name="SubmitQuotewithQuoteCancelledstatus" time="13.556" classname="com.OSMOSE.testcases.Product" />
                <testcase name="SubmitQuotewithExpiredstatus" time="10.484" classname="com.OSMOSE.testcases.Product" />
                <testcase name="ClickApprove" time="9.237" classname="com.OSMOSE.testcases.Product" />
                <testcase name="SubmitQuotewithoutFile" time="20.614" classname="com.OSMOSE.testcases.Product" />
                <testcase name="SubmitQuotewithOrderedstatus" time="9.811" classname="com.OSMOSE.testcases.Product" />
                <testcase name="ClickDownloadProducts" time="7.248" classname="com.OSMOSE.testcases.Product" />
                <testcase name="ClickShoppingViewCartbutton" time="9.590" classname="com.OSMOSE.testcases.Product" />
                <testcase name="SubmitQuotewithOrderRequestedstatus" time="12.547" classname="com.OSMOSE.testcases.Product" />
                <testcase name="verifyViewDetail" time="12.429" classname="com.OSMOSE.testcases.Product" />
                <testcase name="verifyUpdatedQuantityOnOverlay" time="12.499" classname="com.OSMOSE.testcases.Product" />
                <testcase name="sliderItemPresent" time="0.119" classname="com.OSMOSE.testcases.Product" />
                <testcase name="VerifyShoppingCarrtMinMaxqty" time="11.907" classname="com.OSMOSE.testcases.Product" />
                <testcase name="VerifyProductclick" time="14.699" classname="com.OSMOSE.testcases.Product" />
                <testcase name="GoBack" time="13.532" classname="com.OSMOSE.testcases.Product" />
                <testcase name="CreateQuote_Comments" time="8.606" classname="com.OSMOSE.testcases.Product" />
                <testcase name="CreateQuote_MultipleAttachment" time="37.018" classname="com.OSMOSE.testcases.Product" />
                <testcase name="CreateQuote_UpdateeAttachment" time="10.229" classname="com.OSMOSE.testcases.Product" />
                <testcase name="ClickManageProducts" time="2.304" classname="com.OSMOSE.testcases.Product" />
                <testcase name="ClickDictionaryLink" time="36.096" classname="com.OSMOSE.testcases.Product" />
                <testcase name="SubmitQuotewithInvalidFileType" time="25.711" classname="com.OSMOSE.testcases.Product" />
                <testcase name="CreateQuote_Attachment" time="10.212" classname="com.OSMOSE.testcases.Product" />
                <testcase name="CreateQuote_ZipCode" time="8.891" classname="com.OSMOSE.testcases.Product" />
                <testcase name="verifyTheSearchOneAlphabet" time="23.059" classname="com.OSMOSE.testcases.Product" />
                <testcase name="verifyTheSearchfirstname" time="13.609" classname="com.OSMOSE.testcases.Product" />
                <testcase name="VerifyTooltipForSizeDropDown" time="9.393" classname="com.OSMOSE.testcases.Product" />
                <testcase name="verifyAddToCartWhileReQuoting" time="73.553" classname="com.OSMOSE.testcases.Product" />
                <testcase name="MyQuotesComments_Collapse" time="13.629" classname="com.OSMOSE.testcases.Product" />
                <testcase name="verifyAddShoppingCarttext" time="18.454" classname="com.OSMOSE.testcases.Product" />
                <testcase name="allSixProductPresent" time="0.048" classname="com.OSMOSE.testcases.Product" />
                <testcase name="VerifyFPImageClick" time="51.603" classname="com.OSMOSE.testcases.Product" />
      
</testsuite>
