<?xml version="1.0" encoding="UTF-8"?>
<testsuite name="Product"
           tests="13"
           failures="1"
           errors="0"
           skipped="0"
           time="290.428">
  <properties />
            <testcase name="verifyNoExclamationOnMyQuotes" time="91.901" classname="com.OSMOSE.testcases.Product">
                <failure type="org.openqa.selenium.NoSuchElementException"
                  message="no such element: Unable to locate element: {&quot;method&quot;:&quot;xpath&quot;,&quot;selector&quot;:&quot;//a[@id=&apos;openMyquotes&apos;]/span&quot;}
  (Session info: chrome=83.0.4103.116)
For documentation on this error, please visit: http://seleniumhq.org/exceptions/no_such_element.html
Build info: version: &apos;3.14.0&apos;, revision: &apos;aacccce0&apos;, time: &apos;2018-08-02T20:19:58.91Z&apos;
System info: host: &apos;5CG6323N27&apos;, ip: &apos;192.168.0.7&apos;, os.name: &apos;Windows 10&apos;, os.arch: &apos;amd64&apos;, os.version: &apos;10.0&apos;, java.version: &apos;1.8.0_191&apos;
Driver info: org.openqa.selenium.chrome.ChromeDriver
Capabilities {acceptInsecureCerts: false, browserName: chrome, browserVersion: 83.0.4103.116, chrome: {chromedriverVersion: 83.0.4103.39 (ccbf011cb2d2b..., userDataDir: C:\Windows\Temp\scoped_dir2...}, goog:chromeOptions: {debuggerAddress: localhost:50633}, javascriptEnabled: true, networkConnectionEnabled: false, pageLoadStrategy: none, platform: WINDOWS, platformName: WINDOWS, proxy: Proxy(), setWindowRect: true, strictFileInteractability: false, timeouts: {implicit: 0, pageLoad: 300000, script: 30000}, unhandledPromptBehavior: dismiss and notify, webauthn:virtualAuthenticators: true}
Session ID: 63dab00ef0e8bad54db968e9415c3bc8
*** Element info: {Using=xpath, value=//a[@id=&apos;openMyquotes&apos;]/span}"
              >
<![CDATA[org.openqa.selenium.NoSuchElementException: no such element: Unable to locate element: {"method":"xpath","selector":"//a[@id='openMyquotes']/span"}
  (Session info: chrome=83.0.4103.116)
For documentation on this error, please visit: http://seleniumhq.org/exceptions/no_such_element.html
Build info: version: '3.14.0', revision: 'aacccce0', time: '2018-08-02T20:19:58.91Z'
System info: host: '5CG6323N27', ip: '192.168.0.7', os.name: 'Windows 10', os.arch: 'amd64', os.version: '10.0', java.version: '1.8.0_191'
Driver info: org.openqa.selenium.chrome.ChromeDriver
Capabilities {acceptInsecureCerts: false, browserName: chrome, browserVersion: 83.0.4103.116, chrome: {chromedriverVersion: 83.0.4103.39 (ccbf011cb2d2b..., userDataDir: C:\Windows\Temp\scoped_dir2...}, goog:chromeOptions: {debuggerAddress: localhost:50633}, javascriptEnabled: true, networkConnectionEnabled: false, pageLoadStrategy: none, platform: WINDOWS, platformName: WINDOWS, proxy: Proxy(), setWindowRect: true, strictFileInteractability: false, timeouts: {implicit: 0, pageLoad: 300000, script: 30000}, unhandledPromptBehavior: dismiss and notify, webauthn:virtualAuthenticators: true}
Session ID: 63dab00ef0e8bad54db968e9415c3bc8
*** Element info: {Using=xpath, value=//a[@id='openMyquotes']/span}
  sun.reflect.NativeConstructorAccessorImpl.newInstance0(Native Method)
  sun.reflect.NativeConstructorAccessorImpl.newInstance(Unknown Source)
  sun.reflect.DelegatingConstructorAccessorImpl.newInstance(Unknown Source)
  java.lang.reflect.Constructor.newInstance(Unknown Source)
  org.openqa.selenium.remote.http.W3CHttpResponseCodec.createException(W3CHttpResponseCodec.java:187)
  org.openqa.selenium.remote.http.W3CHttpResponseCodec.decode(W3CHttpResponseCodec.java:122)
  org.openqa.selenium.remote.http.W3CHttpResponseCodec.decode(W3CHttpResponseCodec.java:49)
  org.openqa.selenium.remote.HttpCommandExecutor.execute(HttpCommandExecutor.java:158)
  org.openqa.selenium.remote.service.DriverCommandExecutor.execute(DriverCommandExecutor.java:83)
  org.openqa.selenium.remote.RemoteWebDriver.execute(RemoteWebDriver.java:548)
  org.openqa.selenium.remote.RemoteWebDriver.findElement(RemoteWebDriver.java:322)
  org.openqa.selenium.remote.RemoteWebDriver.findElementByXPath(RemoteWebDriver.java:424)
  org.openqa.selenium.By$ByXPath.findElement(By.java:353)
  org.openqa.selenium.remote.RemoteWebDriver.findElement(RemoteWebDriver.java:314)
  com.OSMOSE.testcases.Product.verifyNoExclamationOnMyQuotes(Product.java:957)
  sun.reflect.NativeMethodAccessorImpl.invoke0(Native Method)
  sun.reflect.NativeMethodAccessorImpl.invoke(Unknown Source)
  sun.reflect.DelegatingMethodAccessorImpl.invoke(Unknown Source)
  java.lang.reflect.Method.invoke(Unknown Source)
  org.testng.internal.MethodInvocationHelper.invokeMethod(MethodInvocationHelper.java:134)
  org.testng.internal.TestInvoker.invokeMethod(TestInvoker.java:597)
  org.testng.internal.TestInvoker.invokeTestMethod(TestInvoker.java:173)
  org.testng.internal.MethodRunner.runInSequence(MethodRunner.java:46)
  org.testng.internal.TestInvoker$MethodInvocationAgent.invoke(TestInvoker.java:816)
  org.testng.internal.TestInvoker.invokeTestMethods(TestInvoker.java:146)
  org.testng.internal.TestMethodWorker.invokeTestMethods(TestMethodWorker.java:146)
  org.testng.internal.TestMethodWorker.run(TestMethodWorker.java:128)
  java.util.ArrayList.forEach(Unknown Source)
  org.testng.TestRunner.privateRun(TestRunner.java:766)
  org.testng.TestRunner.run(TestRunner.java:587)
  org.testng.SuiteRunner.runTest(SuiteRunner.java:384)
  org.testng.SuiteRunner.runSequentially(SuiteRunner.java:378)
  org.testng.SuiteRunner.privateRun(SuiteRunner.java:337)
  org.testng.SuiteRunner.run(SuiteRunner.java:286)
  org.testng.SuiteRunnerWorker.runSuite(SuiteRunnerWorker.java:53)
  org.testng.SuiteRunnerWorker.run(SuiteRunnerWorker.java:96)
  org.testng.TestNG.runSuitesSequentially(TestNG.java:1187)
  org.testng.TestNG.runSuitesLocally(TestNG.java:1109)
  org.testng.TestNG.runSuites(TestNG.java:1039)
  org.testng.TestNG.run(TestNG.java:1007)
  org.testng.remote.AbstractRemoteTestNG.run(AbstractRemoteTestNG.java:115)
  org.testng.remote.RemoteTestNG.initAndRun(RemoteTestNG.java:251)
  org.testng.remote.RemoteTestNG.main(RemoteTestNG.java:77)
]]>
      </failure>

          </testcase>
  
  
            <testcase name="openMyQuotesElementPresent" time="0.029" classname="com.OSMOSE.testcases.Product" />
                <testcase name="shoppingCartElementPresent" time="0.050" classname="com.OSMOSE.testcases.Product" />
                <testcase name="verifyExclamationOnMyQuotes" time="38.091" classname="com.OSMOSE.testcases.Product" />
                <testcase name="sliderItemPresent" time="0.131" classname="com.OSMOSE.testcases.Product" />
                <testcase name="verifyCategoryFilter" time="50.031" classname="com.OSMOSE.testcases.Product" />
                <testcase name="catalogElementPresent" time="0.030" classname="com.OSMOSE.testcases.Product" />
                <testcase name="verifyTheProductLink" time="3.669" classname="com.OSMOSE.testcases.Product" />
                <testcase name="viewDetailsElementPresent" time="0.032" classname="com.OSMOSE.testcases.Product" />
                <testcase name="searchElementPresent" time="50.086" classname="com.OSMOSE.testcases.Product" />
                <testcase name="verifyAddToCartWhileReQuoting" time="56.301" classname="com.OSMOSE.testcases.Product" />
                <testcase name="allSixProductPresent" time="0.030" classname="com.OSMOSE.testcases.Product" />
                <testcase name="adminElementPresent" time="0.047" classname="com.OSMOSE.testcases.Product" />
      
</testsuite>
