<?xml version="1.0" encoding="UTF-8"?>
<testsuite name="Product"
           tests="58"
           failures="1"
           errors="0"
           skipped="0"
           time="955.440">
  <properties />
            <testcase name="SubmitQuotewithNegativeExpireDays" time="22.966" classname="com.OSMOSE.testcases.Product">
                <failure type="java.lang.AssertionError"
                  message="expected [Value must be greater than or equal to 1.] but found []"
              >
<![CDATA[java.lang.AssertionError: expected [Value must be greater than or equal to 1.] but found []
  org.testng.Assert.fail(Assert.java:97)
  org.testng.Assert.assertEqualsImpl(Assert.java:136)
  org.testng.Assert.assertEquals(Assert.java:118)
  org.testng.Assert.assertEquals(Assert.java:575)
  org.testng.Assert.assertEquals(Assert.java:585)
  com.OSMOSE.testcases.Product.SubmitQuotewithNegativeExpireDays(Product.java:753)
  sun.reflect.NativeMethodAccessorImpl.invoke0(Native Method)
  sun.reflect.NativeMethodAccessorImpl.invoke(Unknown Source)
  sun.reflect.DelegatingMethodAccessorImpl.invoke(Unknown Source)
  java.lang.reflect.Method.invoke(Unknown Source)
  org.testng.internal.MethodInvocationHelper.invokeMethod(MethodInvocationHelper.java:134)
  org.testng.internal.TestInvoker.invokeMethod(TestInvoker.java:597)
  org.testng.internal.TestInvoker.invokeTestMethod(TestInvoker.java:173)
  org.testng.internal.MethodRunner.runInSequence(MethodRunner.java:46)
  org.testng.internal.TestInvoker$MethodInvocationAgent.invoke(TestInvoker.java:816)
  org.testng.internal.TestInvoker.invokeTestMethods(TestInvoker.java:146)
  org.testng.internal.TestMethodWorker.invokeTestMethods(TestMethodWorker.java:146)
  org.testng.internal.TestMethodWorker.run(TestMethodWorker.java:128)
  java.util.ArrayList.forEach(Unknown Source)
  org.testng.TestRunner.privateRun(TestRunner.java:766)
  org.testng.TestRunner.run(TestRunner.java:587)
  org.testng.SuiteRunner.runTest(SuiteRunner.java:384)
  org.testng.SuiteRunner.runSequentially(SuiteRunner.java:378)
  org.testng.SuiteRunner.privateRun(SuiteRunner.java:337)
  org.testng.SuiteRunner.run(SuiteRunner.java:286)
  org.testng.SuiteRunnerWorker.runSuite(SuiteRunnerWorker.java:53)
  org.testng.SuiteRunnerWorker.run(SuiteRunnerWorker.java:96)
  org.testng.TestNG.runSuitesSequentially(TestNG.java:1187)
  org.testng.TestNG.runSuitesLocally(TestNG.java:1109)
  org.testng.TestNG.runSuites(TestNG.java:1039)
  org.testng.TestNG.run(TestNG.java:1007)
  org.testng.remote.AbstractRemoteTestNG.run(AbstractRemoteTestNG.java:115)
  org.testng.remote.RemoteTestNG.initAndRun(RemoteTestNG.java:251)
  org.testng.remote.RemoteTestNG.main(RemoteTestNG.java:77)
]]>
      </failure>

          </testcase>
  
  
            <testcase name="UpdateDecreaseQuanityinShoppingCart" time="28.617" classname="com.OSMOSE.testcases.Product" />
                <testcase name="verifyCategoryFilter" time="50.048" classname="com.OSMOSE.testcases.Product" />
                <testcase name="adminElementPresent" time="0.098" classname="com.OSMOSE.testcases.Product" />
                <testcase name="MyQuotes_96421" time="7.120" classname="com.OSMOSE.testcases.Product" />
                <testcase name="SubmitQuotewithMoreThan20mbFile" time="27.902" classname="com.OSMOSE.testcases.Product" />
                <testcase name="verifyUpdatedQuantityOnOverlay" time="8.154" classname="com.OSMOSE.testcases.Product" />
                <testcase name="catalogElementPresent" time="0.116" classname="com.OSMOSE.testcases.Product" />
                <testcase name="verifyTheSearchOneAlphabet" time="22.333" classname="com.OSMOSE.testcases.Product" />
                <testcase name="SortBydd" time="9.320" classname="com.OSMOSE.testcases.Product" />
                <testcase name="verifyTheSearchfirstname" time="14.333" classname="com.OSMOSE.testcases.Product" />
                <testcase name="CreateQuote_ZipCode" time="5.363" classname="com.OSMOSE.testcases.Product" />
                <testcase name="ClickManageQuotesLink" time="3.541" classname="com.OSMOSE.testcases.Product" />
                <testcase name="SubmitQuotewithExpiredstatus" time="9.324" classname="com.OSMOSE.testcases.Product" />
                <testcase name="HomepageCarticon" time="14.930" classname="com.OSMOSE.testcases.Product" />
                <testcase name="ClickShoppingViewCartbutton" time="5.618" classname="com.OSMOSE.testcases.Product" />
                <testcase name="VerifyProductclick" time="14.786" classname="com.OSMOSE.testcases.Product" />
                <testcase name="verifyTheSearchFullname" time="12.562" classname="com.OSMOSE.testcases.Product" />
                <testcase name="verifyStatusFilterQuotePending" time="41.452" classname="com.OSMOSE.testcases.Product" />
                <testcase name="CreateQuote_Comments" time="5.504" classname="com.OSMOSE.testcases.Product" />
                <testcase name="viewDetailsElementPresent" time="0.064" classname="com.OSMOSE.testcases.Product" />
                <testcase name="SubmitQuotewithOrderRequestedstatus" time="9.716" classname="com.OSMOSE.testcases.Product" />
                <testcase name="verifyAddShoppingCarttext" time="18.168" classname="com.OSMOSE.testcases.Product" />
                <testcase name="FeaturedProductPoleRestoration" time="14.344" classname="com.OSMOSE.testcases.Product" />
                <testcase name="verifyTheValidationmessage" time="13.468" classname="com.OSMOSE.testcases.Product" />
                <testcase name="AddShoppingCart" time="5.187" classname="com.OSMOSE.testcases.Product" />
                <testcase name="SubmitQuotewithOrderedstatus" time="9.391" classname="com.OSMOSE.testcases.Product" />
                <testcase name="CreateQuote" time="7.014" classname="com.OSMOSE.testcases.Product" />
                <testcase name="openMyQuotesElementPresent" time="0.062" classname="com.OSMOSE.testcases.Product" />
                <testcase name="verifyTheProductLink" time="4.011" classname="com.OSMOSE.testcases.Product" />
                <testcase name="CreateQuote_Attachment" time="7.623" classname="com.OSMOSE.testcases.Product" />
                <testcase name="sliderItemPresent" time="0.151" classname="com.OSMOSE.testcases.Product" />
                <testcase name="allSixProductPresent" time="0.035" classname="com.OSMOSE.testcases.Product" />
                <testcase name="SubmitQuotewithQuoteCancelledstatus" time="13.318" classname="com.OSMOSE.testcases.Product" />
                <testcase name="searchElementPresent" time="50.338" classname="com.OSMOSE.testcases.Product" />
                <testcase name="verifyTheSearchCrossButton" time="14.442" classname="com.OSMOSE.testcases.Product" />
                <testcase name="verifyStatusFilterCancelled" time="41.262" classname="com.OSMOSE.testcases.Product" />
                <testcase name="VerifyAddShopping_Sameitem" time="8.744" classname="com.OSMOSE.testcases.Product" />
                <testcase name="UpdateIncreaseQuanityinShoppingCart" time="12.356" classname="com.OSMOSE.testcases.Product" />
                <testcase name="SubmitQuotewithQuotedstatus" time="17.668" classname="com.OSMOSE.testcases.Product" />
                <testcase name="VerifyUIonClickQuoteID" time="4.543" classname="com.OSMOSE.testcases.Product" />
                <testcase name="verifyStatusFilterAll" time="26.361" classname="com.OSMOSE.testcases.Product" />
                <testcase name="shoppingCartElementPresent" time="0.270" classname="com.OSMOSE.testcases.Product" />
                <testcase name="verifyStatusFilterQuoted" time="41.295" classname="com.OSMOSE.testcases.Product" />
                <testcase name="verifyStatusFilterOrdered" time="41.368" classname="com.OSMOSE.testcases.Product" />
                <testcase name="verifyStatusFilterExpired" time="36.290" classname="com.OSMOSE.testcases.Product" />
                <testcase name="ClickShoppingSubmitCartbutton" time="6.277" classname="com.OSMOSE.testcases.Product" />
                <testcase name="AddQuantityandverifyCellNumber" time="18.323" classname="com.OSMOSE.testcases.Product" />
                <testcase name="ClickShoppingCartIcon" time="5.483" classname="com.OSMOSE.testcases.Product" />
                <testcase name="VerifyCrossicononhoppingCart" time="1.040" classname="com.OSMOSE.testcases.Product" />
                <testcase name="VerifyCrossicononhoppingCart_Differentitem" time="9.529" classname="com.OSMOSE.testcases.Product" />
                <testcase name="ReturnPolicy" time="10.561" classname="com.OSMOSE.testcases.Product" />
                <testcase name="VerifyFPImageClick" time="51.956" classname="com.OSMOSE.testcases.Product" />
                <testcase name="verifyStatusFilterOrderRequested" time="36.437" classname="com.OSMOSE.testcases.Product" />
                <testcase name="SubmitQuotewithInvalidFileType" time="90.775" classname="com.OSMOSE.testcases.Product" />
                <testcase name="verifyViewDetail" time="8.424" classname="com.OSMOSE.testcases.Product" />
                <testcase name="DeleteQuanityinShoppingCart" time="5.307" classname="com.OSMOSE.testcases.Product" />
                <testcase name="SubmitQuotewithQuotePendingstatus" time="9.752" classname="com.OSMOSE.testcases.Product" />
      
</testsuite>
