<?xml version="1.0" encoding="UTF-8"?>
<testsuite name="MyOsmoseServices"
           tests="25"
           failures="0"
           errors="0"
           skipped="0"
           time="375.706">
  <properties />
  
  
            <testcase name="verifyTakeMeToOsmoseClick" time="12.760" classname="com.OSMOSE.testcases.OsmoseServices" />
                <testcase name="verifyEngineeringServicesLearnMoreClick" time="5.208" classname="com.OSMOSE.testcases.OsmoseServices" />
                <testcase name="verifyClickonWoodRestorationVideos" time="27.595" classname="com.OSMOSE.testcases.OsmoseServices" />
                <testcase name="verifySteelandConcreteAssessmentLearnMoreClick" time="5.232" classname="com.OSMOSE.testcases.OsmoseServices" />
                <testcase name="verifyWoodInspectionandTreatmentLearnMoreClick" time="16.323" classname="com.OSMOSE.testcases.OsmoseServices" />
                <testcase name="verifyClickonUndergroundVideos" time="20.754" classname="com.OSMOSE.testcases.OsmoseServices" />
                <testcase name="verifyOverheadLearnMoreClick" time="5.294" classname="com.OSMOSE.testcases.OsmoseServices" />
                <testcase name="verifyWoodRestorationLearnMoreClick" time="5.952" classname="com.OSMOSE.testcases.OsmoseServices" />
                <testcase name="verifyStrayVoltageLearnMoreClick" time="5.240" classname="com.OSMOSE.testcases.OsmoseServices" />
                <testcase name="verifyClickonWoodRestorationProjectProfiles" time="20.627" classname="com.OSMOSE.testcases.OsmoseServices" />
                <testcase name="verifyStormServiceLearnMoreClick" time="5.214" classname="com.OSMOSE.testcases.OsmoseServices" />
                <testcase name="VerifyProductclick" time="42.358" classname="com.OSMOSE.testcases.OsmoseServices" />
                <testcase name="verifyClickonWoodTreatmentProjectProfiles" time="20.512" classname="com.OSMOSE.testcases.OsmoseServices" />
                <testcase name="VerifyWoodRestorationclick" time="17.675" classname="com.OSMOSE.testcases.OsmoseServices" />
                <testcase name="verifyClickonWoodTreatmentMAP" time="21.132" classname="com.OSMOSE.testcases.OsmoseServices" />
                <testcase name="verifyClickonUndergroundProjectProfiles" time="20.511" classname="com.OSMOSE.testcases.OsmoseServices" />
                <testcase name="verifyJointUseLearnMoreClick" time="5.209" classname="com.OSMOSE.testcases.OsmoseServices" />
                <testcase name="verifyClickonWoodTreatmentVideos" time="29.434" classname="com.OSMOSE.testcases.OsmoseServices" />
                <testcase name="verifyMyOsmoseServicesCardClick" time="8.817" classname="com.OSMOSE.testcases.OsmoseServices" />
                <testcase name="verifyUndergroundLearnMoreClick" time="5.206" classname="com.OSMOSE.testcases.OsmoseServices" />
                <testcase name="verifyPopUpUnderground" time="15.871" classname="com.OSMOSE.testcases.OsmoseServices" />
                <testcase name="verifyClickonWoodRestorationMAP" time="20.744" classname="com.OSMOSE.testcases.OsmoseServices" />
                <testcase name="VerifyWoodInspectionAndTreatmentclick" time="27.547" classname="com.OSMOSE.testcases.OsmoseServices" />
                <testcase name="verifySteelandConcreteRestorationLearnMoreClick" time="5.259" classname="com.OSMOSE.testcases.OsmoseServices" />
                <testcase name="verifyOcalcProLearnMoreClick" time="5.232" classname="com.OSMOSE.testcases.OsmoseServices" />
      
</testsuite>
