<?xml version="1.0" encoding="UTF-8"?>
<testsuite name="OCalcPro_Admin"
           tests="4"
           failures="0"
           errors="0"
           skipped="0"
           time="88.240">
  <properties />
  
  
            <testcase name="ocalcloginTestAdmin" time="19.176" classname="com.OSMOSE.testcases.oCalcPro_Admin" />
                <testcase name="verifyoCalcProNavigationClick" time="15.651" classname="com.OSMOSE.testcases.oCalcPro_Admin" />
                <testcase name="verifyPresenceOfLicenseManagementAdmin" time="3.147" classname="com.OSMOSE.testcases.oCalcPro_Admin" />
                <testcase name="verifyLicenseManagementClickAdmin" time="50.266" classname="com.OSMOSE.testcases.oCalcPro_Admin" />
      
</testsuite>
