<?xml version="1.0" encoding="UTF-8"?>
<testsuite name="Product"
           tests="21"
           failures="0"
           errors="0"
           skipped="0"
           time="267.181">
  <properties />
  
  
            <testcase name="shoppingCartElementPresent" time="0.075" classname="com.OSMOSE.testcases.Product" />
                <testcase name="VerifyProductclick" time="15.702" classname="com.OSMOSE.testcases.Product" />
                <testcase name="searchElementPresent" time="50.080" classname="com.OSMOSE.testcases.Product" />
                <testcase name="VerifyFPImageClick" time="52.094" classname="com.OSMOSE.testcases.Product" />
                <testcase name="verifyCategoryFilter" time="50.042" classname="com.OSMOSE.testcases.Product" />
                <testcase name="ReturnPolicy" time="11.321" classname="com.OSMOSE.testcases.Product" />
                <testcase name="adminElementPresent" time="0.049" classname="com.OSMOSE.testcases.Product" />
                <testcase name="verifyTheSearchFullname" time="1.734" classname="com.OSMOSE.testcases.Product" />
                <testcase name="verifyTheValidationmessage" time="2.673" classname="com.OSMOSE.testcases.Product" />
                <testcase name="verifyTheSearchfirstname" time="4.172" classname="com.OSMOSE.testcases.Product" />
                <testcase name="verifyTheSearchCrossButton" time="3.795" classname="com.OSMOSE.testcases.Product" />
                <testcase name="verifyViewDetail" time="12.703" classname="com.OSMOSE.testcases.Product" />
                <testcase name="FeaturedProductPoleRestoration" time="26.177" classname="com.OSMOSE.testcases.Product" />
                <testcase name="catalogElementPresent" time="0.041" classname="com.OSMOSE.testcases.Product" />
                <testcase name="openMyQuotesElementPresent" time="0.038" classname="com.OSMOSE.testcases.Product" />
                <testcase name="verifyTheSearchOneAlphabet" time="11.728" classname="com.OSMOSE.testcases.Product" />
                <testcase name="sliderItemPresent" time="0.100" classname="com.OSMOSE.testcases.Product" />
                <testcase name="viewDetailsElementPresent" time="0.029" classname="com.OSMOSE.testcases.Product" />
                <testcase name="AddQuantityandverifyCellNumber" time="17.801" classname="com.OSMOSE.testcases.Product" />
                <testcase name="verifyTheProductLink" time="6.793" classname="com.OSMOSE.testcases.Product" />
                <testcase name="allSixProductPresent" time="0.034" classname="com.OSMOSE.testcases.Product" />
      
</testsuite>
