<?xml version="1.0" encoding="UTF-8"?>
<testsuite name="Product"
           tests="5"
           failures="0"
           errors="0"
           skipped="0"
           time="121.231">
  <properties />
  
  
            <testcase name="DeleteQuanityinShoppingCart" time="5.109" classname="com.OSMOSE.testcases.Product" />
                <testcase name="searchElementPresent" time="50.077" classname="com.OSMOSE.testcases.Product" />
                <testcase name="UpdateIncreaseQuanityinShoppingCart" time="5.250" classname="com.OSMOSE.testcases.Product" />
                <testcase name="verifyTheProductLink" time="14.668" classname="com.OSMOSE.testcases.Product" />
                <testcase name="UpdateDecreaseQuanityinShoppingCart" time="46.127" classname="com.OSMOSE.testcases.Product" />
      
</testsuite>
