<?xml version="1.0" encoding="UTF-8"?>
<testsuite name="Product"
           tests="5"
           failures="0"
           errors="0"
           skipped="0"
           time="136.979">
  <properties />
  
  
            <testcase name="searchElementPresent" time="50.095" classname="com.OSMOSE.testcases.Product" />
                <testcase name="DeleteQuanityinShoppingCart" time="5.866" classname="com.OSMOSE.testcases.Product" />
                <testcase name="UpdateIncreaseQuanityinShoppingCart" time="5.472" classname="com.OSMOSE.testcases.Product" />
                <testcase name="verifyTheProductLink" time="14.522" classname="com.OSMOSE.testcases.Product" />
                <testcase name="UpdateDecreaseQuanityinShoppingCart" time="61.024" classname="com.OSMOSE.testcases.Product" />
      
</testsuite>
