<?xml version="1.0" encoding="UTF-8"?>
<testsuite name="MyOsmoseServices"
           tests="25"
           failures="0"
           errors="0"
           skipped="0"
           time="375.174">
  <properties />
  
  
            <testcase name="verifyClickonWoodTreatmentVideos" time="31.220" classname="com.OSMOSE.testcases.OsmoseServices" />
                <testcase name="verifySteelandConcreteRestorationLearnMoreClick" time="5.247" classname="com.OSMOSE.testcases.OsmoseServices" />
                <testcase name="verifyEngineeringServicesLearnMoreClick" time="5.247" classname="com.OSMOSE.testcases.OsmoseServices" />
                <testcase name="verifyMyOsmoseServicesCardClick" time="11.804" classname="com.OSMOSE.testcases.OsmoseServices" />
                <testcase name="verifyOcalcProLearnMoreClick" time="5.251" classname="com.OSMOSE.testcases.OsmoseServices" />
                <testcase name="verifyClickonWoodTreatmentProjectProfiles" time="20.842" classname="com.OSMOSE.testcases.OsmoseServices" />
                <testcase name="verifyOverheadLearnMoreClick" time="5.286" classname="com.OSMOSE.testcases.OsmoseServices" />
                <testcase name="verifyStormServiceLearnMoreClick" time="5.378" classname="com.OSMOSE.testcases.OsmoseServices" />
                <testcase name="verifyPopUpUnderground" time="15.942" classname="com.OSMOSE.testcases.OsmoseServices" />
                <testcase name="verifySteelandConcreteAssessmentLearnMoreClick" time="5.249" classname="com.OSMOSE.testcases.OsmoseServices" />
                <testcase name="VerifyWoodInspectionAndTreatmentclick" time="27.776" classname="com.OSMOSE.testcases.OsmoseServices" />
                <testcase name="VerifyWoodRestorationclick" time="17.892" classname="com.OSMOSE.testcases.OsmoseServices" />
                <testcase name="verifyJointUseLearnMoreClick" time="5.199" classname="com.OSMOSE.testcases.OsmoseServices" />
                <testcase name="verifyClickonWoodRestorationMAP" time="21.048" classname="com.OSMOSE.testcases.OsmoseServices" />
                <testcase name="verifyStrayVoltageLearnMoreClick" time="5.306" classname="com.OSMOSE.testcases.OsmoseServices" />
                <testcase name="verifyClickonWoodRestorationProjectProfiles" time="20.638" classname="com.OSMOSE.testcases.OsmoseServices" />
                <testcase name="verifyWoodRestorationLearnMoreClick" time="5.265" classname="com.OSMOSE.testcases.OsmoseServices" />
                <testcase name="verifyClickonWoodRestorationVideos" time="27.655" classname="com.OSMOSE.testcases.OsmoseServices" />
                <testcase name="verifyClickonWoodTreatmentMAP" time="20.648" classname="com.OSMOSE.testcases.OsmoseServices" />
                <testcase name="verifyClickonUndergroundProjectProfiles" time="20.564" classname="com.OSMOSE.testcases.OsmoseServices" />
                <testcase name="verifyUndergroundLearnMoreClick" time="5.217" classname="com.OSMOSE.testcases.OsmoseServices" />
                <testcase name="verifyTakeMeToOsmoseClick" time="12.667" classname="com.OSMOSE.testcases.OsmoseServices" />
                <testcase name="VerifyProductclick" time="42.600" classname="com.OSMOSE.testcases.OsmoseServices" />
                <testcase name="verifyWoodInspectionandTreatmentLearnMoreClick" time="10.518" classname="com.OSMOSE.testcases.OsmoseServices" />
                <testcase name="verifyClickonUndergroundVideos" time="20.715" classname="com.OSMOSE.testcases.OsmoseServices" />
      
</testsuite>
