<?xml version="1.0" encoding="UTF-8"?>
<testsuite name="OULogin"
           tests="24"
           failures="0"
           errors="0"
           skipped="0"
           time="297.221">
  <properties />
  
  
            <testcase name="verifyWebinarsClick" time="13.350" classname="com.OSMOSE.testcases.OULogin" />
                <testcase name="verifyClickingTheWebinars" time="12.312" classname="com.OSMOSE.testcases.OULogin" />
                <testcase name="verifyPopularQueriesSearchResults" time="25.128" classname="com.OSMOSE.testcases.OULogin" />
                <testcase name="verifyVideoGalleryHistorical" time="26.755" classname="com.OSMOSE.testcases.OULogin" />
                <testcase name="verifyOUCard" time="6.628" classname="com.OSMOSE.testcases.OULogin" />
                <testcase name="verifyOsmoseUniversityNavigationClick" time="16.957" classname="com.OSMOSE.testcases.OULogin" />
                <testcase name="verifyHyperlinks" time="0.277" classname="com.OSMOSE.testcases.OULogin" />
                <testcase name="verifySearchWebinarsHistorical" time="18.928" classname="com.OSMOSE.testcases.OULogin" />
                <testcase name="verifyLiveEventsWPTS" time="12.674" classname="com.OSMOSE.testcases.OULogin" />
                <testcase name="verifyVideoLinks" time="0.093" classname="com.OSMOSE.testcases.OULogin" />
                <testcase name="verifyContactUs" time="0.032" classname="com.OSMOSE.testcases.OULogin" />
                <testcase name="verifyLiveEventsSTS" time="12.543" classname="com.OSMOSE.testcases.OULogin" />
                <testcase name="verifySortWebinarsHistorical" time="19.014" classname="com.OSMOSE.testcases.OULogin" />
                <testcase name="verifyOCalcClick" time="12.370" classname="com.OSMOSE.testcases.OULogin" />
                <testcase name="verifyKnowledgeBaseCard" time="0.043" classname="com.OSMOSE.testcases.OULogin" />
                <testcase name="verifyClearSearchHistorical" time="18.865" classname="com.OSMOSE.testcases.OULogin" />
                <testcase name="verifyOClacTrainingButton" time="12.778" classname="com.OSMOSE.testcases.OULogin" />
                <testcase name="verifyDETAILSANDREGISTRATION" time="13.721" classname="com.OSMOSE.testcases.OULogin" />
                <testcase name="verifyLiveEventCLick" time="12.391" classname="com.OSMOSE.testcases.OULogin" />
                <testcase name="verifyInvalidSearchHistorical" time="13.449" classname="com.OSMOSE.testcases.OULogin" />
                <testcase name="clickOnOuLink" time="12.333" classname="com.OSMOSE.testcases.OULogin" />
                <testcase name="verifyPopularQueriesReset" time="23.116" classname="com.OSMOSE.testcases.OULogin" />
                <testcase name="verifyLiveEventsJUS" time="13.420" classname="com.OSMOSE.testcases.OULogin" />
                <testcase name="verifyProductCard" time="0.044" classname="com.OSMOSE.testcases.OULogin" />
      
</testsuite>
