<?xml version="1.0" encoding="UTF-8"?>
<testsuite name="Product"
           tests="85"
           failures="2"
           errors="0"
           skipped="0"
           time="1610.222">
  <properties />
            <testcase name="allSixProductPresent" time="0.030" classname="com.OSMOSE.testcases.Product">
                <failure type="java.lang.AssertionError"
                  message="expected [MP500-EXT® Preservative Paste] but found [MP500-EXT® Preservative Paste1]"
              >
<![CDATA[java.lang.AssertionError: expected [MP500-EXT® Preservative Paste] but found [MP500-EXT® Preservative Paste1]
  org.testng.Assert.fail(Assert.java:97)
  org.testng.Assert.assertEqualsImpl(Assert.java:136)
  org.testng.Assert.assertEquals(Assert.java:118)
  org.testng.Assert.assertEquals(Assert.java:575)
  org.testng.Assert.assertEquals(Assert.java:585)
  com.OSMOSE.testcases.Product.allSixProductPresent(Product.java:87)
  sun.reflect.NativeMethodAccessorImpl.invoke0(Native Method)
  sun.reflect.NativeMethodAccessorImpl.invoke(Unknown Source)
  sun.reflect.DelegatingMethodAccessorImpl.invoke(Unknown Source)
  java.lang.reflect.Method.invoke(Unknown Source)
  org.testng.internal.MethodInvocationHelper.invokeMethod(MethodInvocationHelper.java:134)
  org.testng.internal.TestInvoker.invokeMethod(TestInvoker.java:597)
  org.testng.internal.TestInvoker.invokeTestMethod(TestInvoker.java:173)
  org.testng.internal.MethodRunner.runInSequence(MethodRunner.java:46)
  org.testng.internal.TestInvoker$MethodInvocationAgent.invoke(TestInvoker.java:816)
  org.testng.internal.TestInvoker.invokeTestMethods(TestInvoker.java:146)
  org.testng.internal.TestMethodWorker.invokeTestMethods(TestMethodWorker.java:146)
  org.testng.internal.TestMethodWorker.run(TestMethodWorker.java:128)
  java.util.ArrayList.forEach(Unknown Source)
  org.testng.TestRunner.privateRun(TestRunner.java:766)
  org.testng.TestRunner.run(TestRunner.java:587)
  org.testng.SuiteRunner.runTest(SuiteRunner.java:384)
  org.testng.SuiteRunner.runSequentially(SuiteRunner.java:378)
  org.testng.SuiteRunner.privateRun(SuiteRunner.java:337)
  org.testng.SuiteRunner.run(SuiteRunner.java:286)
  org.testng.SuiteRunnerWorker.runSuite(SuiteRunnerWorker.java:53)
  org.testng.SuiteRunnerWorker.run(SuiteRunnerWorker.java:96)
  org.testng.TestNG.runSuitesSequentially(TestNG.java:1187)
  org.testng.TestNG.runSuitesLocally(TestNG.java:1109)
  org.testng.TestNG.runSuites(TestNG.java:1039)
  org.testng.TestNG.run(TestNG.java:1007)
  org.testng.remote.AbstractRemoteTestNG.run(AbstractRemoteTestNG.java:115)
  org.testng.remote.RemoteTestNG.initAndRun(RemoteTestNG.java:251)
  org.testng.remote.RemoteTestNG.main(RemoteTestNG.java:77)
]]>
      </failure>

          </testcase>
            <testcase name="sliderItemPresent" time="50.014" classname="com.OSMOSE.testcases.Product">
                <failure type="org.openqa.selenium.NoSuchElementException"
                  message="no such element: Unable to locate element: {&quot;method&quot;:&quot;xpath&quot;,&quot;selector&quot;:&quot;//*[@id=&quot;featuredProductSlider&quot;]/div/button[2]&quot;}
  (Session info: chrome=85.0.4183.102)
For documentation on this error, please visit: http://seleniumhq.org/exceptions/no_such_element.html
Build info: version: &apos;3.14.0&apos;, revision: &apos;aacccce0&apos;, time: &apos;2018-08-02T20:19:58.91Z&apos;
System info: host: &apos;5CG6323N27&apos;, ip: &apos;192.168.0.11&apos;, os.name: &apos;Windows 10&apos;, os.arch: &apos;amd64&apos;, os.version: &apos;10.0&apos;, java.version: &apos;1.8.0_191&apos;
Driver info: org.openqa.selenium.chrome.ChromeDriver
Capabilities {acceptInsecureCerts: false, browserName: chrome, browserVersion: 85.0.4183.102, chrome: {chromedriverVersion: 85.0.4183.87 (cd6713ebf92fa..., userDataDir: C:\Windows\Temp\scoped_dir1...}, goog:chromeOptions: {debuggerAddress: localhost:61360}, javascriptEnabled: true, networkConnectionEnabled: false, pageLoadStrategy: none, platform: WINDOWS, platformName: WINDOWS, proxy: Proxy(), setWindowRect: true, strictFileInteractability: false, timeouts: {implicit: 0, pageLoad: 300000, script: 30000}, unhandledPromptBehavior: dismiss and notify, webauthn:virtualAuthenticators: true}
Session ID: bb895423b074cbd99f64e6e76870925f
*** Element info: {Using=xpath, value=//*[@id=&quot;featuredProductSlider&quot;]/div/button[2]}"
              >
<![CDATA[org.openqa.selenium.NoSuchElementException: no such element: Unable to locate element: {"method":"xpath","selector":"//*[@id="featuredProductSlider"]/div/button[2]"}
  (Session info: chrome=85.0.4183.102)
For documentation on this error, please visit: http://seleniumhq.org/exceptions/no_such_element.html
Build info: version: '3.14.0', revision: 'aacccce0', time: '2018-08-02T20:19:58.91Z'
System info: host: '5CG6323N27', ip: '192.168.0.11', os.name: 'Windows 10', os.arch: 'amd64', os.version: '10.0', java.version: '1.8.0_191'
Driver info: org.openqa.selenium.chrome.ChromeDriver
Capabilities {acceptInsecureCerts: false, browserName: chrome, browserVersion: 85.0.4183.102, chrome: {chromedriverVersion: 85.0.4183.87 (cd6713ebf92fa..., userDataDir: C:\Windows\Temp\scoped_dir1...}, goog:chromeOptions: {debuggerAddress: localhost:61360}, javascriptEnabled: true, networkConnectionEnabled: false, pageLoadStrategy: none, platform: WINDOWS, platformName: WINDOWS, proxy: Proxy(), setWindowRect: true, strictFileInteractability: false, timeouts: {implicit: 0, pageLoad: 300000, script: 30000}, unhandledPromptBehavior: dismiss and notify, webauthn:virtualAuthenticators: true}
Session ID: bb895423b074cbd99f64e6e76870925f
*** Element info: {Using=xpath, value=//*[@id="featuredProductSlider"]/div/button[2]}
  sun.reflect.NativeConstructorAccessorImpl.newInstance0(Native Method)
  sun.reflect.NativeConstructorAccessorImpl.newInstance(Unknown Source)
  sun.reflect.DelegatingConstructorAccessorImpl.newInstance(Unknown Source)
  java.lang.reflect.Constructor.newInstance(Unknown Source)
  org.openqa.selenium.remote.http.W3CHttpResponseCodec.createException(W3CHttpResponseCodec.java:187)
  org.openqa.selenium.remote.http.W3CHttpResponseCodec.decode(W3CHttpResponseCodec.java:122)
  org.openqa.selenium.remote.http.W3CHttpResponseCodec.decode(W3CHttpResponseCodec.java:49)
  org.openqa.selenium.remote.HttpCommandExecutor.execute(HttpCommandExecutor.java:158)
  org.openqa.selenium.remote.service.DriverCommandExecutor.execute(DriverCommandExecutor.java:83)
  org.openqa.selenium.remote.RemoteWebDriver.execute(RemoteWebDriver.java:548)
  org.openqa.selenium.remote.RemoteWebDriver.findElement(RemoteWebDriver.java:322)
  org.openqa.selenium.remote.RemoteWebDriver.findElementByXPath(RemoteWebDriver.java:424)
  org.openqa.selenium.By$ByXPath.findElement(By.java:353)
  org.openqa.selenium.remote.RemoteWebDriver.findElement(RemoteWebDriver.java:314)
  com.OSMOSE.base.Page.click(Page.java:180)
  com.OSMOSE.testcases.Product.sliderItemPresent(Product.java:95)
  sun.reflect.NativeMethodAccessorImpl.invoke0(Native Method)
  sun.reflect.NativeMethodAccessorImpl.invoke(Unknown Source)
  sun.reflect.DelegatingMethodAccessorImpl.invoke(Unknown Source)
  java.lang.reflect.Method.invoke(Unknown Source)
  org.testng.internal.MethodInvocationHelper.invokeMethod(MethodInvocationHelper.java:134)
  org.testng.internal.TestInvoker.invokeMethod(TestInvoker.java:597)
  org.testng.internal.TestInvoker.invokeTestMethod(TestInvoker.java:173)
  org.testng.internal.MethodRunner.runInSequence(MethodRunner.java:46)
  org.testng.internal.TestInvoker$MethodInvocationAgent.invoke(TestInvoker.java:816)
  org.testng.internal.TestInvoker.invokeTestMethods(TestInvoker.java:146)
  org.testng.internal.TestMethodWorker.invokeTestMethods(TestMethodWorker.java:146)
  org.testng.internal.TestMethodWorker.run(TestMethodWorker.java:128)
  java.util.ArrayList.forEach(Unknown Source)
  org.testng.TestRunner.privateRun(TestRunner.java:766)
  org.testng.TestRunner.run(TestRunner.java:587)
  org.testng.SuiteRunner.runTest(SuiteRunner.java:384)
  org.testng.SuiteRunner.runSequentially(SuiteRunner.java:378)
  org.testng.SuiteRunner.privateRun(SuiteRunner.java:337)
  org.testng.SuiteRunner.run(SuiteRunner.java:286)
  org.testng.SuiteRunnerWorker.runSuite(SuiteRunnerWorker.java:53)
  org.testng.SuiteRunnerWorker.run(SuiteRunnerWorker.java:96)
  org.testng.TestNG.runSuitesSequentially(TestNG.java:1187)
  org.testng.TestNG.runSuitesLocally(TestNG.java:1109)
  org.testng.TestNG.runSuites(TestNG.java:1039)
  org.testng.TestNG.run(TestNG.java:1007)
  org.testng.remote.AbstractRemoteTestNG.run(AbstractRemoteTestNG.java:115)
  org.testng.remote.RemoteTestNG.initAndRun(RemoteTestNG.java:251)
  org.testng.remote.RemoteTestNG.main(RemoteTestNG.java:77)
]]>
      </failure>

          </testcase>
  
  
            <testcase name="verifyCancelwhileREQuoting" time="39.266" classname="com.OSMOSE.testcases.Product" />
                <testcase name="VerifyShoppingAddbtndisabled" time="4.725" classname="com.OSMOSE.testcases.Product" />
                <testcase name="VerifyApprovebtndisabled" time="118.530" classname="com.OSMOSE.testcases.Product" />
                <testcase name="verifyStatusFilterCancelled" time="16.846" classname="com.OSMOSE.testcases.Product" />
                <testcase name="ClickUploadProducts" time="10.351" classname="com.OSMOSE.testcases.Product" />
                <testcase name="verifyTheSearchfirstname" time="13.767" classname="com.OSMOSE.testcases.Product" />
                <testcase name="SubmitQuotewithMoreThan20mbFile" time="27.451" classname="com.OSMOSE.testcases.Product" />
                <testcase name="verifyCartIconCount" time="16.212" classname="com.OSMOSE.testcases.Product" />
                <testcase name="viewDetailsElementPresent" time="0.026" classname="com.OSMOSE.testcases.Product" />
                <testcase name="AddQuantityandverifyCellNumber" time="17.825" classname="com.OSMOSE.testcases.Product" />
                <testcase name="SubmitQuotewithInvalidFileType" time="25.364" classname="com.OSMOSE.testcases.Product" />
                <testcase name="verifyAddToCartWhileReQuoting" time="71.135" classname="com.OSMOSE.testcases.Product" />
                <testcase name="VerifyProductclick" time="14.663" classname="com.OSMOSE.testcases.Product" />
                <testcase name="verifyUpdatedQuantityOnOverlay" time="10.573" classname="com.OSMOSE.testcases.Product" />
                <testcase name="verifyThankyouPopup" time="124.371" classname="com.OSMOSE.testcases.Product" />
                <testcase name="GoBack" time="13.815" classname="com.OSMOSE.testcases.Product" />
                <testcase name="SubmitQuotewithQuoteCancelledstatus" time="12.498" classname="com.OSMOSE.testcases.Product" />
                <testcase name="ClickDictionaryLink" time="39.976" classname="com.OSMOSE.testcases.Product" />
                <testcase name="VerifyUIonApprove" time="113.613" classname="com.OSMOSE.testcases.Product" />
                <testcase name="verifyCategoryFilter" time="50.010" classname="com.OSMOSE.testcases.Product" />
                <testcase name="ReturnPolicy" time="10.091" classname="com.OSMOSE.testcases.Product" />
                <testcase name="UpdateDecreaseQuanityinShoppingCart" time="28.373" classname="com.OSMOSE.testcases.Product" />
                <testcase name="HomepageCarticon" time="14.297" classname="com.OSMOSE.testcases.Product" />
                <testcase name="ClickReview" time="7.856" classname="com.OSMOSE.testcases.Product" />
                <testcase name="UpdateChangeProductAddToShoppingCart" time="15.455" classname="com.OSMOSE.testcases.Product" />
                <testcase name="SubmitQuotewithQuotePendingstatus" time="18.692" classname="com.OSMOSE.testcases.Product" />
                <testcase name="openMyQuotesElementPresent" time="0.027" classname="com.OSMOSE.testcases.Product" />
                <testcase name="verifyTheProductLink" time="4.319" classname="com.OSMOSE.testcases.Product" />
                <testcase name="MyQuotesComments_Collapse" time="13.834" classname="com.OSMOSE.testcases.Product" />
                <testcase name="DeleteQuanityinShoppingCart" time="4.988" classname="com.OSMOSE.testcases.Product" />
                <testcase name="verifyExclamationOnMyQuotes" time="20.084" classname="com.OSMOSE.testcases.Product" />
                <testcase name="VerifyCrossicononhoppingCart" time="1.031" classname="com.OSMOSE.testcases.Product" />
                <testcase name="CreateQuote_ZipCode" time="8.169" classname="com.OSMOSE.testcases.Product" />
                <testcase name="searchElementPresent" time="50.040" classname="com.OSMOSE.testcases.Product" />
                <testcase name="verifyTheValidationmessage" time="13.307" classname="com.OSMOSE.testcases.Product" />
                <testcase name="VerifyUIonClickQuoteID" time="4.466" classname="com.OSMOSE.testcases.Product" />
                <testcase name="CreateQuote" time="8.389" classname="com.OSMOSE.testcases.Product" />
                <testcase name="ClickApprove" time="9.230" classname="com.OSMOSE.testcases.Product" />
                <testcase name="verifyAddShoppingCarttext" time="17.909" classname="com.OSMOSE.testcases.Product" />
                <testcase name="verifyTheSearchFullname" time="12.432" classname="com.OSMOSE.testcases.Product" />
                <testcase name="verifyStatusFilterExpired" time="14.847" classname="com.OSMOSE.testcases.Product" />
                <testcase name="SortBydd" time="9.234" classname="com.OSMOSE.testcases.Product" />
                <testcase name="VerifyTooltipForSizeDropDown" time="9.415" classname="com.OSMOSE.testcases.Product" />
                <testcase name="verifyStatusFilterQuoted" time="16.827" classname="com.OSMOSE.testcases.Product" />
                <testcase name="VerifyAddingRelatedProductsToShoppingCart" time="17.635" classname="com.OSMOSE.testcases.Product" />
                <testcase name="VerifyFPImageClick" time="51.530" classname="com.OSMOSE.testcases.Product" />
                <testcase name="CreateQuote_UpdateeAttachment" time="10.032" classname="com.OSMOSE.testcases.Product" />
                <testcase name="CreateQuote_Attachment" time="9.468" classname="com.OSMOSE.testcases.Product" />
                <testcase name="ClickShoppingSubmitCartbutton" time="8.480" classname="com.OSMOSE.testcases.Product" />
                <testcase name="VerifyAddShopping_Sameitem" time="8.402" classname="com.OSMOSE.testcases.Product" />
                <testcase name="ClickManageQuotesLink" time="3.437" classname="com.OSMOSE.testcases.Product" />
                <testcase name="verifyViewDetail" time="8.374" classname="com.OSMOSE.testcases.Product" />
                <testcase name="UpdateIncreaseQuanityinShoppingCart" time="12.076" classname="com.OSMOSE.testcases.Product" />
                <testcase name="ClickProductsinReview" time="2.160" classname="com.OSMOSE.testcases.Product" />
                <testcase name="SubmitQuotewithoutFile" time="18.307" classname="com.OSMOSE.testcases.Product" />
                <testcase name="VerifyShoppingCarrtAddbtnDisabledclearqty" time="5.133" classname="com.OSMOSE.testcases.Product" />
                <testcase name="SubmitQuotewithOrderedstatus" time="9.620" classname="com.OSMOSE.testcases.Product" />
                <testcase name="verifyStatusFilterOrderRequested" time="14.829" classname="com.OSMOSE.testcases.Product" />
                <testcase name="FeaturedProductPoleRestoration" time="11.961" classname="com.OSMOSE.testcases.Product" />
                <testcase name="ClickShoppingCartIcon" time="10.582" classname="com.OSMOSE.testcases.Product" />
                <testcase name="CreateQuote_MultipleAttachment" time="35.211" classname="com.OSMOSE.testcases.Product" />
                <testcase name="catalogElementPresent" time="0.027" classname="com.OSMOSE.testcases.Product" />
                <testcase name="MyQuotes_96421" time="6.699" classname="com.OSMOSE.testcases.Product" />
                <testcase name="verifyTheSearchCrossButton" time="14.304" classname="com.OSMOSE.testcases.Product" />
                <testcase name="verifyStatusFilterAll" time="12.850" classname="com.OSMOSE.testcases.Product" />
                <testcase name="ClickShoppingViewCartbutton" time="8.064" classname="com.OSMOSE.testcases.Product" />
                <testcase name="verifySubmitwhileREQuoting" time="58.451" classname="com.OSMOSE.testcases.Product" />
                <testcase name="VerifyCrossicononhoppingCart_Differentitem" time="9.261" classname="com.OSMOSE.testcases.Product" />
                <testcase name="verifyStatusFilterQuotePending" time="17.003" classname="com.OSMOSE.testcases.Product" />
                <testcase name="verifyStatusFilterOrdered" time="16.846" classname="com.OSMOSE.testcases.Product" />
                <testcase name="ClickManageProducts" time="2.271" classname="com.OSMOSE.testcases.Product" />
                <testcase name="CreateQuote_Comments" time="8.299" classname="com.OSMOSE.testcases.Product" />
                <testcase name="SubmitQuotewithQuotedstatus" time="31.946" classname="com.OSMOSE.testcases.Product" />
                <testcase name="ClickDownloadProducts" time="7.189" classname="com.OSMOSE.testcases.Product" />
                <testcase name="adminElementPresent" time="0.043" classname="com.OSMOSE.testcases.Product" />
                <testcase name="SubmitQuotewithExpiredstatus" time="9.204" classname="com.OSMOSE.testcases.Product" />
                <testcase name="ClickReject" time="9.346" classname="com.OSMOSE.testcases.Product" />
                <testcase name="SubmitQuotewithOrderRequestedstatus" time="9.247" classname="com.OSMOSE.testcases.Product" />
                <testcase name="AddShoppingCart" time="5.281" classname="com.OSMOSE.testcases.Product" />
                <testcase name="VerifyShoppingCarrtMinMaxqty" time="11.619" classname="com.OSMOSE.testcases.Product" />
                <testcase name="verifyDeleteProductOnOverlay" time="8.328" classname="com.OSMOSE.testcases.Product" />
                <testcase name="verifyTheSearchOneAlphabet" time="22.270" classname="com.OSMOSE.testcases.Product" />
                <testcase name="shoppingCartElementPresent" time="0.064" classname="com.OSMOSE.testcases.Product" />
      
</testsuite>
