<?xml version="1.0" encoding="UTF-8"?>
<testsuite name="JointUse_ts_allroles"
           tests="10"
           failures="0"
           errors="0"
           skipped="0"
           time="59.490">
  <properties />
  
  
            <testcase name="verifyExportOptions" time="0.126" classname="com.OSMOSE.testcases.JointUse_ts_allroles" />
                <testcase name="jointUseloginTestAllRoles" time="25.893" classname="com.OSMOSE.testcases.JointUse_ts_allroles" />
                <testcase name="verifyHorizontalCollapseFunctionality" time="5.365" classname="com.OSMOSE.testcases.JointUse_ts_allroles" />
                <testcase name="verifyNewApplication" time="0.501" classname="com.OSMOSE.testcases.JointUse_ts_allroles" />
                <testcase name="verifyJointUseNavigationClick" time="25.113" classname="com.OSMOSE.testcases.JointUse_ts_allroles" />
                <testcase name="verifyVerticalCollapseFunctionality" time="2.301" classname="com.OSMOSE.testcases.JointUse_ts_allroles" />
                <testcase name="verifySearchBox" time="0.047" classname="com.OSMOSE.testcases.JointUse_ts_allroles" />
                <testcase name="verifyRefreshBtn" time="0.032" classname="com.OSMOSE.testcases.JointUse_ts_allroles" />
                <testcase name="verifyAddWidgets" time="0.050" classname="com.OSMOSE.testcases.JointUse_ts_allroles" />
                <testcase name="verifyEditLayout" time="0.062" classname="com.OSMOSE.testcases.JointUse_ts_allroles" />
      
</testsuite>
