<?xml version="1.0" encoding="UTF-8"?>
<testsuite name="Product"
           tests="3"
           failures="0"
           errors="0"
           skipped="0"
           time="20.454">
  <properties />
  
  
            <testcase name="verifyTheProductLink" time="14.317" classname="com.OSMOSE.testcases.Product" />
                <testcase name="VerifyCrossicononhoppingCart" time="1.055" classname="com.OSMOSE.testcases.Product" />
                <testcase name="AddShoppingCart" time="5.082" classname="com.OSMOSE.testcases.Product" />
      
</testsuite>
