<?xml version="1.0" encoding="UTF-8"?>
<testsuite name="Contact"
           tests="20"
           failures="0"
           errors="0"
           skipped="0"
           time="161.988">
  <properties />
  
  
            <testcase name="verifyGrandElectricContactCardContents" time="12.383" classname="com.OSMOSE.testcases.Contact" />
                <testcase name="verifyPugetSoundEnergyInspectionContactCardContents" time="12.394" classname="com.OSMOSE.testcases.Contact" />
                <testcase name="verifyContactUsHeaderContents" time="2.282" classname="com.OSMOSE.testcases.Contact" />
                <testcase name="verifyContactUsMenuContents" time="0.657" classname="com.OSMOSE.testcases.Contact" />
                <testcase name="verifyPresenceOfProjectGroup" time="1.334" classname="com.OSMOSE.testcases.Contact" />
                <testcase name="verifyPugetSoundEnergyRestorationContactCardContents" time="11.396" classname="com.OSMOSE.testcases.Contact" />
                <testcase name="verifyFormSubmissionErrorMessage" time="0.132" classname="com.OSMOSE.testcases.Contact" />
                <testcase name="verifyPacificGasAndElectricCoContactCardContents" time="12.419" classname="com.OSMOSE.testcases.Contact" />
                <testcase name="verifyContactUsOCalcProContents" time="0.098" classname="com.OSMOSE.testcases.Contact" />
                <testcase name="verifyCityOfColumbiaContactCardContents" time="9.463" classname="com.OSMOSE.testcases.Contact" />
                <testcase name="verifyPedernalesElecCoopContactCardContents" time="12.408" classname="com.OSMOSE.testcases.Contact" />
                <testcase name="verifyIdahoPowerInspectionContactCardContents" time="12.482" classname="com.OSMOSE.testcases.Contact" />
                <testcase name="verifyOncurDistributionContactCardContents" time="12.447" classname="com.OSMOSE.testcases.Contact" />
                <testcase name="verifyContactUsClickOnGoogleMap" time="31.050" classname="com.OSMOSE.testcases.Contact" />
                <testcase name="verifyContactUsSalesServicesContents" time="0.092" classname="com.OSMOSE.testcases.Contact" />
                <testcase name="verifyContactUsSalesProductsContents" time="0.076" classname="com.OSMOSE.testcases.Contact" />
                <testcase name="verifyContactUsQueryFormContents" time="0.195" classname="com.OSMOSE.testcases.Contact" />
                <testcase name="verifyIdahoPowerRestorationContactCardContents" time="11.366" classname="com.OSMOSE.testcases.Contact" />
                <testcase name="verifyGeorgiaPowerCompanyContactCardContents" time="19.240" classname="com.OSMOSE.testcases.Contact" />
                <testcase name="verifyContactUsGeneralInquiriesContents" time="0.074" classname="com.OSMOSE.testcases.Contact" />
      
</testsuite>
