<?xml version="1.0" encoding="UTF-8"?>
<testng-results skipped="0" failed="0" ignored="44" total="55" passed="11">
  <reporter-output>
    <line>
      <![CDATA[Click to see Screenshot]]>
    </line>
    <line>
      <![CDATA[<a target="_blank" href=Thu_Jun_25_15_39_18_IST_2020.jpg>Screenshot</a>]]>
    </line>
    <line>
      <![CDATA[<br>]]>
    </line>
    <line>
      <![CDATA[<br>]]>
    </line>
    <line>
      <![CDATA[<a target="_blank" href=Thu_Jun_25_15_39_18_IST_2020.jpg><img src=Thu_Jun_25_15_39_18_IST_2020.jpg height=200 width=200></img></a>]]>
    </line>
    <line>
      <![CDATA[Click to see Screenshot]]>
    </line>
    <line>
      <![CDATA[<a target="_blank" href=Thu_Jun_25_15_39_22_IST_2020.jpg>Screenshot</a>]]>
    </line>
    <line>
      <![CDATA[<br>]]>
    </line>
    <line>
      <![CDATA[<br>]]>
    </line>
    <line>
      <![CDATA[<a target="_blank" href=Thu_Jun_25_15_39_22_IST_2020.jpg><img src=Thu_Jun_25_15_39_22_IST_2020.jpg height=200 width=200></img></a>]]>
    </line>
    <line>
      <![CDATA[Click to see Screenshot]]>
    </line>
    <line>
      <![CDATA[<a target="_blank" href=Thu_Jun_25_15_39_23_IST_2020.jpg>Screenshot</a>]]>
    </line>
    <line>
      <![CDATA[<br>]]>
    </line>
    <line>
      <![CDATA[<br>]]>
    </line>
    <line>
      <![CDATA[<a target="_blank" href=Thu_Jun_25_15_39_23_IST_2020.jpg><img src=Thu_Jun_25_15_39_23_IST_2020.jpg height=200 width=200></img></a>]]>
    </line>
    <line>
      <![CDATA[Click to see Screenshot]]>
    </line>
    <line>
      <![CDATA[<a target="_blank" href=Thu_Jun_25_15_39_23_IST_2020.jpg>Screenshot</a>]]>
    </line>
    <line>
      <![CDATA[<br>]]>
    </line>
    <line>
      <![CDATA[<br>]]>
    </line>
    <line>
      <![CDATA[<a target="_blank" href=Thu_Jun_25_15_39_23_IST_2020.jpg><img src=Thu_Jun_25_15_39_23_IST_2020.jpg height=200 width=200></img></a>]]>
    </line>
    <line>
      <![CDATA[Click to see Screenshot]]>
    </line>
    <line>
      <![CDATA[<a target="_blank" href=Thu_Jun_25_15_39_24_IST_2020.jpg>Screenshot</a>]]>
    </line>
    <line>
      <![CDATA[<br>]]>
    </line>
    <line>
      <![CDATA[<br>]]>
    </line>
    <line>
      <![CDATA[<a target="_blank" href=Thu_Jun_25_15_39_24_IST_2020.jpg><img src=Thu_Jun_25_15_39_24_IST_2020.jpg height=200 width=200></img></a>]]>
    </line>
    <line>
      <![CDATA[Click to see Screenshot]]>
    </line>
    <line>
      <![CDATA[<a target="_blank" href=Thu_Jun_25_15_39_39_IST_2020.jpg>Screenshot</a>]]>
    </line>
    <line>
      <![CDATA[<br>]]>
    </line>
    <line>
      <![CDATA[<br>]]>
    </line>
    <line>
      <![CDATA[<a target="_blank" href=Thu_Jun_25_15_39_39_IST_2020.jpg><img src=Thu_Jun_25_15_39_39_IST_2020.jpg height=200 width=200></img></a>]]>
    </line>
    <line>
      <![CDATA[Click to see Screenshot]]>
    </line>
    <line>
      <![CDATA[<a target="_blank" href=Thu_Jun_25_15_39_44_IST_2020.jpg>Screenshot</a>]]>
    </line>
    <line>
      <![CDATA[<br>]]>
    </line>
    <line>
      <![CDATA[<br>]]>
    </line>
    <line>
      <![CDATA[<a target="_blank" href=Thu_Jun_25_15_39_44_IST_2020.jpg><img src=Thu_Jun_25_15_39_44_IST_2020.jpg height=200 width=200></img></a>]]>
    </line>
    <line>
      <![CDATA[Click to see Screenshot]]>
    </line>
    <line>
      <![CDATA[<a target="_blank" href=Thu_Jun_25_15_39_49_IST_2020.jpg>Screenshot</a>]]>
    </line>
    <line>
      <![CDATA[<br>]]>
    </line>
    <line>
      <![CDATA[<br>]]>
    </line>
    <line>
      <![CDATA[<a target="_blank" href=Thu_Jun_25_15_39_49_IST_2020.jpg><img src=Thu_Jun_25_15_39_49_IST_2020.jpg height=200 width=200></img></a>]]>
    </line>
    <line>
      <![CDATA[Click to see Screenshot]]>
    </line>
    <line>
      <![CDATA[<a target="_blank" href=Thu_Jun_25_15_39_54_IST_2020.jpg>Screenshot</a>]]>
    </line>
    <line>
      <![CDATA[<br>]]>
    </line>
    <line>
      <![CDATA[<br>]]>
    </line>
    <line>
      <![CDATA[<a target="_blank" href=Thu_Jun_25_15_39_54_IST_2020.jpg><img src=Thu_Jun_25_15_39_54_IST_2020.jpg height=200 width=200></img></a>]]>
    </line>
    <line>
      <![CDATA[Click to see Screenshot]]>
    </line>
    <line>
      <![CDATA[<a target="_blank" href=Thu_Jun_25_15_40_02_IST_2020.jpg>Screenshot</a>]]>
    </line>
    <line>
      <![CDATA[<br>]]>
    </line>
    <line>
      <![CDATA[<br>]]>
    </line>
    <line>
      <![CDATA[<a target="_blank" href=Thu_Jun_25_15_40_02_IST_2020.jpg><img src=Thu_Jun_25_15_40_02_IST_2020.jpg height=200 width=200></img></a>]]>
    </line>
    <line>
      <![CDATA[Click to see Screenshot]]>
    </line>
    <line>
      <![CDATA[<a target="_blank" href=Thu_Jun_25_15_40_04_IST_2020.jpg>Screenshot</a>]]>
    </line>
    <line>
      <![CDATA[<br>]]>
    </line>
    <line>
      <![CDATA[<br>]]>
    </line>
    <line>
      <![CDATA[<a target="_blank" href=Thu_Jun_25_15_40_04_IST_2020.jpg><img src=Thu_Jun_25_15_40_04_IST_2020.jpg height=200 width=200></img></a>]]>
    </line>
  </reporter-output>
  <suite name="OSMOSE Test" duration-ms="63162" started-at="2020-06-25T15:39:01 IST" finished-at="2020-06-25T15:40:04 IST">
    <groups>
    </groups>
    <test name="OULogin" duration-ms="23296" started-at="2020-06-25T15:39:01 IST" finished-at="2020-06-25T15:39:24 IST">
      <class name="com.OSMOSE.testcases.OULogin">
        <test-method status="PASS" signature="loginTest(java.util.Hashtable)[pri:0, instance:com.OSMOSE.testcases.OULogin@62f68dff]" name="loginTest" duration-ms="16567" started-at="2020-06-25T15:39:01 IST" data-provider="dp" finished-at="2020-06-25T15:39:17 IST">
          <params>
            <param index="0">
              <value>
                <![CDATA[{password=Hyde@2317, runmode=Y, username=rajesh.yadav@centurylink.com}]]>
              </value>
            </param>
          </params>
          <reporter-output>
            <line>
              <![CDATA[Click to see Screenshot]]>
            </line>
            <line>
              <![CDATA[<a target="_blank" href=Thu_Jun_25_15_39_18_IST_2020.jpg>Screenshot</a>]]>
            </line>
            <line>
              <![CDATA[<br>]]>
            </line>
            <line>
              <![CDATA[<br>]]>
            </line>
            <line>
              <![CDATA[<a target="_blank" href=Thu_Jun_25_15_39_18_IST_2020.jpg><img src=Thu_Jun_25_15_39_18_IST_2020.jpg height=200 width=200></img></a>]]>
            </line>
          </reporter-output>
        </test-method> <!-- loginTest -->
        <test-method status="PASS" signature="verifyOUCard()[pri:1, instance:com.OSMOSE.testcases.OULogin@62f68dff]" name="verifyOUCard" duration-ms="3284" started-at="2020-06-25T15:39:18 IST" depends-on-methods="com.OSMOSE.testcases.OULogin.loginTest" finished-at="2020-06-25T15:39:21 IST">
          <reporter-output>
            <line>
              <![CDATA[Click to see Screenshot]]>
            </line>
            <line>
              <![CDATA[<a target="_blank" href=Thu_Jun_25_15_39_22_IST_2020.jpg>Screenshot</a>]]>
            </line>
            <line>
              <![CDATA[<br>]]>
            </line>
            <line>
              <![CDATA[<br>]]>
            </line>
            <line>
              <![CDATA[<a target="_blank" href=Thu_Jun_25_15_39_22_IST_2020.jpg><img src=Thu_Jun_25_15_39_22_IST_2020.jpg height=200 width=200></img></a>]]>
            </line>
          </reporter-output>
        </test-method> <!-- verifyOUCard -->
        <test-method status="PASS" signature="verifyProductCard()[pri:2, instance:com.OSMOSE.testcases.OULogin@62f68dff]" name="verifyProductCard" duration-ms="37" started-at="2020-06-25T15:39:22 IST" depends-on-methods="com.OSMOSE.testcases.OULogin.loginTest" finished-at="2020-06-25T15:39:22 IST">
          <reporter-output>
            <line>
              <![CDATA[Click to see Screenshot]]>
            </line>
            <line>
              <![CDATA[<a target="_blank" href=Thu_Jun_25_15_39_23_IST_2020.jpg>Screenshot</a>]]>
            </line>
            <line>
              <![CDATA[<br>]]>
            </line>
            <line>
              <![CDATA[<br>]]>
            </line>
            <line>
              <![CDATA[<a target="_blank" href=Thu_Jun_25_15_39_23_IST_2020.jpg><img src=Thu_Jun_25_15_39_23_IST_2020.jpg height=200 width=200></img></a>]]>
            </line>
          </reporter-output>
        </test-method> <!-- verifyProductCard -->
        <test-method status="PASS" signature="verifyHyperlinks()[pri:3, instance:com.OSMOSE.testcases.OULogin@62f68dff]" name="verifyHyperlinks" duration-ms="117" started-at="2020-06-25T15:39:23 IST" depends-on-methods="com.OSMOSE.testcases.OULogin.loginTest" finished-at="2020-06-25T15:39:23 IST">
          <reporter-output>
            <line>
              <![CDATA[Click to see Screenshot]]>
            </line>
            <line>
              <![CDATA[<a target="_blank" href=Thu_Jun_25_15_39_23_IST_2020.jpg>Screenshot</a>]]>
            </line>
            <line>
              <![CDATA[<br>]]>
            </line>
            <line>
              <![CDATA[<br>]]>
            </line>
            <line>
              <![CDATA[<a target="_blank" href=Thu_Jun_25_15_39_23_IST_2020.jpg><img src=Thu_Jun_25_15_39_23_IST_2020.jpg height=200 width=200></img></a>]]>
            </line>
          </reporter-output>
        </test-method> <!-- verifyHyperlinks -->
        <test-method status="PASS" signature="verifyVideoLinks()[pri:4, instance:com.OSMOSE.testcases.OULogin@62f68dff]" name="verifyVideoLinks" duration-ms="66" started-at="2020-06-25T15:39:23 IST" depends-on-methods="com.OSMOSE.testcases.OULogin.loginTest" finished-at="2020-06-25T15:39:23 IST">
          <reporter-output>
            <line>
              <![CDATA[Click to see Screenshot]]>
            </line>
            <line>
              <![CDATA[<a target="_blank" href=Thu_Jun_25_15_39_24_IST_2020.jpg>Screenshot</a>]]>
            </line>
            <line>
              <![CDATA[<br>]]>
            </line>
            <line>
              <![CDATA[<br>]]>
            </line>
            <line>
              <![CDATA[<a target="_blank" href=Thu_Jun_25_15_39_24_IST_2020.jpg><img src=Thu_Jun_25_15_39_24_IST_2020.jpg height=200 width=200></img></a>]]>
            </line>
          </reporter-output>
        </test-method> <!-- verifyVideoLinks -->
      </class> <!-- com.OSMOSE.testcases.OULogin -->
    </test> <!-- OULogin -->
    <test name="Product" duration-ms="39801" started-at="2020-06-25T15:39:24 IST" finished-at="2020-06-25T15:40:04 IST">
      <class name="com.OSMOSE.testcases.Product">
        <test-method status="PASS" signature="verifyTheProductLink(java.util.Hashtable)[pri:0, instance:com.OSMOSE.testcases.Product@1c6804cd]" name="verifyTheProductLink" duration-ms="14315" started-at="2020-06-25T15:39:24 IST" data-provider="dp" finished-at="2020-06-25T15:39:38 IST">
          <params>
            <param index="0">
              <value>
                <![CDATA[{password=Hyde@2317, runmode=Y, username=rajesh.yadav@centurylink.com}]]>
              </value>
            </param>
          </params>
          <reporter-output>
            <line>
              <![CDATA[Click to see Screenshot]]>
            </line>
            <line>
              <![CDATA[<a target="_blank" href=Thu_Jun_25_15_39_39_IST_2020.jpg>Screenshot</a>]]>
            </line>
            <line>
              <![CDATA[<br>]]>
            </line>
            <line>
              <![CDATA[<br>]]>
            </line>
            <line>
              <![CDATA[<a target="_blank" href=Thu_Jun_25_15_39_39_IST_2020.jpg><img src=Thu_Jun_25_15_39_39_IST_2020.jpg height=200 width=200></img></a>]]>
            </line>
          </reporter-output>
        </test-method> <!-- verifyTheProductLink -->
        <test-method status="PASS" signature="CreateQuote()[pri:31, instance:com.OSMOSE.testcases.Product@1c6804cd]" name="CreateQuote" duration-ms="4946" started-at="2020-06-25T15:39:39 IST" finished-at="2020-06-25T15:39:44 IST">
          <reporter-output>
            <line>
              <![CDATA[Click to see Screenshot]]>
            </line>
            <line>
              <![CDATA[<a target="_blank" href=Thu_Jun_25_15_39_44_IST_2020.jpg>Screenshot</a>]]>
            </line>
            <line>
              <![CDATA[<br>]]>
            </line>
            <line>
              <![CDATA[<br>]]>
            </line>
            <line>
              <![CDATA[<a target="_blank" href=Thu_Jun_25_15_39_44_IST_2020.jpg><img src=Thu_Jun_25_15_39_44_IST_2020.jpg height=200 width=200></img></a>]]>
            </line>
          </reporter-output>
        </test-method> <!-- CreateQuote -->
        <test-method status="PASS" signature="CreateQuote_Comments()[pri:32, instance:com.OSMOSE.testcases.Product@1c6804cd]" name="CreateQuote_Comments" duration-ms="4950" started-at="2020-06-25T15:39:44 IST" finished-at="2020-06-25T15:39:49 IST">
          <reporter-output>
            <line>
              <![CDATA[Click to see Screenshot]]>
            </line>
            <line>
              <![CDATA[<a target="_blank" href=Thu_Jun_25_15_39_49_IST_2020.jpg>Screenshot</a>]]>
            </line>
            <line>
              <![CDATA[<br>]]>
            </line>
            <line>
              <![CDATA[<br>]]>
            </line>
            <line>
              <![CDATA[<a target="_blank" href=Thu_Jun_25_15_39_49_IST_2020.jpg><img src=Thu_Jun_25_15_39_49_IST_2020.jpg height=200 width=200></img></a>]]>
            </line>
          </reporter-output>
        </test-method> <!-- CreateQuote_Comments -->
        <test-method status="PASS" signature="CreateQuote_ZipCode()[pri:33, instance:com.OSMOSE.testcases.Product@1c6804cd]" name="CreateQuote_ZipCode" duration-ms="4453" started-at="2020-06-25T15:39:50 IST" finished-at="2020-06-25T15:39:54 IST">
          <reporter-output>
            <line>
              <![CDATA[Click to see Screenshot]]>
            </line>
            <line>
              <![CDATA[<a target="_blank" href=Thu_Jun_25_15_39_54_IST_2020.jpg>Screenshot</a>]]>
            </line>
            <line>
              <![CDATA[<br>]]>
            </line>
            <line>
              <![CDATA[<br>]]>
            </line>
            <line>
              <![CDATA[<a target="_blank" href=Thu_Jun_25_15_39_54_IST_2020.jpg><img src=Thu_Jun_25_15_39_54_IST_2020.jpg height=200 width=200></img></a>]]>
            </line>
          </reporter-output>
        </test-method> <!-- CreateQuote_ZipCode -->
        <test-method status="PASS" signature="CreateQuote_Attachment()[pri:34, instance:com.OSMOSE.testcases.Product@1c6804cd]" name="CreateQuote_Attachment" duration-ms="7572" started-at="2020-06-25T15:39:54 IST" finished-at="2020-06-25T15:40:02 IST">
          <reporter-output>
            <line>
              <![CDATA[Click to see Screenshot]]>
            </line>
            <line>
              <![CDATA[<a target="_blank" href=Thu_Jun_25_15_40_02_IST_2020.jpg>Screenshot</a>]]>
            </line>
            <line>
              <![CDATA[<br>]]>
            </line>
            <line>
              <![CDATA[<br>]]>
            </line>
            <line>
              <![CDATA[<a target="_blank" href=Thu_Jun_25_15_40_02_IST_2020.jpg><img src=Thu_Jun_25_15_40_02_IST_2020.jpg height=200 width=200></img></a>]]>
            </line>
          </reporter-output>
        </test-method> <!-- CreateQuote_Attachment -->
        <test-method status="PASS" signature="ClickManageQuotesLink()[pri:35, instance:com.OSMOSE.testcases.Product@1c6804cd]" name="ClickManageQuotesLink" duration-ms="1194" started-at="2020-06-25T15:40:02 IST" finished-at="2020-06-25T15:40:04 IST">
          <reporter-output>
            <line>
              <![CDATA[Click to see Screenshot]]>
            </line>
            <line>
              <![CDATA[<a target="_blank" href=Thu_Jun_25_15_40_04_IST_2020.jpg>Screenshot</a>]]>
            </line>
            <line>
              <![CDATA[<br>]]>
            </line>
            <line>
              <![CDATA[<br>]]>
            </line>
            <line>
              <![CDATA[<a target="_blank" href=Thu_Jun_25_15_40_04_IST_2020.jpg><img src=Thu_Jun_25_15_40_04_IST_2020.jpg height=200 width=200></img></a>]]>
            </line>
          </reporter-output>
        </test-method> <!-- ClickManageQuotesLink -->
        <test-method status="PASS" signature="tearDown()[pri:0, instance:com.OSMOSE.testcases.Product@1c6804cd]" name="tearDown" is-config="true" duration-ms="1285" started-at="2020-06-25T15:40:04 IST" finished-at="2020-06-25T15:40:05 IST">
          <reporter-output>
          </reporter-output>
        </test-method> <!-- tearDown -->
      </class> <!-- com.OSMOSE.testcases.Product -->
    </test> <!-- Product -->
  </suite> <!-- OSMOSE Test -->
</testng-results>
